# lattice-align-phones --replace-output-symbols=true tune/align_lats_speechocean762/final.mdl "ark:gunzip -c tune/align_lats_speechocean762/lat.10.gz |" ark:- | chain-get-supervision --lattice-input=true --frame-subsampling-factor=3 /home/mcw/durga/kaldi/libreespeech2/0013_librispeech_v1_chain/exp/chain_cleaned/tdnn_1d_sp/tree /home/mcw/durga/kaldi/libreespeech2/0013_librispeech_v1_chain/exp/chain_cleaned/tdnn_1d_sp/0.trans_mdl ark:- ark:- | nnet3-chain-get-egs --srand=$[10+0] --left-context=4 --right-context=4 --num-frames=25 --frame-subsampling-factor=3 --compress=true --num-frames-overlap=0 "ark,s,cs:utils/filter_scp.pl --exclude tune/chain_finetune/tdnn_1d_sp_adapt/egs/valid_uttlist data/speechocean762_train/split10/10/feats.scp | apply-cmvn  --utt2spk=ark:data/speechocean762_train/split10/10/utt2spk scp:data/speechocean762_train/split10/10/cmvn.scp scp:- ark:- |" ark,s,cs:- ark:- | nnet3-chain-copy-egs --random=true --srand=$[10+0] ark:- ark:tune/chain_finetune/tdnn_1d_sp_adapt/egs/cegs_orig.10.1.ark ark:tune/chain_finetune/tdnn_1d_sp_adapt/egs/cegs_orig.10.2.ark ark:tune/chain_finetune/tdnn_1d_sp_adapt/egs/cegs_orig.10.3.ark 
# Started at Thu Oct 23 10:38:39 IST 2025
#
lattice-align-phones --replace-output-symbols=true tune/align_lats_speechocean762/final.mdl 'ark:gunzip -c tune/align_lats_speechocean762/lat.10.gz |' ark:- 
chain-get-supervision --lattice-input=true --frame-subsampling-factor=3 /home/mcw/durga/kaldi/libreespeech2/0013_librispeech_v1_chain/exp/chain_cleaned/tdnn_1d_sp/tree /home/mcw/durga/kaldi/libreespeech2/0013_librispeech_v1_chain/exp/chain_cleaned/tdnn_1d_sp/0.trans_mdl ark:- ark:- 
nnet3-chain-get-egs --srand=10 --left-context=4 --right-context=4 --num-frames=25 --frame-subsampling-factor=3 --compress=true --num-frames-overlap=0 'ark,s,cs:utils/filter_scp.pl --exclude tune/chain_finetune/tdnn_1d_sp_adapt/egs/valid_uttlist data/speechocean762_train/split10/10/feats.scp | apply-cmvn  --utt2spk=ark:data/speechocean762_train/split10/10/utt2spk scp:data/speechocean762_train/split10/10/cmvn.scp scp:- ark:- |' ark,s,cs:- ark:- 
LOG (nnet3-chain-get-egs[5.5.1182~1-e02e3]:ComputeDerived():nnet-example-utils.cc:347) Rounding up --num-frames=25 to multiples of --frame-subsampling-factor=3, to: 27
nnet3-chain-copy-egs --random=true --srand=10 ark:- ark:tune/chain_finetune/tdnn_1d_sp_adapt/egs/cegs_orig.10.1.ark ark:tune/chain_finetune/tdnn_1d_sp_adapt/egs/cegs_orig.10.2.ark ark:tune/chain_finetune/tdnn_1d_sp_adapt/egs/cegs_orig.10.3.ark 
apply-cmvn --utt2spk=ark:data/speechocean762_train/split10/10/utt2spk scp:data/speechocean762_train/split10/10/cmvn.scp scp:- ark:- 
WARNING (nnet3-chain-get-egs[5.5.1182~1-e02e3]:LengthsMatch():nnet-example-utils.cc:585) Supervision does not have expected length for utterance 096160001: expected length = (1514 + 3 - 1) / 3 = 505, got: 169 (note: --frame-subsampling-factor=3)
WARNING (nnet3-chain-get-egs[5.5.1182~1-e02e3]:LengthsMatch():nnet-example-utils.cc:585) Supervision does not have expected length for utterance 096160003: expected length = (417 + 3 - 1) / 3 = 139, got: 47 (note: --frame-subsampling-factor=3)
WARNING (nnet3-chain-get-egs[5.5.1182~1-e02e3]:LengthsMatch():nnet-example-utils.cc:585) Supervision does not have expected length for utterance 096160004: expected length = (536 + 3 - 1) / 3 = 179, got: 60 (note: --frame-subsampling-factor=3)
WARNING (nnet3-chain-get-egs[5.5.1182~1-e02e3]:LengthsMatch():nnet-example-utils.cc:585) Supervision does not have expected length for utterance 096160005: expected length = (472 + 3 - 1) / 3 = 158, got: 53 (note: --frame-subsampling-factor=3)
WARNING (nnet3-chain-get-egs[5.5.1182~1-e02e3]:LengthsMatch():nnet-example-utils.cc:585) Supervision does not have expected length for utterance 096160006: expected length = (908 + 3 - 1) / 3 = 303, got: 101 (note: --frame-subsampling-factor=3)
WARNING (nnet3-chain-get-egs[5.5.1182~1-e02e3]:LengthsMatch():nnet-example-utils.cc:585) Supervision does not have expected length for utterance 096160007: expected length = (476 + 3 - 1) / 3 = 159, got: 53 (note: --frame-subsampling-factor=3)
WARNING (nnet3-chain-get-egs[5.5.1182~1-e02e3]:LengthsMatch():nnet-example-utils.cc:585) Supervision does not have expected length for utterance 096160008: expected length = (727 + 3 - 1) / 3 = 243, got: 81 (note: --frame-subsampling-factor=3)
WARNING (nnet3-chain-get-egs[5.5.1182~1-e02e3]:LengthsMatch():nnet-example-utils.cc:585) Supervision does not have expected length for utterance 096160009: expected length = (724 + 3 - 1) / 3 = 242, got: 81 (note: --frame-subsampling-factor=3)
WARNING (nnet3-chain-get-egs[5.5.1182~1-e02e3]:LengthsMatch():nnet-example-utils.cc:585) Supervision does not have expected length for utterance 096160010: expected length = (604 + 3 - 1) / 3 = 202, got: 68 (note: --frame-subsampling-factor=3)
WARNING (nnet3-chain-get-egs[5.5.1182~1-e02e3]:LengthsMatch():nnet-example-utils.cc:585) Supervision does not have expected length for utterance 096160011: expected length = (733 + 3 - 1) / 3 = 245, got: 82 (note: --frame-subsampling-factor=3)
WARNING (nnet3-chain-get-egs[5.5.1182~1-e02e3]:LengthsMatch():nnet-example-utils.cc:585) Supervision does not have expected length for utterance 096160012: expected length = (609 + 3 - 1) / 3 = 203, got: 68 (note: --frame-subsampling-factor=3)
WARNING (nnet3-chain-get-egs[5.5.1182~1-e02e3]:LengthsMatch():nnet-example-utils.cc:585) Supervision does not have expected length for utterance 096160014: expected length = (801 + 3 - 1) / 3 = 267, got: 89 (note: --frame-subsampling-factor=3)
WARNING (nnet3-chain-get-egs[5.5.1182~1-e02e3]:LengthsMatch():nnet-example-utils.cc:585) Supervision does not have expected length for utterance 096160015: expected length = (524 + 3 - 1) / 3 = 175, got: 59 (note: --frame-subsampling-factor=3)
WARNING (nnet3-chain-get-egs[5.5.1182~1-e02e3]:LengthsMatch():nnet-example-utils.cc:585) Supervision does not have expected length for utterance 096160016: expected length = (763 + 3 - 1) / 3 = 255, got: 85 (note: --frame-subsampling-factor=3)
WARNING (nnet3-chain-get-egs[5.5.1182~1-e02e3]:LengthsMatch():nnet-example-utils.cc:585) Supervision does not have expected length for utterance 096160017: expected length = (772 + 3 - 1) / 3 = 258, got: 86 (note: --frame-subsampling-factor=3)
WARNING (nnet3-chain-get-egs[5.5.1182~1-e02e3]:LengthsMatch():nnet-example-utils.cc:585) Supervision does not have expected length for utterance 096160018: expected length = (809 + 3 - 1) / 3 = 270, got: 90 (note: --frame-subsampling-factor=3)
WARNING (nnet3-chain-get-egs[5.5.1182~1-e02e3]:LengthsMatch():nnet-example-utils.cc:585) Supervision does not have expected length for utterance 096160019: expected length = (490 + 3 - 1) / 3 = 164, got: 55 (note: --frame-subsampling-factor=3)
WARNING (nnet3-chain-get-egs[5.5.1182~1-e02e3]:LengthsMatch():nnet-example-utils.cc:585) Supervision does not have expected length for utterance 096160020: expected length = (741 + 3 - 1) / 3 = 247, got: 83 (note: --frame-subsampling-factor=3)
WARNING (nnet3-chain-get-egs[5.5.1182~1-e02e3]:LengthsMatch():nnet-example-utils.cc:585) Supervision does not have expected length for utterance 096190002: expected length = (554 + 3 - 1) / 3 = 185, got: 62 (note: --frame-subsampling-factor=3)
WARNING (nnet3-chain-get-egs[5.5.1182~1-e02e3]:LengthsMatch():nnet-example-utils.cc:585) Supervision does not have expected length for utterance 096190003: expected length = (630 + 3 - 1) / 3 = 210, got: 70 (note: --frame-subsampling-factor=3)
WARNING (nnet3-chain-get-egs[5.5.1182~1-e02e3]:LengthsMatch():nnet-example-utils.cc:585) Supervision does not have expected length for utterance 096190004: expected length = (806 + 3 - 1) / 3 = 269, got: 90 (note: --frame-subsampling-factor=3)
WARNING (nnet3-chain-get-egs[5.5.1182~1-e02e3]:LengthsMatch():nnet-example-utils.cc:585) Supervision does not have expected length for utterance 096190005: expected length = (877 + 3 - 1) / 3 = 293, got: 98 (note: --frame-subsampling-factor=3)
WARNING (nnet3-chain-get-egs[5.5.1182~1-e02e3]:LengthsMatch():nnet-example-utils.cc:585) Supervision does not have expected length for utterance 096190006: expected length = (600 + 3 - 1) / 3 = 200, got: 67 (note: --frame-subsampling-factor=3)
WARNING (nnet3-chain-get-egs[5.5.1182~1-e02e3]:LengthsMatch():nnet-example-utils.cc:585) Supervision does not have expected length for utterance 096190007: expected length = (765 + 3 - 1) / 3 = 255, got: 85 (note: --frame-subsampling-factor=3)
WARNING (nnet3-chain-get-egs[5.5.1182~1-e02e3]:LengthsMatch():nnet-example-utils.cc:585) Supervision does not have expected length for utterance 096190008: expected length = (633 + 3 - 1) / 3 = 211, got: 71 (note: --frame-subsampling-factor=3)
WARNING (nnet3-chain-get-egs[5.5.1182~1-e02e3]:LengthsMatch():nnet-example-utils.cc:585) Supervision does not have expected length for utterance 096190009: expected length = (669 + 3 - 1) / 3 = 223, got: 75 (note: --frame-subsampling-factor=3)
WARNING (nnet3-chain-get-egs[5.5.1182~1-e02e3]:LengthsMatch():nnet-example-utils.cc:585) Supervision does not have expected length for utterance 096190010: expected length = (420 + 3 - 1) / 3 = 140, got: 47 (note: --frame-subsampling-factor=3)
WARNING (nnet3-chain-get-egs[5.5.1182~1-e02e3]:LengthsMatch():nnet-example-utils.cc:585) Supervision does not have expected length for utterance 096190011: expected length = (463 + 3 - 1) / 3 = 155, got: 52 (note: --frame-subsampling-factor=3)
WARNING (nnet3-chain-get-egs[5.5.1182~1-e02e3]:LengthsMatch():nnet-example-utils.cc:585) Supervision does not have expected length for utterance 096190012: expected length = (701 + 3 - 1) / 3 = 234, got: 78 (note: --frame-subsampling-factor=3)
WARNING (nnet3-chain-get-egs[5.5.1182~1-e02e3]:LengthsMatch():nnet-example-utils.cc:585) Supervision does not have expected length for utterance 096190013: expected length = (732 + 3 - 1) / 3 = 244, got: 82 (note: --frame-subsampling-factor=3)
WARNING (nnet3-chain-get-egs[5.5.1182~1-e02e3]:LengthsMatch():nnet-example-utils.cc:585) Supervision does not have expected length for utterance 096190014: expected length = (846 + 3 - 1) / 3 = 282, got: 94 (note: --frame-subsampling-factor=3)
WARNING (nnet3-chain-get-egs[5.5.1182~1-e02e3]:LengthsMatch():nnet-example-utils.cc:585) Supervision does not have expected length for utterance 096190021: expected length = (404 + 3 - 1) / 3 = 135, got: 45 (note: --frame-subsampling-factor=3)
WARNING (nnet3-chain-get-egs[5.5.1182~1-e02e3]:LengthsMatch():nnet-example-utils.cc:585) Supervision does not have expected length for utterance 096240002: expected length = (482 + 3 - 1) / 3 = 161, got: 54 (note: --frame-subsampling-factor=3)
WARNING (nnet3-chain-get-egs[5.5.1182~1-e02e3]:LengthsMatch():nnet-example-utils.cc:585) Supervision does not have expected length for utterance 096240005: expected length = (634 + 3 - 1) / 3 = 212, got: 71 (note: --frame-subsampling-factor=3)
WARNING (nnet3-chain-get-egs[5.5.1182~1-e02e3]:LengthsMatch():nnet-example-utils.cc:585) Supervision does not have expected length for utterance 096240006: expected length = (728 + 3 - 1) / 3 = 243, got: 81 (note: --frame-subsampling-factor=3)
WARNING (nnet3-chain-get-egs[5.5.1182~1-e02e3]:LengthsMatch():nnet-example-utils.cc:585) Supervision does not have expected length for utterance 096240007: expected length = (1128 + 3 - 1) / 3 = 376, got: 126 (note: --frame-subsampling-factor=3)
WARNING (nnet3-chain-get-egs[5.5.1182~1-e02e3]:LengthsMatch():nnet-example-utils.cc:585) Supervision does not have expected length for utterance 096240008: expected length = (379 + 3 - 1) / 3 = 127, got: 43 (note: --frame-subsampling-factor=3)
WARNING (nnet3-chain-get-egs[5.5.1182~1-e02e3]:LengthsMatch():nnet-example-utils.cc:585) Supervision does not have expected length for utterance 096240009: expected length = (552 + 3 - 1) / 3 = 184, got: 62 (note: --frame-subsampling-factor=3)
WARNING (nnet3-chain-get-egs[5.5.1182~1-e02e3]:LengthsMatch():nnet-example-utils.cc:585) Supervision does not have expected length for utterance 096240010: expected length = (535 + 3 - 1) / 3 = 179, got: 60 (note: --frame-subsampling-factor=3)
WARNING (nnet3-chain-get-egs[5.5.1182~1-e02e3]:LengthsMatch():nnet-example-utils.cc:585) Supervision does not have expected length for utterance 096240011: expected length = (415 + 3 - 1) / 3 = 139, got: 47 (note: --frame-subsampling-factor=3)
WARNING (nnet3-chain-get-egs[5.5.1182~1-e02e3]:LengthsMatch():nnet-example-utils.cc:585) Supervision does not have expected length for utterance 096240013: expected length = (335 + 3 - 1) / 3 = 112, got: 38 (note: --frame-subsampling-factor=3)
WARNING (nnet3-chain-get-egs[5.5.1182~1-e02e3]:LengthsMatch():nnet-example-utils.cc:585) Supervision does not have expected length for utterance 096240014: expected length = (711 + 3 - 1) / 3 = 237, got: 79 (note: --frame-subsampling-factor=3)
WARNING (nnet3-chain-get-egs[5.5.1182~1-e02e3]:LengthsMatch():nnet-example-utils.cc:585) Supervision does not have expected length for utterance 096240016: expected length = (274 + 3 - 1) / 3 = 92, got: 31 (note: --frame-subsampling-factor=3)
WARNING (nnet3-chain-get-egs[5.5.1182~1-e02e3]:LengthsMatch():nnet-example-utils.cc:585) Supervision does not have expected length for utterance 096240017: expected length = (587 + 3 - 1) / 3 = 196, got: 66 (note: --frame-subsampling-factor=3)
WARNING (nnet3-chain-get-egs[5.5.1182~1-e02e3]:LengthsMatch():nnet-example-utils.cc:585) Supervision does not have expected length for utterance 096240019: expected length = (578 + 3 - 1) / 3 = 193, got: 65 (note: --frame-subsampling-factor=3)
WARNING (nnet3-chain-get-egs[5.5.1182~1-e02e3]:LengthsMatch():nnet-example-utils.cc:585) Supervision does not have expected length for utterance 096240020: expected length = (327 + 3 - 1) / 3 = 109, got: 37 (note: --frame-subsampling-factor=3)
WARNING (nnet3-chain-get-egs[5.5.1182~1-e02e3]:LengthsMatch():nnet-example-utils.cc:585) Supervision does not have expected length for utterance 096240021: expected length = (787 + 3 - 1) / 3 = 263, got: 88 (note: --frame-subsampling-factor=3)
WARNING (nnet3-chain-get-egs[5.5.1182~1-e02e3]:LengthsMatch():nnet-example-utils.cc:585) Supervision does not have expected length for utterance 096250002: expected length = (729 + 3 - 1) / 3 = 243, got: 81 (note: --frame-subsampling-factor=3)
WARNING (nnet3-chain-get-egs[5.5.1182~1-e02e3]:LengthsMatch():nnet-example-utils.cc:585) Supervision does not have expected length for utterance 096250003: expected length = (392 + 3 - 1) / 3 = 131, got: 44 (note: --frame-subsampling-factor=3)
WARNING (nnet3-chain-get-egs[5.5.1182~1-e02e3]:LengthsMatch():nnet-example-utils.cc:585) Supervision does not have expected length for utterance 096250004: expected length = (315 + 3 - 1) / 3 = 105, got: 35 (note: --frame-subsampling-factor=3)
WARNING (nnet3-chain-get-egs[5.5.1182~1-e02e3]:LengthsMatch():nnet-example-utils.cc:585) Supervision does not have expected length for utterance 096250005: expected length = (488 + 3 - 1) / 3 = 163, got: 55 (note: --frame-subsampling-factor=3)
WARNING (nnet3-chain-get-egs[5.5.1182~1-e02e3]:LengthsMatch():nnet-example-utils.cc:585) Supervision does not have expected length for utterance 096250007: expected length = (445 + 3 - 1) / 3 = 149, got: 50 (note: --frame-subsampling-factor=3)
WARNING (nnet3-chain-get-egs[5.5.1182~1-e02e3]:LengthsMatch():nnet-example-utils.cc:585) Supervision does not have expected length for utterance 096250008: expected length = (354 + 3 - 1) / 3 = 118, got: 40 (note: --frame-subsampling-factor=3)
WARNING (nnet3-chain-get-egs[5.5.1182~1-e02e3]:LengthsMatch():nnet-example-utils.cc:585) Supervision does not have expected length for utterance 096250009: expected length = (442 + 3 - 1) / 3 = 148, got: 50 (note: --frame-subsampling-factor=3)
WARNING (nnet3-chain-get-egs[5.5.1182~1-e02e3]:LengthsMatch():nnet-example-utils.cc:585) Supervision does not have expected length for utterance 096250010: expected length = (461 + 3 - 1) / 3 = 154, got: 52 (note: --frame-subsampling-factor=3)
WARNING (nnet3-chain-get-egs[5.5.1182~1-e02e3]:LengthsMatch():nnet-example-utils.cc:585) Supervision does not have expected length for utterance 096250011: expected length = (499 + 3 - 1) / 3 = 167, got: 56 (note: --frame-subsampling-factor=3)
WARNING (nnet3-chain-get-egs[5.5.1182~1-e02e3]:LengthsMatch():nnet-example-utils.cc:585) Supervision does not have expected length for utterance 096250012: expected length = (495 + 3 - 1) / 3 = 165, got: 55 (note: --frame-subsampling-factor=3)
WARNING (nnet3-chain-get-egs[5.5.1182~1-e02e3]:LengthsMatch():nnet-example-utils.cc:585) Supervision does not have expected length for utterance 096250013: expected length = (482 + 3 - 1) / 3 = 161, got: 54 (note: --frame-subsampling-factor=3)
WARNING (nnet3-chain-get-egs[5.5.1182~1-e02e3]:LengthsMatch():nnet-example-utils.cc:585) Supervision does not have expected length for utterance 096250014: expected length = (658 + 3 - 1) / 3 = 220, got: 74 (note: --frame-subsampling-factor=3)
WARNING (nnet3-chain-get-egs[5.5.1182~1-e02e3]:LengthsMatch():nnet-example-utils.cc:585) Supervision does not have expected length for utterance 096250015: expected length = (357 + 3 - 1) / 3 = 119, got: 40 (note: --frame-subsampling-factor=3)
WARNING (nnet3-chain-get-egs[5.5.1182~1-e02e3]:LengthsMatch():nnet-example-utils.cc:585) Supervision does not have expected length for utterance 096250016: expected length = (470 + 3 - 1) / 3 = 157, got: 53 (note: --frame-subsampling-factor=3)
WARNING (nnet3-chain-get-egs[5.5.1182~1-e02e3]:LengthsMatch():nnet-example-utils.cc:585) Supervision does not have expected length for utterance 096250017: expected length = (451 + 3 - 1) / 3 = 151, got: 51 (note: --frame-subsampling-factor=3)
WARNING (nnet3-chain-get-egs[5.5.1182~1-e02e3]:LengthsMatch():nnet-example-utils.cc:585) Supervision does not have expected length for utterance 096250018: expected length = (508 + 3 - 1) / 3 = 170, got: 57 (note: --frame-subsampling-factor=3)
WARNING (nnet3-chain-get-egs[5.5.1182~1-e02e3]:LengthsMatch():nnet-example-utils.cc:585) Supervision does not have expected length for utterance 096250020: expected length = (720 + 3 - 1) / 3 = 240, got: 80 (note: --frame-subsampling-factor=3)
WARNING (nnet3-chain-get-egs[5.5.1182~1-e02e3]:LengthsMatch():nnet-example-utils.cc:585) Supervision does not have expected length for utterance 096250021: expected length = (743 + 3 - 1) / 3 = 248, got: 83 (note: --frame-subsampling-factor=3)
WARNING (nnet3-chain-get-egs[5.5.1182~1-e02e3]:LengthsMatch():nnet-example-utils.cc:585) Supervision does not have expected length for utterance 096250023: expected length = (342 + 3 - 1) / 3 = 114, got: 38 (note: --frame-subsampling-factor=3)
WARNING (nnet3-chain-get-egs[5.5.1182~1-e02e3]:LengthsMatch():nnet-example-utils.cc:585) Supervision does not have expected length for utterance 096280012: expected length = (502 + 3 - 1) / 3 = 168, got: 56 (note: --frame-subsampling-factor=3)
WARNING (nnet3-chain-get-egs[5.5.1182~1-e02e3]:LengthsMatch():nnet-example-utils.cc:585) Supervision does not have expected length for utterance 096280013: expected length = (997 + 3 - 1) / 3 = 333, got: 111 (note: --frame-subsampling-factor=3)
WARNING (nnet3-chain-get-egs[5.5.1182~1-e02e3]:LengthsMatch():nnet-example-utils.cc:585) Supervision does not have expected length for utterance 096280014: expected length = (846 + 3 - 1) / 3 = 282, got: 94 (note: --frame-subsampling-factor=3)
WARNING (nnet3-chain-get-egs[5.5.1182~1-e02e3]:LengthsMatch():nnet-example-utils.cc:585) Supervision does not have expected length for utterance 096280016: expected length = (581 + 3 - 1) / 3 = 194, got: 65 (note: --frame-subsampling-factor=3)
WARNING (nnet3-chain-get-egs[5.5.1182~1-e02e3]:LengthsMatch():nnet-example-utils.cc:585) Supervision does not have expected length for utterance 096280017: expected length = (868 + 3 - 1) / 3 = 290, got: 97 (note: --frame-subsampling-factor=3)
WARNING (nnet3-chain-get-egs[5.5.1182~1-e02e3]:LengthsMatch():nnet-example-utils.cc:585) Supervision does not have expected length for utterance 096280018: expected length = (730 + 3 - 1) / 3 = 244, got: 82 (note: --frame-subsampling-factor=3)
WARNING (nnet3-chain-get-egs[5.5.1182~1-e02e3]:LengthsMatch():nnet-example-utils.cc:585) Supervision does not have expected length for utterance 096280020: expected length = (1004 + 3 - 1) / 3 = 335, got: 112 (note: --frame-subsampling-factor=3)
WARNING (nnet3-chain-get-egs[5.5.1182~1-e02e3]:LengthsMatch():nnet-example-utils.cc:585) Supervision does not have expected length for utterance 096280021: expected length = (578 + 3 - 1) / 3 = 193, got: 65 (note: --frame-subsampling-factor=3)
WARNING (nnet3-chain-get-egs[5.5.1182~1-e02e3]:LengthsMatch():nnet-example-utils.cc:585) Supervision does not have expected length for utterance 096280022: expected length = (1176 + 3 - 1) / 3 = 392, got: 131 (note: --frame-subsampling-factor=3)
WARNING (nnet3-chain-get-egs[5.5.1182~1-e02e3]:LengthsMatch():nnet-example-utils.cc:585) Supervision does not have expected length for utterance 096280024: expected length = (1070 + 3 - 1) / 3 = 357, got: 119 (note: --frame-subsampling-factor=3)
WARNING (nnet3-chain-get-egs[5.5.1182~1-e02e3]:LengthsMatch():nnet-example-utils.cc:585) Supervision does not have expected length for utterance 096280025: expected length = (671 + 3 - 1) / 3 = 224, got: 75 (note: --frame-subsampling-factor=3)
WARNING (nnet3-chain-get-egs[5.5.1182~1-e02e3]:LengthsMatch():nnet-example-utils.cc:585) Supervision does not have expected length for utterance 096280026: expected length = (493 + 3 - 1) / 3 = 165, got: 55 (note: --frame-subsampling-factor=3)
WARNING (nnet3-chain-get-egs[5.5.1182~1-e02e3]:LengthsMatch():nnet-example-utils.cc:585) Supervision does not have expected length for utterance 096280028: expected length = (600 + 3 - 1) / 3 = 200, got: 67 (note: --frame-subsampling-factor=3)
WARNING (nnet3-chain-get-egs[5.5.1182~1-e02e3]:LengthsMatch():nnet-example-utils.cc:585) Supervision does not have expected length for utterance 096280029: expected length = (550 + 3 - 1) / 3 = 184, got: 62 (note: --frame-subsampling-factor=3)
WARNING (nnet3-chain-get-egs[5.5.1182~1-e02e3]:LengthsMatch():nnet-example-utils.cc:585) Supervision does not have expected length for utterance 096280030: expected length = (611 + 3 - 1) / 3 = 204, got: 68 (note: --frame-subsampling-factor=3)
WARNING (nnet3-chain-get-egs[5.5.1182~1-e02e3]:LengthsMatch():nnet-example-utils.cc:585) Supervision does not have expected length for utterance 096300001: expected length = (400 + 3 - 1) / 3 = 134, got: 45 (note: --frame-subsampling-factor=3)
WARNING (nnet3-chain-get-egs[5.5.1182~1-e02e3]:LengthsMatch():nnet-example-utils.cc:585) Supervision does not have expected length for utterance 096300002: expected length = (300 + 3 - 1) / 3 = 100, got: 34 (note: --frame-subsampling-factor=3)
WARNING (nnet3-chain-get-egs[5.5.1182~1-e02e3]:LengthsMatch():nnet-example-utils.cc:585) Supervision does not have expected length for utterance 096300004: expected length = (521 + 3 - 1) / 3 = 174, got: 58 (note: --frame-subsampling-factor=3)
WARNING (nnet3-chain-get-egs[5.5.1182~1-e02e3]:LengthsMatch():nnet-example-utils.cc:585) Supervision does not have expected length for utterance 096300005: expected length = (380 + 3 - 1) / 3 = 127, got: 43 (note: --frame-subsampling-factor=3)
WARNING (nnet3-chain-get-egs[5.5.1182~1-e02e3]:LengthsMatch():nnet-example-utils.cc:585) Supervision does not have expected length for utterance 096300006: expected length = (455 + 3 - 1) / 3 = 152, got: 51 (note: --frame-subsampling-factor=3)
WARNING (nnet3-chain-get-egs[5.5.1182~1-e02e3]:LengthsMatch():nnet-example-utils.cc:585) Supervision does not have expected length for utterance 096300007: expected length = (387 + 3 - 1) / 3 = 129, got: 43 (note: --frame-subsampling-factor=3)
WARNING (nnet3-chain-get-egs[5.5.1182~1-e02e3]:LengthsMatch():nnet-example-utils.cc:585) Supervision does not have expected length for utterance 096300008: expected length = (504 + 3 - 1) / 3 = 168, got: 56 (note: --frame-subsampling-factor=3)
WARNING (nnet3-chain-get-egs[5.5.1182~1-e02e3]:LengthsMatch():nnet-example-utils.cc:585) Supervision does not have expected length for utterance 096300011: expected length = (326 + 3 - 1) / 3 = 109, got: 37 (note: --frame-subsampling-factor=3)
WARNING (nnet3-chain-get-egs[5.5.1182~1-e02e3]:LengthsMatch():nnet-example-utils.cc:585) Supervision does not have expected length for utterance 096300012: expected length = (536 + 3 - 1) / 3 = 179, got: 60 (note: --frame-subsampling-factor=3)
WARNING (nnet3-chain-get-egs[5.5.1182~1-e02e3]:LengthsMatch():nnet-example-utils.cc:585) Supervision does not have expected length for utterance 096300013: expected length = (516 + 3 - 1) / 3 = 172, got: 58 (note: --frame-subsampling-factor=3)
WARNING (nnet3-chain-get-egs[5.5.1182~1-e02e3]:LengthsMatch():nnet-example-utils.cc:585) Supervision does not have expected length for utterance 096300014: expected length = (332 + 3 - 1) / 3 = 111, got: 37 (note: --frame-subsampling-factor=3)
WARNING (nnet3-chain-get-egs[5.5.1182~1-e02e3]:LengthsMatch():nnet-example-utils.cc:585) Supervision does not have expected length for utterance 096300015: expected length = (368 + 3 - 1) / 3 = 123, got: 41 (note: --frame-subsampling-factor=3)
WARNING (nnet3-chain-get-egs[5.5.1182~1-e02e3]:LengthsMatch():nnet-example-utils.cc:585) Supervision does not have expected length for utterance 096300016: expected length = (618 + 3 - 1) / 3 = 206, got: 69 (note: --frame-subsampling-factor=3)
WARNING (nnet3-chain-get-egs[5.5.1182~1-e02e3]:LengthsMatch():nnet-example-utils.cc:585) Supervision does not have expected length for utterance 096300020: expected length = (367 + 3 - 1) / 3 = 123, got: 41 (note: --frame-subsampling-factor=3)
WARNING (nnet3-chain-get-egs[5.5.1182~1-e02e3]:LengthsMatch():nnet-example-utils.cc:585) Supervision does not have expected length for utterance 096340004: expected length = (703 + 3 - 1) / 3 = 235, got: 79 (note: --frame-subsampling-factor=3)
WARNING (nnet3-chain-get-egs[5.5.1182~1-e02e3]:LengthsMatch():nnet-example-utils.cc:585) Supervision does not have expected length for utterance 096340005: expected length = (831 + 3 - 1) / 3 = 277, got: 93 (note: --frame-subsampling-factor=3)
WARNING (nnet3-chain-get-egs[5.5.1182~1-e02e3]:LengthsMatch():nnet-example-utils.cc:585) Supervision does not have expected length for utterance 096340009: expected length = (644 + 3 - 1) / 3 = 215, got: 72 (note: --frame-subsampling-factor=3)
WARNING (nnet3-chain-get-egs[5.5.1182~1-e02e3]:LengthsMatch():nnet-example-utils.cc:585) Supervision does not have expected length for utterance 096340010: expected length = (656 + 3 - 1) / 3 = 219, got: 73 (note: --frame-subsampling-factor=3)
WARNING (nnet3-chain-get-egs[5.5.1182~1-e02e3]:LengthsMatch():nnet-example-utils.cc:585) Supervision does not have expected length for utterance 096340013: expected length = (518 + 3 - 1) / 3 = 173, got: 58 (note: --frame-subsampling-factor=3)
WARNING (nnet3-chain-get-egs[5.5.1182~1-e02e3]:LengthsMatch():nnet-example-utils.cc:585) Supervision does not have expected length for utterance 096340014: expected length = (769 + 3 - 1) / 3 = 257, got: 86 (note: --frame-subsampling-factor=3)
WARNING (nnet3-chain-get-egs[5.5.1182~1-e02e3]:LengthsMatch():nnet-example-utils.cc:585) Supervision does not have expected length for utterance 096340015: expected length = (695 + 3 - 1) / 3 = 232, got: 78 (note: --frame-subsampling-factor=3)
WARNING (nnet3-chain-get-egs[5.5.1182~1-e02e3]:LengthsMatch():nnet-example-utils.cc:585) Supervision does not have expected length for utterance 096340016: expected length = (698 + 3 - 1) / 3 = 233, got: 78 (note: --frame-subsampling-factor=3)
WARNING (nnet3-chain-get-egs[5.5.1182~1-e02e3]:LengthsMatch():nnet-example-utils.cc:585) Supervision does not have expected length for utterance 096340017: expected length = (1091 + 3 - 1) / 3 = 364, got: 122 (note: --frame-subsampling-factor=3)
WARNING (nnet3-chain-get-egs[5.5.1182~1-e02e3]:LengthsMatch():nnet-example-utils.cc:585) Supervision does not have expected length for utterance 096340018: expected length = (876 + 3 - 1) / 3 = 292, got: 98 (note: --frame-subsampling-factor=3)
WARNING (nnet3-chain-get-egs[5.5.1182~1-e02e3]:LengthsMatch():nnet-example-utils.cc:585) Supervision does not have expected length for utterance 096340019: expected length = (945 + 3 - 1) / 3 = 315, got: 105 (note: --frame-subsampling-factor=3)
WARNING (nnet3-chain-get-egs[5.5.1182~1-e02e3]:LengthsMatch():nnet-example-utils.cc:585) Supervision does not have expected length for utterance 096340020: expected length = (1161 + 3 - 1) / 3 = 387, got: 129 (note: --frame-subsampling-factor=3)
WARNING (nnet3-chain-get-egs[5.5.1182~1-e02e3]:LengthsMatch():nnet-example-utils.cc:585) Supervision does not have expected length for utterance 096340021: expected length = (787 + 3 - 1) / 3 = 263, got: 88 (note: --frame-subsampling-factor=3)
WARNING (nnet3-chain-get-egs[5.5.1182~1-e02e3]:LengthsMatch():nnet-example-utils.cc:585) Supervision does not have expected length for utterance 096340022: expected length = (937 + 3 - 1) / 3 = 313, got: 105 (note: --frame-subsampling-factor=3)
WARNING (nnet3-chain-get-egs[5.5.1182~1-e02e3]:LengthsMatch():nnet-example-utils.cc:585) Supervision does not have expected length for utterance 096390002: expected length = (395 + 3 - 1) / 3 = 132, got: 44 (note: --frame-subsampling-factor=3)
WARNING (nnet3-chain-get-egs[5.5.1182~1-e02e3]:LengthsMatch():nnet-example-utils.cc:585) Supervision does not have expected length for utterance 096390004: expected length = (308 + 3 - 1) / 3 = 103, got: 35 (note: --frame-subsampling-factor=3)
WARNING (nnet3-chain-get-egs[5.5.1182~1-e02e3]:LengthsMatch():nnet-example-utils.cc:585) Supervision does not have expected length for utterance 096390005: expected length = (390 + 3 - 1) / 3 = 130, got: 44 (note: --frame-subsampling-factor=3)
WARNING (nnet3-chain-get-egs[5.5.1182~1-e02e3]:LengthsMatch():nnet-example-utils.cc:585) Supervision does not have expected length for utterance 096390006: expected length = (300 + 3 - 1) / 3 = 100, got: 34 (note: --frame-subsampling-factor=3)
WARNING (nnet3-chain-get-egs[5.5.1182~1-e02e3]:LengthsMatch():nnet-example-utils.cc:585) Supervision does not have expected length for utterance 096390007: expected length = (324 + 3 - 1) / 3 = 108, got: 36 (note: --frame-subsampling-factor=3)
WARNING (nnet3-chain-get-egs[5.5.1182~1-e02e3]:LengthsMatch():nnet-example-utils.cc:585) Supervision does not have expected length for utterance 096390008: expected length = (374 + 3 - 1) / 3 = 125, got: 42 (note: --frame-subsampling-factor=3)
WARNING (nnet3-chain-get-egs[5.5.1182~1-e02e3]:LengthsMatch():nnet-example-utils.cc:585) Supervision does not have expected length for utterance 096390009: expected length = (284 + 3 - 1) / 3 = 95, got: 32 (note: --frame-subsampling-factor=3)
WARNING (nnet3-chain-get-egs[5.5.1182~1-e02e3]:LengthsMatch():nnet-example-utils.cc:585) Supervision does not have expected length for utterance 096390010: expected length = (530 + 3 - 1) / 3 = 177, got: 59 (note: --frame-subsampling-factor=3)
WARNING (nnet3-chain-get-egs[5.5.1182~1-e02e3]:LengthsMatch():nnet-example-utils.cc:585) Supervision does not have expected length for utterance 096390011: expected length = (241 + 3 - 1) / 3 = 81, got: 27 (note: --frame-subsampling-factor=3)
WARNING (nnet3-chain-get-egs[5.5.1182~1-e02e3]:LengthsMatch():nnet-example-utils.cc:585) Supervision does not have expected length for utterance 096390013: expected length = (411 + 3 - 1) / 3 = 137, got: 46 (note: --frame-subsampling-factor=3)
WARNING (nnet3-chain-get-egs[5.5.1182~1-e02e3]:LengthsMatch():nnet-example-utils.cc:585) Supervision does not have expected length for utterance 096390014: expected length = (304 + 3 - 1) / 3 = 102, got: 34 (note: --frame-subsampling-factor=3)
WARNING (nnet3-chain-get-egs[5.5.1182~1-e02e3]:LengthsMatch():nnet-example-utils.cc:585) Supervision does not have expected length for utterance 096390015: expected length = (325 + 3 - 1) / 3 = 109, got: 37 (note: --frame-subsampling-factor=3)
WARNING (nnet3-chain-get-egs[5.5.1182~1-e02e3]:LengthsMatch():nnet-example-utils.cc:585) Supervision does not have expected length for utterance 096390016: expected length = (421 + 3 - 1) / 3 = 141, got: 47 (note: --frame-subsampling-factor=3)
WARNING (nnet3-chain-get-egs[5.5.1182~1-e02e3]:LengthsMatch():nnet-example-utils.cc:585) Supervision does not have expected length for utterance 096390017: expected length = (393 + 3 - 1) / 3 = 131, got: 44 (note: --frame-subsampling-factor=3)
WARNING (nnet3-chain-get-egs[5.5.1182~1-e02e3]:LengthsMatch():nnet-example-utils.cc:585) Supervision does not have expected length for utterance 096390019: expected length = (301 + 3 - 1) / 3 = 101, got: 34 (note: --frame-subsampling-factor=3)
WARNING (nnet3-chain-get-egs[5.5.1182~1-e02e3]:LengthsMatch():nnet-example-utils.cc:585) Supervision does not have expected length for utterance 096390020: expected length = (473 + 3 - 1) / 3 = 158, got: 53 (note: --frame-subsampling-factor=3)
WARNING (nnet3-chain-get-egs[5.5.1182~1-e02e3]:LengthsMatch():nnet-example-utils.cc:585) Supervision does not have expected length for utterance 096430003: expected length = (763 + 3 - 1) / 3 = 255, got: 85 (note: --frame-subsampling-factor=3)
WARNING (nnet3-chain-get-egs[5.5.1182~1-e02e3]:LengthsMatch():nnet-example-utils.cc:585) Supervision does not have expected length for utterance 096430004: expected length = (897 + 3 - 1) / 3 = 299, got: 100 (note: --frame-subsampling-factor=3)
WARNING (nnet3-chain-get-egs[5.5.1182~1-e02e3]:LengthsMatch():nnet-example-utils.cc:585) Supervision does not have expected length for utterance 096430005: expected length = (1117 + 3 - 1) / 3 = 373, got: 125 (note: --frame-subsampling-factor=3)
WARNING (nnet3-chain-get-egs[5.5.1182~1-e02e3]:LengthsMatch():nnet-example-utils.cc:585) Supervision does not have expected length for utterance 096430006: expected length = (1310 + 3 - 1) / 3 = 437, got: 146 (note: --frame-subsampling-factor=3)
WARNING (nnet3-chain-get-egs[5.5.1182~1-e02e3]:LengthsMatch():nnet-example-utils.cc:585) Supervision does not have expected length for utterance 096430007: expected length = (1006 + 3 - 1) / 3 = 336, got: 112 (note: --frame-subsampling-factor=3)
WARNING (nnet3-chain-get-egs[5.5.1182~1-e02e3]:LengthsMatch():nnet-example-utils.cc:585) Supervision does not have expected length for utterance 096430009: expected length = (605 + 3 - 1) / 3 = 202, got: 68 (note: --frame-subsampling-factor=3)
WARNING (nnet3-chain-get-egs[5.5.1182~1-e02e3]:LengthsMatch():nnet-example-utils.cc:585) Supervision does not have expected length for utterance 096430010: expected length = (946 + 3 - 1) / 3 = 316, got: 106 (note: --frame-subsampling-factor=3)
WARNING (nnet3-chain-get-egs[5.5.1182~1-e02e3]:LengthsMatch():nnet-example-utils.cc:585) Supervision does not have expected length for utterance 096430011: expected length = (1012 + 3 - 1) / 3 = 338, got: 113 (note: --frame-subsampling-factor=3)
WARNING (nnet3-chain-get-egs[5.5.1182~1-e02e3]:LengthsMatch():nnet-example-utils.cc:585) Supervision does not have expected length for utterance 096430012: expected length = (761 + 3 - 1) / 3 = 254, got: 85 (note: --frame-subsampling-factor=3)
WARNING (nnet3-chain-get-egs[5.5.1182~1-e02e3]:LengthsMatch():nnet-example-utils.cc:585) Supervision does not have expected length for utterance 096430013: expected length = (1061 + 3 - 1) / 3 = 354, got: 118 (note: --frame-subsampling-factor=3)
WARNING (nnet3-chain-get-egs[5.5.1182~1-e02e3]:LengthsMatch():nnet-example-utils.cc:585) Supervision does not have expected length for utterance 096430014: expected length = (800 + 3 - 1) / 3 = 267, got: 89 (note: --frame-subsampling-factor=3)
WARNING (nnet3-chain-get-egs[5.5.1182~1-e02e3]:LengthsMatch():nnet-example-utils.cc:585) Supervision does not have expected length for utterance 096430015: expected length = (953 + 3 - 1) / 3 = 318, got: 106 (note: --frame-subsampling-factor=3)
WARNING (nnet3-chain-get-egs[5.5.1182~1-e02e3]:LengthsMatch():nnet-example-utils.cc:585) Supervision does not have expected length for utterance 096430016: expected length = (885 + 3 - 1) / 3 = 295, got: 99 (note: --frame-subsampling-factor=3)
WARNING (nnet3-chain-get-egs[5.5.1182~1-e02e3]:LengthsMatch():nnet-example-utils.cc:585) Supervision does not have expected length for utterance 096430017: expected length = (1071 + 3 - 1) / 3 = 357, got: 119 (note: --frame-subsampling-factor=3)
WARNING (nnet3-chain-get-egs[5.5.1182~1-e02e3]:LengthsMatch():nnet-example-utils.cc:585) Supervision does not have expected length for utterance 096430019: expected length = (845 + 3 - 1) / 3 = 282, got: 94 (note: --frame-subsampling-factor=3)
WARNING (nnet3-chain-get-egs[5.5.1182~1-e02e3]:LengthsMatch():nnet-example-utils.cc:585) Supervision does not have expected length for utterance 096430020: expected length = (914 + 3 - 1) / 3 = 305, got: 102 (note: --frame-subsampling-factor=3)
WARNING (nnet3-chain-get-egs[5.5.1182~1-e02e3]:LengthsMatch():nnet-example-utils.cc:585) Supervision does not have expected length for utterance 096430021: expected length = (675 + 3 - 1) / 3 = 225, got: 75 (note: --frame-subsampling-factor=3)
WARNING (nnet3-chain-get-egs[5.5.1182~1-e02e3]:LengthsMatch():nnet-example-utils.cc:585) Supervision does not have expected length for utterance 096450001: expected length = (326 + 3 - 1) / 3 = 109, got: 37 (note: --frame-subsampling-factor=3)
WARNING (nnet3-chain-get-egs[5.5.1182~1-e02e3]:LengthsMatch():nnet-example-utils.cc:585) Supervision does not have expected length for utterance 096450002: expected length = (507 + 3 - 1) / 3 = 169, got: 57 (note: --frame-subsampling-factor=3)
WARNING (nnet3-chain-get-egs[5.5.1182~1-e02e3]:LengthsMatch():nnet-example-utils.cc:585) Supervision does not have expected length for utterance 096450003: expected length = (749 + 3 - 1) / 3 = 250, got: 84 (note: --frame-subsampling-factor=3)
WARNING (nnet3-chain-get-egs[5.5.1182~1-e02e3]:LengthsMatch():nnet-example-utils.cc:585) Supervision does not have expected length for utterance 096450004: expected length = (338 + 3 - 1) / 3 = 113, got: 38 (note: --frame-subsampling-factor=3)
WARNING (nnet3-chain-get-egs[5.5.1182~1-e02e3]:LengthsMatch():nnet-example-utils.cc:585) Supervision does not have expected length for utterance 096450005: expected length = (611 + 3 - 1) / 3 = 204, got: 68 (note: --frame-subsampling-factor=3)
WARNING (nnet3-chain-get-egs[5.5.1182~1-e02e3]:LengthsMatch():nnet-example-utils.cc:585) Supervision does not have expected length for utterance 096450008: expected length = (364 + 3 - 1) / 3 = 122, got: 41 (note: --frame-subsampling-factor=3)
WARNING (nnet3-chain-get-egs[5.5.1182~1-e02e3]:LengthsMatch():nnet-example-utils.cc:585) Supervision does not have expected length for utterance 096450012: expected length = (546 + 3 - 1) / 3 = 182, got: 61 (note: --frame-subsampling-factor=3)
WARNING (nnet3-chain-get-egs[5.5.1182~1-e02e3]:LengthsMatch():nnet-example-utils.cc:585) Supervision does not have expected length for utterance 096450013: expected length = (721 + 3 - 1) / 3 = 241, got: 81 (note: --frame-subsampling-factor=3)
WARNING (nnet3-chain-get-egs[5.5.1182~1-e02e3]:LengthsMatch():nnet-example-utils.cc:585) Supervision does not have expected length for utterance 096450014: expected length = (741 + 3 - 1) / 3 = 247, got: 83 (note: --frame-subsampling-factor=3)
WARNING (nnet3-chain-get-egs[5.5.1182~1-e02e3]:LengthsMatch():nnet-example-utils.cc:585) Supervision does not have expected length for utterance 096450015: expected length = (366 + 3 - 1) / 3 = 122, got: 41 (note: --frame-subsampling-factor=3)
WARNING (nnet3-chain-get-egs[5.5.1182~1-e02e3]:LengthsMatch():nnet-example-utils.cc:585) Supervision does not have expected length for utterance 096450016: expected length = (673 + 3 - 1) / 3 = 225, got: 75 (note: --frame-subsampling-factor=3)
WARNING (nnet3-chain-get-egs[5.5.1182~1-e02e3]:LengthsMatch():nnet-example-utils.cc:585) Supervision does not have expected length for utterance 096450017: expected length = (482 + 3 - 1) / 3 = 161, got: 54 (note: --frame-subsampling-factor=3)
WARNING (nnet3-chain-get-egs[5.5.1182~1-e02e3]:LengthsMatch():nnet-example-utils.cc:585) Supervision does not have expected length for utterance 096450018: expected length = (419 + 3 - 1) / 3 = 140, got: 47 (note: --frame-subsampling-factor=3)
WARNING (nnet3-chain-get-egs[5.5.1182~1-e02e3]:LengthsMatch():nnet-example-utils.cc:585) Supervision does not have expected length for utterance 096450019: expected length = (614 + 3 - 1) / 3 = 205, got: 69 (note: --frame-subsampling-factor=3)
WARNING (nnet3-chain-get-egs[5.5.1182~1-e02e3]:LengthsMatch():nnet-example-utils.cc:585) Supervision does not have expected length for utterance 096450020: expected length = (700 + 3 - 1) / 3 = 234, got: 78 (note: --frame-subsampling-factor=3)
WARNING (nnet3-chain-get-egs[5.5.1182~1-e02e3]:LengthsMatch():nnet-example-utils.cc:585) Supervision does not have expected length for utterance 096450021: expected length = (444 + 3 - 1) / 3 = 148, got: 50 (note: --frame-subsampling-factor=3)
WARNING (nnet3-chain-get-egs[5.5.1182~1-e02e3]:LengthsMatch():nnet-example-utils.cc:585) Supervision does not have expected length for utterance 096460002: expected length = (741 + 3 - 1) / 3 = 247, got: 83 (note: --frame-subsampling-factor=3)
WARNING (nnet3-chain-get-egs[5.5.1182~1-e02e3]:LengthsMatch():nnet-example-utils.cc:585) Supervision does not have expected length for utterance 096460003: expected length = (807 + 3 - 1) / 3 = 269, got: 90 (note: --frame-subsampling-factor=3)
WARNING (nnet3-chain-get-egs[5.5.1182~1-e02e3]:LengthsMatch():nnet-example-utils.cc:585) Supervision does not have expected length for utterance 096460004: expected length = (641 + 3 - 1) / 3 = 214, got: 72 (note: --frame-subsampling-factor=3)
WARNING (nnet3-chain-get-egs[5.5.1182~1-e02e3]:LengthsMatch():nnet-example-utils.cc:585) Supervision does not have expected length for utterance 096460005: expected length = (768 + 3 - 1) / 3 = 256, got: 86 (note: --frame-subsampling-factor=3)
WARNING (nnet3-chain-get-egs[5.5.1182~1-e02e3]:LengthsMatch():nnet-example-utils.cc:585) Supervision does not have expected length for utterance 096460006: expected length = (1032 + 3 - 1) / 3 = 344, got: 115 (note: --frame-subsampling-factor=3)
WARNING (nnet3-chain-get-egs[5.5.1182~1-e02e3]:LengthsMatch():nnet-example-utils.cc:585) Supervision does not have expected length for utterance 096460007: expected length = (458 + 3 - 1) / 3 = 153, got: 51 (note: --frame-subsampling-factor=3)
WARNING (nnet3-chain-get-egs[5.5.1182~1-e02e3]:LengthsMatch():nnet-example-utils.cc:585) Supervision does not have expected length for utterance 096460010: expected length = (257 + 3 - 1) / 3 = 86, got: 29 (note: --frame-subsampling-factor=3)
WARNING (nnet3-chain-get-egs[5.5.1182~1-e02e3]:LengthsMatch():nnet-example-utils.cc:585) Supervision does not have expected length for utterance 096460011: expected length = (500 + 3 - 1) / 3 = 167, got: 56 (note: --frame-subsampling-factor=3)
WARNING (nnet3-chain-get-egs[5.5.1182~1-e02e3]:LengthsMatch():nnet-example-utils.cc:585) Supervision does not have expected length for utterance 096460012: expected length = (605 + 3 - 1) / 3 = 202, got: 68 (note: --frame-subsampling-factor=3)
WARNING (nnet3-chain-get-egs[5.5.1182~1-e02e3]:LengthsMatch():nnet-example-utils.cc:585) Supervision does not have expected length for utterance 096460013: expected length = (401 + 3 - 1) / 3 = 134, got: 45 (note: --frame-subsampling-factor=3)
WARNING (nnet3-chain-get-egs[5.5.1182~1-e02e3]:LengthsMatch():nnet-example-utils.cc:585) Supervision does not have expected length for utterance 096460014: expected length = (516 + 3 - 1) / 3 = 172, got: 58 (note: --frame-subsampling-factor=3)
WARNING (nnet3-chain-get-egs[5.5.1182~1-e02e3]:LengthsMatch():nnet-example-utils.cc:585) Supervision does not have expected length for utterance 096460015: expected length = (288 + 3 - 1) / 3 = 96, got: 32 (note: --frame-subsampling-factor=3)
WARNING (nnet3-chain-get-egs[5.5.1182~1-e02e3]:LengthsMatch():nnet-example-utils.cc:585) Supervision does not have expected length for utterance 096460016: expected length = (499 + 3 - 1) / 3 = 167, got: 56 (note: --frame-subsampling-factor=3)
WARNING (nnet3-chain-get-egs[5.5.1182~1-e02e3]:LengthsMatch():nnet-example-utils.cc:585) Supervision does not have expected length for utterance 096460018: expected length = (287 + 3 - 1) / 3 = 96, got: 32 (note: --frame-subsampling-factor=3)
WARNING (nnet3-chain-get-egs[5.5.1182~1-e02e3]:LengthsMatch():nnet-example-utils.cc:585) Supervision does not have expected length for utterance 096460019: expected length = (335 + 3 - 1) / 3 = 112, got: 38 (note: --frame-subsampling-factor=3)
WARNING (nnet3-chain-get-egs[5.5.1182~1-e02e3]:LengthsMatch():nnet-example-utils.cc:585) Supervision does not have expected length for utterance 096460021: expected length = (343 + 3 - 1) / 3 = 115, got: 39 (note: --frame-subsampling-factor=3)
WARNING (nnet3-chain-get-egs[5.5.1182~1-e02e3]:LengthsMatch():nnet-example-utils.cc:585) Supervision does not have expected length for utterance 096490001: expected length = (638 + 3 - 1) / 3 = 213, got: 71 (note: --frame-subsampling-factor=3)
WARNING (nnet3-chain-get-egs[5.5.1182~1-e02e3]:LengthsMatch():nnet-example-utils.cc:585) Supervision does not have expected length for utterance 096490002: expected length = (876 + 3 - 1) / 3 = 292, got: 98 (note: --frame-subsampling-factor=3)
WARNING (nnet3-chain-get-egs[5.5.1182~1-e02e3]:LengthsMatch():nnet-example-utils.cc:585) Supervision does not have expected length for utterance 096490003: expected length = (742 + 3 - 1) / 3 = 248, got: 83 (note: --frame-subsampling-factor=3)
WARNING (nnet3-chain-get-egs[5.5.1182~1-e02e3]:LengthsMatch():nnet-example-utils.cc:585) Supervision does not have expected length for utterance 096490005: expected length = (1000 + 3 - 1) / 3 = 334, got: 112 (note: --frame-subsampling-factor=3)
WARNING (nnet3-chain-get-egs[5.5.1182~1-e02e3]:LengthsMatch():nnet-example-utils.cc:585) Supervision does not have expected length for utterance 096490006: expected length = (448 + 3 - 1) / 3 = 150, got: 50 (note: --frame-subsampling-factor=3)
LOG (lattice-align-phones[5.5.1182~1-e02e3]:main():lattice-align-phones.cc:105) Successfully aligned 220 lattices; 0 had errors.
WARNING (nnet3-chain-get-egs[5.5.1182~1-e02e3]:LengthsMatch():nnet-example-utils.cc:585) Supervision does not have expected length for utterance 096490010: expected length = (442 + 3 - 1) / 3 = 148, got: 50 (note: --frame-subsampling-factor=3)
WARNING (nnet3-chain-get-egs[5.5.1182~1-e02e3]:LengthsMatch():nnet-example-utils.cc:585) Supervision does not have expected length for utterance 096490011: expected length = (782 + 3 - 1) / 3 = 261, got: 87 (note: --frame-subsampling-factor=3)
WARNING (nnet3-chain-get-egs[5.5.1182~1-e02e3]:LengthsMatch():nnet-example-utils.cc:585) Supervision does not have expected length for utterance 096490012: expected length = (484 + 3 - 1) / 3 = 162, got: 54 (note: --frame-subsampling-factor=3)
WARNING (nnet3-chain-get-egs[5.5.1182~1-e02e3]:LengthsMatch():nnet-example-utils.cc:585) Supervision does not have expected length for utterance 096490013: expected length = (392 + 3 - 1) / 3 = 131, got: 44 (note: --frame-subsampling-factor=3)
WARNING (nnet3-chain-get-egs[5.5.1182~1-e02e3]:LengthsMatch():nnet-example-utils.cc:585) Supervision does not have expected length for utterance 096490014: expected length = (526 + 3 - 1) / 3 = 176, got: 59 (note: --frame-subsampling-factor=3)
WARNING (nnet3-chain-get-egs[5.5.1182~1-e02e3]:LengthsMatch():nnet-example-utils.cc:585) Supervision does not have expected length for utterance 096490017: expected length = (376 + 3 - 1) / 3 = 126, got: 42 (note: --frame-subsampling-factor=3)
WARNING (nnet3-chain-get-egs[5.5.1182~1-e02e3]:LengthsMatch():nnet-example-utils.cc:585) Supervision does not have expected length for utterance 096490018: expected length = (325 + 3 - 1) / 3 = 109, got: 37 (note: --frame-subsampling-factor=3)
LOG (apply-cmvn[5.5.1182~1-e02e3]:main():apply-cmvn.cc:162) Applied cepstral mean normalization to 188 utterances, errors on 0
WARNING (nnet3-chain-get-egs[5.5.1182~1-e02e3]:LengthsMatch():nnet-example-utils.cc:585) Supervision does not have expected length for utterance 096490019: expected length = (463 + 3 - 1) / 3 = 155, got: 52 (note: --frame-subsampling-factor=3)
LOG (chain-get-supervision[5.5.1182~1-e02e3]:main():chain-get-supervision.cc:150) Generated chain supervision information for 220 utterances, errors on 0
WARNING (nnet3-chain-get-egs[5.5.1182~1-e02e3]:LengthsMatch():nnet-example-utils.cc:585) Supervision does not have expected length for utterance 096490020: expected length = (395 + 3 - 1) / 3 = 132, got: 44 (note: --frame-subsampling-factor=3)
WARNING (nnet3-chain-get-egs[5.5.1182~1-e02e3]:main():nnet3-chain-get-egs.cc:442) 188 utterances had errors and could not be processed.
LOG (nnet3-chain-get-egs[5.5.1182~1-e02e3]:~UtteranceSplitter():nnet-example-utils.cc:373) Split 0 utts, with total length 0 frames (0 hours assuming 100 frames per second) into 0 chunks.
LOG (nnet3-chain-get-egs[5.5.1182~1-e02e3]:~UtteranceSplitter():nnet-example-utils.cc:383) Average chunk length was -nan frames; overlap between adjacent chunks was -nan% of input length; length of output was -nan% of input length (minus overlap = -nan%).
LOG (nnet3-chain-copy-egs[5.5.1182~1-e02e3]:main():nnet3-chain-copy-egs.cc:393) Read 0 neural-network training examples, wrote 0
# Accounting: time=1 threads=1
# Ended (code 1) at Thu Oct 23 10:38:40 IST 2025, elapsed time 1 seconds
