# lattice-align-phones --replace-output-symbols=true tune/align_lats_speechocean762/final.mdl "ark:gunzip -c tune/align_lats_speechocean762/lat.6.gz |" ark:- | chain-get-supervision --lattice-input=true --frame-subsampling-factor=3 /home/mcw/durga/kaldi/libreespeech2/0013_librispeech_v1_chain/exp/chain_cleaned/tdnn_1d_sp/tree /home/mcw/durga/kaldi/libreespeech2/0013_librispeech_v1_chain/exp/chain_cleaned/tdnn_1d_sp/0.trans_mdl ark:- ark:- | nnet3-chain-get-egs --srand=$[6+0] --left-context=4 --right-context=4 --num-frames=25 --frame-subsampling-factor=3 --compress=true --num-frames-overlap=0 "ark,s,cs:utils/filter_scp.pl --exclude tune/chain_finetune/tdnn_1d_sp_adapt/egs/valid_uttlist data/speechocean762_train/split10/6/feats.scp | apply-cmvn  --utt2spk=ark:data/speechocean762_train/split10/6/utt2spk scp:data/speechocean762_train/split10/6/cmvn.scp scp:- ark:- |" ark,s,cs:- ark:- | nnet3-chain-copy-egs --random=true --srand=$[6+0] ark:- ark:tune/chain_finetune/tdnn_1d_sp_adapt/egs/cegs_orig.6.1.ark ark:tune/chain_finetune/tdnn_1d_sp_adapt/egs/cegs_orig.6.2.ark ark:tune/chain_finetune/tdnn_1d_sp_adapt/egs/cegs_orig.6.3.ark 
# Started at Thu Oct 23 10:38:39 IST 2025
#
chain-get-supervision --lattice-input=true --frame-subsampling-factor=3 /home/mcw/durga/kaldi/libreespeech2/0013_librispeech_v1_chain/exp/chain_cleaned/tdnn_1d_sp/tree /home/mcw/durga/kaldi/libreespeech2/0013_librispeech_v1_chain/exp/chain_cleaned/tdnn_1d_sp/0.trans_mdl ark:- ark:- 
lattice-align-phones --replace-output-symbols=true tune/align_lats_speechocean762/final.mdl 'ark:gunzip -c tune/align_lats_speechocean762/lat.6.gz |' ark:- 
nnet3-chain-copy-egs --random=true --srand=6 ark:- ark:tune/chain_finetune/tdnn_1d_sp_adapt/egs/cegs_orig.6.1.ark ark:tune/chain_finetune/tdnn_1d_sp_adapt/egs/cegs_orig.6.2.ark ark:tune/chain_finetune/tdnn_1d_sp_adapt/egs/cegs_orig.6.3.ark 
nnet3-chain-get-egs --srand=6 --left-context=4 --right-context=4 --num-frames=25 --frame-subsampling-factor=3 --compress=true --num-frames-overlap=0 'ark,s,cs:utils/filter_scp.pl --exclude tune/chain_finetune/tdnn_1d_sp_adapt/egs/valid_uttlist data/speechocean762_train/split10/6/feats.scp | apply-cmvn  --utt2spk=ark:data/speechocean762_train/split10/6/utt2spk scp:data/speechocean762_train/split10/6/cmvn.scp scp:- ark:- |' ark,s,cs:- ark:- 
LOG (nnet3-chain-get-egs[5.5.1182~1-e02e3]:ComputeDerived():nnet-example-utils.cc:347) Rounding up --num-frames=25 to multiples of --frame-subsampling-factor=3, to: 27
apply-cmvn --utt2spk=ark:data/speechocean762_train/split10/6/utt2spk scp:data/speechocean762_train/split10/6/cmvn.scp scp:- ark:- 
WARNING (nnet3-chain-get-egs[5.5.1182~1-e02e3]:LengthsMatch():nnet-example-utils.cc:585) Supervision does not have expected length for utterance 024270011: expected length = (463 + 3 - 1) / 3 = 155, got: 52 (note: --frame-subsampling-factor=3)
WARNING (nnet3-chain-get-egs[5.5.1182~1-e02e3]:LengthsMatch():nnet-example-utils.cc:585) Supervision does not have expected length for utterance 024270019: expected length = (346 + 3 - 1) / 3 = 116, got: 39 (note: --frame-subsampling-factor=3)
WARNING (nnet3-chain-get-egs[5.5.1182~1-e02e3]:LengthsMatch():nnet-example-utils.cc:585) Supervision does not have expected length for utterance 024270028: expected length = (552 + 3 - 1) / 3 = 184, got: 62 (note: --frame-subsampling-factor=3)
WARNING (nnet3-chain-get-egs[5.5.1182~1-e02e3]:LengthsMatch():nnet-example-utils.cc:585) Supervision does not have expected length for utterance 024270051: expected length = (403 + 3 - 1) / 3 = 135, got: 45 (note: --frame-subsampling-factor=3)
WARNING (nnet3-chain-get-egs[5.5.1182~1-e02e3]:LengthsMatch():nnet-example-utils.cc:585) Supervision does not have expected length for utterance 024270053: expected length = (335 + 3 - 1) / 3 = 112, got: 38 (note: --frame-subsampling-factor=3)
WARNING (nnet3-chain-get-egs[5.5.1182~1-e02e3]:LengthsMatch():nnet-example-utils.cc:585) Supervision does not have expected length for utterance 024270057: expected length = (377 + 3 - 1) / 3 = 126, got: 42 (note: --frame-subsampling-factor=3)
WARNING (nnet3-chain-get-egs[5.5.1182~1-e02e3]:LengthsMatch():nnet-example-utils.cc:585) Supervision does not have expected length for utterance 024270155: expected length = (286 + 3 - 1) / 3 = 96, got: 32 (note: --frame-subsampling-factor=3)
WARNING (nnet3-chain-get-egs[5.5.1182~1-e02e3]:LengthsMatch():nnet-example-utils.cc:585) Supervision does not have expected length for utterance 024270168: expected length = (244 + 3 - 1) / 3 = 82, got: 28 (note: --frame-subsampling-factor=3)
WARNING (nnet3-chain-get-egs[5.5.1182~1-e02e3]:LengthsMatch():nnet-example-utils.cc:585) Supervision does not have expected length for utterance 024270176: expected length = (282 + 3 - 1) / 3 = 94, got: 32 (note: --frame-subsampling-factor=3)
WARNING (nnet3-chain-get-egs[5.5.1182~1-e02e3]:LengthsMatch():nnet-example-utils.cc:585) Supervision does not have expected length for utterance 024270178: expected length = (283 + 3 - 1) / 3 = 95, got: 32 (note: --frame-subsampling-factor=3)
WARNING (nnet3-chain-get-egs[5.5.1182~1-e02e3]:LengthsMatch():nnet-example-utils.cc:585) Supervision does not have expected length for utterance 024270183: expected length = (304 + 3 - 1) / 3 = 102, got: 34 (note: --frame-subsampling-factor=3)
WARNING (nnet3-chain-get-egs[5.5.1182~1-e02e3]:LengthsMatch():nnet-example-utils.cc:585) Supervision does not have expected length for utterance 024270197: expected length = (372 + 3 - 1) / 3 = 124, got: 42 (note: --frame-subsampling-factor=3)
WARNING (nnet3-chain-get-egs[5.5.1182~1-e02e3]:LengthsMatch():nnet-example-utils.cc:585) Supervision does not have expected length for utterance 024270206: expected length = (337 + 3 - 1) / 3 = 113, got: 38 (note: --frame-subsampling-factor=3)
WARNING (nnet3-chain-get-egs[5.5.1182~1-e02e3]:LengthsMatch():nnet-example-utils.cc:585) Supervision does not have expected length for utterance 024270245: expected length = (351 + 3 - 1) / 3 = 117, got: 39 (note: --frame-subsampling-factor=3)
WARNING (nnet3-chain-get-egs[5.5.1182~1-e02e3]:LengthsMatch():nnet-example-utils.cc:585) Supervision does not have expected length for utterance 024270292: expected length = (301 + 3 - 1) / 3 = 101, got: 34 (note: --frame-subsampling-factor=3)
WARNING (nnet3-chain-get-egs[5.5.1182~1-e02e3]:LengthsMatch():nnet-example-utils.cc:585) Supervision does not have expected length for utterance 024270313: expected length = (203 + 3 - 1) / 3 = 68, got: 23 (note: --frame-subsampling-factor=3)
WARNING (nnet3-chain-get-egs[5.5.1182~1-e02e3]:LengthsMatch():nnet-example-utils.cc:585) Supervision does not have expected length for utterance 024270336: expected length = (243 + 3 - 1) / 3 = 81, got: 27 (note: --frame-subsampling-factor=3)
WARNING (nnet3-chain-get-egs[5.5.1182~1-e02e3]:LengthsMatch():nnet-example-utils.cc:585) Supervision does not have expected length for utterance 024300001: expected length = (334 + 3 - 1) / 3 = 112, got: 38 (note: --frame-subsampling-factor=3)
WARNING (nnet3-chain-get-egs[5.5.1182~1-e02e3]:LengthsMatch():nnet-example-utils.cc:585) Supervision does not have expected length for utterance 024300052: expected length = (468 + 3 - 1) / 3 = 156, got: 52 (note: --frame-subsampling-factor=3)
WARNING (nnet3-chain-get-egs[5.5.1182~1-e02e3]:LengthsMatch():nnet-example-utils.cc:585) Supervision does not have expected length for utterance 024300061: expected length = (230 + 3 - 1) / 3 = 77, got: 26 (note: --frame-subsampling-factor=3)
WARNING (nnet3-chain-get-egs[5.5.1182~1-e02e3]:LengthsMatch():nnet-example-utils.cc:585) Supervision does not have expected length for utterance 024300063: expected length = (300 + 3 - 1) / 3 = 100, got: 34 (note: --frame-subsampling-factor=3)
WARNING (nnet3-chain-get-egs[5.5.1182~1-e02e3]:LengthsMatch():nnet-example-utils.cc:585) Supervision does not have expected length for utterance 024300080: expected length = (225 + 3 - 1) / 3 = 75, got: 25 (note: --frame-subsampling-factor=3)
WARNING (nnet3-chain-get-egs[5.5.1182~1-e02e3]:LengthsMatch():nnet-example-utils.cc:585) Supervision does not have expected length for utterance 024300082: expected length = (545 + 3 - 1) / 3 = 182, got: 61 (note: --frame-subsampling-factor=3)
WARNING (nnet3-chain-get-egs[5.5.1182~1-e02e3]:LengthsMatch():nnet-example-utils.cc:585) Supervision does not have expected length for utterance 024300093: expected length = (389 + 3 - 1) / 3 = 130, got: 44 (note: --frame-subsampling-factor=3)
WARNING (nnet3-chain-get-egs[5.5.1182~1-e02e3]:LengthsMatch():nnet-example-utils.cc:585) Supervision does not have expected length for utterance 024300099: expected length = (421 + 3 - 1) / 3 = 141, got: 47 (note: --frame-subsampling-factor=3)
WARNING (nnet3-chain-get-egs[5.5.1182~1-e02e3]:LengthsMatch():nnet-example-utils.cc:585) Supervision does not have expected length for utterance 024300118: expected length = (348 + 3 - 1) / 3 = 116, got: 39 (note: --frame-subsampling-factor=3)
WARNING (nnet3-chain-get-egs[5.5.1182~1-e02e3]:LengthsMatch():nnet-example-utils.cc:585) Supervision does not have expected length for utterance 024300131: expected length = (307 + 3 - 1) / 3 = 103, got: 35 (note: --frame-subsampling-factor=3)
WARNING (nnet3-chain-get-egs[5.5.1182~1-e02e3]:LengthsMatch():nnet-example-utils.cc:585) Supervision does not have expected length for utterance 024300135: expected length = (423 + 3 - 1) / 3 = 141, got: 47 (note: --frame-subsampling-factor=3)
WARNING (nnet3-chain-get-egs[5.5.1182~1-e02e3]:LengthsMatch():nnet-example-utils.cc:585) Supervision does not have expected length for utterance 024300189: expected length = (323 + 3 - 1) / 3 = 108, got: 36 (note: --frame-subsampling-factor=3)
WARNING (nnet3-chain-get-egs[5.5.1182~1-e02e3]:LengthsMatch():nnet-example-utils.cc:585) Supervision does not have expected length for utterance 024300221: expected length = (316 + 3 - 1) / 3 = 106, got: 36 (note: --frame-subsampling-factor=3)
WARNING (nnet3-chain-get-egs[5.5.1182~1-e02e3]:LengthsMatch():nnet-example-utils.cc:585) Supervision does not have expected length for utterance 024300270: expected length = (271 + 3 - 1) / 3 = 91, got: 31 (note: --frame-subsampling-factor=3)
WARNING (nnet3-chain-get-egs[5.5.1182~1-e02e3]:LengthsMatch():nnet-example-utils.cc:585) Supervision does not have expected length for utterance 024300330: expected length = (338 + 3 - 1) / 3 = 113, got: 38 (note: --frame-subsampling-factor=3)
WARNING (nnet3-chain-get-egs[5.5.1182~1-e02e3]:LengthsMatch():nnet-example-utils.cc:585) Supervision does not have expected length for utterance 024300345: expected length = (345 + 3 - 1) / 3 = 115, got: 39 (note: --frame-subsampling-factor=3)
WARNING (nnet3-chain-get-egs[5.5.1182~1-e02e3]:LengthsMatch():nnet-example-utils.cc:585) Supervision does not have expected length for utterance 024300360: expected length = (349 + 3 - 1) / 3 = 117, got: 39 (note: --frame-subsampling-factor=3)
WARNING (nnet3-chain-get-egs[5.5.1182~1-e02e3]:LengthsMatch():nnet-example-utils.cc:585) Supervision does not have expected length for utterance 024500021: expected length = (464 + 3 - 1) / 3 = 155, got: 52 (note: --frame-subsampling-factor=3)
WARNING (nnet3-chain-get-egs[5.5.1182~1-e02e3]:LengthsMatch():nnet-example-utils.cc:585) Supervision does not have expected length for utterance 024500033: expected length = (381 + 3 - 1) / 3 = 127, got: 43 (note: --frame-subsampling-factor=3)
WARNING (nnet3-chain-get-egs[5.5.1182~1-e02e3]:LengthsMatch():nnet-example-utils.cc:585) Supervision does not have expected length for utterance 024500126: expected length = (233 + 3 - 1) / 3 = 78, got: 26 (note: --frame-subsampling-factor=3)
WARNING (nnet3-chain-get-egs[5.5.1182~1-e02e3]:LengthsMatch():nnet-example-utils.cc:585) Supervision does not have expected length for utterance 024500141: expected length = (335 + 3 - 1) / 3 = 112, got: 38 (note: --frame-subsampling-factor=3)
WARNING (nnet3-chain-get-egs[5.5.1182~1-e02e3]:LengthsMatch():nnet-example-utils.cc:585) Supervision does not have expected length for utterance 024500147: expected length = (317 + 3 - 1) / 3 = 106, got: 36 (note: --frame-subsampling-factor=3)
WARNING (nnet3-chain-get-egs[5.5.1182~1-e02e3]:LengthsMatch():nnet-example-utils.cc:585) Supervision does not have expected length for utterance 024500151: expected length = (297 + 3 - 1) / 3 = 99, got: 33 (note: --frame-subsampling-factor=3)
WARNING (nnet3-chain-get-egs[5.5.1182~1-e02e3]:LengthsMatch():nnet-example-utils.cc:585) Supervision does not have expected length for utterance 024500156: expected length = (308 + 3 - 1) / 3 = 103, got: 35 (note: --frame-subsampling-factor=3)
WARNING (nnet3-chain-get-egs[5.5.1182~1-e02e3]:LengthsMatch():nnet-example-utils.cc:585) Supervision does not have expected length for utterance 024500228: expected length = (359 + 3 - 1) / 3 = 120, got: 40 (note: --frame-subsampling-factor=3)
WARNING (nnet3-chain-get-egs[5.5.1182~1-e02e3]:LengthsMatch():nnet-example-utils.cc:585) Supervision does not have expected length for utterance 024500268: expected length = (446 + 3 - 1) / 3 = 149, got: 50 (note: --frame-subsampling-factor=3)
WARNING (nnet3-chain-get-egs[5.5.1182~1-e02e3]:LengthsMatch():nnet-example-utils.cc:585) Supervision does not have expected length for utterance 024500284: expected length = (418 + 3 - 1) / 3 = 140, got: 47 (note: --frame-subsampling-factor=3)
WARNING (nnet3-chain-get-egs[5.5.1182~1-e02e3]:LengthsMatch():nnet-example-utils.cc:585) Supervision does not have expected length for utterance 024500317: expected length = (343 + 3 - 1) / 3 = 115, got: 39 (note: --frame-subsampling-factor=3)
WARNING (nnet3-chain-get-egs[5.5.1182~1-e02e3]:LengthsMatch():nnet-example-utils.cc:585) Supervision does not have expected length for utterance 024500327: expected length = (281 + 3 - 1) / 3 = 94, got: 32 (note: --frame-subsampling-factor=3)
WARNING (nnet3-chain-get-egs[5.5.1182~1-e02e3]:LengthsMatch():nnet-example-utils.cc:585) Supervision does not have expected length for utterance 024500333: expected length = (273 + 3 - 1) / 3 = 91, got: 31 (note: --frame-subsampling-factor=3)
WARNING (nnet3-chain-get-egs[5.5.1182~1-e02e3]:LengthsMatch():nnet-example-utils.cc:585) Supervision does not have expected length for utterance 024500350: expected length = (327 + 3 - 1) / 3 = 109, got: 37 (note: --frame-subsampling-factor=3)
WARNING (nnet3-chain-get-egs[5.5.1182~1-e02e3]:LengthsMatch():nnet-example-utils.cc:585) Supervision does not have expected length for utterance 026210005: expected length = (318 + 3 - 1) / 3 = 106, got: 36 (note: --frame-subsampling-factor=3)
WARNING (nnet3-chain-get-egs[5.5.1182~1-e02e3]:LengthsMatch():nnet-example-utils.cc:585) Supervision does not have expected length for utterance 026210047: expected length = (386 + 3 - 1) / 3 = 129, got: 43 (note: --frame-subsampling-factor=3)
WARNING (nnet3-chain-get-egs[5.5.1182~1-e02e3]:LengthsMatch():nnet-example-utils.cc:585) Supervision does not have expected length for utterance 026210123: expected length = (341 + 3 - 1) / 3 = 114, got: 38 (note: --frame-subsampling-factor=3)
WARNING (nnet3-chain-get-egs[5.5.1182~1-e02e3]:LengthsMatch():nnet-example-utils.cc:585) Supervision does not have expected length for utterance 026210132: expected length = (334 + 3 - 1) / 3 = 112, got: 38 (note: --frame-subsampling-factor=3)
WARNING (nnet3-chain-get-egs[5.5.1182~1-e02e3]:LengthsMatch():nnet-example-utils.cc:585) Supervision does not have expected length for utterance 026210141: expected length = (309 + 3 - 1) / 3 = 103, got: 35 (note: --frame-subsampling-factor=3)
WARNING (nnet3-chain-get-egs[5.5.1182~1-e02e3]:LengthsMatch():nnet-example-utils.cc:585) Supervision does not have expected length for utterance 026210157: expected length = (381 + 3 - 1) / 3 = 127, got: 43 (note: --frame-subsampling-factor=3)
WARNING (nnet3-chain-get-egs[5.5.1182~1-e02e3]:LengthsMatch():nnet-example-utils.cc:585) Supervision does not have expected length for utterance 026210177: expected length = (347 + 3 - 1) / 3 = 116, got: 39 (note: --frame-subsampling-factor=3)
WARNING (nnet3-chain-get-egs[5.5.1182~1-e02e3]:LengthsMatch():nnet-example-utils.cc:585) Supervision does not have expected length for utterance 026210203: expected length = (306 + 3 - 1) / 3 = 102, got: 34 (note: --frame-subsampling-factor=3)
WARNING (nnet3-chain-get-egs[5.5.1182~1-e02e3]:LengthsMatch():nnet-example-utils.cc:585) Supervision does not have expected length for utterance 026210213: expected length = (268 + 3 - 1) / 3 = 90, got: 30 (note: --frame-subsampling-factor=3)
WARNING (nnet3-chain-get-egs[5.5.1182~1-e02e3]:LengthsMatch():nnet-example-utils.cc:585) Supervision does not have expected length for utterance 026210220: expected length = (353 + 3 - 1) / 3 = 118, got: 40 (note: --frame-subsampling-factor=3)
WARNING (nnet3-chain-get-egs[5.5.1182~1-e02e3]:LengthsMatch():nnet-example-utils.cc:585) Supervision does not have expected length for utterance 026210231: expected length = (276 + 3 - 1) / 3 = 92, got: 31 (note: --frame-subsampling-factor=3)
WARNING (nnet3-chain-get-egs[5.5.1182~1-e02e3]:LengthsMatch():nnet-example-utils.cc:585) Supervision does not have expected length for utterance 026210262: expected length = (297 + 3 - 1) / 3 = 99, got: 33 (note: --frame-subsampling-factor=3)
WARNING (nnet3-chain-get-egs[5.5.1182~1-e02e3]:LengthsMatch():nnet-example-utils.cc:585) Supervision does not have expected length for utterance 026210287: expected length = (327 + 3 - 1) / 3 = 109, got: 37 (note: --frame-subsampling-factor=3)
WARNING (nnet3-chain-get-egs[5.5.1182~1-e02e3]:LengthsMatch():nnet-example-utils.cc:585) Supervision does not have expected length for utterance 026210299: expected length = (307 + 3 - 1) / 3 = 103, got: 35 (note: --frame-subsampling-factor=3)
WARNING (nnet3-chain-get-egs[5.5.1182~1-e02e3]:LengthsMatch():nnet-example-utils.cc:585) Supervision does not have expected length for utterance 026210302: expected length = (230 + 3 - 1) / 3 = 77, got: 26 (note: --frame-subsampling-factor=3)
WARNING (nnet3-chain-get-egs[5.5.1182~1-e02e3]:LengthsMatch():nnet-example-utils.cc:585) Supervision does not have expected length for utterance 027990028: expected length = (417 + 3 - 1) / 3 = 139, got: 47 (note: --frame-subsampling-factor=3)
WARNING (nnet3-chain-get-egs[5.5.1182~1-e02e3]:LengthsMatch():nnet-example-utils.cc:585) Supervision does not have expected length for utterance 027990046: expected length = (252 + 3 - 1) / 3 = 84, got: 28 (note: --frame-subsampling-factor=3)
WARNING (nnet3-chain-get-egs[5.5.1182~1-e02e3]:LengthsMatch():nnet-example-utils.cc:585) Supervision does not have expected length for utterance 027990056: expected length = (359 + 3 - 1) / 3 = 120, got: 40 (note: --frame-subsampling-factor=3)
WARNING (chain-get-supervision[5.5.1182~1-e02e3]:ProtoSupervisionToSupervision():chain-supervision.cc:393) Supervision FST is empty (too many phones for too few frames?)
WARNING (chain-get-supervision[5.5.1182~1-e02e3]:ProcessSupervision():chain-get-supervision.cc:43) Failed creating supervision for utterance 027990156
WARNING (nnet3-chain-get-egs[5.5.1182~1-e02e3]:LengthsMatch():nnet-example-utils.cc:585) Supervision does not have expected length for utterance 027990066: expected length = (305 + 3 - 1) / 3 = 102, got: 34 (note: --frame-subsampling-factor=3)
WARNING (nnet3-chain-get-egs[5.5.1182~1-e02e3]:main():nnet3-chain-get-egs.cc:393) No pdf-level posterior for key 027990156
WARNING (nnet3-chain-get-egs[5.5.1182~1-e02e3]:LengthsMatch():nnet-example-utils.cc:585) Supervision does not have expected length for utterance 027990160: expected length = (287 + 3 - 1) / 3 = 96, got: 32 (note: --frame-subsampling-factor=3)
WARNING (nnet3-chain-get-egs[5.5.1182~1-e02e3]:LengthsMatch():nnet-example-utils.cc:585) Supervision does not have expected length for utterance 027990167: expected length = (330 + 3 - 1) / 3 = 110, got: 37 (note: --frame-subsampling-factor=3)
WARNING (nnet3-chain-get-egs[5.5.1182~1-e02e3]:LengthsMatch():nnet-example-utils.cc:585) Supervision does not have expected length for utterance 027990232: expected length = (289 + 3 - 1) / 3 = 97, got: 33 (note: --frame-subsampling-factor=3)
WARNING (nnet3-chain-get-egs[5.5.1182~1-e02e3]:LengthsMatch():nnet-example-utils.cc:585) Supervision does not have expected length for utterance 027990247: expected length = (345 + 3 - 1) / 3 = 115, got: 39 (note: --frame-subsampling-factor=3)
WARNING (nnet3-chain-get-egs[5.5.1182~1-e02e3]:LengthsMatch():nnet-example-utils.cc:585) Supervision does not have expected length for utterance 027990264: expected length = (321 + 3 - 1) / 3 = 107, got: 36 (note: --frame-subsampling-factor=3)
WARNING (nnet3-chain-get-egs[5.5.1182~1-e02e3]:LengthsMatch():nnet-example-utils.cc:585) Supervision does not have expected length for utterance 027990309: expected length = (235 + 3 - 1) / 3 = 79, got: 27 (note: --frame-subsampling-factor=3)
WARNING (nnet3-chain-get-egs[5.5.1182~1-e02e3]:LengthsMatch():nnet-example-utils.cc:585) Supervision does not have expected length for utterance 027990328: expected length = (336 + 3 - 1) / 3 = 112, got: 38 (note: --frame-subsampling-factor=3)
WARNING (nnet3-chain-get-egs[5.5.1182~1-e02e3]:LengthsMatch():nnet-example-utils.cc:585) Supervision does not have expected length for utterance 027990330: expected length = (323 + 3 - 1) / 3 = 108, got: 36 (note: --frame-subsampling-factor=3)
WARNING (nnet3-chain-get-egs[5.5.1182~1-e02e3]:LengthsMatch():nnet-example-utils.cc:585) Supervision does not have expected length for utterance 027990341: expected length = (312 + 3 - 1) / 3 = 104, got: 35 (note: --frame-subsampling-factor=3)
WARNING (nnet3-chain-get-egs[5.5.1182~1-e02e3]:LengthsMatch():nnet-example-utils.cc:585) Supervision does not have expected length for utterance 027990358: expected length = (336 + 3 - 1) / 3 = 112, got: 38 (note: --frame-subsampling-factor=3)
WARNING (nnet3-chain-get-egs[5.5.1182~1-e02e3]:LengthsMatch():nnet-example-utils.cc:585) Supervision does not have expected length for utterance 029810020: expected length = (268 + 3 - 1) / 3 = 90, got: 30 (note: --frame-subsampling-factor=3)
WARNING (nnet3-chain-get-egs[5.5.1182~1-e02e3]:LengthsMatch():nnet-example-utils.cc:585) Supervision does not have expected length for utterance 029810027: expected length = (410 + 3 - 1) / 3 = 137, got: 46 (note: --frame-subsampling-factor=3)
WARNING (nnet3-chain-get-egs[5.5.1182~1-e02e3]:LengthsMatch():nnet-example-utils.cc:585) Supervision does not have expected length for utterance 029810139: expected length = (289 + 3 - 1) / 3 = 97, got: 33 (note: --frame-subsampling-factor=3)
WARNING (nnet3-chain-get-egs[5.5.1182~1-e02e3]:LengthsMatch():nnet-example-utils.cc:585) Supervision does not have expected length for utterance 029810147: expected length = (232 + 3 - 1) / 3 = 78, got: 26 (note: --frame-subsampling-factor=3)
WARNING (nnet3-chain-get-egs[5.5.1182~1-e02e3]:LengthsMatch():nnet-example-utils.cc:585) Supervision does not have expected length for utterance 029810158: expected length = (245 + 3 - 1) / 3 = 82, got: 28 (note: --frame-subsampling-factor=3)
WARNING (nnet3-chain-get-egs[5.5.1182~1-e02e3]:LengthsMatch():nnet-example-utils.cc:585) Supervision does not have expected length for utterance 029810204: expected length = (270 + 3 - 1) / 3 = 90, got: 30 (note: --frame-subsampling-factor=3)
WARNING (nnet3-chain-get-egs[5.5.1182~1-e02e3]:LengthsMatch():nnet-example-utils.cc:585) Supervision does not have expected length for utterance 029810216: expected length = (228 + 3 - 1) / 3 = 76, got: 26 (note: --frame-subsampling-factor=3)
WARNING (nnet3-chain-get-egs[5.5.1182~1-e02e3]:LengthsMatch():nnet-example-utils.cc:585) Supervision does not have expected length for utterance 029810221: expected length = (301 + 3 - 1) / 3 = 101, got: 34 (note: --frame-subsampling-factor=3)
WARNING (chain-get-supervision[5.5.1182~1-e02e3]:ProtoSupervisionToSupervision():chain-supervision.cc:393) Supervision FST is empty (too many phones for too few frames?)
WARNING (chain-get-supervision[5.5.1182~1-e02e3]:ProcessSupervision():chain-get-supervision.cc:43) Failed creating supervision for utterance 029810234
WARNING (nnet3-chain-get-egs[5.5.1182~1-e02e3]:main():nnet3-chain-get-egs.cc:393) No pdf-level posterior for key 029810234
WARNING (nnet3-chain-get-egs[5.5.1182~1-e02e3]:LengthsMatch():nnet-example-utils.cc:585) Supervision does not have expected length for utterance 029810235: expected length = (443 + 3 - 1) / 3 = 148, got: 50 (note: --frame-subsampling-factor=3)
WARNING (nnet3-chain-get-egs[5.5.1182~1-e02e3]:LengthsMatch():nnet-example-utils.cc:585) Supervision does not have expected length for utterance 029810243: expected length = (331 + 3 - 1) / 3 = 111, got: 37 (note: --frame-subsampling-factor=3)
WARNING (nnet3-chain-get-egs[5.5.1182~1-e02e3]:LengthsMatch():nnet-example-utils.cc:585) Supervision does not have expected length for utterance 029810283: expected length = (241 + 3 - 1) / 3 = 81, got: 27 (note: --frame-subsampling-factor=3)
WARNING (nnet3-chain-get-egs[5.5.1182~1-e02e3]:LengthsMatch():nnet-example-utils.cc:585) Supervision does not have expected length for utterance 029810294: expected length = (394 + 3 - 1) / 3 = 132, got: 44 (note: --frame-subsampling-factor=3)
WARNING (nnet3-chain-get-egs[5.5.1182~1-e02e3]:LengthsMatch():nnet-example-utils.cc:585) Supervision does not have expected length for utterance 029810301: expected length = (254 + 3 - 1) / 3 = 85, got: 29 (note: --frame-subsampling-factor=3)
WARNING (nnet3-chain-get-egs[5.5.1182~1-e02e3]:LengthsMatch():nnet-example-utils.cc:585) Supervision does not have expected length for utterance 029810315: expected length = (288 + 3 - 1) / 3 = 96, got: 32 (note: --frame-subsampling-factor=3)
WARNING (nnet3-chain-get-egs[5.5.1182~1-e02e3]:LengthsMatch():nnet-example-utils.cc:585) Supervision does not have expected length for utterance 029810349: expected length = (382 + 3 - 1) / 3 = 128, got: 43 (note: --frame-subsampling-factor=3)
WARNING (nnet3-chain-get-egs[5.5.1182~1-e02e3]:LengthsMatch():nnet-example-utils.cc:585) Supervision does not have expected length for utterance 030020008: expected length = (265 + 3 - 1) / 3 = 89, got: 30 (note: --frame-subsampling-factor=3)
WARNING (nnet3-chain-get-egs[5.5.1182~1-e02e3]:LengthsMatch():nnet-example-utils.cc:585) Supervision does not have expected length for utterance 030020012: expected length = (392 + 3 - 1) / 3 = 131, got: 44 (note: --frame-subsampling-factor=3)
WARNING (nnet3-chain-get-egs[5.5.1182~1-e02e3]:LengthsMatch():nnet-example-utils.cc:585) Supervision does not have expected length for utterance 030020022: expected length = (242 + 3 - 1) / 3 = 81, got: 27 (note: --frame-subsampling-factor=3)
WARNING (nnet3-chain-get-egs[5.5.1182~1-e02e3]:LengthsMatch():nnet-example-utils.cc:585) Supervision does not have expected length for utterance 030020047: expected length = (254 + 3 - 1) / 3 = 85, got: 29 (note: --frame-subsampling-factor=3)
WARNING (nnet3-chain-get-egs[5.5.1182~1-e02e3]:LengthsMatch():nnet-example-utils.cc:585) Supervision does not have expected length for utterance 030020065: expected length = (261 + 3 - 1) / 3 = 87, got: 29 (note: --frame-subsampling-factor=3)
WARNING (nnet3-chain-get-egs[5.5.1182~1-e02e3]:LengthsMatch():nnet-example-utils.cc:585) Supervision does not have expected length for utterance 030020077: expected length = (264 + 3 - 1) / 3 = 88, got: 30 (note: --frame-subsampling-factor=3)
WARNING (nnet3-chain-get-egs[5.5.1182~1-e02e3]:LengthsMatch():nnet-example-utils.cc:585) Supervision does not have expected length for utterance 030020092: expected length = (317 + 3 - 1) / 3 = 106, got: 36 (note: --frame-subsampling-factor=3)
WARNING (nnet3-chain-get-egs[5.5.1182~1-e02e3]:LengthsMatch():nnet-example-utils.cc:585) Supervision does not have expected length for utterance 030020100: expected length = (433 + 3 - 1) / 3 = 145, got: 49 (note: --frame-subsampling-factor=3)
WARNING (nnet3-chain-get-egs[5.5.1182~1-e02e3]:LengthsMatch():nnet-example-utils.cc:585) Supervision does not have expected length for utterance 030020112: expected length = (192 + 3 - 1) / 3 = 64, got: 22 (note: --frame-subsampling-factor=3)
WARNING (nnet3-chain-get-egs[5.5.1182~1-e02e3]:LengthsMatch():nnet-example-utils.cc:585) Supervision does not have expected length for utterance 030020117: expected length = (263 + 3 - 1) / 3 = 88, got: 30 (note: --frame-subsampling-factor=3)
WARNING (nnet3-chain-get-egs[5.5.1182~1-e02e3]:LengthsMatch():nnet-example-utils.cc:585) Supervision does not have expected length for utterance 030020126: expected length = (427 + 3 - 1) / 3 = 143, got: 48 (note: --frame-subsampling-factor=3)
WARNING (nnet3-chain-get-egs[5.5.1182~1-e02e3]:LengthsMatch():nnet-example-utils.cc:585) Supervision does not have expected length for utterance 030020136: expected length = (284 + 3 - 1) / 3 = 95, got: 32 (note: --frame-subsampling-factor=3)
WARNING (nnet3-chain-get-egs[5.5.1182~1-e02e3]:LengthsMatch():nnet-example-utils.cc:585) Supervision does not have expected length for utterance 030020138: expected length = (215 + 3 - 1) / 3 = 72, got: 24 (note: --frame-subsampling-factor=3)
WARNING (nnet3-chain-get-egs[5.5.1182~1-e02e3]:LengthsMatch():nnet-example-utils.cc:585) Supervision does not have expected length for utterance 030020144: expected length = (298 + 3 - 1) / 3 = 100, got: 34 (note: --frame-subsampling-factor=3)
WARNING (nnet3-chain-get-egs[5.5.1182~1-e02e3]:LengthsMatch():nnet-example-utils.cc:585) Supervision does not have expected length for utterance 030020161: expected length = (309 + 3 - 1) / 3 = 103, got: 35 (note: --frame-subsampling-factor=3)
WARNING (nnet3-chain-get-egs[5.5.1182~1-e02e3]:LengthsMatch():nnet-example-utils.cc:585) Supervision does not have expected length for utterance 030200005: expected length = (476 + 3 - 1) / 3 = 159, got: 53 (note: --frame-subsampling-factor=3)
WARNING (nnet3-chain-get-egs[5.5.1182~1-e02e3]:LengthsMatch():nnet-example-utils.cc:585) Supervision does not have expected length for utterance 030200016: expected length = (205 + 3 - 1) / 3 = 69, got: 23 (note: --frame-subsampling-factor=3)
WARNING (nnet3-chain-get-egs[5.5.1182~1-e02e3]:LengthsMatch():nnet-example-utils.cc:585) Supervision does not have expected length for utterance 030200018: expected length = (229 + 3 - 1) / 3 = 77, got: 26 (note: --frame-subsampling-factor=3)
WARNING (nnet3-chain-get-egs[5.5.1182~1-e02e3]:LengthsMatch():nnet-example-utils.cc:585) Supervision does not have expected length for utterance 030200019: expected length = (269 + 3 - 1) / 3 = 90, got: 30 (note: --frame-subsampling-factor=3)
WARNING (nnet3-chain-get-egs[5.5.1182~1-e02e3]:LengthsMatch():nnet-example-utils.cc:585) Supervision does not have expected length for utterance 030200021: expected length = (498 + 3 - 1) / 3 = 166, got: 56 (note: --frame-subsampling-factor=3)
WARNING (nnet3-chain-get-egs[5.5.1182~1-e02e3]:LengthsMatch():nnet-example-utils.cc:585) Supervision does not have expected length for utterance 030200037: expected length = (360 + 3 - 1) / 3 = 120, got: 40 (note: --frame-subsampling-factor=3)
WARNING (nnet3-chain-get-egs[5.5.1182~1-e02e3]:LengthsMatch():nnet-example-utils.cc:585) Supervision does not have expected length for utterance 030200041: expected length = (199 + 3 - 1) / 3 = 67, got: 23 (note: --frame-subsampling-factor=3)
WARNING (nnet3-chain-get-egs[5.5.1182~1-e02e3]:LengthsMatch():nnet-example-utils.cc:585) Supervision does not have expected length for utterance 030200049: expected length = (249 + 3 - 1) / 3 = 83, got: 28 (note: --frame-subsampling-factor=3)
WARNING (nnet3-chain-get-egs[5.5.1182~1-e02e3]:LengthsMatch():nnet-example-utils.cc:585) Supervision does not have expected length for utterance 030200057: expected length = (248 + 3 - 1) / 3 = 83, got: 28 (note: --frame-subsampling-factor=3)
WARNING (nnet3-chain-get-egs[5.5.1182~1-e02e3]:LengthsMatch():nnet-example-utils.cc:585) Supervision does not have expected length for utterance 030200076: expected length = (235 + 3 - 1) / 3 = 79, got: 27 (note: --frame-subsampling-factor=3)
WARNING (nnet3-chain-get-egs[5.5.1182~1-e02e3]:LengthsMatch():nnet-example-utils.cc:585) Supervision does not have expected length for utterance 030200078: expected length = (468 + 3 - 1) / 3 = 156, got: 52 (note: --frame-subsampling-factor=3)
WARNING (nnet3-chain-get-egs[5.5.1182~1-e02e3]:LengthsMatch():nnet-example-utils.cc:585) Supervision does not have expected length for utterance 030200101: expected length = (414 + 3 - 1) / 3 = 138, got: 46 (note: --frame-subsampling-factor=3)
WARNING (nnet3-chain-get-egs[5.5.1182~1-e02e3]:LengthsMatch():nnet-example-utils.cc:585) Supervision does not have expected length for utterance 030200105: expected length = (262 + 3 - 1) / 3 = 88, got: 30 (note: --frame-subsampling-factor=3)
WARNING (nnet3-chain-get-egs[5.5.1182~1-e02e3]:LengthsMatch():nnet-example-utils.cc:585) Supervision does not have expected length for utterance 030200108: expected length = (314 + 3 - 1) / 3 = 105, got: 35 (note: --frame-subsampling-factor=3)
WARNING (nnet3-chain-get-egs[5.5.1182~1-e02e3]:LengthsMatch():nnet-example-utils.cc:585) Supervision does not have expected length for utterance 030200137: expected length = (332 + 3 - 1) / 3 = 111, got: 37 (note: --frame-subsampling-factor=3)
WARNING (nnet3-chain-get-egs[5.5.1182~1-e02e3]:LengthsMatch():nnet-example-utils.cc:585) Supervision does not have expected length for utterance 030200151: expected length = (240 + 3 - 1) / 3 = 80, got: 27 (note: --frame-subsampling-factor=3)
WARNING (nnet3-chain-get-egs[5.5.1182~1-e02e3]:LengthsMatch():nnet-example-utils.cc:585) Supervision does not have expected length for utterance 030200153: expected length = (439 + 3 - 1) / 3 = 147, got: 49 (note: --frame-subsampling-factor=3)
WARNING (nnet3-chain-get-egs[5.5.1182~1-e02e3]:LengthsMatch():nnet-example-utils.cc:585) Supervision does not have expected length for utterance 030200164: expected length = (372 + 3 - 1) / 3 = 124, got: 42 (note: --frame-subsampling-factor=3)
WARNING (nnet3-chain-get-egs[5.5.1182~1-e02e3]:LengthsMatch():nnet-example-utils.cc:585) Supervision does not have expected length for utterance 030210005: expected length = (271 + 3 - 1) / 3 = 91, got: 31 (note: --frame-subsampling-factor=3)
WARNING (nnet3-chain-get-egs[5.5.1182~1-e02e3]:LengthsMatch():nnet-example-utils.cc:585) Supervision does not have expected length for utterance 030210041: expected length = (309 + 3 - 1) / 3 = 103, got: 35 (note: --frame-subsampling-factor=3)
WARNING (nnet3-chain-get-egs[5.5.1182~1-e02e3]:LengthsMatch():nnet-example-utils.cc:585) Supervision does not have expected length for utterance 030210042: expected length = (506 + 3 - 1) / 3 = 169, got: 57 (note: --frame-subsampling-factor=3)
WARNING (nnet3-chain-get-egs[5.5.1182~1-e02e3]:LengthsMatch():nnet-example-utils.cc:585) Supervision does not have expected length for utterance 030210044: expected length = (276 + 3 - 1) / 3 = 92, got: 31 (note: --frame-subsampling-factor=3)
WARNING (nnet3-chain-get-egs[5.5.1182~1-e02e3]:LengthsMatch():nnet-example-utils.cc:585) Supervision does not have expected length for utterance 030210045: expected length = (239 + 3 - 1) / 3 = 80, got: 27 (note: --frame-subsampling-factor=3)
WARNING (nnet3-chain-get-egs[5.5.1182~1-e02e3]:LengthsMatch():nnet-example-utils.cc:585) Supervision does not have expected length for utterance 030210047: expected length = (358 + 3 - 1) / 3 = 120, got: 40 (note: --frame-subsampling-factor=3)
WARNING (nnet3-chain-get-egs[5.5.1182~1-e02e3]:LengthsMatch():nnet-example-utils.cc:585) Supervision does not have expected length for utterance 030210050: expected length = (232 + 3 - 1) / 3 = 78, got: 26 (note: --frame-subsampling-factor=3)
WARNING (nnet3-chain-get-egs[5.5.1182~1-e02e3]:LengthsMatch():nnet-example-utils.cc:585) Supervision does not have expected length for utterance 030210074: expected length = (311 + 3 - 1) / 3 = 104, got: 35 (note: --frame-subsampling-factor=3)
WARNING (nnet3-chain-get-egs[5.5.1182~1-e02e3]:LengthsMatch():nnet-example-utils.cc:585) Supervision does not have expected length for utterance 030210079: expected length = (350 + 3 - 1) / 3 = 117, got: 39 (note: --frame-subsampling-factor=3)
WARNING (nnet3-chain-get-egs[5.5.1182~1-e02e3]:LengthsMatch():nnet-example-utils.cc:585) Supervision does not have expected length for utterance 030210082: expected length = (265 + 3 - 1) / 3 = 89, got: 30 (note: --frame-subsampling-factor=3)
WARNING (nnet3-chain-get-egs[5.5.1182~1-e02e3]:LengthsMatch():nnet-example-utils.cc:585) Supervision does not have expected length for utterance 030210118: expected length = (329 + 3 - 1) / 3 = 110, got: 37 (note: --frame-subsampling-factor=3)
WARNING (nnet3-chain-get-egs[5.5.1182~1-e02e3]:LengthsMatch():nnet-example-utils.cc:585) Supervision does not have expected length for utterance 030210123: expected length = (238 + 3 - 1) / 3 = 80, got: 27 (note: --frame-subsampling-factor=3)
WARNING (nnet3-chain-get-egs[5.5.1182~1-e02e3]:LengthsMatch():nnet-example-utils.cc:585) Supervision does not have expected length for utterance 030210137: expected length = (292 + 3 - 1) / 3 = 98, got: 33 (note: --frame-subsampling-factor=3)
WARNING (nnet3-chain-get-egs[5.5.1182~1-e02e3]:LengthsMatch():nnet-example-utils.cc:585) Supervision does not have expected length for utterance 030210143: expected length = (351 + 3 - 1) / 3 = 117, got: 39 (note: --frame-subsampling-factor=3)
WARNING (nnet3-chain-get-egs[5.5.1182~1-e02e3]:LengthsMatch():nnet-example-utils.cc:585) Supervision does not have expected length for utterance 030210164: expected length = (372 + 3 - 1) / 3 = 124, got: 42 (note: --frame-subsampling-factor=3)
WARNING (nnet3-chain-get-egs[5.5.1182~1-e02e3]:LengthsMatch():nnet-example-utils.cc:585) Supervision does not have expected length for utterance 030210165: expected length = (347 + 3 - 1) / 3 = 116, got: 39 (note: --frame-subsampling-factor=3)
WARNING (nnet3-chain-get-egs[5.5.1182~1-e02e3]:LengthsMatch():nnet-example-utils.cc:585) Supervision does not have expected length for utterance 030210175: expected length = (291 + 3 - 1) / 3 = 97, got: 33 (note: --frame-subsampling-factor=3)
WARNING (nnet3-chain-get-egs[5.5.1182~1-e02e3]:LengthsMatch():nnet-example-utils.cc:585) Supervision does not have expected length for utterance 030230018: expected length = (272 + 3 - 1) / 3 = 91, got: 31 (note: --frame-subsampling-factor=3)
WARNING (nnet3-chain-get-egs[5.5.1182~1-e02e3]:LengthsMatch():nnet-example-utils.cc:585) Supervision does not have expected length for utterance 030230056: expected length = (290 + 3 - 1) / 3 = 97, got: 33 (note: --frame-subsampling-factor=3)
WARNING (nnet3-chain-get-egs[5.5.1182~1-e02e3]:LengthsMatch():nnet-example-utils.cc:585) Supervision does not have expected length for utterance 030230092: expected length = (421 + 3 - 1) / 3 = 141, got: 47 (note: --frame-subsampling-factor=3)
WARNING (nnet3-chain-get-egs[5.5.1182~1-e02e3]:LengthsMatch():nnet-example-utils.cc:585) Supervision does not have expected length for utterance 030230119: expected length = (366 + 3 - 1) / 3 = 122, got: 41 (note: --frame-subsampling-factor=3)
WARNING (nnet3-chain-get-egs[5.5.1182~1-e02e3]:LengthsMatch():nnet-example-utils.cc:585) Supervision does not have expected length for utterance 030230170: expected length = (357 + 3 - 1) / 3 = 119, got: 40 (note: --frame-subsampling-factor=3)
WARNING (nnet3-chain-get-egs[5.5.1182~1-e02e3]:LengthsMatch():nnet-example-utils.cc:585) Supervision does not have expected length for utterance 030230194: expected length = (347 + 3 - 1) / 3 = 116, got: 39 (note: --frame-subsampling-factor=3)
WARNING (nnet3-chain-get-egs[5.5.1182~1-e02e3]:LengthsMatch():nnet-example-utils.cc:585) Supervision does not have expected length for utterance 030230209: expected length = (293 + 3 - 1) / 3 = 98, got: 33 (note: --frame-subsampling-factor=3)
WARNING (nnet3-chain-get-egs[5.5.1182~1-e02e3]:LengthsMatch():nnet-example-utils.cc:585) Supervision does not have expected length for utterance 030230253: expected length = (277 + 3 - 1) / 3 = 93, got: 31 (note: --frame-subsampling-factor=3)
WARNING (nnet3-chain-get-egs[5.5.1182~1-e02e3]:LengthsMatch():nnet-example-utils.cc:585) Supervision does not have expected length for utterance 030230260: expected length = (349 + 3 - 1) / 3 = 117, got: 39 (note: --frame-subsampling-factor=3)
WARNING (nnet3-chain-get-egs[5.5.1182~1-e02e3]:LengthsMatch():nnet-example-utils.cc:585) Supervision does not have expected length for utterance 030230276: expected length = (283 + 3 - 1) / 3 = 95, got: 32 (note: --frame-subsampling-factor=3)
WARNING (nnet3-chain-get-egs[5.5.1182~1-e02e3]:LengthsMatch():nnet-example-utils.cc:585) Supervision does not have expected length for utterance 030230280: expected length = (342 + 3 - 1) / 3 = 114, got: 38 (note: --frame-subsampling-factor=3)
WARNING (nnet3-chain-get-egs[5.5.1182~1-e02e3]:LengthsMatch():nnet-example-utils.cc:585) Supervision does not have expected length for utterance 030230311: expected length = (286 + 3 - 1) / 3 = 96, got: 32 (note: --frame-subsampling-factor=3)
WARNING (nnet3-chain-get-egs[5.5.1182~1-e02e3]:LengthsMatch():nnet-example-utils.cc:585) Supervision does not have expected length for utterance 030230330: expected length = (358 + 3 - 1) / 3 = 120, got: 40 (note: --frame-subsampling-factor=3)
WARNING (nnet3-chain-get-egs[5.5.1182~1-e02e3]:LengthsMatch():nnet-example-utils.cc:585) Supervision does not have expected length for utterance 030230336: expected length = (291 + 3 - 1) / 3 = 97, got: 33 (note: --frame-subsampling-factor=3)
WARNING (nnet3-chain-get-egs[5.5.1182~1-e02e3]:LengthsMatch():nnet-example-utils.cc:585) Supervision does not have expected length for utterance 030230374: expected length = (296 + 3 - 1) / 3 = 99, got: 33 (note: --frame-subsampling-factor=3)
WARNING (nnet3-chain-get-egs[5.5.1182~1-e02e3]:LengthsMatch():nnet-example-utils.cc:585) Supervision does not have expected length for utterance 030460032: expected length = (248 + 3 - 1) / 3 = 83, got: 28 (note: --frame-subsampling-factor=3)
WARNING (nnet3-chain-get-egs[5.5.1182~1-e02e3]:LengthsMatch():nnet-example-utils.cc:585) Supervision does not have expected length for utterance 030460038: expected length = (417 + 3 - 1) / 3 = 139, got: 47 (note: --frame-subsampling-factor=3)
WARNING (nnet3-chain-get-egs[5.5.1182~1-e02e3]:LengthsMatch():nnet-example-utils.cc:585) Supervision does not have expected length for utterance 030460048: expected length = (325 + 3 - 1) / 3 = 109, got: 37 (note: --frame-subsampling-factor=3)
WARNING (nnet3-chain-get-egs[5.5.1182~1-e02e3]:LengthsMatch():nnet-example-utils.cc:585) Supervision does not have expected length for utterance 030460051: expected length = (244 + 3 - 1) / 3 = 82, got: 28 (note: --frame-subsampling-factor=3)
WARNING (nnet3-chain-get-egs[5.5.1182~1-e02e3]:LengthsMatch():nnet-example-utils.cc:585) Supervision does not have expected length for utterance 030460052: expected length = (369 + 3 - 1) / 3 = 123, got: 41 (note: --frame-subsampling-factor=3)
WARNING (nnet3-chain-get-egs[5.5.1182~1-e02e3]:LengthsMatch():nnet-example-utils.cc:585) Supervision does not have expected length for utterance 030460071: expected length = (296 + 3 - 1) / 3 = 99, got: 33 (note: --frame-subsampling-factor=3)
WARNING (nnet3-chain-get-egs[5.5.1182~1-e02e3]:LengthsMatch():nnet-example-utils.cc:585) Supervision does not have expected length for utterance 030460085: expected length = (229 + 3 - 1) / 3 = 77, got: 26 (note: --frame-subsampling-factor=3)
WARNING (nnet3-chain-get-egs[5.5.1182~1-e02e3]:LengthsMatch():nnet-example-utils.cc:585) Supervision does not have expected length for utterance 030460097: expected length = (549 + 3 - 1) / 3 = 183, got: 61 (note: --frame-subsampling-factor=3)
WARNING (nnet3-chain-get-egs[5.5.1182~1-e02e3]:LengthsMatch():nnet-example-utils.cc:585) Supervision does not have expected length for utterance 030460106: expected length = (259 + 3 - 1) / 3 = 87, got: 29 (note: --frame-subsampling-factor=3)
WARNING (nnet3-chain-get-egs[5.5.1182~1-e02e3]:LengthsMatch():nnet-example-utils.cc:585) Supervision does not have expected length for utterance 030460133: expected length = (367 + 3 - 1) / 3 = 123, got: 41 (note: --frame-subsampling-factor=3)
WARNING (nnet3-chain-get-egs[5.5.1182~1-e02e3]:LengthsMatch():nnet-example-utils.cc:585) Supervision does not have expected length for utterance 030460142: expected length = (418 + 3 - 1) / 3 = 140, got: 47 (note: --frame-subsampling-factor=3)
WARNING (nnet3-chain-get-egs[5.5.1182~1-e02e3]:LengthsMatch():nnet-example-utils.cc:585) Supervision does not have expected length for utterance 030460146: expected length = (317 + 3 - 1) / 3 = 106, got: 36 (note: --frame-subsampling-factor=3)
WARNING (nnet3-chain-get-egs[5.5.1182~1-e02e3]:LengthsMatch():nnet-example-utils.cc:585) Supervision does not have expected length for utterance 030460147: expected length = (474 + 3 - 1) / 3 = 158, got: 53 (note: --frame-subsampling-factor=3)
WARNING (nnet3-chain-get-egs[5.5.1182~1-e02e3]:LengthsMatch():nnet-example-utils.cc:585) Supervision does not have expected length for utterance 030460160: expected length = (339 + 3 - 1) / 3 = 113, got: 38 (note: --frame-subsampling-factor=3)
WARNING (nnet3-chain-get-egs[5.5.1182~1-e02e3]:LengthsMatch():nnet-example-utils.cc:585) Supervision does not have expected length for utterance 030460163: expected length = (239 + 3 - 1) / 3 = 80, got: 27 (note: --frame-subsampling-factor=3)
WARNING (nnet3-chain-get-egs[5.5.1182~1-e02e3]:LengthsMatch():nnet-example-utils.cc:585) Supervision does not have expected length for utterance 030490013: expected length = (270 + 3 - 1) / 3 = 90, got: 30 (note: --frame-subsampling-factor=3)
WARNING (nnet3-chain-get-egs[5.5.1182~1-e02e3]:LengthsMatch():nnet-example-utils.cc:585) Supervision does not have expected length for utterance 030490029: expected length = (297 + 3 - 1) / 3 = 99, got: 33 (note: --frame-subsampling-factor=3)
WARNING (nnet3-chain-get-egs[5.5.1182~1-e02e3]:LengthsMatch():nnet-example-utils.cc:585) Supervision does not have expected length for utterance 030490040: expected length = (367 + 3 - 1) / 3 = 123, got: 41 (note: --frame-subsampling-factor=3)
WARNING (nnet3-chain-get-egs[5.5.1182~1-e02e3]:LengthsMatch():nnet-example-utils.cc:585) Supervision does not have expected length for utterance 030490062: expected length = (307 + 3 - 1) / 3 = 103, got: 35 (note: --frame-subsampling-factor=3)
WARNING (nnet3-chain-get-egs[5.5.1182~1-e02e3]:LengthsMatch():nnet-example-utils.cc:585) Supervision does not have expected length for utterance 030490063: expected length = (451 + 3 - 1) / 3 = 151, got: 51 (note: --frame-subsampling-factor=3)
WARNING (nnet3-chain-get-egs[5.5.1182~1-e02e3]:LengthsMatch():nnet-example-utils.cc:585) Supervision does not have expected length for utterance 030490071: expected length = (427 + 3 - 1) / 3 = 143, got: 48 (note: --frame-subsampling-factor=3)
WARNING (nnet3-chain-get-egs[5.5.1182~1-e02e3]:LengthsMatch():nnet-example-utils.cc:585) Supervision does not have expected length for utterance 030490076: expected length = (426 + 3 - 1) / 3 = 142, got: 48 (note: --frame-subsampling-factor=3)
WARNING (nnet3-chain-get-egs[5.5.1182~1-e02e3]:LengthsMatch():nnet-example-utils.cc:585) Supervision does not have expected length for utterance 030490078: expected length = (335 + 3 - 1) / 3 = 112, got: 38 (note: --frame-subsampling-factor=3)
WARNING (nnet3-chain-get-egs[5.5.1182~1-e02e3]:LengthsMatch():nnet-example-utils.cc:585) Supervision does not have expected length for utterance 030490095: expected length = (618 + 3 - 1) / 3 = 206, got: 69 (note: --frame-subsampling-factor=3)
WARNING (nnet3-chain-get-egs[5.5.1182~1-e02e3]:LengthsMatch():nnet-example-utils.cc:585) Supervision does not have expected length for utterance 030490126: expected length = (236 + 3 - 1) / 3 = 79, got: 27 (note: --frame-subsampling-factor=3)
WARNING (nnet3-chain-get-egs[5.5.1182~1-e02e3]:LengthsMatch():nnet-example-utils.cc:585) Supervision does not have expected length for utterance 030490127: expected length = (455 + 3 - 1) / 3 = 152, got: 51 (note: --frame-subsampling-factor=3)
WARNING (nnet3-chain-get-egs[5.5.1182~1-e02e3]:LengthsMatch():nnet-example-utils.cc:585) Supervision does not have expected length for utterance 030490130: expected length = (229 + 3 - 1) / 3 = 77, got: 26 (note: --frame-subsampling-factor=3)
WARNING (nnet3-chain-get-egs[5.5.1182~1-e02e3]:LengthsMatch():nnet-example-utils.cc:585) Supervision does not have expected length for utterance 030490138: expected length = (305 + 3 - 1) / 3 = 102, got: 34 (note: --frame-subsampling-factor=3)
WARNING (nnet3-chain-get-egs[5.5.1182~1-e02e3]:LengthsMatch():nnet-example-utils.cc:585) Supervision does not have expected length for utterance 030490142: expected length = (325 + 3 - 1) / 3 = 109, got: 37 (note: --frame-subsampling-factor=3)
WARNING (nnet3-chain-get-egs[5.5.1182~1-e02e3]:LengthsMatch():nnet-example-utils.cc:585) Supervision does not have expected length for utterance 030490166: expected length = (633 + 3 - 1) / 3 = 211, got: 71 (note: --frame-subsampling-factor=3)
WARNING (nnet3-chain-get-egs[5.5.1182~1-e02e3]:LengthsMatch():nnet-example-utils.cc:585) Supervision does not have expected length for utterance 030490168: expected length = (227 + 3 - 1) / 3 = 76, got: 26 (note: --frame-subsampling-factor=3)
WARNING (nnet3-chain-get-egs[5.5.1182~1-e02e3]:LengthsMatch():nnet-example-utils.cc:585) Supervision does not have expected length for utterance 030680003: expected length = (381 + 3 - 1) / 3 = 127, got: 43 (note: --frame-subsampling-factor=3)
WARNING (nnet3-chain-get-egs[5.5.1182~1-e02e3]:LengthsMatch():nnet-example-utils.cc:585) Supervision does not have expected length for utterance 030680005: expected length = (391 + 3 - 1) / 3 = 131, got: 44 (note: --frame-subsampling-factor=3)
WARNING (nnet3-chain-get-egs[5.5.1182~1-e02e3]:LengthsMatch():nnet-example-utils.cc:585) Supervision does not have expected length for utterance 030680009: expected length = (228 + 3 - 1) / 3 = 76, got: 26 (note: --frame-subsampling-factor=3)
WARNING (nnet3-chain-get-egs[5.5.1182~1-e02e3]:LengthsMatch():nnet-example-utils.cc:585) Supervision does not have expected length for utterance 030680016: expected length = (341 + 3 - 1) / 3 = 114, got: 38 (note: --frame-subsampling-factor=3)
LOG (lattice-align-phones[5.5.1182~1-e02e3]:main():lattice-align-phones.cc:105) Successfully aligned 228 lattices; 0 had errors.
WARNING (nnet3-chain-get-egs[5.5.1182~1-e02e3]:LengthsMatch():nnet-example-utils.cc:585) Supervision does not have expected length for utterance 030680027: expected length = (321 + 3 - 1) / 3 = 107, got: 36 (note: --frame-subsampling-factor=3)
WARNING (nnet3-chain-get-egs[5.5.1182~1-e02e3]:LengthsMatch():nnet-example-utils.cc:585) Supervision does not have expected length for utterance 030680034: expected length = (224 + 3 - 1) / 3 = 75, got: 25 (note: --frame-subsampling-factor=3)
WARNING (nnet3-chain-get-egs[5.5.1182~1-e02e3]:LengthsMatch():nnet-example-utils.cc:585) Supervision does not have expected length for utterance 030680037: expected length = (228 + 3 - 1) / 3 = 76, got: 26 (note: --frame-subsampling-factor=3)
WARNING (nnet3-chain-get-egs[5.5.1182~1-e02e3]:LengthsMatch():nnet-example-utils.cc:585) Supervision does not have expected length for utterance 030680045: expected length = (331 + 3 - 1) / 3 = 111, got: 37 (note: --frame-subsampling-factor=3)
WARNING (nnet3-chain-get-egs[5.5.1182~1-e02e3]:LengthsMatch():nnet-example-utils.cc:585) Supervision does not have expected length for utterance 030680056: expected length = (330 + 3 - 1) / 3 = 110, got: 37 (note: --frame-subsampling-factor=3)
WARNING (nnet3-chain-get-egs[5.5.1182~1-e02e3]:LengthsMatch():nnet-example-utils.cc:585) Supervision does not have expected length for utterance 030680072: expected length = (334 + 3 - 1) / 3 = 112, got: 38 (note: --frame-subsampling-factor=3)
WARNING (nnet3-chain-get-egs[5.5.1182~1-e02e3]:LengthsMatch():nnet-example-utils.cc:585) Supervision does not have expected length for utterance 030680090: expected length = (319 + 3 - 1) / 3 = 107, got: 36 (note: --frame-subsampling-factor=3)
WARNING (nnet3-chain-get-egs[5.5.1182~1-e02e3]:LengthsMatch():nnet-example-utils.cc:585) Supervision does not have expected length for utterance 030680092: expected length = (303 + 3 - 1) / 3 = 101, got: 34 (note: --frame-subsampling-factor=3)
WARNING (nnet3-chain-get-egs[5.5.1182~1-e02e3]:LengthsMatch():nnet-example-utils.cc:585) Supervision does not have expected length for utterance 030680097: expected length = (239 + 3 - 1) / 3 = 80, got: 27 (note: --frame-subsampling-factor=3)
WARNING (nnet3-chain-get-egs[5.5.1182~1-e02e3]:LengthsMatch():nnet-example-utils.cc:585) Supervision does not have expected length for utterance 030680105: expected length = (248 + 3 - 1) / 3 = 83, got: 28 (note: --frame-subsampling-factor=3)
WARNING (nnet3-chain-get-egs[5.5.1182~1-e02e3]:LengthsMatch():nnet-example-utils.cc:585) Supervision does not have expected length for utterance 030680114: expected length = (377 + 3 - 1) / 3 = 126, got: 42 (note: --frame-subsampling-factor=3)
WARNING (nnet3-chain-get-egs[5.5.1182~1-e02e3]:LengthsMatch():nnet-example-utils.cc:585) Supervision does not have expected length for utterance 030680119: expected length = (279 + 3 - 1) / 3 = 93, got: 31 (note: --frame-subsampling-factor=3)
LOG (apply-cmvn[5.5.1182~1-e02e3]:main():apply-cmvn.cc:162) Applied cepstral mean normalization to 207 utterances, errors on 0
WARNING (nnet3-chain-get-egs[5.5.1182~1-e02e3]:LengthsMatch():nnet-example-utils.cc:585) Supervision does not have expected length for utterance 030680162: expected length = (460 + 3 - 1) / 3 = 154, got: 52 (note: --frame-subsampling-factor=3)
WARNING (nnet3-chain-get-egs[5.5.1182~1-e02e3]:main():nnet3-chain-get-egs.cc:442) 207 utterances had errors and could not be processed.
LOG (nnet3-chain-get-egs[5.5.1182~1-e02e3]:~UtteranceSplitter():nnet-example-utils.cc:373) Split 0 utts, with total length 0 frames (0 hours assuming 100 frames per second) into 0 chunks.
LOG (nnet3-chain-get-egs[5.5.1182~1-e02e3]:~UtteranceSplitter():nnet-example-utils.cc:383) Average chunk length was -nan frames; overlap between adjacent chunks was -nan% of input length; length of output was -nan% of input length (minus overlap = -nan%).
LOG (chain-get-supervision[5.5.1182~1-e02e3]:main():chain-get-supervision.cc:150) Generated chain supervision information for 226 utterances, errors on 2
LOG (nnet3-chain-copy-egs[5.5.1182~1-e02e3]:main():nnet3-chain-copy-egs.cc:393) Read 0 neural-network training examples, wrote 0
# Accounting: time=1 threads=1
# Ended (code 1) at Thu Oct 23 10:38:40 IST 2025, elapsed time 1 seconds
