# lattice-align-phones --replace-output-symbols=true tune/align_lats_speechocean762/final.mdl "ark:gunzip -c tune/align_lats_speechocean762/lat.7.gz |" ark:- | chain-get-supervision --lattice-input=true --frame-subsampling-factor=3 /home/mcw/durga/kaldi/libreespeech2/0013_librispeech_v1_chain/exp/chain_cleaned/tdnn_1d_sp/tree /home/mcw/durga/kaldi/libreespeech2/0013_librispeech_v1_chain/exp/chain_cleaned/tdnn_1d_sp/0.trans_mdl ark:- ark:- | nnet3-chain-get-egs --srand=$[7+0] --left-context=4 --right-context=4 --num-frames=25 --frame-subsampling-factor=3 --compress=true --num-frames-overlap=0 "ark,s,cs:utils/filter_scp.pl --exclude tune/chain_finetune/tdnn_1d_sp_adapt/egs/valid_uttlist data/speechocean762_train/split10/7/feats.scp | apply-cmvn  --utt2spk=ark:data/speechocean762_train/split10/7/utt2spk scp:data/speechocean762_train/split10/7/cmvn.scp scp:- ark:- |" ark,s,cs:- ark:- | nnet3-chain-copy-egs --random=true --srand=$[7+0] ark:- ark:tune/chain_finetune/tdnn_1d_sp_adapt/egs/cegs_orig.7.1.ark ark:tune/chain_finetune/tdnn_1d_sp_adapt/egs/cegs_orig.7.2.ark ark:tune/chain_finetune/tdnn_1d_sp_adapt/egs/cegs_orig.7.3.ark 
# Started at Thu Oct 23 10:38:39 IST 2025
#
chain-get-supervision --lattice-input=true --frame-subsampling-factor=3 /home/mcw/durga/kaldi/libreespeech2/0013_librispeech_v1_chain/exp/chain_cleaned/tdnn_1d_sp/tree /home/mcw/durga/kaldi/libreespeech2/0013_librispeech_v1_chain/exp/chain_cleaned/tdnn_1d_sp/0.trans_mdl ark:- ark:- 
nnet3-chain-get-egs --srand=7 --left-context=4 --right-context=4 --num-frames=25 --frame-subsampling-factor=3 --compress=true --num-frames-overlap=0 'ark,s,cs:utils/filter_scp.pl --exclude tune/chain_finetune/tdnn_1d_sp_adapt/egs/valid_uttlist data/speechocean762_train/split10/7/feats.scp | apply-cmvn  --utt2spk=ark:data/speechocean762_train/split10/7/utt2spk scp:data/speechocean762_train/split10/7/cmvn.scp scp:- ark:- |' ark,s,cs:- ark:- 
LOG (nnet3-chain-get-egs[5.5.1182~1-e02e3]:ComputeDerived():nnet-example-utils.cc:347) Rounding up --num-frames=25 to multiples of --frame-subsampling-factor=3, to: 27
lattice-align-phones --replace-output-symbols=true tune/align_lats_speechocean762/final.mdl 'ark:gunzip -c tune/align_lats_speechocean762/lat.7.gz |' ark:- 
nnet3-chain-copy-egs --random=true --srand=7 ark:- ark:tune/chain_finetune/tdnn_1d_sp_adapt/egs/cegs_orig.7.1.ark ark:tune/chain_finetune/tdnn_1d_sp_adapt/egs/cegs_orig.7.2.ark ark:tune/chain_finetune/tdnn_1d_sp_adapt/egs/cegs_orig.7.3.ark 
apply-cmvn --utt2spk=ark:data/speechocean762_train/split10/7/utt2spk scp:data/speechocean762_train/split10/7/cmvn.scp scp:- ark:- 
WARNING (nnet3-chain-get-egs[5.5.1182~1-e02e3]:LengthsMatch():nnet-example-utils.cc:585) Supervision does not have expected length for utterance 030830004: expected length = (231 + 3 - 1) / 3 = 77, got: 26 (note: --frame-subsampling-factor=3)
WARNING (nnet3-chain-get-egs[5.5.1182~1-e02e3]:LengthsMatch():nnet-example-utils.cc:585) Supervision does not have expected length for utterance 030830021: expected length = (583 + 3 - 1) / 3 = 195, got: 65 (note: --frame-subsampling-factor=3)
WARNING (nnet3-chain-get-egs[5.5.1182~1-e02e3]:LengthsMatch():nnet-example-utils.cc:585) Supervision does not have expected length for utterance 030830030: expected length = (235 + 3 - 1) / 3 = 79, got: 27 (note: --frame-subsampling-factor=3)
WARNING (nnet3-chain-get-egs[5.5.1182~1-e02e3]:LengthsMatch():nnet-example-utils.cc:585) Supervision does not have expected length for utterance 030830033: expected length = (426 + 3 - 1) / 3 = 142, got: 48 (note: --frame-subsampling-factor=3)
WARNING (nnet3-chain-get-egs[5.5.1182~1-e02e3]:LengthsMatch():nnet-example-utils.cc:585) Supervision does not have expected length for utterance 030830043: expected length = (293 + 3 - 1) / 3 = 98, got: 33 (note: --frame-subsampling-factor=3)
WARNING (nnet3-chain-get-egs[5.5.1182~1-e02e3]:LengthsMatch():nnet-example-utils.cc:585) Supervision does not have expected length for utterance 030830074: expected length = (249 + 3 - 1) / 3 = 83, got: 28 (note: --frame-subsampling-factor=3)
WARNING (nnet3-chain-get-egs[5.5.1182~1-e02e3]:LengthsMatch():nnet-example-utils.cc:585) Supervision does not have expected length for utterance 030830093: expected length = (387 + 3 - 1) / 3 = 129, got: 43 (note: --frame-subsampling-factor=3)
WARNING (nnet3-chain-get-egs[5.5.1182~1-e02e3]:LengthsMatch():nnet-example-utils.cc:585) Supervision does not have expected length for utterance 030830094: expected length = (256 + 3 - 1) / 3 = 86, got: 29 (note: --frame-subsampling-factor=3)
WARNING (nnet3-chain-get-egs[5.5.1182~1-e02e3]:LengthsMatch():nnet-example-utils.cc:585) Supervision does not have expected length for utterance 030830102: expected length = (294 + 3 - 1) / 3 = 98, got: 33 (note: --frame-subsampling-factor=3)
WARNING (nnet3-chain-get-egs[5.5.1182~1-e02e3]:LengthsMatch():nnet-example-utils.cc:585) Supervision does not have expected length for utterance 030830116: expected length = (387 + 3 - 1) / 3 = 129, got: 43 (note: --frame-subsampling-factor=3)
WARNING (nnet3-chain-get-egs[5.5.1182~1-e02e3]:LengthsMatch():nnet-example-utils.cc:585) Supervision does not have expected length for utterance 030830118: expected length = (397 + 3 - 1) / 3 = 133, got: 45 (note: --frame-subsampling-factor=3)
WARNING (nnet3-chain-get-egs[5.5.1182~1-e02e3]:LengthsMatch():nnet-example-utils.cc:585) Supervision does not have expected length for utterance 030830124: expected length = (533 + 3 - 1) / 3 = 178, got: 60 (note: --frame-subsampling-factor=3)
WARNING (nnet3-chain-get-egs[5.5.1182~1-e02e3]:LengthsMatch():nnet-example-utils.cc:585) Supervision does not have expected length for utterance 030830129: expected length = (312 + 3 - 1) / 3 = 104, got: 35 (note: --frame-subsampling-factor=3)
WARNING (nnet3-chain-get-egs[5.5.1182~1-e02e3]:LengthsMatch():nnet-example-utils.cc:585) Supervision does not have expected length for utterance 030830135: expected length = (286 + 3 - 1) / 3 = 96, got: 32 (note: --frame-subsampling-factor=3)
WARNING (nnet3-chain-get-egs[5.5.1182~1-e02e3]:LengthsMatch():nnet-example-utils.cc:585) Supervision does not have expected length for utterance 030830147: expected length = (278 + 3 - 1) / 3 = 93, got: 31 (note: --frame-subsampling-factor=3)
WARNING (nnet3-chain-get-egs[5.5.1182~1-e02e3]:LengthsMatch():nnet-example-utils.cc:585) Supervision does not have expected length for utterance 030830154: expected length = (209 + 3 - 1) / 3 = 70, got: 24 (note: --frame-subsampling-factor=3)
WARNING (nnet3-chain-get-egs[5.5.1182~1-e02e3]:LengthsMatch():nnet-example-utils.cc:585) Supervision does not have expected length for utterance 030830169: expected length = (238 + 3 - 1) / 3 = 80, got: 27 (note: --frame-subsampling-factor=3)
WARNING (nnet3-chain-get-egs[5.5.1182~1-e02e3]:LengthsMatch():nnet-example-utils.cc:585) Supervision does not have expected length for utterance 030880003: expected length = (304 + 3 - 1) / 3 = 102, got: 34 (note: --frame-subsampling-factor=3)
WARNING (nnet3-chain-get-egs[5.5.1182~1-e02e3]:LengthsMatch():nnet-example-utils.cc:585) Supervision does not have expected length for utterance 030880018: expected length = (311 + 3 - 1) / 3 = 104, got: 35 (note: --frame-subsampling-factor=3)
WARNING (nnet3-chain-get-egs[5.5.1182~1-e02e3]:LengthsMatch():nnet-example-utils.cc:585) Supervision does not have expected length for utterance 030880025: expected length = (408 + 3 - 1) / 3 = 136, got: 46 (note: --frame-subsampling-factor=3)
WARNING (nnet3-chain-get-egs[5.5.1182~1-e02e3]:LengthsMatch():nnet-example-utils.cc:585) Supervision does not have expected length for utterance 030880041: expected length = (533 + 3 - 1) / 3 = 178, got: 60 (note: --frame-subsampling-factor=3)
WARNING (nnet3-chain-get-egs[5.5.1182~1-e02e3]:LengthsMatch():nnet-example-utils.cc:585) Supervision does not have expected length for utterance 030880049: expected length = (283 + 3 - 1) / 3 = 95, got: 32 (note: --frame-subsampling-factor=3)
WARNING (nnet3-chain-get-egs[5.5.1182~1-e02e3]:LengthsMatch():nnet-example-utils.cc:585) Supervision does not have expected length for utterance 030880057: expected length = (300 + 3 - 1) / 3 = 100, got: 34 (note: --frame-subsampling-factor=3)
WARNING (nnet3-chain-get-egs[5.5.1182~1-e02e3]:LengthsMatch():nnet-example-utils.cc:585) Supervision does not have expected length for utterance 030880058: expected length = (329 + 3 - 1) / 3 = 110, got: 37 (note: --frame-subsampling-factor=3)
WARNING (nnet3-chain-get-egs[5.5.1182~1-e02e3]:LengthsMatch():nnet-example-utils.cc:585) Supervision does not have expected length for utterance 030880067: expected length = (354 + 3 - 1) / 3 = 118, got: 40 (note: --frame-subsampling-factor=3)
WARNING (nnet3-chain-get-egs[5.5.1182~1-e02e3]:LengthsMatch():nnet-example-utils.cc:585) Supervision does not have expected length for utterance 030880086: expected length = (250 + 3 - 1) / 3 = 84, got: 28 (note: --frame-subsampling-factor=3)
WARNING (nnet3-chain-get-egs[5.5.1182~1-e02e3]:LengthsMatch():nnet-example-utils.cc:585) Supervision does not have expected length for utterance 030880096: expected length = (276 + 3 - 1) / 3 = 92, got: 31 (note: --frame-subsampling-factor=3)
WARNING (nnet3-chain-get-egs[5.5.1182~1-e02e3]:LengthsMatch():nnet-example-utils.cc:585) Supervision does not have expected length for utterance 030880105: expected length = (199 + 3 - 1) / 3 = 67, got: 23 (note: --frame-subsampling-factor=3)
WARNING (nnet3-chain-get-egs[5.5.1182~1-e02e3]:LengthsMatch():nnet-example-utils.cc:585) Supervision does not have expected length for utterance 030880123: expected length = (282 + 3 - 1) / 3 = 94, got: 32 (note: --frame-subsampling-factor=3)
WARNING (nnet3-chain-get-egs[5.5.1182~1-e02e3]:LengthsMatch():nnet-example-utils.cc:585) Supervision does not have expected length for utterance 030880131: expected length = (248 + 3 - 1) / 3 = 83, got: 28 (note: --frame-subsampling-factor=3)
WARNING (nnet3-chain-get-egs[5.5.1182~1-e02e3]:LengthsMatch():nnet-example-utils.cc:585) Supervision does not have expected length for utterance 030880146: expected length = (289 + 3 - 1) / 3 = 97, got: 33 (note: --frame-subsampling-factor=3)
WARNING (nnet3-chain-get-egs[5.5.1182~1-e02e3]:LengthsMatch():nnet-example-utils.cc:585) Supervision does not have expected length for utterance 030880172: expected length = (243 + 3 - 1) / 3 = 81, got: 27 (note: --frame-subsampling-factor=3)
WARNING (nnet3-chain-get-egs[5.5.1182~1-e02e3]:LengthsMatch():nnet-example-utils.cc:585) Supervision does not have expected length for utterance 030880173: expected length = (296 + 3 - 1) / 3 = 99, got: 33 (note: --frame-subsampling-factor=3)
WARNING (nnet3-chain-get-egs[5.5.1182~1-e02e3]:LengthsMatch():nnet-example-utils.cc:585) Supervision does not have expected length for utterance 032080019: expected length = (216 + 3 - 1) / 3 = 72, got: 24 (note: --frame-subsampling-factor=3)
WARNING (nnet3-chain-get-egs[5.5.1182~1-e02e3]:LengthsMatch():nnet-example-utils.cc:585) Supervision does not have expected length for utterance 032080038: expected length = (264 + 3 - 1) / 3 = 88, got: 30 (note: --frame-subsampling-factor=3)
WARNING (nnet3-chain-get-egs[5.5.1182~1-e02e3]:LengthsMatch():nnet-example-utils.cc:585) Supervision does not have expected length for utterance 032080043: expected length = (285 + 3 - 1) / 3 = 95, got: 32 (note: --frame-subsampling-factor=3)
WARNING (nnet3-chain-get-egs[5.5.1182~1-e02e3]:LengthsMatch():nnet-example-utils.cc:585) Supervision does not have expected length for utterance 032080056: expected length = (236 + 3 - 1) / 3 = 79, got: 27 (note: --frame-subsampling-factor=3)
WARNING (nnet3-chain-get-egs[5.5.1182~1-e02e3]:LengthsMatch():nnet-example-utils.cc:585) Supervision does not have expected length for utterance 032080058: expected length = (256 + 3 - 1) / 3 = 86, got: 29 (note: --frame-subsampling-factor=3)
WARNING (nnet3-chain-get-egs[5.5.1182~1-e02e3]:LengthsMatch():nnet-example-utils.cc:585) Supervision does not have expected length for utterance 032080078: expected length = (325 + 3 - 1) / 3 = 109, got: 37 (note: --frame-subsampling-factor=3)
WARNING (nnet3-chain-get-egs[5.5.1182~1-e02e3]:LengthsMatch():nnet-example-utils.cc:585) Supervision does not have expected length for utterance 032080079: expected length = (337 + 3 - 1) / 3 = 113, got: 38 (note: --frame-subsampling-factor=3)
WARNING (nnet3-chain-get-egs[5.5.1182~1-e02e3]:LengthsMatch():nnet-example-utils.cc:585) Supervision does not have expected length for utterance 032080083: expected length = (420 + 3 - 1) / 3 = 140, got: 47 (note: --frame-subsampling-factor=3)
WARNING (nnet3-chain-get-egs[5.5.1182~1-e02e3]:LengthsMatch():nnet-example-utils.cc:585) Supervision does not have expected length for utterance 032080092: expected length = (445 + 3 - 1) / 3 = 149, got: 50 (note: --frame-subsampling-factor=3)
WARNING (nnet3-chain-get-egs[5.5.1182~1-e02e3]:LengthsMatch():nnet-example-utils.cc:585) Supervision does not have expected length for utterance 032080093: expected length = (298 + 3 - 1) / 3 = 100, got: 34 (note: --frame-subsampling-factor=3)
WARNING (nnet3-chain-get-egs[5.5.1182~1-e02e3]:LengthsMatch():nnet-example-utils.cc:585) Supervision does not have expected length for utterance 032080099: expected length = (245 + 3 - 1) / 3 = 82, got: 28 (note: --frame-subsampling-factor=3)
WARNING (nnet3-chain-get-egs[5.5.1182~1-e02e3]:LengthsMatch():nnet-example-utils.cc:585) Supervision does not have expected length for utterance 032080103: expected length = (279 + 3 - 1) / 3 = 93, got: 31 (note: --frame-subsampling-factor=3)
WARNING (nnet3-chain-get-egs[5.5.1182~1-e02e3]:LengthsMatch():nnet-example-utils.cc:585) Supervision does not have expected length for utterance 032080132: expected length = (279 + 3 - 1) / 3 = 93, got: 31 (note: --frame-subsampling-factor=3)
WARNING (nnet3-chain-get-egs[5.5.1182~1-e02e3]:LengthsMatch():nnet-example-utils.cc:585) Supervision does not have expected length for utterance 032080145: expected length = (356 + 3 - 1) / 3 = 119, got: 40 (note: --frame-subsampling-factor=3)
WARNING (nnet3-chain-get-egs[5.5.1182~1-e02e3]:LengthsMatch():nnet-example-utils.cc:585) Supervision does not have expected length for utterance 032080150: expected length = (230 + 3 - 1) / 3 = 77, got: 26 (note: --frame-subsampling-factor=3)
WARNING (nnet3-chain-get-egs[5.5.1182~1-e02e3]:LengthsMatch():nnet-example-utils.cc:585) Supervision does not have expected length for utterance 032080161: expected length = (297 + 3 - 1) / 3 = 99, got: 33 (note: --frame-subsampling-factor=3)
WARNING (nnet3-chain-get-egs[5.5.1182~1-e02e3]:LengthsMatch():nnet-example-utils.cc:585) Supervision does not have expected length for utterance 034230011: expected length = (318 + 3 - 1) / 3 = 106, got: 36 (note: --frame-subsampling-factor=3)
WARNING (nnet3-chain-get-egs[5.5.1182~1-e02e3]:LengthsMatch():nnet-example-utils.cc:585) Supervision does not have expected length for utterance 034230034: expected length = (316 + 3 - 1) / 3 = 106, got: 36 (note: --frame-subsampling-factor=3)
WARNING (nnet3-chain-get-egs[5.5.1182~1-e02e3]:LengthsMatch():nnet-example-utils.cc:585) Supervision does not have expected length for utterance 034230035: expected length = (255 + 3 - 1) / 3 = 85, got: 29 (note: --frame-subsampling-factor=3)
WARNING (nnet3-chain-get-egs[5.5.1182~1-e02e3]:LengthsMatch():nnet-example-utils.cc:585) Supervision does not have expected length for utterance 034230043: expected length = (300 + 3 - 1) / 3 = 100, got: 34 (note: --frame-subsampling-factor=3)
WARNING (nnet3-chain-get-egs[5.5.1182~1-e02e3]:LengthsMatch():nnet-example-utils.cc:585) Supervision does not have expected length for utterance 034230051: expected length = (512 + 3 - 1) / 3 = 171, got: 57 (note: --frame-subsampling-factor=3)
WARNING (nnet3-chain-get-egs[5.5.1182~1-e02e3]:LengthsMatch():nnet-example-utils.cc:585) Supervision does not have expected length for utterance 034230058: expected length = (331 + 3 - 1) / 3 = 111, got: 37 (note: --frame-subsampling-factor=3)
WARNING (nnet3-chain-get-egs[5.5.1182~1-e02e3]:LengthsMatch():nnet-example-utils.cc:585) Supervision does not have expected length for utterance 034230072: expected length = (290 + 3 - 1) / 3 = 97, got: 33 (note: --frame-subsampling-factor=3)
WARNING (nnet3-chain-get-egs[5.5.1182~1-e02e3]:LengthsMatch():nnet-example-utils.cc:585) Supervision does not have expected length for utterance 034230079: expected length = (301 + 3 - 1) / 3 = 101, got: 34 (note: --frame-subsampling-factor=3)
WARNING (nnet3-chain-get-egs[5.5.1182~1-e02e3]:LengthsMatch():nnet-example-utils.cc:585) Supervision does not have expected length for utterance 034230081: expected length = (302 + 3 - 1) / 3 = 101, got: 34 (note: --frame-subsampling-factor=3)
WARNING (nnet3-chain-get-egs[5.5.1182~1-e02e3]:LengthsMatch():nnet-example-utils.cc:585) Supervision does not have expected length for utterance 034230083: expected length = (301 + 3 - 1) / 3 = 101, got: 34 (note: --frame-subsampling-factor=3)
WARNING (nnet3-chain-get-egs[5.5.1182~1-e02e3]:LengthsMatch():nnet-example-utils.cc:585) Supervision does not have expected length for utterance 034230085: expected length = (301 + 3 - 1) / 3 = 101, got: 34 (note: --frame-subsampling-factor=3)
WARNING (nnet3-chain-get-egs[5.5.1182~1-e02e3]:LengthsMatch():nnet-example-utils.cc:585) Supervision does not have expected length for utterance 034230108: expected length = (331 + 3 - 1) / 3 = 111, got: 37 (note: --frame-subsampling-factor=3)
WARNING (nnet3-chain-get-egs[5.5.1182~1-e02e3]:LengthsMatch():nnet-example-utils.cc:585) Supervision does not have expected length for utterance 034230112: expected length = (334 + 3 - 1) / 3 = 112, got: 38 (note: --frame-subsampling-factor=3)
WARNING (nnet3-chain-get-egs[5.5.1182~1-e02e3]:LengthsMatch():nnet-example-utils.cc:585) Supervision does not have expected length for utterance 034230123: expected length = (451 + 3 - 1) / 3 = 151, got: 51 (note: --frame-subsampling-factor=3)
WARNING (nnet3-chain-get-egs[5.5.1182~1-e02e3]:LengthsMatch():nnet-example-utils.cc:585) Supervision does not have expected length for utterance 034230141: expected length = (528 + 3 - 1) / 3 = 176, got: 59 (note: --frame-subsampling-factor=3)
WARNING (nnet3-chain-get-egs[5.5.1182~1-e02e3]:LengthsMatch():nnet-example-utils.cc:585) Supervision does not have expected length for utterance 034230154: expected length = (341 + 3 - 1) / 3 = 114, got: 38 (note: --frame-subsampling-factor=3)
WARNING (nnet3-chain-get-egs[5.5.1182~1-e02e3]:LengthsMatch():nnet-example-utils.cc:585) Supervision does not have expected length for utterance 034230164: expected length = (384 + 3 - 1) / 3 = 128, got: 43 (note: --frame-subsampling-factor=3)
WARNING (nnet3-chain-get-egs[5.5.1182~1-e02e3]:LengthsMatch():nnet-example-utils.cc:585) Supervision does not have expected length for utterance 034230168: expected length = (331 + 3 - 1) / 3 = 111, got: 37 (note: --frame-subsampling-factor=3)
WARNING (nnet3-chain-get-egs[5.5.1182~1-e02e3]:LengthsMatch():nnet-example-utils.cc:585) Supervision does not have expected length for utterance 036360016: expected length = (395 + 3 - 1) / 3 = 132, got: 44 (note: --frame-subsampling-factor=3)
WARNING (nnet3-chain-get-egs[5.5.1182~1-e02e3]:LengthsMatch():nnet-example-utils.cc:585) Supervision does not have expected length for utterance 036360027: expected length = (309 + 3 - 1) / 3 = 103, got: 35 (note: --frame-subsampling-factor=3)
WARNING (nnet3-chain-get-egs[5.5.1182~1-e02e3]:LengthsMatch():nnet-example-utils.cc:585) Supervision does not have expected length for utterance 036360029: expected length = (478 + 3 - 1) / 3 = 160, got: 54 (note: --frame-subsampling-factor=3)
WARNING (nnet3-chain-get-egs[5.5.1182~1-e02e3]:LengthsMatch():nnet-example-utils.cc:585) Supervision does not have expected length for utterance 036360032: expected length = (375 + 3 - 1) / 3 = 125, got: 42 (note: --frame-subsampling-factor=3)
WARNING (nnet3-chain-get-egs[5.5.1182~1-e02e3]:LengthsMatch():nnet-example-utils.cc:585) Supervision does not have expected length for utterance 036360033: expected length = (433 + 3 - 1) / 3 = 145, got: 49 (note: --frame-subsampling-factor=3)
WARNING (nnet3-chain-get-egs[5.5.1182~1-e02e3]:LengthsMatch():nnet-example-utils.cc:585) Supervision does not have expected length for utterance 036360034: expected length = (324 + 3 - 1) / 3 = 108, got: 36 (note: --frame-subsampling-factor=3)
WARNING (nnet3-chain-get-egs[5.5.1182~1-e02e3]:LengthsMatch():nnet-example-utils.cc:585) Supervision does not have expected length for utterance 036360055: expected length = (318 + 3 - 1) / 3 = 106, got: 36 (note: --frame-subsampling-factor=3)
WARNING (nnet3-chain-get-egs[5.5.1182~1-e02e3]:LengthsMatch():nnet-example-utils.cc:585) Supervision does not have expected length for utterance 036360061: expected length = (377 + 3 - 1) / 3 = 126, got: 42 (note: --frame-subsampling-factor=3)
WARNING (nnet3-chain-get-egs[5.5.1182~1-e02e3]:LengthsMatch():nnet-example-utils.cc:585) Supervision does not have expected length for utterance 036360062: expected length = (338 + 3 - 1) / 3 = 113, got: 38 (note: --frame-subsampling-factor=3)
WARNING (nnet3-chain-get-egs[5.5.1182~1-e02e3]:LengthsMatch():nnet-example-utils.cc:585) Supervision does not have expected length for utterance 036360071: expected length = (651 + 3 - 1) / 3 = 217, got: 73 (note: --frame-subsampling-factor=3)
WARNING (nnet3-chain-get-egs[5.5.1182~1-e02e3]:LengthsMatch():nnet-example-utils.cc:585) Supervision does not have expected length for utterance 036360106: expected length = (651 + 3 - 1) / 3 = 217, got: 73 (note: --frame-subsampling-factor=3)
WARNING (nnet3-chain-get-egs[5.5.1182~1-e02e3]:LengthsMatch():nnet-example-utils.cc:585) Supervision does not have expected length for utterance 036360111: expected length = (697 + 3 - 1) / 3 = 233, got: 78 (note: --frame-subsampling-factor=3)
WARNING (nnet3-chain-get-egs[5.5.1182~1-e02e3]:LengthsMatch():nnet-example-utils.cc:585) Supervision does not have expected length for utterance 036360142: expected length = (409 + 3 - 1) / 3 = 137, got: 46 (note: --frame-subsampling-factor=3)
WARNING (nnet3-chain-get-egs[5.5.1182~1-e02e3]:LengthsMatch():nnet-example-utils.cc:585) Supervision does not have expected length for utterance 036360151: expected length = (412 + 3 - 1) / 3 = 138, got: 46 (note: --frame-subsampling-factor=3)
WARNING (nnet3-chain-get-egs[5.5.1182~1-e02e3]:LengthsMatch():nnet-example-utils.cc:585) Supervision does not have expected length for utterance 036360160: expected length = (322 + 3 - 1) / 3 = 108, got: 36 (note: --frame-subsampling-factor=3)
WARNING (nnet3-chain-get-egs[5.5.1182~1-e02e3]:LengthsMatch():nnet-example-utils.cc:585) Supervision does not have expected length for utterance 036360167: expected length = (471 + 3 - 1) / 3 = 157, got: 53 (note: --frame-subsampling-factor=3)
WARNING (nnet3-chain-get-egs[5.5.1182~1-e02e3]:LengthsMatch():nnet-example-utils.cc:585) Supervision does not have expected length for utterance 036360174: expected length = (291 + 3 - 1) / 3 = 97, got: 33 (note: --frame-subsampling-factor=3)
WARNING (nnet3-chain-get-egs[5.5.1182~1-e02e3]:LengthsMatch():nnet-example-utils.cc:585) Supervision does not have expected length for utterance 038370004: expected length = (430 + 3 - 1) / 3 = 144, got: 48 (note: --frame-subsampling-factor=3)
WARNING (nnet3-chain-get-egs[5.5.1182~1-e02e3]:LengthsMatch():nnet-example-utils.cc:585) Supervision does not have expected length for utterance 038370013: expected length = (350 + 3 - 1) / 3 = 117, got: 39 (note: --frame-subsampling-factor=3)
WARNING (nnet3-chain-get-egs[5.5.1182~1-e02e3]:LengthsMatch():nnet-example-utils.cc:585) Supervision does not have expected length for utterance 038370019: expected length = (352 + 3 - 1) / 3 = 118, got: 40 (note: --frame-subsampling-factor=3)
WARNING (nnet3-chain-get-egs[5.5.1182~1-e02e3]:LengthsMatch():nnet-example-utils.cc:585) Supervision does not have expected length for utterance 038370045: expected length = (442 + 3 - 1) / 3 = 148, got: 50 (note: --frame-subsampling-factor=3)
WARNING (nnet3-chain-get-egs[5.5.1182~1-e02e3]:LengthsMatch():nnet-example-utils.cc:585) Supervision does not have expected length for utterance 038370052: expected length = (336 + 3 - 1) / 3 = 112, got: 38 (note: --frame-subsampling-factor=3)
WARNING (nnet3-chain-get-egs[5.5.1182~1-e02e3]:LengthsMatch():nnet-example-utils.cc:585) Supervision does not have expected length for utterance 038370056: expected length = (369 + 3 - 1) / 3 = 123, got: 41 (note: --frame-subsampling-factor=3)
WARNING (nnet3-chain-get-egs[5.5.1182~1-e02e3]:LengthsMatch():nnet-example-utils.cc:585) Supervision does not have expected length for utterance 038370061: expected length = (314 + 3 - 1) / 3 = 105, got: 35 (note: --frame-subsampling-factor=3)
WARNING (nnet3-chain-get-egs[5.5.1182~1-e02e3]:LengthsMatch():nnet-example-utils.cc:585) Supervision does not have expected length for utterance 038370068: expected length = (401 + 3 - 1) / 3 = 134, got: 45 (note: --frame-subsampling-factor=3)
WARNING (nnet3-chain-get-egs[5.5.1182~1-e02e3]:LengthsMatch():nnet-example-utils.cc:585) Supervision does not have expected length for utterance 038370081: expected length = (307 + 3 - 1) / 3 = 103, got: 35 (note: --frame-subsampling-factor=3)
WARNING (nnet3-chain-get-egs[5.5.1182~1-e02e3]:LengthsMatch():nnet-example-utils.cc:585) Supervision does not have expected length for utterance 038370107: expected length = (298 + 3 - 1) / 3 = 100, got: 34 (note: --frame-subsampling-factor=3)
WARNING (nnet3-chain-get-egs[5.5.1182~1-e02e3]:LengthsMatch():nnet-example-utils.cc:585) Supervision does not have expected length for utterance 038370142: expected length = (381 + 3 - 1) / 3 = 127, got: 43 (note: --frame-subsampling-factor=3)
WARNING (nnet3-chain-get-egs[5.5.1182~1-e02e3]:LengthsMatch():nnet-example-utils.cc:585) Supervision does not have expected length for utterance 038370153: expected length = (648 + 3 - 1) / 3 = 216, got: 72 (note: --frame-subsampling-factor=3)
WARNING (nnet3-chain-get-egs[5.5.1182~1-e02e3]:LengthsMatch():nnet-example-utils.cc:585) Supervision does not have expected length for utterance 038370160: expected length = (256 + 3 - 1) / 3 = 86, got: 29 (note: --frame-subsampling-factor=3)
WARNING (nnet3-chain-get-egs[5.5.1182~1-e02e3]:LengthsMatch():nnet-example-utils.cc:585) Supervision does not have expected length for utterance 038370170: expected length = (340 + 3 - 1) / 3 = 114, got: 38 (note: --frame-subsampling-factor=3)
WARNING (nnet3-chain-get-egs[5.5.1182~1-e02e3]:LengthsMatch():nnet-example-utils.cc:585) Supervision does not have expected length for utterance 040050015: expected length = (346 + 3 - 1) / 3 = 116, got: 39 (note: --frame-subsampling-factor=3)
WARNING (nnet3-chain-get-egs[5.5.1182~1-e02e3]:LengthsMatch():nnet-example-utils.cc:585) Supervision does not have expected length for utterance 040050041: expected length = (485 + 3 - 1) / 3 = 162, got: 54 (note: --frame-subsampling-factor=3)
WARNING (nnet3-chain-get-egs[5.5.1182~1-e02e3]:LengthsMatch():nnet-example-utils.cc:585) Supervision does not have expected length for utterance 040050060: expected length = (362 + 3 - 1) / 3 = 121, got: 41 (note: --frame-subsampling-factor=3)
WARNING (chain-get-supervision[5.5.1182~1-e02e3]:ProtoSupervisionToSupervision():chain-supervision.cc:393) Supervision FST is empty (too many phones for too few frames?)
WARNING (chain-get-supervision[5.5.1182~1-e02e3]:ProcessSupervision():chain-get-supervision.cc:43) Failed creating supervision for utterance 040050071
WARNING (nnet3-chain-get-egs[5.5.1182~1-e02e3]:main():nnet3-chain-get-egs.cc:393) No pdf-level posterior for key 040050071
WARNING (nnet3-chain-get-egs[5.5.1182~1-e02e3]:LengthsMatch():nnet-example-utils.cc:585) Supervision does not have expected length for utterance 040050094: expected length = (296 + 3 - 1) / 3 = 99, got: 33 (note: --frame-subsampling-factor=3)
WARNING (nnet3-chain-get-egs[5.5.1182~1-e02e3]:LengthsMatch():nnet-example-utils.cc:585) Supervision does not have expected length for utterance 040050107: expected length = (329 + 3 - 1) / 3 = 110, got: 37 (note: --frame-subsampling-factor=3)
WARNING (nnet3-chain-get-egs[5.5.1182~1-e02e3]:LengthsMatch():nnet-example-utils.cc:585) Supervision does not have expected length for utterance 040050110: expected length = (258 + 3 - 1) / 3 = 86, got: 29 (note: --frame-subsampling-factor=3)
WARNING (nnet3-chain-get-egs[5.5.1182~1-e02e3]:LengthsMatch():nnet-example-utils.cc:585) Supervision does not have expected length for utterance 040050125: expected length = (305 + 3 - 1) / 3 = 102, got: 34 (note: --frame-subsampling-factor=3)
WARNING (nnet3-chain-get-egs[5.5.1182~1-e02e3]:LengthsMatch():nnet-example-utils.cc:585) Supervision does not have expected length for utterance 040050180: expected length = (411 + 3 - 1) / 3 = 137, got: 46 (note: --frame-subsampling-factor=3)
WARNING (nnet3-chain-get-egs[5.5.1182~1-e02e3]:LengthsMatch():nnet-example-utils.cc:585) Supervision does not have expected length for utterance 040050205: expected length = (311 + 3 - 1) / 3 = 104, got: 35 (note: --frame-subsampling-factor=3)
WARNING (nnet3-chain-get-egs[5.5.1182~1-e02e3]:LengthsMatch():nnet-example-utils.cc:585) Supervision does not have expected length for utterance 040050264: expected length = (252 + 3 - 1) / 3 = 84, got: 28 (note: --frame-subsampling-factor=3)
WARNING (nnet3-chain-get-egs[5.5.1182~1-e02e3]:LengthsMatch():nnet-example-utils.cc:585) Supervision does not have expected length for utterance 040050271: expected length = (268 + 3 - 1) / 3 = 90, got: 30 (note: --frame-subsampling-factor=3)
WARNING (chain-get-supervision[5.5.1182~1-e02e3]:ProtoSupervisionToSupervision():chain-supervision.cc:393) Supervision FST is empty (too many phones for too few frames?)
WARNING (chain-get-supervision[5.5.1182~1-e02e3]:ProcessSupervision():chain-get-supervision.cc:43) Failed creating supervision for utterance 040050281
WARNING (nnet3-chain-get-egs[5.5.1182~1-e02e3]:main():nnet3-chain-get-egs.cc:393) No pdf-level posterior for key 040050281
WARNING (nnet3-chain-get-egs[5.5.1182~1-e02e3]:LengthsMatch():nnet-example-utils.cc:585) Supervision does not have expected length for utterance 040050295: expected length = (265 + 3 - 1) / 3 = 89, got: 30 (note: --frame-subsampling-factor=3)
WARNING (nnet3-chain-get-egs[5.5.1182~1-e02e3]:LengthsMatch():nnet-example-utils.cc:585) Supervision does not have expected length for utterance 040050358: expected length = (332 + 3 - 1) / 3 = 111, got: 37 (note: --frame-subsampling-factor=3)
WARNING (nnet3-chain-get-egs[5.5.1182~1-e02e3]:LengthsMatch():nnet-example-utils.cc:585) Supervision does not have expected length for utterance 051950005: expected length = (314 + 3 - 1) / 3 = 105, got: 35 (note: --frame-subsampling-factor=3)
WARNING (nnet3-chain-get-egs[5.5.1182~1-e02e3]:LengthsMatch():nnet-example-utils.cc:585) Supervision does not have expected length for utterance 051950011: expected length = (323 + 3 - 1) / 3 = 108, got: 36 (note: --frame-subsampling-factor=3)
WARNING (nnet3-chain-get-egs[5.5.1182~1-e02e3]:LengthsMatch():nnet-example-utils.cc:585) Supervision does not have expected length for utterance 051950018: expected length = (405 + 3 - 1) / 3 = 135, got: 45 (note: --frame-subsampling-factor=3)
WARNING (nnet3-chain-get-egs[5.5.1182~1-e02e3]:LengthsMatch():nnet-example-utils.cc:585) Supervision does not have expected length for utterance 051950025: expected length = (282 + 3 - 1) / 3 = 94, got: 32 (note: --frame-subsampling-factor=3)
WARNING (nnet3-chain-get-egs[5.5.1182~1-e02e3]:LengthsMatch():nnet-example-utils.cc:585) Supervision does not have expected length for utterance 051950033: expected length = (494 + 3 - 1) / 3 = 165, got: 55 (note: --frame-subsampling-factor=3)
WARNING (nnet3-chain-get-egs[5.5.1182~1-e02e3]:LengthsMatch():nnet-example-utils.cc:585) Supervision does not have expected length for utterance 051950038: expected length = (323 + 3 - 1) / 3 = 108, got: 36 (note: --frame-subsampling-factor=3)
WARNING (nnet3-chain-get-egs[5.5.1182~1-e02e3]:LengthsMatch():nnet-example-utils.cc:585) Supervision does not have expected length for utterance 051950044: expected length = (254 + 3 - 1) / 3 = 85, got: 29 (note: --frame-subsampling-factor=3)
WARNING (nnet3-chain-get-egs[5.5.1182~1-e02e3]:LengthsMatch():nnet-example-utils.cc:585) Supervision does not have expected length for utterance 051950051: expected length = (271 + 3 - 1) / 3 = 91, got: 31 (note: --frame-subsampling-factor=3)
WARNING (nnet3-chain-get-egs[5.5.1182~1-e02e3]:LengthsMatch():nnet-example-utils.cc:585) Supervision does not have expected length for utterance 051950067: expected length = (387 + 3 - 1) / 3 = 129, got: 43 (note: --frame-subsampling-factor=3)
WARNING (nnet3-chain-get-egs[5.5.1182~1-e02e3]:LengthsMatch():nnet-example-utils.cc:585) Supervision does not have expected length for utterance 051950075: expected length = (351 + 3 - 1) / 3 = 117, got: 39 (note: --frame-subsampling-factor=3)
WARNING (nnet3-chain-get-egs[5.5.1182~1-e02e3]:LengthsMatch():nnet-example-utils.cc:585) Supervision does not have expected length for utterance 051950086: expected length = (304 + 3 - 1) / 3 = 102, got: 34 (note: --frame-subsampling-factor=3)
WARNING (nnet3-chain-get-egs[5.5.1182~1-e02e3]:LengthsMatch():nnet-example-utils.cc:585) Supervision does not have expected length for utterance 051950088: expected length = (251 + 3 - 1) / 3 = 84, got: 28 (note: --frame-subsampling-factor=3)
WARNING (nnet3-chain-get-egs[5.5.1182~1-e02e3]:LengthsMatch():nnet-example-utils.cc:585) Supervision does not have expected length for utterance 051950096: expected length = (320 + 3 - 1) / 3 = 107, got: 36 (note: --frame-subsampling-factor=3)
WARNING (nnet3-chain-get-egs[5.5.1182~1-e02e3]:LengthsMatch():nnet-example-utils.cc:585) Supervision does not have expected length for utterance 051950138: expected length = (287 + 3 - 1) / 3 = 96, got: 32 (note: --frame-subsampling-factor=3)
WARNING (nnet3-chain-get-egs[5.5.1182~1-e02e3]:LengthsMatch():nnet-example-utils.cc:585) Supervision does not have expected length for utterance 051950154: expected length = (298 + 3 - 1) / 3 = 100, got: 34 (note: --frame-subsampling-factor=3)
WARNING (nnet3-chain-get-egs[5.5.1182~1-e02e3]:LengthsMatch():nnet-example-utils.cc:585) Supervision does not have expected length for utterance 051950163: expected length = (255 + 3 - 1) / 3 = 85, got: 29 (note: --frame-subsampling-factor=3)
WARNING (nnet3-chain-get-egs[5.5.1182~1-e02e3]:LengthsMatch():nnet-example-utils.cc:585) Supervision does not have expected length for utterance 051950170: expected length = (535 + 3 - 1) / 3 = 179, got: 60 (note: --frame-subsampling-factor=3)
WARNING (nnet3-chain-get-egs[5.5.1182~1-e02e3]:LengthsMatch():nnet-example-utils.cc:585) Supervision does not have expected length for utterance 052180017: expected length = (250 + 3 - 1) / 3 = 84, got: 28 (note: --frame-subsampling-factor=3)
WARNING (nnet3-chain-get-egs[5.5.1182~1-e02e3]:LengthsMatch():nnet-example-utils.cc:585) Supervision does not have expected length for utterance 052180028: expected length = (314 + 3 - 1) / 3 = 105, got: 35 (note: --frame-subsampling-factor=3)
WARNING (nnet3-chain-get-egs[5.5.1182~1-e02e3]:LengthsMatch():nnet-example-utils.cc:585) Supervision does not have expected length for utterance 052180037: expected length = (263 + 3 - 1) / 3 = 88, got: 30 (note: --frame-subsampling-factor=3)
WARNING (nnet3-chain-get-egs[5.5.1182~1-e02e3]:LengthsMatch():nnet-example-utils.cc:585) Supervision does not have expected length for utterance 052180041: expected length = (331 + 3 - 1) / 3 = 111, got: 37 (note: --frame-subsampling-factor=3)
WARNING (nnet3-chain-get-egs[5.5.1182~1-e02e3]:LengthsMatch():nnet-example-utils.cc:585) Supervision does not have expected length for utterance 052180042: expected length = (324 + 3 - 1) / 3 = 108, got: 36 (note: --frame-subsampling-factor=3)
WARNING (nnet3-chain-get-egs[5.5.1182~1-e02e3]:LengthsMatch():nnet-example-utils.cc:585) Supervision does not have expected length for utterance 052180046: expected length = (202 + 3 - 1) / 3 = 68, got: 23 (note: --frame-subsampling-factor=3)
WARNING (nnet3-chain-get-egs[5.5.1182~1-e02e3]:LengthsMatch():nnet-example-utils.cc:585) Supervision does not have expected length for utterance 052180068: expected length = (245 + 3 - 1) / 3 = 82, got: 28 (note: --frame-subsampling-factor=3)
WARNING (nnet3-chain-get-egs[5.5.1182~1-e02e3]:LengthsMatch():nnet-example-utils.cc:585) Supervision does not have expected length for utterance 052180090: expected length = (188 + 3 - 1) / 3 = 63, got: 21 (note: --frame-subsampling-factor=3)
WARNING (nnet3-chain-get-egs[5.5.1182~1-e02e3]:LengthsMatch():nnet-example-utils.cc:585) Supervision does not have expected length for utterance 052180093: expected length = (345 + 3 - 1) / 3 = 115, got: 39 (note: --frame-subsampling-factor=3)
WARNING (nnet3-chain-get-egs[5.5.1182~1-e02e3]:LengthsMatch():nnet-example-utils.cc:585) Supervision does not have expected length for utterance 052180098: expected length = (294 + 3 - 1) / 3 = 98, got: 33 (note: --frame-subsampling-factor=3)
WARNING (nnet3-chain-get-egs[5.5.1182~1-e02e3]:LengthsMatch():nnet-example-utils.cc:585) Supervision does not have expected length for utterance 052180104: expected length = (408 + 3 - 1) / 3 = 136, got: 46 (note: --frame-subsampling-factor=3)
WARNING (nnet3-chain-get-egs[5.5.1182~1-e02e3]:LengthsMatch():nnet-example-utils.cc:585) Supervision does not have expected length for utterance 052180117: expected length = (250 + 3 - 1) / 3 = 84, got: 28 (note: --frame-subsampling-factor=3)
WARNING (nnet3-chain-get-egs[5.5.1182~1-e02e3]:LengthsMatch():nnet-example-utils.cc:585) Supervision does not have expected length for utterance 052180137: expected length = (322 + 3 - 1) / 3 = 108, got: 36 (note: --frame-subsampling-factor=3)
WARNING (nnet3-chain-get-egs[5.5.1182~1-e02e3]:LengthsMatch():nnet-example-utils.cc:585) Supervision does not have expected length for utterance 052180143: expected length = (358 + 3 - 1) / 3 = 120, got: 40 (note: --frame-subsampling-factor=3)
WARNING (nnet3-chain-get-egs[5.5.1182~1-e02e3]:LengthsMatch():nnet-example-utils.cc:585) Supervision does not have expected length for utterance 052180146: expected length = (281 + 3 - 1) / 3 = 94, got: 32 (note: --frame-subsampling-factor=3)
WARNING (nnet3-chain-get-egs[5.5.1182~1-e02e3]:LengthsMatch():nnet-example-utils.cc:585) Supervision does not have expected length for utterance 054010004: expected length = (521 + 3 - 1) / 3 = 174, got: 58 (note: --frame-subsampling-factor=3)
WARNING (nnet3-chain-get-egs[5.5.1182~1-e02e3]:LengthsMatch():nnet-example-utils.cc:585) Supervision does not have expected length for utterance 054010009: expected length = (422 + 3 - 1) / 3 = 141, got: 47 (note: --frame-subsampling-factor=3)
WARNING (nnet3-chain-get-egs[5.5.1182~1-e02e3]:LengthsMatch():nnet-example-utils.cc:585) Supervision does not have expected length for utterance 054010014: expected length = (284 + 3 - 1) / 3 = 95, got: 32 (note: --frame-subsampling-factor=3)
WARNING (nnet3-chain-get-egs[5.5.1182~1-e02e3]:LengthsMatch():nnet-example-utils.cc:585) Supervision does not have expected length for utterance 054010046: expected length = (370 + 3 - 1) / 3 = 124, got: 42 (note: --frame-subsampling-factor=3)
WARNING (nnet3-chain-get-egs[5.5.1182~1-e02e3]:LengthsMatch():nnet-example-utils.cc:585) Supervision does not have expected length for utterance 054010051: expected length = (359 + 3 - 1) / 3 = 120, got: 40 (note: --frame-subsampling-factor=3)
WARNING (nnet3-chain-get-egs[5.5.1182~1-e02e3]:LengthsMatch():nnet-example-utils.cc:585) Supervision does not have expected length for utterance 054010055: expected length = (292 + 3 - 1) / 3 = 98, got: 33 (note: --frame-subsampling-factor=3)
WARNING (nnet3-chain-get-egs[5.5.1182~1-e02e3]:LengthsMatch():nnet-example-utils.cc:585) Supervision does not have expected length for utterance 054010091: expected length = (329 + 3 - 1) / 3 = 110, got: 37 (note: --frame-subsampling-factor=3)
WARNING (nnet3-chain-get-egs[5.5.1182~1-e02e3]:LengthsMatch():nnet-example-utils.cc:585) Supervision does not have expected length for utterance 054010095: expected length = (385 + 3 - 1) / 3 = 129, got: 43 (note: --frame-subsampling-factor=3)
WARNING (nnet3-chain-get-egs[5.5.1182~1-e02e3]:LengthsMatch():nnet-example-utils.cc:585) Supervision does not have expected length for utterance 054010105: expected length = (340 + 3 - 1) / 3 = 114, got: 38 (note: --frame-subsampling-factor=3)
WARNING (nnet3-chain-get-egs[5.5.1182~1-e02e3]:LengthsMatch():nnet-example-utils.cc:585) Supervision does not have expected length for utterance 054010107: expected length = (434 + 3 - 1) / 3 = 145, got: 49 (note: --frame-subsampling-factor=3)
WARNING (nnet3-chain-get-egs[5.5.1182~1-e02e3]:LengthsMatch():nnet-example-utils.cc:585) Supervision does not have expected length for utterance 054010123: expected length = (368 + 3 - 1) / 3 = 123, got: 41 (note: --frame-subsampling-factor=3)
WARNING (nnet3-chain-get-egs[5.5.1182~1-e02e3]:LengthsMatch():nnet-example-utils.cc:585) Supervision does not have expected length for utterance 054010130: expected length = (276 + 3 - 1) / 3 = 92, got: 31 (note: --frame-subsampling-factor=3)
WARNING (nnet3-chain-get-egs[5.5.1182~1-e02e3]:LengthsMatch():nnet-example-utils.cc:585) Supervision does not have expected length for utterance 054010136: expected length = (488 + 3 - 1) / 3 = 163, got: 55 (note: --frame-subsampling-factor=3)
WARNING (nnet3-chain-get-egs[5.5.1182~1-e02e3]:LengthsMatch():nnet-example-utils.cc:585) Supervision does not have expected length for utterance 054010148: expected length = (268 + 3 - 1) / 3 = 90, got: 30 (note: --frame-subsampling-factor=3)
WARNING (nnet3-chain-get-egs[5.5.1182~1-e02e3]:LengthsMatch():nnet-example-utils.cc:585) Supervision does not have expected length for utterance 054010155: expected length = (253 + 3 - 1) / 3 = 85, got: 29 (note: --frame-subsampling-factor=3)
WARNING (nnet3-chain-get-egs[5.5.1182~1-e02e3]:LengthsMatch():nnet-example-utils.cc:585) Supervision does not have expected length for utterance 054010165: expected length = (383 + 3 - 1) / 3 = 128, got: 43 (note: --frame-subsampling-factor=3)
WARNING (nnet3-chain-get-egs[5.5.1182~1-e02e3]:LengthsMatch():nnet-example-utils.cc:585) Supervision does not have expected length for utterance 054080004: expected length = (373 + 3 - 1) / 3 = 125, got: 42 (note: --frame-subsampling-factor=3)
WARNING (nnet3-chain-get-egs[5.5.1182~1-e02e3]:LengthsMatch():nnet-example-utils.cc:585) Supervision does not have expected length for utterance 054080008: expected length = (269 + 3 - 1) / 3 = 90, got: 30 (note: --frame-subsampling-factor=3)
WARNING (nnet3-chain-get-egs[5.5.1182~1-e02e3]:LengthsMatch():nnet-example-utils.cc:585) Supervision does not have expected length for utterance 054080011: expected length = (285 + 3 - 1) / 3 = 95, got: 32 (note: --frame-subsampling-factor=3)
WARNING (nnet3-chain-get-egs[5.5.1182~1-e02e3]:LengthsMatch():nnet-example-utils.cc:585) Supervision does not have expected length for utterance 054080019: expected length = (323 + 3 - 1) / 3 = 108, got: 36 (note: --frame-subsampling-factor=3)
WARNING (nnet3-chain-get-egs[5.5.1182~1-e02e3]:LengthsMatch():nnet-example-utils.cc:585) Supervision does not have expected length for utterance 054080021: expected length = (371 + 3 - 1) / 3 = 124, got: 42 (note: --frame-subsampling-factor=3)
WARNING (nnet3-chain-get-egs[5.5.1182~1-e02e3]:LengthsMatch():nnet-example-utils.cc:585) Supervision does not have expected length for utterance 054080033: expected length = (278 + 3 - 1) / 3 = 93, got: 31 (note: --frame-subsampling-factor=3)
WARNING (nnet3-chain-get-egs[5.5.1182~1-e02e3]:LengthsMatch():nnet-example-utils.cc:585) Supervision does not have expected length for utterance 054080042: expected length = (391 + 3 - 1) / 3 = 131, got: 44 (note: --frame-subsampling-factor=3)
WARNING (nnet3-chain-get-egs[5.5.1182~1-e02e3]:LengthsMatch():nnet-example-utils.cc:585) Supervision does not have expected length for utterance 054080065: expected length = (320 + 3 - 1) / 3 = 107, got: 36 (note: --frame-subsampling-factor=3)
WARNING (nnet3-chain-get-egs[5.5.1182~1-e02e3]:LengthsMatch():nnet-example-utils.cc:585) Supervision does not have expected length for utterance 054080081: expected length = (448 + 3 - 1) / 3 = 150, got: 50 (note: --frame-subsampling-factor=3)
WARNING (nnet3-chain-get-egs[5.5.1182~1-e02e3]:LengthsMatch():nnet-example-utils.cc:585) Supervision does not have expected length for utterance 054080109: expected length = (393 + 3 - 1) / 3 = 131, got: 44 (note: --frame-subsampling-factor=3)
WARNING (nnet3-chain-get-egs[5.5.1182~1-e02e3]:LengthsMatch():nnet-example-utils.cc:585) Supervision does not have expected length for utterance 054080123: expected length = (253 + 3 - 1) / 3 = 85, got: 29 (note: --frame-subsampling-factor=3)
WARNING (nnet3-chain-get-egs[5.5.1182~1-e02e3]:LengthsMatch():nnet-example-utils.cc:585) Supervision does not have expected length for utterance 054080138: expected length = (343 + 3 - 1) / 3 = 115, got: 39 (note: --frame-subsampling-factor=3)
WARNING (nnet3-chain-get-egs[5.5.1182~1-e02e3]:LengthsMatch():nnet-example-utils.cc:585) Supervision does not have expected length for utterance 054080150: expected length = (332 + 3 - 1) / 3 = 111, got: 37 (note: --frame-subsampling-factor=3)
WARNING (nnet3-chain-get-egs[5.5.1182~1-e02e3]:LengthsMatch():nnet-example-utils.cc:585) Supervision does not have expected length for utterance 054080151: expected length = (349 + 3 - 1) / 3 = 117, got: 39 (note: --frame-subsampling-factor=3)
WARNING (nnet3-chain-get-egs[5.5.1182~1-e02e3]:LengthsMatch():nnet-example-utils.cc:585) Supervision does not have expected length for utterance 054080163: expected length = (355 + 3 - 1) / 3 = 119, got: 40 (note: --frame-subsampling-factor=3)
WARNING (nnet3-chain-get-egs[5.5.1182~1-e02e3]:LengthsMatch():nnet-example-utils.cc:585) Supervision does not have expected length for utterance 054080165: expected length = (342 + 3 - 1) / 3 = 114, got: 38 (note: --frame-subsampling-factor=3)
WARNING (nnet3-chain-get-egs[5.5.1182~1-e02e3]:LengthsMatch():nnet-example-utils.cc:585) Supervision does not have expected length for utterance 054080174: expected length = (382 + 3 - 1) / 3 = 128, got: 43 (note: --frame-subsampling-factor=3)
WARNING (nnet3-chain-get-egs[5.5.1182~1-e02e3]:LengthsMatch():nnet-example-utils.cc:585) Supervision does not have expected length for utterance 054140010: expected length = (434 + 3 - 1) / 3 = 145, got: 49 (note: --frame-subsampling-factor=3)
WARNING (nnet3-chain-get-egs[5.5.1182~1-e02e3]:LengthsMatch():nnet-example-utils.cc:585) Supervision does not have expected length for utterance 054140015: expected length = (224 + 3 - 1) / 3 = 75, got: 25 (note: --frame-subsampling-factor=3)
WARNING (nnet3-chain-get-egs[5.5.1182~1-e02e3]:LengthsMatch():nnet-example-utils.cc:585) Supervision does not have expected length for utterance 054140021: expected length = (321 + 3 - 1) / 3 = 107, got: 36 (note: --frame-subsampling-factor=3)
WARNING (nnet3-chain-get-egs[5.5.1182~1-e02e3]:LengthsMatch():nnet-example-utils.cc:585) Supervision does not have expected length for utterance 054140039: expected length = (231 + 3 - 1) / 3 = 77, got: 26 (note: --frame-subsampling-factor=3)
WARNING (nnet3-chain-get-egs[5.5.1182~1-e02e3]:LengthsMatch():nnet-example-utils.cc:585) Supervision does not have expected length for utterance 054140051: expected length = (346 + 3 - 1) / 3 = 116, got: 39 (note: --frame-subsampling-factor=3)
WARNING (nnet3-chain-get-egs[5.5.1182~1-e02e3]:LengthsMatch():nnet-example-utils.cc:585) Supervision does not have expected length for utterance 054140057: expected length = (244 + 3 - 1) / 3 = 82, got: 28 (note: --frame-subsampling-factor=3)
LOG (lattice-align-phones[5.5.1182~1-e02e3]:main():lattice-align-phones.cc:105) Successfully aligned 220 lattices; 0 had errors.
WARNING (nnet3-chain-get-egs[5.5.1182~1-e02e3]:LengthsMatch():nnet-example-utils.cc:585) Supervision does not have expected length for utterance 054140077: expected length = (485 + 3 - 1) / 3 = 162, got: 54 (note: --frame-subsampling-factor=3)
WARNING (nnet3-chain-get-egs[5.5.1182~1-e02e3]:LengthsMatch():nnet-example-utils.cc:585) Supervision does not have expected length for utterance 054140098: expected length = (297 + 3 - 1) / 3 = 99, got: 33 (note: --frame-subsampling-factor=3)
WARNING (nnet3-chain-get-egs[5.5.1182~1-e02e3]:LengthsMatch():nnet-example-utils.cc:585) Supervision does not have expected length for utterance 054140104: expected length = (254 + 3 - 1) / 3 = 85, got: 29 (note: --frame-subsampling-factor=3)
WARNING (nnet3-chain-get-egs[5.5.1182~1-e02e3]:LengthsMatch():nnet-example-utils.cc:585) Supervision does not have expected length for utterance 054140106: expected length = (254 + 3 - 1) / 3 = 85, got: 29 (note: --frame-subsampling-factor=3)
WARNING (nnet3-chain-get-egs[5.5.1182~1-e02e3]:LengthsMatch():nnet-example-utils.cc:585) Supervision does not have expected length for utterance 054140113: expected length = (253 + 3 - 1) / 3 = 85, got: 29 (note: --frame-subsampling-factor=3)
WARNING (nnet3-chain-get-egs[5.5.1182~1-e02e3]:LengthsMatch():nnet-example-utils.cc:585) Supervision does not have expected length for utterance 054140115: expected length = (265 + 3 - 1) / 3 = 89, got: 30 (note: --frame-subsampling-factor=3)
WARNING (nnet3-chain-get-egs[5.5.1182~1-e02e3]:LengthsMatch():nnet-example-utils.cc:585) Supervision does not have expected length for utterance 054140118: expected length = (343 + 3 - 1) / 3 = 115, got: 39 (note: --frame-subsampling-factor=3)
WARNING (nnet3-chain-get-egs[5.5.1182~1-e02e3]:LengthsMatch():nnet-example-utils.cc:585) Supervision does not have expected length for utterance 054140119: expected length = (230 + 3 - 1) / 3 = 77, got: 26 (note: --frame-subsampling-factor=3)
LOG (apply-cmvn[5.5.1182~1-e02e3]:main():apply-cmvn.cc:162) Applied cepstral mean normalization to 194 utterances, errors on 0
WARNING (nnet3-chain-get-egs[5.5.1182~1-e02e3]:LengthsMatch():nnet-example-utils.cc:585) Supervision does not have expected length for utterance 054140122: expected length = (483 + 3 - 1) / 3 = 161, got: 54 (note: --frame-subsampling-factor=3)
WARNING (nnet3-chain-get-egs[5.5.1182~1-e02e3]:LengthsMatch():nnet-example-utils.cc:585) Supervision does not have expected length for utterance 054140154: expected length = (298 + 3 - 1) / 3 = 100, got: 34 (note: --frame-subsampling-factor=3)
WARNING (nnet3-chain-get-egs[5.5.1182~1-e02e3]:main():nnet3-chain-get-egs.cc:442) 194 utterances had errors and could not be processed.
LOG (nnet3-chain-get-egs[5.5.1182~1-e02e3]:~UtteranceSplitter():nnet-example-utils.cc:373) Split 0 utts, with total length 0 frames (0 hours assuming 100 frames per second) into 0 chunks.
LOG (nnet3-chain-get-egs[5.5.1182~1-e02e3]:~UtteranceSplitter():nnet-example-utils.cc:383) Average chunk length was -nan frames; overlap between adjacent chunks was -nan% of input length; length of output was -nan% of input length (minus overlap = -nan%).
LOG (nnet3-chain-copy-egs[5.5.1182~1-e02e3]:main():nnet3-chain-copy-egs.cc:393) Read 0 neural-network training examples, wrote 0
# Accounting: time=1 threads=1
# Ended (code 1) at Thu Oct 23 10:38:40 IST 2025, elapsed time 1 seconds
