# lattice-align-phones --replace-output-symbols=true tune/align_lats_speechocean762/final.mdl "ark:gunzip -c tune/align_lats_speechocean762/lat.4.gz |" ark:- | chain-get-supervision --lattice-input=true --frame-subsampling-factor=3 /home/mcw/durga/kaldi/libreespeech2/0013_librispeech_v1_chain/exp/chain_cleaned/tdnn_1d_sp/tree /home/mcw/durga/kaldi/libreespeech2/0013_librispeech_v1_chain/exp/chain_cleaned/tdnn_1d_sp/0.trans_mdl ark:- ark:- | nnet3-chain-get-egs --srand=$[4+0] --left-context=4 --right-context=4 --num-frames=25 --frame-subsampling-factor=3 --compress=true --num-frames-overlap=0 "ark,s,cs:utils/filter_scp.pl --exclude tune/chain_finetune/tdnn_1d_sp_adapt/egs/valid_uttlist data/speechocean762_train/split10/4/feats.scp | apply-cmvn  --utt2spk=ark:data/speechocean762_train/split10/4/utt2spk scp:data/speechocean762_train/split10/4/cmvn.scp scp:- ark:- |" ark,s,cs:- ark:- | nnet3-chain-copy-egs --random=true --srand=$[4+0] ark:- ark:tune/chain_finetune/tdnn_1d_sp_adapt/egs/cegs_orig.4.1.ark ark:tune/chain_finetune/tdnn_1d_sp_adapt/egs/cegs_orig.4.2.ark ark:tune/chain_finetune/tdnn_1d_sp_adapt/egs/cegs_orig.4.3.ark 
# Started at Thu Oct 23 10:38:39 IST 2025
#
chain-get-supervision --lattice-input=true --frame-subsampling-factor=3 /home/mcw/durga/kaldi/libreespeech2/0013_librispeech_v1_chain/exp/chain_cleaned/tdnn_1d_sp/tree /home/mcw/durga/kaldi/libreespeech2/0013_librispeech_v1_chain/exp/chain_cleaned/tdnn_1d_sp/0.trans_mdl ark:- ark:- 
lattice-align-phones --replace-output-symbols=true tune/align_lats_speechocean762/final.mdl 'ark:gunzip -c tune/align_lats_speechocean762/lat.4.gz |' ark:- 
nnet3-chain-copy-egs --random=true --srand=4 ark:- ark:tune/chain_finetune/tdnn_1d_sp_adapt/egs/cegs_orig.4.1.ark ark:tune/chain_finetune/tdnn_1d_sp_adapt/egs/cegs_orig.4.2.ark ark:tune/chain_finetune/tdnn_1d_sp_adapt/egs/cegs_orig.4.3.ark 
nnet3-chain-get-egs --srand=4 --left-context=4 --right-context=4 --num-frames=25 --frame-subsampling-factor=3 --compress=true --num-frames-overlap=0 'ark,s,cs:utils/filter_scp.pl --exclude tune/chain_finetune/tdnn_1d_sp_adapt/egs/valid_uttlist data/speechocean762_train/split10/4/feats.scp | apply-cmvn  --utt2spk=ark:data/speechocean762_train/split10/4/utt2spk scp:data/speechocean762_train/split10/4/cmvn.scp scp:- ark:- |' ark,s,cs:- ark:- 
LOG (nnet3-chain-get-egs[5.5.1182~1-e02e3]:ComputeDerived():nnet-example-utils.cc:347) Rounding up --num-frames=25 to multiples of --frame-subsampling-factor=3, to: 27
apply-cmvn --utt2spk=ark:data/speechocean762_train/split10/4/utt2spk scp:data/speechocean762_train/split10/4/cmvn.scp scp:- ark:- 
WARNING (nnet3-chain-get-egs[5.5.1182~1-e02e3]:LengthsMatch():nnet-example-utils.cc:585) Supervision does not have expected length for utterance 014070040: expected length = (418 + 3 - 1) / 3 = 140, got: 47 (note: --frame-subsampling-factor=3)
WARNING (nnet3-chain-get-egs[5.5.1182~1-e02e3]:LengthsMatch():nnet-example-utils.cc:585) Supervision does not have expected length for utterance 014070080: expected length = (328 + 3 - 1) / 3 = 110, got: 37 (note: --frame-subsampling-factor=3)
WARNING (nnet3-chain-get-egs[5.5.1182~1-e02e3]:LengthsMatch():nnet-example-utils.cc:585) Supervision does not have expected length for utterance 014070092: expected length = (376 + 3 - 1) / 3 = 126, got: 42 (note: --frame-subsampling-factor=3)
WARNING (nnet3-chain-get-egs[5.5.1182~1-e02e3]:LengthsMatch():nnet-example-utils.cc:585) Supervision does not have expected length for utterance 014070101: expected length = (488 + 3 - 1) / 3 = 163, got: 55 (note: --frame-subsampling-factor=3)
WARNING (nnet3-chain-get-egs[5.5.1182~1-e02e3]:LengthsMatch():nnet-example-utils.cc:585) Supervision does not have expected length for utterance 014070159: expected length = (336 + 3 - 1) / 3 = 112, got: 38 (note: --frame-subsampling-factor=3)
WARNING (nnet3-chain-get-egs[5.5.1182~1-e02e3]:LengthsMatch():nnet-example-utils.cc:585) Supervision does not have expected length for utterance 014070207: expected length = (381 + 3 - 1) / 3 = 127, got: 43 (note: --frame-subsampling-factor=3)
WARNING (nnet3-chain-get-egs[5.5.1182~1-e02e3]:LengthsMatch():nnet-example-utils.cc:585) Supervision does not have expected length for utterance 014070217: expected length = (236 + 3 - 1) / 3 = 79, got: 27 (note: --frame-subsampling-factor=3)
WARNING (nnet3-chain-get-egs[5.5.1182~1-e02e3]:LengthsMatch():nnet-example-utils.cc:585) Supervision does not have expected length for utterance 014070265: expected length = (455 + 3 - 1) / 3 = 152, got: 51 (note: --frame-subsampling-factor=3)
WARNING (nnet3-chain-get-egs[5.5.1182~1-e02e3]:LengthsMatch():nnet-example-utils.cc:585) Supervision does not have expected length for utterance 014070270: expected length = (264 + 3 - 1) / 3 = 88, got: 30 (note: --frame-subsampling-factor=3)
WARNING (nnet3-chain-get-egs[5.5.1182~1-e02e3]:LengthsMatch():nnet-example-utils.cc:585) Supervision does not have expected length for utterance 014070297: expected length = (538 + 3 - 1) / 3 = 180, got: 60 (note: --frame-subsampling-factor=3)
WARNING (nnet3-chain-get-egs[5.5.1182~1-e02e3]:LengthsMatch():nnet-example-utils.cc:585) Supervision does not have expected length for utterance 014070304: expected length = (421 + 3 - 1) / 3 = 141, got: 47 (note: --frame-subsampling-factor=3)
WARNING (nnet3-chain-get-egs[5.5.1182~1-e02e3]:LengthsMatch():nnet-example-utils.cc:585) Supervision does not have expected length for utterance 014070308: expected length = (504 + 3 - 1) / 3 = 168, got: 56 (note: --frame-subsampling-factor=3)
WARNING (nnet3-chain-get-egs[5.5.1182~1-e02e3]:LengthsMatch():nnet-example-utils.cc:585) Supervision does not have expected length for utterance 014070336: expected length = (418 + 3 - 1) / 3 = 140, got: 47 (note: --frame-subsampling-factor=3)
WARNING (nnet3-chain-get-egs[5.5.1182~1-e02e3]:LengthsMatch():nnet-example-utils.cc:585) Supervision does not have expected length for utterance 014070341: expected length = (661 + 3 - 1) / 3 = 221, got: 74 (note: --frame-subsampling-factor=3)
WARNING (nnet3-chain-get-egs[5.5.1182~1-e02e3]:LengthsMatch():nnet-example-utils.cc:585) Supervision does not have expected length for utterance 014070343: expected length = (468 + 3 - 1) / 3 = 156, got: 52 (note: --frame-subsampling-factor=3)
WARNING (nnet3-chain-get-egs[5.5.1182~1-e02e3]:LengthsMatch():nnet-example-utils.cc:585) Supervision does not have expected length for utterance 014070358: expected length = (365 + 3 - 1) / 3 = 122, got: 41 (note: --frame-subsampling-factor=3)
WARNING (nnet3-chain-get-egs[5.5.1182~1-e02e3]:LengthsMatch():nnet-example-utils.cc:585) Supervision does not have expected length for utterance 014180002: expected length = (463 + 3 - 1) / 3 = 155, got: 52 (note: --frame-subsampling-factor=3)
WARNING (nnet3-chain-get-egs[5.5.1182~1-e02e3]:LengthsMatch():nnet-example-utils.cc:585) Supervision does not have expected length for utterance 014180011: expected length = (354 + 3 - 1) / 3 = 118, got: 40 (note: --frame-subsampling-factor=3)
WARNING (nnet3-chain-get-egs[5.5.1182~1-e02e3]:LengthsMatch():nnet-example-utils.cc:585) Supervision does not have expected length for utterance 014180013: expected length = (359 + 3 - 1) / 3 = 120, got: 40 (note: --frame-subsampling-factor=3)
WARNING (nnet3-chain-get-egs[5.5.1182~1-e02e3]:LengthsMatch():nnet-example-utils.cc:585) Supervision does not have expected length for utterance 014180044: expected length = (384 + 3 - 1) / 3 = 128, got: 43 (note: --frame-subsampling-factor=3)
WARNING (nnet3-chain-get-egs[5.5.1182~1-e02e3]:LengthsMatch():nnet-example-utils.cc:585) Supervision does not have expected length for utterance 014180077: expected length = (323 + 3 - 1) / 3 = 108, got: 36 (note: --frame-subsampling-factor=3)
WARNING (nnet3-chain-get-egs[5.5.1182~1-e02e3]:LengthsMatch():nnet-example-utils.cc:585) Supervision does not have expected length for utterance 014180084: expected length = (423 + 3 - 1) / 3 = 141, got: 47 (note: --frame-subsampling-factor=3)
WARNING (nnet3-chain-get-egs[5.5.1182~1-e02e3]:LengthsMatch():nnet-example-utils.cc:585) Supervision does not have expected length for utterance 014180088: expected length = (342 + 3 - 1) / 3 = 114, got: 38 (note: --frame-subsampling-factor=3)
WARNING (nnet3-chain-get-egs[5.5.1182~1-e02e3]:LengthsMatch():nnet-example-utils.cc:585) Supervision does not have expected length for utterance 014180100: expected length = (309 + 3 - 1) / 3 = 103, got: 35 (note: --frame-subsampling-factor=3)
WARNING (nnet3-chain-get-egs[5.5.1182~1-e02e3]:LengthsMatch():nnet-example-utils.cc:585) Supervision does not have expected length for utterance 014180131: expected length = (495 + 3 - 1) / 3 = 165, got: 55 (note: --frame-subsampling-factor=3)
WARNING (nnet3-chain-get-egs[5.5.1182~1-e02e3]:LengthsMatch():nnet-example-utils.cc:585) Supervision does not have expected length for utterance 014180139: expected length = (449 + 3 - 1) / 3 = 150, got: 50 (note: --frame-subsampling-factor=3)
WARNING (nnet3-chain-get-egs[5.5.1182~1-e02e3]:LengthsMatch():nnet-example-utils.cc:585) Supervision does not have expected length for utterance 014180150: expected length = (328 + 3 - 1) / 3 = 110, got: 37 (note: --frame-subsampling-factor=3)
WARNING (nnet3-chain-get-egs[5.5.1182~1-e02e3]:LengthsMatch():nnet-example-utils.cc:585) Supervision does not have expected length for utterance 014180155: expected length = (238 + 3 - 1) / 3 = 80, got: 27 (note: --frame-subsampling-factor=3)
WARNING (nnet3-chain-get-egs[5.5.1182~1-e02e3]:LengthsMatch():nnet-example-utils.cc:585) Supervision does not have expected length for utterance 014180158: expected length = (248 + 3 - 1) / 3 = 83, got: 28 (note: --frame-subsampling-factor=3)
WARNING (nnet3-chain-get-egs[5.5.1182~1-e02e3]:LengthsMatch():nnet-example-utils.cc:585) Supervision does not have expected length for utterance 014180165: expected length = (279 + 3 - 1) / 3 = 93, got: 31 (note: --frame-subsampling-factor=3)
WARNING (nnet3-chain-get-egs[5.5.1182~1-e02e3]:LengthsMatch():nnet-example-utils.cc:585) Supervision does not have expected length for utterance 014180166: expected length = (267 + 3 - 1) / 3 = 89, got: 30 (note: --frame-subsampling-factor=3)
WARNING (nnet3-chain-get-egs[5.5.1182~1-e02e3]:LengthsMatch():nnet-example-utils.cc:585) Supervision does not have expected length for utterance 014190025: expected length = (557 + 3 - 1) / 3 = 186, got: 62 (note: --frame-subsampling-factor=3)
WARNING (nnet3-chain-get-egs[5.5.1182~1-e02e3]:LengthsMatch():nnet-example-utils.cc:585) Supervision does not have expected length for utterance 014190027: expected length = (379 + 3 - 1) / 3 = 127, got: 43 (note: --frame-subsampling-factor=3)
WARNING (nnet3-chain-get-egs[5.5.1182~1-e02e3]:LengthsMatch():nnet-example-utils.cc:585) Supervision does not have expected length for utterance 014190030: expected length = (301 + 3 - 1) / 3 = 101, got: 34 (note: --frame-subsampling-factor=3)
WARNING (nnet3-chain-get-egs[5.5.1182~1-e02e3]:LengthsMatch():nnet-example-utils.cc:585) Supervision does not have expected length for utterance 014190055: expected length = (361 + 3 - 1) / 3 = 121, got: 41 (note: --frame-subsampling-factor=3)
WARNING (nnet3-chain-get-egs[5.5.1182~1-e02e3]:LengthsMatch():nnet-example-utils.cc:585) Supervision does not have expected length for utterance 014190059: expected length = (353 + 3 - 1) / 3 = 118, got: 40 (note: --frame-subsampling-factor=3)
WARNING (nnet3-chain-get-egs[5.5.1182~1-e02e3]:LengthsMatch():nnet-example-utils.cc:585) Supervision does not have expected length for utterance 014190060: expected length = (305 + 3 - 1) / 3 = 102, got: 34 (note: --frame-subsampling-factor=3)
WARNING (nnet3-chain-get-egs[5.5.1182~1-e02e3]:LengthsMatch():nnet-example-utils.cc:585) Supervision does not have expected length for utterance 014190062: expected length = (295 + 3 - 1) / 3 = 99, got: 33 (note: --frame-subsampling-factor=3)
WARNING (nnet3-chain-get-egs[5.5.1182~1-e02e3]:LengthsMatch():nnet-example-utils.cc:585) Supervision does not have expected length for utterance 014190064: expected length = (402 + 3 - 1) / 3 = 134, got: 45 (note: --frame-subsampling-factor=3)
WARNING (nnet3-chain-get-egs[5.5.1182~1-e02e3]:LengthsMatch():nnet-example-utils.cc:585) Supervision does not have expected length for utterance 014190071: expected length = (214 + 3 - 1) / 3 = 72, got: 24 (note: --frame-subsampling-factor=3)
WARNING (nnet3-chain-get-egs[5.5.1182~1-e02e3]:LengthsMatch():nnet-example-utils.cc:585) Supervision does not have expected length for utterance 014190073: expected length = (384 + 3 - 1) / 3 = 128, got: 43 (note: --frame-subsampling-factor=3)
WARNING (nnet3-chain-get-egs[5.5.1182~1-e02e3]:LengthsMatch():nnet-example-utils.cc:585) Supervision does not have expected length for utterance 014190088: expected length = (345 + 3 - 1) / 3 = 115, got: 39 (note: --frame-subsampling-factor=3)
WARNING (nnet3-chain-get-egs[5.5.1182~1-e02e3]:LengthsMatch():nnet-example-utils.cc:585) Supervision does not have expected length for utterance 014190095: expected length = (346 + 3 - 1) / 3 = 116, got: 39 (note: --frame-subsampling-factor=3)
WARNING (nnet3-chain-get-egs[5.5.1182~1-e02e3]:LengthsMatch():nnet-example-utils.cc:585) Supervision does not have expected length for utterance 014190098: expected length = (336 + 3 - 1) / 3 = 112, got: 38 (note: --frame-subsampling-factor=3)
WARNING (nnet3-chain-get-egs[5.5.1182~1-e02e3]:LengthsMatch():nnet-example-utils.cc:585) Supervision does not have expected length for utterance 014190107: expected length = (431 + 3 - 1) / 3 = 144, got: 48 (note: --frame-subsampling-factor=3)
WARNING (nnet3-chain-get-egs[5.5.1182~1-e02e3]:LengthsMatch():nnet-example-utils.cc:585) Supervision does not have expected length for utterance 014190108: expected length = (459 + 3 - 1) / 3 = 153, got: 51 (note: --frame-subsampling-factor=3)
WARNING (nnet3-chain-get-egs[5.5.1182~1-e02e3]:LengthsMatch():nnet-example-utils.cc:585) Supervision does not have expected length for utterance 014190114: expected length = (302 + 3 - 1) / 3 = 101, got: 34 (note: --frame-subsampling-factor=3)
WARNING (nnet3-chain-get-egs[5.5.1182~1-e02e3]:LengthsMatch():nnet-example-utils.cc:585) Supervision does not have expected length for utterance 014190128: expected length = (296 + 3 - 1) / 3 = 99, got: 33 (note: --frame-subsampling-factor=3)
WARNING (nnet3-chain-get-egs[5.5.1182~1-e02e3]:LengthsMatch():nnet-example-utils.cc:585) Supervision does not have expected length for utterance 014190172: expected length = (265 + 3 - 1) / 3 = 89, got: 30 (note: --frame-subsampling-factor=3)
WARNING (nnet3-chain-get-egs[5.5.1182~1-e02e3]:LengthsMatch():nnet-example-utils.cc:585) Supervision does not have expected length for utterance 014350004: expected length = (427 + 3 - 1) / 3 = 143, got: 48 (note: --frame-subsampling-factor=3)
WARNING (nnet3-chain-get-egs[5.5.1182~1-e02e3]:LengthsMatch():nnet-example-utils.cc:585) Supervision does not have expected length for utterance 014350012: expected length = (351 + 3 - 1) / 3 = 117, got: 39 (note: --frame-subsampling-factor=3)
WARNING (nnet3-chain-get-egs[5.5.1182~1-e02e3]:LengthsMatch():nnet-example-utils.cc:585) Supervision does not have expected length for utterance 014350016: expected length = (392 + 3 - 1) / 3 = 131, got: 44 (note: --frame-subsampling-factor=3)
WARNING (nnet3-chain-get-egs[5.5.1182~1-e02e3]:LengthsMatch():nnet-example-utils.cc:585) Supervision does not have expected length for utterance 014350017: expected length = (447 + 3 - 1) / 3 = 149, got: 50 (note: --frame-subsampling-factor=3)
WARNING (nnet3-chain-get-egs[5.5.1182~1-e02e3]:LengthsMatch():nnet-example-utils.cc:585) Supervision does not have expected length for utterance 014350018: expected length = (343 + 3 - 1) / 3 = 115, got: 39 (note: --frame-subsampling-factor=3)
WARNING (nnet3-chain-get-egs[5.5.1182~1-e02e3]:LengthsMatch():nnet-example-utils.cc:585) Supervision does not have expected length for utterance 014350022: expected length = (299 + 3 - 1) / 3 = 100, got: 34 (note: --frame-subsampling-factor=3)
WARNING (nnet3-chain-get-egs[5.5.1182~1-e02e3]:LengthsMatch():nnet-example-utils.cc:585) Supervision does not have expected length for utterance 014350094: expected length = (351 + 3 - 1) / 3 = 117, got: 39 (note: --frame-subsampling-factor=3)
WARNING (nnet3-chain-get-egs[5.5.1182~1-e02e3]:LengthsMatch():nnet-example-utils.cc:585) Supervision does not have expected length for utterance 014350103: expected length = (314 + 3 - 1) / 3 = 105, got: 35 (note: --frame-subsampling-factor=3)
WARNING (nnet3-chain-get-egs[5.5.1182~1-e02e3]:LengthsMatch():nnet-example-utils.cc:585) Supervision does not have expected length for utterance 014350110: expected length = (313 + 3 - 1) / 3 = 105, got: 35 (note: --frame-subsampling-factor=3)
WARNING (nnet3-chain-get-egs[5.5.1182~1-e02e3]:LengthsMatch():nnet-example-utils.cc:585) Supervision does not have expected length for utterance 014350133: expected length = (418 + 3 - 1) / 3 = 140, got: 47 (note: --frame-subsampling-factor=3)
WARNING (nnet3-chain-get-egs[5.5.1182~1-e02e3]:LengthsMatch():nnet-example-utils.cc:585) Supervision does not have expected length for utterance 014350146: expected length = (574 + 3 - 1) / 3 = 192, got: 64 (note: --frame-subsampling-factor=3)
WARNING (nnet3-chain-get-egs[5.5.1182~1-e02e3]:LengthsMatch():nnet-example-utils.cc:585) Supervision does not have expected length for utterance 014350157: expected length = (182 + 3 - 1) / 3 = 61, got: 21 (note: --frame-subsampling-factor=3)
WARNING (nnet3-chain-get-egs[5.5.1182~1-e02e3]:LengthsMatch():nnet-example-utils.cc:585) Supervision does not have expected length for utterance 014350163: expected length = (192 + 3 - 1) / 3 = 64, got: 22 (note: --frame-subsampling-factor=3)
WARNING (nnet3-chain-get-egs[5.5.1182~1-e02e3]:LengthsMatch():nnet-example-utils.cc:585) Supervision does not have expected length for utterance 014350165: expected length = (345 + 3 - 1) / 3 = 115, got: 39 (note: --frame-subsampling-factor=3)
WARNING (nnet3-chain-get-egs[5.5.1182~1-e02e3]:LengthsMatch():nnet-example-utils.cc:585) Supervision does not have expected length for utterance 014390008: expected length = (473 + 3 - 1) / 3 = 158, got: 53 (note: --frame-subsampling-factor=3)
WARNING (nnet3-chain-get-egs[5.5.1182~1-e02e3]:LengthsMatch():nnet-example-utils.cc:585) Supervision does not have expected length for utterance 014390045: expected length = (381 + 3 - 1) / 3 = 127, got: 43 (note: --frame-subsampling-factor=3)
WARNING (nnet3-chain-get-egs[5.5.1182~1-e02e3]:LengthsMatch():nnet-example-utils.cc:585) Supervision does not have expected length for utterance 014390057: expected length = (459 + 3 - 1) / 3 = 153, got: 51 (note: --frame-subsampling-factor=3)
WARNING (nnet3-chain-get-egs[5.5.1182~1-e02e3]:LengthsMatch():nnet-example-utils.cc:585) Supervision does not have expected length for utterance 014390064: expected length = (439 + 3 - 1) / 3 = 147, got: 49 (note: --frame-subsampling-factor=3)
WARNING (nnet3-chain-get-egs[5.5.1182~1-e02e3]:LengthsMatch():nnet-example-utils.cc:585) Supervision does not have expected length for utterance 014390068: expected length = (551 + 3 - 1) / 3 = 184, got: 62 (note: --frame-subsampling-factor=3)
WARNING (nnet3-chain-get-egs[5.5.1182~1-e02e3]:LengthsMatch():nnet-example-utils.cc:585) Supervision does not have expected length for utterance 014390076: expected length = (531 + 3 - 1) / 3 = 177, got: 59 (note: --frame-subsampling-factor=3)
WARNING (nnet3-chain-get-egs[5.5.1182~1-e02e3]:LengthsMatch():nnet-example-utils.cc:585) Supervision does not have expected length for utterance 014390086: expected length = (571 + 3 - 1) / 3 = 191, got: 64 (note: --frame-subsampling-factor=3)
WARNING (nnet3-chain-get-egs[5.5.1182~1-e02e3]:LengthsMatch():nnet-example-utils.cc:585) Supervision does not have expected length for utterance 014390124: expected length = (556 + 3 - 1) / 3 = 186, got: 62 (note: --frame-subsampling-factor=3)
WARNING (nnet3-chain-get-egs[5.5.1182~1-e02e3]:LengthsMatch():nnet-example-utils.cc:585) Supervision does not have expected length for utterance 014390133: expected length = (558 + 3 - 1) / 3 = 186, got: 62 (note: --frame-subsampling-factor=3)
WARNING (nnet3-chain-get-egs[5.5.1182~1-e02e3]:LengthsMatch():nnet-example-utils.cc:585) Supervision does not have expected length for utterance 014390134: expected length = (584 + 3 - 1) / 3 = 195, got: 65 (note: --frame-subsampling-factor=3)
WARNING (nnet3-chain-get-egs[5.5.1182~1-e02e3]:LengthsMatch():nnet-example-utils.cc:585) Supervision does not have expected length for utterance 014390135: expected length = (863 + 3 - 1) / 3 = 288, got: 96 (note: --frame-subsampling-factor=3)
WARNING (nnet3-chain-get-egs[5.5.1182~1-e02e3]:LengthsMatch():nnet-example-utils.cc:585) Supervision does not have expected length for utterance 014390154: expected length = (536 + 3 - 1) / 3 = 179, got: 60 (note: --frame-subsampling-factor=3)
WARNING (nnet3-chain-get-egs[5.5.1182~1-e02e3]:LengthsMatch():nnet-example-utils.cc:585) Supervision does not have expected length for utterance 014470007: expected length = (429 + 3 - 1) / 3 = 143, got: 48 (note: --frame-subsampling-factor=3)
WARNING (nnet3-chain-get-egs[5.5.1182~1-e02e3]:LengthsMatch():nnet-example-utils.cc:585) Supervision does not have expected length for utterance 014470017: expected length = (335 + 3 - 1) / 3 = 112, got: 38 (note: --frame-subsampling-factor=3)
WARNING (nnet3-chain-get-egs[5.5.1182~1-e02e3]:LengthsMatch():nnet-example-utils.cc:585) Supervision does not have expected length for utterance 014470026: expected length = (342 + 3 - 1) / 3 = 114, got: 38 (note: --frame-subsampling-factor=3)
WARNING (nnet3-chain-get-egs[5.5.1182~1-e02e3]:LengthsMatch():nnet-example-utils.cc:585) Supervision does not have expected length for utterance 014470028: expected length = (353 + 3 - 1) / 3 = 118, got: 40 (note: --frame-subsampling-factor=3)
WARNING (nnet3-chain-get-egs[5.5.1182~1-e02e3]:LengthsMatch():nnet-example-utils.cc:585) Supervision does not have expected length for utterance 014470031: expected length = (272 + 3 - 1) / 3 = 91, got: 31 (note: --frame-subsampling-factor=3)
WARNING (nnet3-chain-get-egs[5.5.1182~1-e02e3]:LengthsMatch():nnet-example-utils.cc:585) Supervision does not have expected length for utterance 014470039: expected length = (335 + 3 - 1) / 3 = 112, got: 38 (note: --frame-subsampling-factor=3)
WARNING (nnet3-chain-get-egs[5.5.1182~1-e02e3]:LengthsMatch():nnet-example-utils.cc:585) Supervision does not have expected length for utterance 014470048: expected length = (287 + 3 - 1) / 3 = 96, got: 32 (note: --frame-subsampling-factor=3)
WARNING (nnet3-chain-get-egs[5.5.1182~1-e02e3]:LengthsMatch():nnet-example-utils.cc:585) Supervision does not have expected length for utterance 014470053: expected length = (295 + 3 - 1) / 3 = 99, got: 33 (note: --frame-subsampling-factor=3)
WARNING (nnet3-chain-get-egs[5.5.1182~1-e02e3]:LengthsMatch():nnet-example-utils.cc:585) Supervision does not have expected length for utterance 014470060: expected length = (233 + 3 - 1) / 3 = 78, got: 26 (note: --frame-subsampling-factor=3)
WARNING (nnet3-chain-get-egs[5.5.1182~1-e02e3]:LengthsMatch():nnet-example-utils.cc:585) Supervision does not have expected length for utterance 014470063: expected length = (371 + 3 - 1) / 3 = 124, got: 42 (note: --frame-subsampling-factor=3)
WARNING (nnet3-chain-get-egs[5.5.1182~1-e02e3]:LengthsMatch():nnet-example-utils.cc:585) Supervision does not have expected length for utterance 014470072: expected length = (333 + 3 - 1) / 3 = 111, got: 37 (note: --frame-subsampling-factor=3)
WARNING (nnet3-chain-get-egs[5.5.1182~1-e02e3]:LengthsMatch():nnet-example-utils.cc:585) Supervision does not have expected length for utterance 014470100: expected length = (338 + 3 - 1) / 3 = 113, got: 38 (note: --frame-subsampling-factor=3)
WARNING (nnet3-chain-get-egs[5.5.1182~1-e02e3]:LengthsMatch():nnet-example-utils.cc:585) Supervision does not have expected length for utterance 014470124: expected length = (306 + 3 - 1) / 3 = 102, got: 34 (note: --frame-subsampling-factor=3)
WARNING (nnet3-chain-get-egs[5.5.1182~1-e02e3]:LengthsMatch():nnet-example-utils.cc:585) Supervision does not have expected length for utterance 014470140: expected length = (743 + 3 - 1) / 3 = 248, got: 83 (note: --frame-subsampling-factor=3)
WARNING (nnet3-chain-get-egs[5.5.1182~1-e02e3]:LengthsMatch():nnet-example-utils.cc:585) Supervision does not have expected length for utterance 014470141: expected length = (574 + 3 - 1) / 3 = 192, got: 64 (note: --frame-subsampling-factor=3)
WARNING (nnet3-chain-get-egs[5.5.1182~1-e02e3]:LengthsMatch():nnet-example-utils.cc:585) Supervision does not have expected length for utterance 014470149: expected length = (299 + 3 - 1) / 3 = 100, got: 34 (note: --frame-subsampling-factor=3)
WARNING (nnet3-chain-get-egs[5.5.1182~1-e02e3]:LengthsMatch():nnet-example-utils.cc:585) Supervision does not have expected length for utterance 020220033: expected length = (405 + 3 - 1) / 3 = 135, got: 45 (note: --frame-subsampling-factor=3)
WARNING (nnet3-chain-get-egs[5.5.1182~1-e02e3]:LengthsMatch():nnet-example-utils.cc:585) Supervision does not have expected length for utterance 020220048: expected length = (275 + 3 - 1) / 3 = 92, got: 31 (note: --frame-subsampling-factor=3)
WARNING (nnet3-chain-get-egs[5.5.1182~1-e02e3]:LengthsMatch():nnet-example-utils.cc:585) Supervision does not have expected length for utterance 020220056: expected length = (308 + 3 - 1) / 3 = 103, got: 35 (note: --frame-subsampling-factor=3)
WARNING (nnet3-chain-get-egs[5.5.1182~1-e02e3]:LengthsMatch():nnet-example-utils.cc:585) Supervision does not have expected length for utterance 020220060: expected length = (263 + 3 - 1) / 3 = 88, got: 30 (note: --frame-subsampling-factor=3)
WARNING (nnet3-chain-get-egs[5.5.1182~1-e02e3]:LengthsMatch():nnet-example-utils.cc:585) Supervision does not have expected length for utterance 020220091: expected length = (360 + 3 - 1) / 3 = 120, got: 40 (note: --frame-subsampling-factor=3)
WARNING (nnet3-chain-get-egs[5.5.1182~1-e02e3]:LengthsMatch():nnet-example-utils.cc:585) Supervision does not have expected length for utterance 020220120: expected length = (303 + 3 - 1) / 3 = 101, got: 34 (note: --frame-subsampling-factor=3)
WARNING (nnet3-chain-get-egs[5.5.1182~1-e02e3]:LengthsMatch():nnet-example-utils.cc:585) Supervision does not have expected length for utterance 020220141: expected length = (250 + 3 - 1) / 3 = 84, got: 28 (note: --frame-subsampling-factor=3)
WARNING (nnet3-chain-get-egs[5.5.1182~1-e02e3]:LengthsMatch():nnet-example-utils.cc:585) Supervision does not have expected length for utterance 020220176: expected length = (319 + 3 - 1) / 3 = 107, got: 36 (note: --frame-subsampling-factor=3)
WARNING (nnet3-chain-get-egs[5.5.1182~1-e02e3]:LengthsMatch():nnet-example-utils.cc:585) Supervision does not have expected length for utterance 020220200: expected length = (348 + 3 - 1) / 3 = 116, got: 39 (note: --frame-subsampling-factor=3)
WARNING (nnet3-chain-get-egs[5.5.1182~1-e02e3]:LengthsMatch():nnet-example-utils.cc:585) Supervision does not have expected length for utterance 020220221: expected length = (266 + 3 - 1) / 3 = 89, got: 30 (note: --frame-subsampling-factor=3)
WARNING (nnet3-chain-get-egs[5.5.1182~1-e02e3]:LengthsMatch():nnet-example-utils.cc:585) Supervision does not have expected length for utterance 020220232: expected length = (260 + 3 - 1) / 3 = 87, got: 29 (note: --frame-subsampling-factor=3)
WARNING (nnet3-chain-get-egs[5.5.1182~1-e02e3]:LengthsMatch():nnet-example-utils.cc:585) Supervision does not have expected length for utterance 020220264: expected length = (312 + 3 - 1) / 3 = 104, got: 35 (note: --frame-subsampling-factor=3)
WARNING (nnet3-chain-get-egs[5.5.1182~1-e02e3]:LengthsMatch():nnet-example-utils.cc:585) Supervision does not have expected length for utterance 020220366: expected length = (275 + 3 - 1) / 3 = 92, got: 31 (note: --frame-subsampling-factor=3)
WARNING (nnet3-chain-get-egs[5.5.1182~1-e02e3]:LengthsMatch():nnet-example-utils.cc:585) Supervision does not have expected length for utterance 020340016: expected length = (338 + 3 - 1) / 3 = 113, got: 38 (note: --frame-subsampling-factor=3)
WARNING (nnet3-chain-get-egs[5.5.1182~1-e02e3]:LengthsMatch():nnet-example-utils.cc:585) Supervision does not have expected length for utterance 020340019: expected length = (283 + 3 - 1) / 3 = 95, got: 32 (note: --frame-subsampling-factor=3)
WARNING (nnet3-chain-get-egs[5.5.1182~1-e02e3]:LengthsMatch():nnet-example-utils.cc:585) Supervision does not have expected length for utterance 020340029: expected length = (236 + 3 - 1) / 3 = 79, got: 27 (note: --frame-subsampling-factor=3)
WARNING (nnet3-chain-get-egs[5.5.1182~1-e02e3]:LengthsMatch():nnet-example-utils.cc:585) Supervision does not have expected length for utterance 020340043: expected length = (235 + 3 - 1) / 3 = 79, got: 27 (note: --frame-subsampling-factor=3)
WARNING (nnet3-chain-get-egs[5.5.1182~1-e02e3]:LengthsMatch():nnet-example-utils.cc:585) Supervision does not have expected length for utterance 020340055: expected length = (310 + 3 - 1) / 3 = 104, got: 35 (note: --frame-subsampling-factor=3)
WARNING (nnet3-chain-get-egs[5.5.1182~1-e02e3]:LengthsMatch():nnet-example-utils.cc:585) Supervision does not have expected length for utterance 020340056: expected length = (371 + 3 - 1) / 3 = 124, got: 42 (note: --frame-subsampling-factor=3)
WARNING (nnet3-chain-get-egs[5.5.1182~1-e02e3]:LengthsMatch():nnet-example-utils.cc:585) Supervision does not have expected length for utterance 020340063: expected length = (217 + 3 - 1) / 3 = 73, got: 25 (note: --frame-subsampling-factor=3)
WARNING (nnet3-chain-get-egs[5.5.1182~1-e02e3]:LengthsMatch():nnet-example-utils.cc:585) Supervision does not have expected length for utterance 020340065: expected length = (316 + 3 - 1) / 3 = 106, got: 36 (note: --frame-subsampling-factor=3)
WARNING (nnet3-chain-get-egs[5.5.1182~1-e02e3]:LengthsMatch():nnet-example-utils.cc:585) Supervision does not have expected length for utterance 020340071: expected length = (284 + 3 - 1) / 3 = 95, got: 32 (note: --frame-subsampling-factor=3)
WARNING (nnet3-chain-get-egs[5.5.1182~1-e02e3]:LengthsMatch():nnet-example-utils.cc:585) Supervision does not have expected length for utterance 020340096: expected length = (303 + 3 - 1) / 3 = 101, got: 34 (note: --frame-subsampling-factor=3)
WARNING (nnet3-chain-get-egs[5.5.1182~1-e02e3]:LengthsMatch():nnet-example-utils.cc:585) Supervision does not have expected length for utterance 020340098: expected length = (374 + 3 - 1) / 3 = 125, got: 42 (note: --frame-subsampling-factor=3)
WARNING (nnet3-chain-get-egs[5.5.1182~1-e02e3]:LengthsMatch():nnet-example-utils.cc:585) Supervision does not have expected length for utterance 020340109: expected length = (479 + 3 - 1) / 3 = 160, got: 54 (note: --frame-subsampling-factor=3)
WARNING (nnet3-chain-get-egs[5.5.1182~1-e02e3]:LengthsMatch():nnet-example-utils.cc:585) Supervision does not have expected length for utterance 020340113: expected length = (477 + 3 - 1) / 3 = 159, got: 53 (note: --frame-subsampling-factor=3)
WARNING (nnet3-chain-get-egs[5.5.1182~1-e02e3]:LengthsMatch():nnet-example-utils.cc:585) Supervision does not have expected length for utterance 020340124: expected length = (317 + 3 - 1) / 3 = 106, got: 36 (note: --frame-subsampling-factor=3)
WARNING (nnet3-chain-get-egs[5.5.1182~1-e02e3]:LengthsMatch():nnet-example-utils.cc:585) Supervision does not have expected length for utterance 020340140: expected length = (215 + 3 - 1) / 3 = 72, got: 24 (note: --frame-subsampling-factor=3)
WARNING (nnet3-chain-get-egs[5.5.1182~1-e02e3]:LengthsMatch():nnet-example-utils.cc:585) Supervision does not have expected length for utterance 020340144: expected length = (396 + 3 - 1) / 3 = 132, got: 44 (note: --frame-subsampling-factor=3)
WARNING (nnet3-chain-get-egs[5.5.1182~1-e02e3]:LengthsMatch():nnet-example-utils.cc:585) Supervision does not have expected length for utterance 020340156: expected length = (396 + 3 - 1) / 3 = 132, got: 44 (note: --frame-subsampling-factor=3)
WARNING (nnet3-chain-get-egs[5.5.1182~1-e02e3]:LengthsMatch():nnet-example-utils.cc:585) Supervision does not have expected length for utterance 020340162: expected length = (255 + 3 - 1) / 3 = 85, got: 29 (note: --frame-subsampling-factor=3)
WARNING (nnet3-chain-get-egs[5.5.1182~1-e02e3]:LengthsMatch():nnet-example-utils.cc:585) Supervision does not have expected length for utterance 020340166: expected length = (196 + 3 - 1) / 3 = 66, got: 22 (note: --frame-subsampling-factor=3)
WARNING (nnet3-chain-get-egs[5.5.1182~1-e02e3]:LengthsMatch():nnet-example-utils.cc:585) Supervision does not have expected length for utterance 020340169: expected length = (233 + 3 - 1) / 3 = 78, got: 26 (note: --frame-subsampling-factor=3)
WARNING (nnet3-chain-get-egs[5.5.1182~1-e02e3]:LengthsMatch():nnet-example-utils.cc:585) Supervision does not have expected length for utterance 020360036: expected length = (312 + 3 - 1) / 3 = 104, got: 35 (note: --frame-subsampling-factor=3)
WARNING (nnet3-chain-get-egs[5.5.1182~1-e02e3]:LengthsMatch():nnet-example-utils.cc:585) Supervision does not have expected length for utterance 020360055: expected length = (464 + 3 - 1) / 3 = 155, got: 52 (note: --frame-subsampling-factor=3)
WARNING (nnet3-chain-get-egs[5.5.1182~1-e02e3]:LengthsMatch():nnet-example-utils.cc:585) Supervision does not have expected length for utterance 020360097: expected length = (388 + 3 - 1) / 3 = 130, got: 44 (note: --frame-subsampling-factor=3)
WARNING (nnet3-chain-get-egs[5.5.1182~1-e02e3]:LengthsMatch():nnet-example-utils.cc:585) Supervision does not have expected length for utterance 020360100: expected length = (365 + 3 - 1) / 3 = 122, got: 41 (note: --frame-subsampling-factor=3)
WARNING (chain-get-supervision[5.5.1182~1-e02e3]:ProtoSupervisionToSupervision():chain-supervision.cc:393) Supervision FST is empty (too many phones for too few frames?)
WARNING (chain-get-supervision[5.5.1182~1-e02e3]:ProcessSupervision():chain-get-supervision.cc:43) Failed creating supervision for utterance 020360131
WARNING (nnet3-chain-get-egs[5.5.1182~1-e02e3]:main():nnet3-chain-get-egs.cc:393) No pdf-level posterior for key 020360131
WARNING (nnet3-chain-get-egs[5.5.1182~1-e02e3]:LengthsMatch():nnet-example-utils.cc:585) Supervision does not have expected length for utterance 020360136: expected length = (292 + 3 - 1) / 3 = 98, got: 33 (note: --frame-subsampling-factor=3)
WARNING (nnet3-chain-get-egs[5.5.1182~1-e02e3]:LengthsMatch():nnet-example-utils.cc:585) Supervision does not have expected length for utterance 020360143: expected length = (316 + 3 - 1) / 3 = 106, got: 36 (note: --frame-subsampling-factor=3)
WARNING (nnet3-chain-get-egs[5.5.1182~1-e02e3]:LengthsMatch():nnet-example-utils.cc:585) Supervision does not have expected length for utterance 020360202: expected length = (340 + 3 - 1) / 3 = 114, got: 38 (note: --frame-subsampling-factor=3)
WARNING (chain-get-supervision[5.5.1182~1-e02e3]:ProtoSupervisionToSupervision():chain-supervision.cc:393) Supervision FST is empty (too many phones for too few frames?)
WARNING (chain-get-supervision[5.5.1182~1-e02e3]:ProcessSupervision():chain-get-supervision.cc:43) Failed creating supervision for utterance 020360211
WARNING (nnet3-chain-get-egs[5.5.1182~1-e02e3]:main():nnet3-chain-get-egs.cc:393) No pdf-level posterior for key 020360211
WARNING (nnet3-chain-get-egs[5.5.1182~1-e02e3]:LengthsMatch():nnet-example-utils.cc:585) Supervision does not have expected length for utterance 020360220: expected length = (311 + 3 - 1) / 3 = 104, got: 35 (note: --frame-subsampling-factor=3)
WARNING (nnet3-chain-get-egs[5.5.1182~1-e02e3]:LengthsMatch():nnet-example-utils.cc:585) Supervision does not have expected length for utterance 020360228: expected length = (289 + 3 - 1) / 3 = 97, got: 33 (note: --frame-subsampling-factor=3)
WARNING (nnet3-chain-get-egs[5.5.1182~1-e02e3]:LengthsMatch():nnet-example-utils.cc:585) Supervision does not have expected length for utterance 020360299: expected length = (405 + 3 - 1) / 3 = 135, got: 45 (note: --frame-subsampling-factor=3)
WARNING (nnet3-chain-get-egs[5.5.1182~1-e02e3]:LengthsMatch():nnet-example-utils.cc:585) Supervision does not have expected length for utterance 020360301: expected length = (269 + 3 - 1) / 3 = 90, got: 30 (note: --frame-subsampling-factor=3)
WARNING (nnet3-chain-get-egs[5.5.1182~1-e02e3]:LengthsMatch():nnet-example-utils.cc:585) Supervision does not have expected length for utterance 020360302: expected length = (349 + 3 - 1) / 3 = 117, got: 39 (note: --frame-subsampling-factor=3)
WARNING (nnet3-chain-get-egs[5.5.1182~1-e02e3]:LengthsMatch():nnet-example-utils.cc:585) Supervision does not have expected length for utterance 020590022: expected length = (409 + 3 - 1) / 3 = 137, got: 46 (note: --frame-subsampling-factor=3)
WARNING (nnet3-chain-get-egs[5.5.1182~1-e02e3]:LengthsMatch():nnet-example-utils.cc:585) Supervision does not have expected length for utterance 020590047: expected length = (301 + 3 - 1) / 3 = 101, got: 34 (note: --frame-subsampling-factor=3)
WARNING (nnet3-chain-get-egs[5.5.1182~1-e02e3]:LengthsMatch():nnet-example-utils.cc:585) Supervision does not have expected length for utterance 020590077: expected length = (488 + 3 - 1) / 3 = 163, got: 55 (note: --frame-subsampling-factor=3)
WARNING (nnet3-chain-get-egs[5.5.1182~1-e02e3]:LengthsMatch():nnet-example-utils.cc:585) Supervision does not have expected length for utterance 020590103: expected length = (429 + 3 - 1) / 3 = 143, got: 48 (note: --frame-subsampling-factor=3)
WARNING (nnet3-chain-get-egs[5.5.1182~1-e02e3]:LengthsMatch():nnet-example-utils.cc:585) Supervision does not have expected length for utterance 020590123: expected length = (349 + 3 - 1) / 3 = 117, got: 39 (note: --frame-subsampling-factor=3)
WARNING (nnet3-chain-get-egs[5.5.1182~1-e02e3]:LengthsMatch():nnet-example-utils.cc:585) Supervision does not have expected length for utterance 020590144: expected length = (371 + 3 - 1) / 3 = 124, got: 42 (note: --frame-subsampling-factor=3)
WARNING (nnet3-chain-get-egs[5.5.1182~1-e02e3]:LengthsMatch():nnet-example-utils.cc:585) Supervision does not have expected length for utterance 020590151: expected length = (314 + 3 - 1) / 3 = 105, got: 35 (note: --frame-subsampling-factor=3)
WARNING (nnet3-chain-get-egs[5.5.1182~1-e02e3]:LengthsMatch():nnet-example-utils.cc:585) Supervision does not have expected length for utterance 020590164: expected length = (314 + 3 - 1) / 3 = 105, got: 35 (note: --frame-subsampling-factor=3)
WARNING (nnet3-chain-get-egs[5.5.1182~1-e02e3]:LengthsMatch():nnet-example-utils.cc:585) Supervision does not have expected length for utterance 020590181: expected length = (317 + 3 - 1) / 3 = 106, got: 36 (note: --frame-subsampling-factor=3)
WARNING (nnet3-chain-get-egs[5.5.1182~1-e02e3]:LengthsMatch():nnet-example-utils.cc:585) Supervision does not have expected length for utterance 020590228: expected length = (418 + 3 - 1) / 3 = 140, got: 47 (note: --frame-subsampling-factor=3)
WARNING (nnet3-chain-get-egs[5.5.1182~1-e02e3]:LengthsMatch():nnet-example-utils.cc:585) Supervision does not have expected length for utterance 020590274: expected length = (394 + 3 - 1) / 3 = 132, got: 44 (note: --frame-subsampling-factor=3)
WARNING (nnet3-chain-get-egs[5.5.1182~1-e02e3]:LengthsMatch():nnet-example-utils.cc:585) Supervision does not have expected length for utterance 020590276: expected length = (467 + 3 - 1) / 3 = 156, got: 52 (note: --frame-subsampling-factor=3)
WARNING (nnet3-chain-get-egs[5.5.1182~1-e02e3]:LengthsMatch():nnet-example-utils.cc:585) Supervision does not have expected length for utterance 020590322: expected length = (415 + 3 - 1) / 3 = 139, got: 47 (note: --frame-subsampling-factor=3)
WARNING (nnet3-chain-get-egs[5.5.1182~1-e02e3]:LengthsMatch():nnet-example-utils.cc:585) Supervision does not have expected length for utterance 020590359: expected length = (298 + 3 - 1) / 3 = 100, got: 34 (note: --frame-subsampling-factor=3)
WARNING (nnet3-chain-get-egs[5.5.1182~1-e02e3]:LengthsMatch():nnet-example-utils.cc:585) Supervision does not have expected length for utterance 020590376: expected length = (462 + 3 - 1) / 3 = 154, got: 52 (note: --frame-subsampling-factor=3)
WARNING (nnet3-chain-get-egs[5.5.1182~1-e02e3]:LengthsMatch():nnet-example-utils.cc:585) Supervision does not have expected length for utterance 020610014: expected length = (303 + 3 - 1) / 3 = 101, got: 34 (note: --frame-subsampling-factor=3)
WARNING (nnet3-chain-get-egs[5.5.1182~1-e02e3]:LengthsMatch():nnet-example-utils.cc:585) Supervision does not have expected length for utterance 020610061: expected length = (519 + 3 - 1) / 3 = 173, got: 58 (note: --frame-subsampling-factor=3)
WARNING (nnet3-chain-get-egs[5.5.1182~1-e02e3]:LengthsMatch():nnet-example-utils.cc:585) Supervision does not have expected length for utterance 020610090: expected length = (376 + 3 - 1) / 3 = 126, got: 42 (note: --frame-subsampling-factor=3)
WARNING (nnet3-chain-get-egs[5.5.1182~1-e02e3]:LengthsMatch():nnet-example-utils.cc:585) Supervision does not have expected length for utterance 020610122: expected length = (387 + 3 - 1) / 3 = 129, got: 43 (note: --frame-subsampling-factor=3)
WARNING (nnet3-chain-get-egs[5.5.1182~1-e02e3]:LengthsMatch():nnet-example-utils.cc:585) Supervision does not have expected length for utterance 020610134: expected length = (300 + 3 - 1) / 3 = 100, got: 34 (note: --frame-subsampling-factor=3)
WARNING (nnet3-chain-get-egs[5.5.1182~1-e02e3]:LengthsMatch():nnet-example-utils.cc:585) Supervision does not have expected length for utterance 020610174: expected length = (413 + 3 - 1) / 3 = 138, got: 46 (note: --frame-subsampling-factor=3)
WARNING (nnet3-chain-get-egs[5.5.1182~1-e02e3]:LengthsMatch():nnet-example-utils.cc:585) Supervision does not have expected length for utterance 020610206: expected length = (311 + 3 - 1) / 3 = 104, got: 35 (note: --frame-subsampling-factor=3)
WARNING (nnet3-chain-get-egs[5.5.1182~1-e02e3]:LengthsMatch():nnet-example-utils.cc:585) Supervision does not have expected length for utterance 020610207: expected length = (484 + 3 - 1) / 3 = 162, got: 54 (note: --frame-subsampling-factor=3)
WARNING (nnet3-chain-get-egs[5.5.1182~1-e02e3]:LengthsMatch():nnet-example-utils.cc:585) Supervision does not have expected length for utterance 020610291: expected length = (271 + 3 - 1) / 3 = 91, got: 31 (note: --frame-subsampling-factor=3)
WARNING (nnet3-chain-get-egs[5.5.1182~1-e02e3]:LengthsMatch():nnet-example-utils.cc:585) Supervision does not have expected length for utterance 020610302: expected length = (405 + 3 - 1) / 3 = 135, got: 45 (note: --frame-subsampling-factor=3)
WARNING (nnet3-chain-get-egs[5.5.1182~1-e02e3]:LengthsMatch():nnet-example-utils.cc:585) Supervision does not have expected length for utterance 020610341: expected length = (574 + 3 - 1) / 3 = 192, got: 64 (note: --frame-subsampling-factor=3)
WARNING (chain-get-supervision[5.5.1182~1-e02e3]:ProtoSupervisionToSupervision():chain-supervision.cc:393) Supervision FST is empty (too many phones for too few frames?)
WARNING (chain-get-supervision[5.5.1182~1-e02e3]:ProcessSupervision():chain-get-supervision.cc:43) Failed creating supervision for utterance 020890003
WARNING (nnet3-chain-get-egs[5.5.1182~1-e02e3]:main():nnet3-chain-get-egs.cc:393) No pdf-level posterior for key 020890003
WARNING (nnet3-chain-get-egs[5.5.1182~1-e02e3]:LengthsMatch():nnet-example-utils.cc:585) Supervision does not have expected length for utterance 020890037: expected length = (317 + 3 - 1) / 3 = 106, got: 36 (note: --frame-subsampling-factor=3)
WARNING (nnet3-chain-get-egs[5.5.1182~1-e02e3]:LengthsMatch():nnet-example-utils.cc:585) Supervision does not have expected length for utterance 020890112: expected length = (321 + 3 - 1) / 3 = 107, got: 36 (note: --frame-subsampling-factor=3)
WARNING (nnet3-chain-get-egs[5.5.1182~1-e02e3]:LengthsMatch():nnet-example-utils.cc:585) Supervision does not have expected length for utterance 020890134: expected length = (287 + 3 - 1) / 3 = 96, got: 32 (note: --frame-subsampling-factor=3)
WARNING (nnet3-chain-get-egs[5.5.1182~1-e02e3]:LengthsMatch():nnet-example-utils.cc:585) Supervision does not have expected length for utterance 020890156: expected length = (301 + 3 - 1) / 3 = 101, got: 34 (note: --frame-subsampling-factor=3)
WARNING (nnet3-chain-get-egs[5.5.1182~1-e02e3]:LengthsMatch():nnet-example-utils.cc:585) Supervision does not have expected length for utterance 020890165: expected length = (324 + 3 - 1) / 3 = 108, got: 36 (note: --frame-subsampling-factor=3)
WARNING (nnet3-chain-get-egs[5.5.1182~1-e02e3]:LengthsMatch():nnet-example-utils.cc:585) Supervision does not have expected length for utterance 020890206: expected length = (372 + 3 - 1) / 3 = 124, got: 42 (note: --frame-subsampling-factor=3)
WARNING (nnet3-chain-get-egs[5.5.1182~1-e02e3]:LengthsMatch():nnet-example-utils.cc:585) Supervision does not have expected length for utterance 020890215: expected length = (340 + 3 - 1) / 3 = 114, got: 38 (note: --frame-subsampling-factor=3)
LOG (lattice-align-phones[5.5.1182~1-e02e3]:main():lattice-align-phones.cc:105) Successfully aligned 218 lattices; 0 had errors.
WARNING (nnet3-chain-get-egs[5.5.1182~1-e02e3]:LengthsMatch():nnet-example-utils.cc:585) Supervision does not have expected length for utterance 020890219: expected length = (310 + 3 - 1) / 3 = 104, got: 35 (note: --frame-subsampling-factor=3)
WARNING (chain-get-supervision[5.5.1182~1-e02e3]:ProtoSupervisionToSupervision():chain-supervision.cc:393) Supervision FST is empty (too many phones for too few frames?)
WARNING (chain-get-supervision[5.5.1182~1-e02e3]:ProcessSupervision():chain-get-supervision.cc:43) Failed creating supervision for utterance 020890260
WARNING (nnet3-chain-get-egs[5.5.1182~1-e02e3]:LengthsMatch():nnet-example-utils.cc:585) Supervision does not have expected length for utterance 020890259: expected length = (307 + 3 - 1) / 3 = 103, got: 35 (note: --frame-subsampling-factor=3)
WARNING (nnet3-chain-get-egs[5.5.1182~1-e02e3]:main():nnet3-chain-get-egs.cc:393) No pdf-level posterior for key 020890260
WARNING (nnet3-chain-get-egs[5.5.1182~1-e02e3]:LengthsMatch():nnet-example-utils.cc:585) Supervision does not have expected length for utterance 020890267: expected length = (323 + 3 - 1) / 3 = 108, got: 36 (note: --frame-subsampling-factor=3)
WARNING (nnet3-chain-get-egs[5.5.1182~1-e02e3]:LengthsMatch():nnet-example-utils.cc:585) Supervision does not have expected length for utterance 020890274: expected length = (459 + 3 - 1) / 3 = 153, got: 51 (note: --frame-subsampling-factor=3)
WARNING (nnet3-chain-get-egs[5.5.1182~1-e02e3]:LengthsMatch():nnet-example-utils.cc:585) Supervision does not have expected length for utterance 020890306: expected length = (350 + 3 - 1) / 3 = 117, got: 39 (note: --frame-subsampling-factor=3)
WARNING (nnet3-chain-get-egs[5.5.1182~1-e02e3]:LengthsMatch():nnet-example-utils.cc:585) Supervision does not have expected length for utterance 020890313: expected length = (326 + 3 - 1) / 3 = 109, got: 37 (note: --frame-subsampling-factor=3)
WARNING (nnet3-chain-get-egs[5.5.1182~1-e02e3]:LengthsMatch():nnet-example-utils.cc:585) Supervision does not have expected length for utterance 020890326: expected length = (527 + 3 - 1) / 3 = 176, got: 59 (note: --frame-subsampling-factor=3)
LOG (apply-cmvn[5.5.1182~1-e02e3]:main():apply-cmvn.cc:162) Applied cepstral mean normalization to 182 utterances, errors on 0
WARNING (chain-get-supervision[5.5.1182~1-e02e3]:ProtoSupervisionToSupervision():chain-supervision.cc:393) Supervision FST is empty (too many phones for too few frames?)
WARNING (chain-get-supervision[5.5.1182~1-e02e3]:ProcessSupervision():chain-get-supervision.cc:43) Failed creating supervision for utterance 020890346
LOG (chain-get-supervision[5.5.1182~1-e02e3]:main():chain-get-supervision.cc:150) Generated chain supervision information for 213 utterances, errors on 5
WARNING (nnet3-chain-get-egs[5.5.1182~1-e02e3]:main():nnet3-chain-get-egs.cc:393) No pdf-level posterior for key 020890346
WARNING (nnet3-chain-get-egs[5.5.1182~1-e02e3]:LengthsMatch():nnet-example-utils.cc:585) Supervision does not have expected length for utterance 020890371: expected length = (303 + 3 - 1) / 3 = 101, got: 34 (note: --frame-subsampling-factor=3)
WARNING (nnet3-chain-get-egs[5.5.1182~1-e02e3]:main():nnet3-chain-get-egs.cc:442) 182 utterances had errors and could not be processed.
LOG (nnet3-chain-get-egs[5.5.1182~1-e02e3]:~UtteranceSplitter():nnet-example-utils.cc:373) Split 0 utts, with total length 0 frames (0 hours assuming 100 frames per second) into 0 chunks.
LOG (nnet3-chain-get-egs[5.5.1182~1-e02e3]:~UtteranceSplitter():nnet-example-utils.cc:383) Average chunk length was -nan frames; overlap between adjacent chunks was -nan% of input length; length of output was -nan% of input length (minus overlap = -nan%).
LOG (nnet3-chain-copy-egs[5.5.1182~1-e02e3]:main():nnet3-chain-copy-egs.cc:393) Read 0 neural-network training examples, wrote 0
# Accounting: time=1 threads=1
# Ended (code 1) at Thu Oct 23 10:38:40 IST 2025, elapsed time 1 seconds
