# compile-train-graphs --read-disambig-syms=/home/mcw/durga/kaldi/libreespeech2/0013_librispeech_v1_lm/data/lang_test_tgsmall/phones/disambig.int --transition-scale=1.0 --self-loop-scale=1.0 tune/align_lats_speechocean762/tree /home/mcw/durga/kaldi/libreespeech2/0013_librispeech_v1_chain/exp/chain_cleaned/tdnn_1d_sp/final.mdl /home/mcw/durga/kaldi/libreespeech2/0013_librispeech_v1_lm/data/lang_test_tgsmall/L.fst "ark:utils/sym2int.pl --map-oov 3 -f 2- /home/mcw/durga/kaldi/libreespeech2/0013_librispeech_v1_lm/data/lang_test_tgsmall/words.txt data/speechocean762_train/split10/1/text|" "ark:|gzip -c >tune/align_lats_speechocean762/fsts.1.gz" 
# Started at Thu Oct 23 10:36:12 IST 2025
#
compile-train-graphs --read-disambig-syms=/home/mcw/durga/kaldi/libreespeech2/0013_librispeech_v1_lm/data/lang_test_tgsmall/phones/disambig.int --transition-scale=1.0 --self-loop-scale=1.0 tune/align_lats_speechocean762/tree /home/mcw/durga/kaldi/libreespeech2/0013_librispeech_v1_chain/exp/chain_cleaned/tdnn_1d_sp/final.mdl /home/mcw/durga/kaldi/libreespeech2/0013_librispeech_v1_lm/data/lang_test_tgsmall/L.fst 'ark:utils/sym2int.pl --map-oov 3 -f 2- /home/mcw/durga/kaldi/libreespeech2/0013_librispeech_v1_lm/data/lang_test_tgsmall/words.txt data/speechocean762_train/split10/1/text|' 'ark:|gzip -c >tune/align_lats_speechocean762/fsts.1.gz' 
sym2int.pl: replacing RESTROOM with 3
sym2int.pl: replacing LAYLA with 3
sym2int.pl: replacing HOMETOWN with 3
sym2int.pl: replacing LAYLA with 3
sym2int.pl: replacing RESTROOM with 3
sym2int.pl: replacing LYNDA with 3
sym2int.pl: replacing LAYLA with 3
sym2int.pl: replacing LIYA with 3
sym2int.pl: replacing LAYLA with 3
sym2int.pl: replacing LAYLA with 3
sym2int.pl: replacing LAYLA with 3
sym2int.pl: replacing SURFING with 3
** Replaced 12 instances of OOVs with 3
LOG (compile-train-graphs[5.5.1182~1-e02e3]:main():compile-train-graphs.cc:147) compile-train-graphs: succeeded for 230 graphs, failed for 0
# Accounting: time=3 threads=1
# Ended (code 0) at Thu Oct 23 10:36:15 IST 2025, elapsed time 3 seconds
