# nnet3-latgen-faster --acoustic-scale=1.0 --online-ivectors=scp:tune/nnet3_cleaned/ivectors_speechocean762_train/ivector_online.scp --online-ivector-period=10 --frame-subsampling-factor=3 --frames-per-chunk=50 --extra-left-context=0 --extra-right-context=0 --extra-left-context-initial=-1 --extra-right-context-final=-1 --beam=20 --lattice-beam=20 --allow-partial=false --word-determinize=false /home/mcw/durga/kaldi/libreespeech2/0013_librispeech_v1_chain/exp/chain_cleaned/tdnn_1d_sp/final.mdl "ark:gunzip -c tune/align_lats_speechocean762/fsts.9.gz |" "ark,s,cs:apply-cmvn --norm-means=false --norm-vars=false --utt2spk=ark:data/speechocean762_train/split10/9/utt2spk scp:data/speechocean762_train/split10/9/cmvn.scp scp:data/speechocean762_train/split10/9/feats.scp ark:- |" "ark:|gzip -c >tune/align_lats_speechocean762/lat.9.gz" 
# Started at Thu Oct 23 10:36:15 IST 2025
#
nnet3-latgen-faster --acoustic-scale=1.0 --online-ivectors=scp:tune/nnet3_cleaned/ivectors_speechocean762_train/ivector_online.scp --online-ivector-period=10 --frame-subsampling-factor=3 --frames-per-chunk=50 --extra-left-context=0 --extra-right-context=0 --extra-left-context-initial=-1 --extra-right-context-final=-1 --beam=20 --lattice-beam=20 --allow-partial=false --word-determinize=false /home/mcw/durga/kaldi/libreespeech2/0013_librispeech_v1_chain/exp/chain_cleaned/tdnn_1d_sp/final.mdl 'ark:gunzip -c tune/align_lats_speechocean762/fsts.9.gz |' 'ark,s,cs:apply-cmvn --norm-means=false --norm-vars=false --utt2spk=ark:data/speechocean762_train/split10/9/utt2spk scp:data/speechocean762_train/split10/9/cmvn.scp scp:data/speechocean762_train/split10/9/feats.scp ark:- |' 'ark:|gzip -c >tune/align_lats_speechocean762/lat.9.gz' 
LOG (nnet3-latgen-faster[5.5.1182~1-e02e3]:RemoveOrphanNodes():nnet-nnet.cc:948) Removed 1 orphan nodes.
LOG (nnet3-latgen-faster[5.5.1182~1-e02e3]:RemoveOrphanComponents():nnet-nnet.cc:847) Removing 2 orphan components.
LOG (nnet3-latgen-faster[5.5.1182~1-e02e3]:Collapse():nnet-utils.cc:1488) Added 1 components, removed 2
apply-cmvn --norm-means=false --norm-vars=false --utt2spk=ark:data/speechocean762_train/split10/9/utt2spk scp:data/speechocean762_train/split10/9/cmvn.scp scp:data/speechocean762_train/split10/9/feats.scp ark:- 
LOG (nnet3-latgen-faster[5.5.1182~1-e02e3]:CheckAndFixConfigs():nnet-am-decodable-simple.cc:294) Increasing --frames-per-chunk from 50 to 51 to make it a multiple of --frame-subsampling-factor=3
LOG (nnet3-latgen-faster[5.5.1182~1-e02e3]:DecodeUtteranceLatticeFaster():decoder-wrappers.cc:375) Log-like per frame for utterance 085850006 is 3.34652 over 123 frames.
LOG (nnet3-latgen-faster[5.5.1182~1-e02e3]:DecodeUtteranceLatticeFaster():decoder-wrappers.cc:375) Log-like per frame for utterance 085850024 is 3.16336 over 94 frames.
LOG (nnet3-latgen-faster[5.5.1182~1-e02e3]:DecodeUtteranceLatticeFaster():decoder-wrappers.cc:375) Log-like per frame for utterance 085850039 is 2.97797 over 120 frames.
LOG (nnet3-latgen-faster[5.5.1182~1-e02e3]:DecodeUtteranceLatticeFaster():decoder-wrappers.cc:375) Log-like per frame for utterance 085850042 is 2.81715 over 171 frames.
LOG (nnet3-latgen-faster[5.5.1182~1-e02e3]:DecodeUtteranceLatticeFaster():decoder-wrappers.cc:375) Log-like per frame for utterance 085850044 is 3.21176 over 94 frames.
LOG (nnet3-latgen-faster[5.5.1182~1-e02e3]:DecodeUtteranceLatticeFaster():decoder-wrappers.cc:375) Log-like per frame for utterance 085850046 is 3.25607 over 93 frames.
LOG (nnet3-latgen-faster[5.5.1182~1-e02e3]:DecodeUtteranceLatticeFaster():decoder-wrappers.cc:375) Log-like per frame for utterance 085850056 is 3.06104 over 131 frames.
LOG (nnet3-latgen-faster[5.5.1182~1-e02e3]:DecodeUtteranceLatticeFaster():decoder-wrappers.cc:375) Log-like per frame for utterance 085850075 is 3.23627 over 89 frames.
LOG (nnet3-latgen-faster[5.5.1182~1-e02e3]:DecodeUtteranceLatticeFaster():decoder-wrappers.cc:375) Log-like per frame for utterance 085850088 is 3.30028 over 89 frames.
LOG (nnet3-latgen-faster[5.5.1182~1-e02e3]:DecodeUtteranceLatticeFaster():decoder-wrappers.cc:375) Log-like per frame for utterance 085850092 is 3.04005 over 117 frames.
LOG (nnet3-latgen-faster[5.5.1182~1-e02e3]:DecodeUtteranceLatticeFaster():decoder-wrappers.cc:375) Log-like per frame for utterance 085850094 is 3.73874 over 83 frames.
LOG (nnet3-latgen-faster[5.5.1182~1-e02e3]:DecodeUtteranceLatticeFaster():decoder-wrappers.cc:375) Log-like per frame for utterance 085850101 is 3.55537 over 77 frames.
LOG (nnet3-latgen-faster[5.5.1182~1-e02e3]:DecodeUtteranceLatticeFaster():decoder-wrappers.cc:375) Log-like per frame for utterance 085850108 is 3.00607 over 137 frames.
LOG (nnet3-latgen-faster[5.5.1182~1-e02e3]:DecodeUtteranceLatticeFaster():decoder-wrappers.cc:375) Log-like per frame for utterance 085850112 is 3.58916 over 88 frames.
LOG (nnet3-latgen-faster[5.5.1182~1-e02e3]:DecodeUtteranceLatticeFaster():decoder-wrappers.cc:375) Log-like per frame for utterance 085850119 is 3.55349 over 94 frames.
LOG (nnet3-latgen-faster[5.5.1182~1-e02e3]:DecodeUtteranceLatticeFaster():decoder-wrappers.cc:375) Log-like per frame for utterance 085850138 is 2.46462 over 121 frames.
LOG (nnet3-latgen-faster[5.5.1182~1-e02e3]:DecodeUtteranceLatticeFaster():decoder-wrappers.cc:375) Log-like per frame for utterance 085850146 is 3.26376 over 95 frames.
LOG (nnet3-latgen-faster[5.5.1182~1-e02e3]:DecodeUtteranceLatticeFaster():decoder-wrappers.cc:375) Log-like per frame for utterance 085850170 is 2.81317 over 103 frames.
LOG (nnet3-latgen-faster[5.5.1182~1-e02e3]:DecodeUtteranceLatticeFaster():decoder-wrappers.cc:375) Log-like per frame for utterance 090340002 is 2.97893 over 124 frames.
LOG (nnet3-latgen-faster[5.5.1182~1-e02e3]:DecodeUtteranceLatticeFaster():decoder-wrappers.cc:375) Log-like per frame for utterance 090340032 is 3.021 over 131 frames.
LOG (nnet3-latgen-faster[5.5.1182~1-e02e3]:DecodeUtteranceLatticeFaster():decoder-wrappers.cc:375) Log-like per frame for utterance 090340039 is 2.72565 over 140 frames.
LOG (nnet3-latgen-faster[5.5.1182~1-e02e3]:DecodeUtteranceLatticeFaster():decoder-wrappers.cc:375) Log-like per frame for utterance 090340041 is 3.06579 over 111 frames.
LOG (nnet3-latgen-faster[5.5.1182~1-e02e3]:DecodeUtteranceLatticeFaster():decoder-wrappers.cc:375) Log-like per frame for utterance 090340043 is 2.53793 over 178 frames.
LOG (nnet3-latgen-faster[5.5.1182~1-e02e3]:DecodeUtteranceLatticeFaster():decoder-wrappers.cc:375) Log-like per frame for utterance 090340054 is 3.50972 over 96 frames.
LOG (nnet3-latgen-faster[5.5.1182~1-e02e3]:DecodeUtteranceLatticeFaster():decoder-wrappers.cc:375) Log-like per frame for utterance 090340071 is 3.52678 over 83 frames.
LOG (nnet3-latgen-faster[5.5.1182~1-e02e3]:DecodeUtteranceLatticeFaster():decoder-wrappers.cc:375) Log-like per frame for utterance 090340085 is 3.56244 over 96 frames.
LOG (nnet3-latgen-faster[5.5.1182~1-e02e3]:DecodeUtteranceLatticeFaster():decoder-wrappers.cc:375) Log-like per frame for utterance 090340088 is 3.29061 over 77 frames.
LOG (nnet3-latgen-faster[5.5.1182~1-e02e3]:DecodeUtteranceLatticeFaster():decoder-wrappers.cc:375) Log-like per frame for utterance 090340090 is 2.92254 over 141 frames.
LOG (nnet3-latgen-faster[5.5.1182~1-e02e3]:DecodeUtteranceLatticeFaster():decoder-wrappers.cc:375) Log-like per frame for utterance 090340114 is 2.84766 over 148 frames.
LOG (nnet3-latgen-faster[5.5.1182~1-e02e3]:DecodeUtteranceLatticeFaster():decoder-wrappers.cc:375) Log-like per frame for utterance 090340126 is 3.24791 over 121 frames.
LOG (nnet3-latgen-faster[5.5.1182~1-e02e3]:DecodeUtteranceLatticeFaster():decoder-wrappers.cc:375) Log-like per frame for utterance 090340131 is 3.04038 over 102 frames.
LOG (nnet3-latgen-faster[5.5.1182~1-e02e3]:DecodeUtteranceLatticeFaster():decoder-wrappers.cc:375) Log-like per frame for utterance 090340155 is 2.96152 over 157 frames.
LOG (nnet3-latgen-faster[5.5.1182~1-e02e3]:DecodeUtteranceLatticeFaster():decoder-wrappers.cc:375) Log-like per frame for utterance 090340158 is 2.99636 over 98 frames.
LOG (nnet3-latgen-faster[5.5.1182~1-e02e3]:DecodeUtteranceLatticeFaster():decoder-wrappers.cc:375) Log-like per frame for utterance 090340164 is 2.96588 over 104 frames.
LOG (nnet3-latgen-faster[5.5.1182~1-e02e3]:DecodeUtteranceLatticeFaster():decoder-wrappers.cc:375) Log-like per frame for utterance 090340168 is 2.50306 over 185 frames.
LOG (nnet3-latgen-faster[5.5.1182~1-e02e3]:DecodeUtteranceLatticeFaster():decoder-wrappers.cc:375) Log-like per frame for utterance 090700006 is 2.56976 over 99 frames.
LOG (nnet3-latgen-faster[5.5.1182~1-e02e3]:DecodeUtteranceLatticeFaster():decoder-wrappers.cc:375) Log-like per frame for utterance 090700008 is 2.88848 over 130 frames.
LOG (nnet3-latgen-faster[5.5.1182~1-e02e3]:DecodeUtteranceLatticeFaster():decoder-wrappers.cc:375) Log-like per frame for utterance 090700019 is 3.26499 over 90 frames.
LOG (nnet3-latgen-faster[5.5.1182~1-e02e3]:DecodeUtteranceLatticeFaster():decoder-wrappers.cc:375) Log-like per frame for utterance 090700042 is 2.90278 over 126 frames.
LOG (nnet3-latgen-faster[5.5.1182~1-e02e3]:DecodeUtteranceLatticeFaster():decoder-wrappers.cc:375) Log-like per frame for utterance 090700045 is 3.13522 over 132 frames.
LOG (nnet3-latgen-faster[5.5.1182~1-e02e3]:DecodeUtteranceLatticeFaster():decoder-wrappers.cc:375) Log-like per frame for utterance 090700047 is 3.54056 over 92 frames.
LOG (nnet3-latgen-faster[5.5.1182~1-e02e3]:DecodeUtteranceLatticeFaster():decoder-wrappers.cc:375) Log-like per frame for utterance 090700054 is 2.88594 over 106 frames.
LOG (nnet3-latgen-faster[5.5.1182~1-e02e3]:DecodeUtteranceLatticeFaster():decoder-wrappers.cc:375) Log-like per frame for utterance 090700057 is 2.83952 over 167 frames.
LOG (nnet3-latgen-faster[5.5.1182~1-e02e3]:DecodeUtteranceLatticeFaster():decoder-wrappers.cc:375) Log-like per frame for utterance 090700059 is 2.94947 over 124 frames.
LOG (nnet3-latgen-faster[5.5.1182~1-e02e3]:DecodeUtteranceLatticeFaster():decoder-wrappers.cc:375) Log-like per frame for utterance 090700065 is 2.86612 over 152 frames.
LOG (nnet3-latgen-faster[5.5.1182~1-e02e3]:DecodeUtteranceLatticeFaster():decoder-wrappers.cc:375) Log-like per frame for utterance 090700081 is 3.0171 over 111 frames.
LOG (nnet3-latgen-faster[5.5.1182~1-e02e3]:DecodeUtteranceLatticeFaster():decoder-wrappers.cc:375) Log-like per frame for utterance 090700082 is 3.08855 over 97 frames.
LOG (nnet3-latgen-faster[5.5.1182~1-e02e3]:DecodeUtteranceLatticeFaster():decoder-wrappers.cc:375) Log-like per frame for utterance 090700108 is 2.97158 over 101 frames.
LOG (nnet3-latgen-faster[5.5.1182~1-e02e3]:DecodeUtteranceLatticeFaster():decoder-wrappers.cc:375) Log-like per frame for utterance 090700127 is 3.05349 over 108 frames.
LOG (nnet3-latgen-faster[5.5.1182~1-e02e3]:DecodeUtteranceLatticeFaster():decoder-wrappers.cc:375) Log-like per frame for utterance 090700164 is 3.02898 over 162 frames.
LOG (nnet3-latgen-faster[5.5.1182~1-e02e3]:DecodeUtteranceLatticeFaster():decoder-wrappers.cc:375) Log-like per frame for utterance 090700172 is 2.76128 over 153 frames.
LOG (nnet3-latgen-faster[5.5.1182~1-e02e3]:DecodeUtteranceLatticeFaster():decoder-wrappers.cc:375) Log-like per frame for utterance 095560005 is 2.2475 over 145 frames.
LOG (nnet3-latgen-faster[5.5.1182~1-e02e3]:DecodeUtteranceLatticeFaster():decoder-wrappers.cc:375) Log-like per frame for utterance 095560008 is 3.18503 over 153 frames.
LOG (nnet3-latgen-faster[5.5.1182~1-e02e3]:DecodeUtteranceLatticeFaster():decoder-wrappers.cc:375) Log-like per frame for utterance 095560010 is 3.45757 over 102 frames.
LOG (nnet3-latgen-faster[5.5.1182~1-e02e3]:DecodeUtteranceLatticeFaster():decoder-wrappers.cc:375) Log-like per frame for utterance 095560017 is 2.89086 over 140 frames.
LOG (nnet3-latgen-faster[5.5.1182~1-e02e3]:DecodeUtteranceLatticeFaster():decoder-wrappers.cc:375) Log-like per frame for utterance 095560031 is 2.72807 over 155 frames.
LOG (nnet3-latgen-faster[5.5.1182~1-e02e3]:DecodeUtteranceLatticeFaster():decoder-wrappers.cc:375) Log-like per frame for utterance 095560037 is 2.70564 over 134 frames.
LOG (nnet3-latgen-faster[5.5.1182~1-e02e3]:DecodeUtteranceLatticeFaster():decoder-wrappers.cc:375) Log-like per frame for utterance 095560051 is 3.158 over 143 frames.
LOG (nnet3-latgen-faster[5.5.1182~1-e02e3]:DecodeUtteranceLatticeFaster():decoder-wrappers.cc:375) Log-like per frame for utterance 095560054 is 2.7832 over 135 frames.
LOG (nnet3-latgen-faster[5.5.1182~1-e02e3]:DecodeUtteranceLatticeFaster():decoder-wrappers.cc:375) Log-like per frame for utterance 095560069 is 1.99211 over 164 frames.
LOG (nnet3-latgen-faster[5.5.1182~1-e02e3]:DecodeUtteranceLatticeFaster():decoder-wrappers.cc:375) Log-like per frame for utterance 095560080 is 3.14086 over 129 frames.
LOG (nnet3-latgen-faster[5.5.1182~1-e02e3]:DecodeUtteranceLatticeFaster():decoder-wrappers.cc:375) Log-like per frame for utterance 095560108 is 3.0855 over 122 frames.
LOG (nnet3-latgen-faster[5.5.1182~1-e02e3]:DecodeUtteranceLatticeFaster():decoder-wrappers.cc:375) Log-like per frame for utterance 095560115 is 2.79849 over 100 frames.
LOG (nnet3-latgen-faster[5.5.1182~1-e02e3]:DecodeUtteranceLatticeFaster():decoder-wrappers.cc:375) Log-like per frame for utterance 095560129 is 2.67968 over 132 frames.
LOG (nnet3-latgen-faster[5.5.1182~1-e02e3]:DecodeUtteranceLatticeFaster():decoder-wrappers.cc:375) Log-like per frame for utterance 095560133 is 2.52155 over 161 frames.
LOG (nnet3-latgen-faster[5.5.1182~1-e02e3]:DecodeUtteranceLatticeFaster():decoder-wrappers.cc:375) Log-like per frame for utterance 095560150 is 2.46056 over 150 frames.
LOG (nnet3-latgen-faster[5.5.1182~1-e02e3]:DecodeUtteranceLatticeFaster():decoder-wrappers.cc:375) Log-like per frame for utterance 095560153 is 2.36904 over 157 frames.
LOG (nnet3-latgen-faster[5.5.1182~1-e02e3]:DecodeUtteranceLatticeFaster():decoder-wrappers.cc:375) Log-like per frame for utterance 095560163 is 2.40123 over 105 frames.
LOG (nnet3-latgen-faster[5.5.1182~1-e02e3]:DecodeUtteranceLatticeFaster():decoder-wrappers.cc:375) Log-like per frame for utterance 095560164 is 2.61425 over 150 frames.
LOG (nnet3-latgen-faster[5.5.1182~1-e02e3]:DecodeUtteranceLatticeFaster():decoder-wrappers.cc:375) Log-like per frame for utterance 095560170 is 2.89375 over 124 frames.
LOG (nnet3-latgen-faster[5.5.1182~1-e02e3]:DecodeUtteranceLatticeFaster():decoder-wrappers.cc:375) Log-like per frame for utterance 096000002 is 1.77121 over 216 frames.
LOG (nnet3-latgen-faster[5.5.1182~1-e02e3]:DecodeUtteranceLatticeFaster():decoder-wrappers.cc:375) Log-like per frame for utterance 096000003 is 2.40471 over 260 frames.
LOG (nnet3-latgen-faster[5.5.1182~1-e02e3]:DecodeUtteranceLatticeFaster():decoder-wrappers.cc:375) Log-like per frame for utterance 096000004 is 1.96225 over 216 frames.
LOG (nnet3-latgen-faster[5.5.1182~1-e02e3]:DecodeUtteranceLatticeFaster():decoder-wrappers.cc:375) Log-like per frame for utterance 096000005 is 2.20941 over 246 frames.
LOG (nnet3-latgen-faster[5.5.1182~1-e02e3]:DecodeUtteranceLatticeFaster():decoder-wrappers.cc:375) Log-like per frame for utterance 096000006 is 1.58063 over 248 frames.
LOG (nnet3-latgen-faster[5.5.1182~1-e02e3]:DecodeUtteranceLatticeFaster():decoder-wrappers.cc:375) Log-like per frame for utterance 096000007 is 2.29772 over 313 frames.
LOG (nnet3-latgen-faster[5.5.1182~1-e02e3]:DecodeUtteranceLatticeFaster():decoder-wrappers.cc:375) Log-like per frame for utterance 096000008 is 1.91375 over 257 frames.
LOG (nnet3-latgen-faster[5.5.1182~1-e02e3]:DecodeUtteranceLatticeFaster():decoder-wrappers.cc:375) Log-like per frame for utterance 096000009 is 2.43122 over 194 frames.
LOG (nnet3-latgen-faster[5.5.1182~1-e02e3]:DecodeUtteranceLatticeFaster():decoder-wrappers.cc:375) Log-like per frame for utterance 096000010 is 2.18643 over 239 frames.
LOG (nnet3-latgen-faster[5.5.1182~1-e02e3]:DecodeUtteranceLatticeFaster():decoder-wrappers.cc:375) Log-like per frame for utterance 096000011 is 2.33726 over 195 frames.
LOG (nnet3-latgen-faster[5.5.1182~1-e02e3]:DecodeUtteranceLatticeFaster():decoder-wrappers.cc:375) Log-like per frame for utterance 096000012 is 1.98921 over 235 frames.
LOG (nnet3-latgen-faster[5.5.1182~1-e02e3]:DecodeUtteranceLatticeFaster():decoder-wrappers.cc:375) Log-like per frame for utterance 096000014 is 2.0339 over 183 frames.
LOG (nnet3-latgen-faster[5.5.1182~1-e02e3]:DecodeUtteranceLatticeFaster():decoder-wrappers.cc:375) Log-like per frame for utterance 096000015 is 2.42133 over 275 frames.
LOG (nnet3-latgen-faster[5.5.1182~1-e02e3]:DecodeUtteranceLatticeFaster():decoder-wrappers.cc:375) Log-like per frame for utterance 096000016 is 2.27023 over 256 frames.
LOG (nnet3-latgen-faster[5.5.1182~1-e02e3]:DecodeUtteranceLatticeFaster():decoder-wrappers.cc:375) Log-like per frame for utterance 096000017 is 2.39305 over 266 frames.
LOG (nnet3-latgen-faster[5.5.1182~1-e02e3]:DecodeUtteranceLatticeFaster():decoder-wrappers.cc:375) Log-like per frame for utterance 096000018 is 2.59829 over 308 frames.
LOG (nnet3-latgen-faster[5.5.1182~1-e02e3]:DecodeUtteranceLatticeFaster():decoder-wrappers.cc:375) Log-like per frame for utterance 096000020 is 2.35479 over 249 frames.
LOG (nnet3-latgen-faster[5.5.1182~1-e02e3]:DecodeUtteranceLatticeFaster():decoder-wrappers.cc:375) Log-like per frame for utterance 096000021 is 2.3391 over 303 frames.
LOG (nnet3-latgen-faster[5.5.1182~1-e02e3]:DecodeUtteranceLatticeFaster():decoder-wrappers.cc:375) Log-like per frame for utterance 096000022 is 2.51048 over 236 frames.
LOG (nnet3-latgen-faster[5.5.1182~1-e02e3]:DecodeUtteranceLatticeFaster():decoder-wrappers.cc:375) Log-like per frame for utterance 096040001 is 1.53045 over 205 frames.
LOG (nnet3-latgen-faster[5.5.1182~1-e02e3]:DecodeUtteranceLatticeFaster():decoder-wrappers.cc:375) Log-like per frame for utterance 096040002 is 1.5437 over 196 frames.
LOG (nnet3-latgen-faster[5.5.1182~1-e02e3]:DecodeUtteranceLatticeFaster():decoder-wrappers.cc:375) Log-like per frame for utterance 096040004 is 3.0435 over 90 frames.
LOG (nnet3-latgen-faster[5.5.1182~1-e02e3]:DecodeUtteranceLatticeFaster():decoder-wrappers.cc:375) Log-like per frame for utterance 096040005 is 1.95771 over 227 frames.
LOG (nnet3-latgen-faster[5.5.1182~1-e02e3]:DecodeUtteranceLatticeFaster():decoder-wrappers.cc:375) Log-like per frame for utterance 096040006 is 2.19906 over 212 frames.
LOG (nnet3-latgen-faster[5.5.1182~1-e02e3]:DecodeUtteranceLatticeFaster():decoder-wrappers.cc:375) Log-like per frame for utterance 096040007 is 2.17216 over 193 frames.
LOG (nnet3-latgen-faster[5.5.1182~1-e02e3]:DecodeUtteranceLatticeFaster():decoder-wrappers.cc:375) Log-like per frame for utterance 096040008 is 2.00783 over 132 frames.
LOG (nnet3-latgen-faster[5.5.1182~1-e02e3]:DecodeUtteranceLatticeFaster():decoder-wrappers.cc:375) Log-like per frame for utterance 096040010 is 2.42625 over 283 frames.
LOG (nnet3-latgen-faster[5.5.1182~1-e02e3]:DecodeUtteranceLatticeFaster():decoder-wrappers.cc:375) Log-like per frame for utterance 096040011 is 2.32301 over 262 frames.
LOG (nnet3-latgen-faster[5.5.1182~1-e02e3]:DecodeUtteranceLatticeFaster():decoder-wrappers.cc:375) Log-like per frame for utterance 096040012 is 2.59757 over 177 frames.
LOG (nnet3-latgen-faster[5.5.1182~1-e02e3]:DecodeUtteranceLatticeFaster():decoder-wrappers.cc:375) Log-like per frame for utterance 096040014 is 2.00536 over 258 frames.
LOG (nnet3-latgen-faster[5.5.1182~1-e02e3]:DecodeUtteranceLatticeFaster():decoder-wrappers.cc:375) Log-like per frame for utterance 096040016 is 1.68078 over 244 frames.
LOG (nnet3-latgen-faster[5.5.1182~1-e02e3]:DecodeUtteranceLatticeFaster():decoder-wrappers.cc:375) Log-like per frame for utterance 096040018 is 2.08594 over 236 frames.
LOG (nnet3-latgen-faster[5.5.1182~1-e02e3]:DecodeUtteranceLatticeFaster():decoder-wrappers.cc:375) Log-like per frame for utterance 096040023 is 2.65278 over 288 frames.
LOG (nnet3-latgen-faster[5.5.1182~1-e02e3]:DecodeUtteranceLatticeFaster():decoder-wrappers.cc:375) Log-like per frame for utterance 096040024 is 1.70524 over 185 frames.
LOG (nnet3-latgen-faster[5.5.1182~1-e02e3]:DecodeUtteranceLatticeFaster():decoder-wrappers.cc:375) Log-like per frame for utterance 096040025 is 1.58805 over 152 frames.
LOG (nnet3-latgen-faster[5.5.1182~1-e02e3]:DecodeUtteranceLatticeFaster():decoder-wrappers.cc:375) Log-like per frame for utterance 096060001 is 2.3027 over 187 frames.
LOG (nnet3-latgen-faster[5.5.1182~1-e02e3]:DecodeUtteranceLatticeFaster():decoder-wrappers.cc:375) Log-like per frame for utterance 096060002 is 2.75688 over 174 frames.
LOG (nnet3-latgen-faster[5.5.1182~1-e02e3]:DecodeUtteranceLatticeFaster():decoder-wrappers.cc:375) Log-like per frame for utterance 096060003 is 2.35627 over 180 frames.
LOG (nnet3-latgen-faster[5.5.1182~1-e02e3]:DecodeUtteranceLatticeFaster():decoder-wrappers.cc:375) Log-like per frame for utterance 096060004 is 2.34242 over 112 frames.
LOG (nnet3-latgen-faster[5.5.1182~1-e02e3]:DecodeUtteranceLatticeFaster():decoder-wrappers.cc:375) Log-like per frame for utterance 096060005 is 2.34489 over 227 frames.
LOG (nnet3-latgen-faster[5.5.1182~1-e02e3]:DecodeUtteranceLatticeFaster():decoder-wrappers.cc:375) Log-like per frame for utterance 096060006 is 2.58849 over 343 frames.
LOG (nnet3-latgen-faster[5.5.1182~1-e02e3]:DecodeUtteranceLatticeFaster():decoder-wrappers.cc:375) Log-like per frame for utterance 096060007 is 2.41943 over 141 frames.
LOG (nnet3-latgen-faster[5.5.1182~1-e02e3]:DecodeUtteranceLatticeFaster():decoder-wrappers.cc:375) Log-like per frame for utterance 096060008 is 2.29322 over 300 frames.
LOG (nnet3-latgen-faster[5.5.1182~1-e02e3]:DecodeUtteranceLatticeFaster():decoder-wrappers.cc:375) Log-like per frame for utterance 096060010 is 2.60526 over 257 frames.
LOG (nnet3-latgen-faster[5.5.1182~1-e02e3]:DecodeUtteranceLatticeFaster():decoder-wrappers.cc:375) Log-like per frame for utterance 096060012 is 2.23076 over 136 frames.
LOG (nnet3-latgen-faster[5.5.1182~1-e02e3]:DecodeUtteranceLatticeFaster():decoder-wrappers.cc:375) Log-like per frame for utterance 096060013 is 3.07428 over 185 frames.
LOG (nnet3-latgen-faster[5.5.1182~1-e02e3]:DecodeUtteranceLatticeFaster():decoder-wrappers.cc:375) Log-like per frame for utterance 096060014 is 2.50675 over 190 frames.
LOG (nnet3-latgen-faster[5.5.1182~1-e02e3]:DecodeUtteranceLatticeFaster():decoder-wrappers.cc:375) Log-like per frame for utterance 096060015 is 2.67798 over 206 frames.
LOG (nnet3-latgen-faster[5.5.1182~1-e02e3]:DecodeUtteranceLatticeFaster():decoder-wrappers.cc:375) Log-like per frame for utterance 096060016 is 2.08089 over 299 frames.
LOG (nnet3-latgen-faster[5.5.1182~1-e02e3]:DecodeUtteranceLatticeFaster():decoder-wrappers.cc:375) Log-like per frame for utterance 096060017 is 1.98101 over 248 frames.
LOG (nnet3-latgen-faster[5.5.1182~1-e02e3]:DecodeUtteranceLatticeFaster():decoder-wrappers.cc:375) Log-like per frame for utterance 096060019 is 2.79415 over 158 frames.
LOG (nnet3-latgen-faster[5.5.1182~1-e02e3]:DecodeUtteranceLatticeFaster():decoder-wrappers.cc:375) Log-like per frame for utterance 096060020 is 2.99891 over 210 frames.
LOG (nnet3-latgen-faster[5.5.1182~1-e02e3]:DecodeUtteranceLatticeFaster():decoder-wrappers.cc:375) Log-like per frame for utterance 096060022 is 2.24488 over 214 frames.
LOG (nnet3-latgen-faster[5.5.1182~1-e02e3]:DecodeUtteranceLatticeFaster():decoder-wrappers.cc:375) Log-like per frame for utterance 096070003 is 2.36911 over 202 frames.
LOG (nnet3-latgen-faster[5.5.1182~1-e02e3]:DecodeUtteranceLatticeFaster():decoder-wrappers.cc:375) Log-like per frame for utterance 096070005 is 2.30858 over 242 frames.
LOG (nnet3-latgen-faster[5.5.1182~1-e02e3]:DecodeUtteranceLatticeFaster():decoder-wrappers.cc:375) Log-like per frame for utterance 096070006 is 2.54862 over 136 frames.
LOG (nnet3-latgen-faster[5.5.1182~1-e02e3]:DecodeUtteranceLatticeFaster():decoder-wrappers.cc:375) Log-like per frame for utterance 096070007 is 2.6033 over 203 frames.
LOG (nnet3-latgen-faster[5.5.1182~1-e02e3]:DecodeUtteranceLatticeFaster():decoder-wrappers.cc:375) Log-like per frame for utterance 096070008 is 2.01899 over 197 frames.
LOG (nnet3-latgen-faster[5.5.1182~1-e02e3]:DecodeUtteranceLatticeFaster():decoder-wrappers.cc:375) Log-like per frame for utterance 096070011 is 2.50835 over 180 frames.
LOG (nnet3-latgen-faster[5.5.1182~1-e02e3]:DecodeUtteranceLatticeFaster():decoder-wrappers.cc:375) Log-like per frame for utterance 096070012 is 2.51445 over 110 frames.
LOG (nnet3-latgen-faster[5.5.1182~1-e02e3]:DecodeUtteranceLatticeFaster():decoder-wrappers.cc:375) Log-like per frame for utterance 096070013 is 2.37207 over 273 frames.
LOG (nnet3-latgen-faster[5.5.1182~1-e02e3]:DecodeUtteranceLatticeFaster():decoder-wrappers.cc:375) Log-like per frame for utterance 096070015 is 2.31116 over 227 frames.
LOG (nnet3-latgen-faster[5.5.1182~1-e02e3]:DecodeUtteranceLatticeFaster():decoder-wrappers.cc:375) Log-like per frame for utterance 096070016 is 1.97912 over 166 frames.
LOG (nnet3-latgen-faster[5.5.1182~1-e02e3]:DecodeUtteranceLatticeFaster():decoder-wrappers.cc:375) Log-like per frame for utterance 096070017 is 2.06667 over 207 frames.
LOG (nnet3-latgen-faster[5.5.1182~1-e02e3]:DecodeUtteranceLatticeFaster():decoder-wrappers.cc:375) Log-like per frame for utterance 096070018 is 2.17291 over 197 frames.
LOG (nnet3-latgen-faster[5.5.1182~1-e02e3]:DecodeUtteranceLatticeFaster():decoder-wrappers.cc:375) Log-like per frame for utterance 096070019 is 2.60304 over 151 frames.
LOG (nnet3-latgen-faster[5.5.1182~1-e02e3]:DecodeUtteranceLatticeFaster():decoder-wrappers.cc:375) Log-like per frame for utterance 096070020 is 2.4252 over 247 frames.
LOG (nnet3-latgen-faster[5.5.1182~1-e02e3]:DecodeUtteranceLatticeFaster():decoder-wrappers.cc:375) Log-like per frame for utterance 096070021 is 2.04741 over 204 frames.
LOG (nnet3-latgen-faster[5.5.1182~1-e02e3]:DecodeUtteranceLatticeFaster():decoder-wrappers.cc:375) Log-like per frame for utterance 096070022 is 2.54328 over 191 frames.
LOG (nnet3-latgen-faster[5.5.1182~1-e02e3]:DecodeUtteranceLatticeFaster():decoder-wrappers.cc:375) Log-like per frame for utterance 096070023 is 2.14538 over 215 frames.
LOG (nnet3-latgen-faster[5.5.1182~1-e02e3]:DecodeUtteranceLatticeFaster():decoder-wrappers.cc:375) Log-like per frame for utterance 096070024 is 2.7798 over 217 frames.
LOG (nnet3-latgen-faster[5.5.1182~1-e02e3]:DecodeUtteranceLatticeFaster():decoder-wrappers.cc:375) Log-like per frame for utterance 096090001 is 2.18641 over 398 frames.
LOG (nnet3-latgen-faster[5.5.1182~1-e02e3]:DecodeUtteranceLatticeFaster():decoder-wrappers.cc:375) Log-like per frame for utterance 096090003 is 2.10971 over 511 frames.
LOG (nnet3-latgen-faster[5.5.1182~1-e02e3]:DecodeUtteranceLatticeFaster():decoder-wrappers.cc:375) Log-like per frame for utterance 096090005 is 1.88905 over 322 frames.
LOG (nnet3-latgen-faster[5.5.1182~1-e02e3]:DecodeUtteranceLatticeFaster():decoder-wrappers.cc:375) Log-like per frame for utterance 096090006 is 1.98719 over 227 frames.
LOG (nnet3-latgen-faster[5.5.1182~1-e02e3]:DecodeUtteranceLatticeFaster():decoder-wrappers.cc:375) Log-like per frame for utterance 096090007 is 2.10098 over 390 frames.
LOG (nnet3-latgen-faster[5.5.1182~1-e02e3]:DecodeUtteranceLatticeFaster():decoder-wrappers.cc:375) Log-like per frame for utterance 096090008 is 1.84655 over 390 frames.
LOG (nnet3-latgen-faster[5.5.1182~1-e02e3]:DecodeUtteranceLatticeFaster():decoder-wrappers.cc:375) Log-like per frame for utterance 096090010 is 1.84249 over 418 frames.
LOG (nnet3-latgen-faster[5.5.1182~1-e02e3]:DecodeUtteranceLatticeFaster():decoder-wrappers.cc:375) Log-like per frame for utterance 096090011 is 2.15458 over 369 frames.
LOG (nnet3-latgen-faster[5.5.1182~1-e02e3]:DecodeUtteranceLatticeFaster():decoder-wrappers.cc:375) Log-like per frame for utterance 096090014 is 1.82881 over 280 frames.
LOG (nnet3-latgen-faster[5.5.1182~1-e02e3]:DecodeUtteranceLatticeFaster():decoder-wrappers.cc:375) Log-like per frame for utterance 096090015 is 1.79563 over 222 frames.
LOG (nnet3-latgen-faster[5.5.1182~1-e02e3]:DecodeUtteranceLatticeFaster():decoder-wrappers.cc:375) Log-like per frame for utterance 096090017 is 1.59326 over 479 frames.
LOG (nnet3-latgen-faster[5.5.1182~1-e02e3]:DecodeUtteranceLatticeFaster():decoder-wrappers.cc:375) Log-like per frame for utterance 096090018 is 1.97294 over 231 frames.
LOG (nnet3-latgen-faster[5.5.1182~1-e02e3]:DecodeUtteranceLatticeFaster():decoder-wrappers.cc:375) Log-like per frame for utterance 096090020 is 2.06677 over 320 frames.
LOG (nnet3-latgen-faster[5.5.1182~1-e02e3]:DecodeUtteranceLatticeFaster():decoder-wrappers.cc:375) Log-like per frame for utterance 096090021 is 2.46237 over 396 frames.
LOG (nnet3-latgen-faster[5.5.1182~1-e02e3]:DecodeUtteranceLatticeFaster():decoder-wrappers.cc:375) Log-like per frame for utterance 096090023 is 2.63854 over 380 frames.
LOG (nnet3-latgen-faster[5.5.1182~1-e02e3]:DecodeUtteranceLatticeFaster():decoder-wrappers.cc:375) Log-like per frame for utterance 096090024 is 2.27259 over 310 frames.
LOG (nnet3-latgen-faster[5.5.1182~1-e02e3]:DecodeUtteranceLatticeFaster():decoder-wrappers.cc:375) Log-like per frame for utterance 096090025 is 2.34441 over 284 frames.
LOG (nnet3-latgen-faster[5.5.1182~1-e02e3]:DecodeUtteranceLatticeFaster():decoder-wrappers.cc:375) Log-like per frame for utterance 096090026 is 2.60457 over 169 frames.
LOG (nnet3-latgen-faster[5.5.1182~1-e02e3]:DecodeUtteranceLatticeFaster():decoder-wrappers.cc:375) Log-like per frame for utterance 096110001 is 1.60714 over 172 frames.
LOG (nnet3-latgen-faster[5.5.1182~1-e02e3]:DecodeUtteranceLatticeFaster():decoder-wrappers.cc:375) Log-like per frame for utterance 096110002 is 1.86334 over 173 frames.
LOG (nnet3-latgen-faster[5.5.1182~1-e02e3]:DecodeUtteranceLatticeFaster():decoder-wrappers.cc:375) Log-like per frame for utterance 096110003 is 2.23163 over 125 frames.
LOG (nnet3-latgen-faster[5.5.1182~1-e02e3]:DecodeUtteranceLatticeFaster():decoder-wrappers.cc:375) Log-like per frame for utterance 096110004 is 2.31008 over 99 frames.
LOG (nnet3-latgen-faster[5.5.1182~1-e02e3]:DecodeUtteranceLatticeFaster():decoder-wrappers.cc:375) Log-like per frame for utterance 096110005 is 1.7964 over 174 frames.
LOG (nnet3-latgen-faster[5.5.1182~1-e02e3]:DecodeUtteranceLatticeFaster():decoder-wrappers.cc:375) Log-like per frame for utterance 096110006 is 2.58959 over 199 frames.
LOG (nnet3-latgen-faster[5.5.1182~1-e02e3]:DecodeUtteranceLatticeFaster():decoder-wrappers.cc:375) Log-like per frame for utterance 096110008 is 2.68418 over 111 frames.
LOG (nnet3-latgen-faster[5.5.1182~1-e02e3]:DecodeUtteranceLatticeFaster():decoder-wrappers.cc:375) Log-like per frame for utterance 096110009 is 2.80807 over 133 frames.
LOG (nnet3-latgen-faster[5.5.1182~1-e02e3]:DecodeUtteranceLatticeFaster():decoder-wrappers.cc:375) Log-like per frame for utterance 096110012 is 2.35404 over 175 frames.
LOG (nnet3-latgen-faster[5.5.1182~1-e02e3]:DecodeUtteranceLatticeFaster():decoder-wrappers.cc:375) Log-like per frame for utterance 096110013 is 2.48793 over 97 frames.
LOG (nnet3-latgen-faster[5.5.1182~1-e02e3]:DecodeUtteranceLatticeFaster():decoder-wrappers.cc:375) Log-like per frame for utterance 096110014 is 2.63643 over 151 frames.
LOG (nnet3-latgen-faster[5.5.1182~1-e02e3]:DecodeUtteranceLatticeFaster():decoder-wrappers.cc:375) Log-like per frame for utterance 096110015 is 2.66722 over 189 frames.
LOG (nnet3-latgen-faster[5.5.1182~1-e02e3]:DecodeUtteranceLatticeFaster():decoder-wrappers.cc:375) Log-like per frame for utterance 096110016 is 1.56721 over 197 frames.
LOG (nnet3-latgen-faster[5.5.1182~1-e02e3]:DecodeUtteranceLatticeFaster():decoder-wrappers.cc:375) Log-like per frame for utterance 096110018 is 2.34779 over 119 frames.
LOG (nnet3-latgen-faster[5.5.1182~1-e02e3]:DecodeUtteranceLatticeFaster():decoder-wrappers.cc:375) Log-like per frame for utterance 096110019 is 1.86158 over 165 frames.
LOG (nnet3-latgen-faster[5.5.1182~1-e02e3]:DecodeUtteranceLatticeFaster():decoder-wrappers.cc:375) Log-like per frame for utterance 096110022 is 1.71798 over 145 frames.
LOG (nnet3-latgen-faster[5.5.1182~1-e02e3]:DecodeUtteranceLatticeFaster():decoder-wrappers.cc:375) Log-like per frame for utterance 096110023 is 2.16332 over 171 frames.
LOG (nnet3-latgen-faster[5.5.1182~1-e02e3]:DecodeUtteranceLatticeFaster():decoder-wrappers.cc:375) Log-like per frame for utterance 096130002 is 1.81083 over 154 frames.
LOG (nnet3-latgen-faster[5.5.1182~1-e02e3]:DecodeUtteranceLatticeFaster():decoder-wrappers.cc:375) Log-like per frame for utterance 096130003 is 1.76452 over 157 frames.
LOG (nnet3-latgen-faster[5.5.1182~1-e02e3]:DecodeUtteranceLatticeFaster():decoder-wrappers.cc:375) Log-like per frame for utterance 096130004 is 1.8894 over 141 frames.
LOG (nnet3-latgen-faster[5.5.1182~1-e02e3]:DecodeUtteranceLatticeFaster():decoder-wrappers.cc:375) Log-like per frame for utterance 096130005 is 1.35359 over 210 frames.
LOG (nnet3-latgen-faster[5.5.1182~1-e02e3]:DecodeUtteranceLatticeFaster():decoder-wrappers.cc:375) Log-like per frame for utterance 096130006 is 2.53401 over 99 frames.
LOG (nnet3-latgen-faster[5.5.1182~1-e02e3]:DecodeUtteranceLatticeFaster():decoder-wrappers.cc:375) Log-like per frame for utterance 096130007 is 1.64962 over 146 frames.
LOG (nnet3-latgen-faster[5.5.1182~1-e02e3]:DecodeUtteranceLatticeFaster():decoder-wrappers.cc:375) Log-like per frame for utterance 096130008 is 1.70338 over 125 frames.
LOG (nnet3-latgen-faster[5.5.1182~1-e02e3]:DecodeUtteranceLatticeFaster():decoder-wrappers.cc:375) Log-like per frame for utterance 096130009 is 1.53534 over 185 frames.
LOG (nnet3-latgen-faster[5.5.1182~1-e02e3]:DecodeUtteranceLatticeFaster():decoder-wrappers.cc:375) Log-like per frame for utterance 096130010 is 2.00977 over 144 frames.
LOG (nnet3-latgen-faster[5.5.1182~1-e02e3]:DecodeUtteranceLatticeFaster():decoder-wrappers.cc:375) Log-like per frame for utterance 096130011 is 2.35303 over 131 frames.
LOG (nnet3-latgen-faster[5.5.1182~1-e02e3]:DecodeUtteranceLatticeFaster():decoder-wrappers.cc:375) Log-like per frame for utterance 096130012 is 1.83106 over 121 frames.
LOG (nnet3-latgen-faster[5.5.1182~1-e02e3]:DecodeUtteranceLatticeFaster():decoder-wrappers.cc:375) Log-like per frame for utterance 096130013 is 1.66171 over 169 frames.
LOG (nnet3-latgen-faster[5.5.1182~1-e02e3]:DecodeUtteranceLatticeFaster():decoder-wrappers.cc:375) Log-like per frame for utterance 096130014 is 1.44133 over 233 frames.
LOG (nnet3-latgen-faster[5.5.1182~1-e02e3]:DecodeUtteranceLatticeFaster():decoder-wrappers.cc:375) Log-like per frame for utterance 096130016 is 1.84262 over 149 frames.
LOG (nnet3-latgen-faster[5.5.1182~1-e02e3]:DecodeUtteranceLatticeFaster():decoder-wrappers.cc:375) Log-like per frame for utterance 096130017 is 1.84713 over 145 frames.
LOG (nnet3-latgen-faster[5.5.1182~1-e02e3]:DecodeUtteranceLatticeFaster():decoder-wrappers.cc:375) Log-like per frame for utterance 096130018 is 1.67525 over 160 frames.
LOG (nnet3-latgen-faster[5.5.1182~1-e02e3]:DecodeUtteranceLatticeFaster():decoder-wrappers.cc:375) Log-like per frame for utterance 096130019 is 1.91447 over 114 frames.
LOG (nnet3-latgen-faster[5.5.1182~1-e02e3]:DecodeUtteranceLatticeFaster():decoder-wrappers.cc:375) Log-like per frame for utterance 096130020 is 1.60686 over 149 frames.
LOG (nnet3-latgen-faster[5.5.1182~1-e02e3]:DecodeUtteranceLatticeFaster():decoder-wrappers.cc:375) Log-like per frame for utterance 096130021 is 1.97986 over 111 frames.
LOG (nnet3-latgen-faster[5.5.1182~1-e02e3]:DecodeUtteranceLatticeFaster():decoder-wrappers.cc:375) Log-like per frame for utterance 096140002 is 2.06459 over 187 frames.
LOG (nnet3-latgen-faster[5.5.1182~1-e02e3]:DecodeUtteranceLatticeFaster():decoder-wrappers.cc:375) Log-like per frame for utterance 096140003 is 2.66974 over 338 frames.
LOG (nnet3-latgen-faster[5.5.1182~1-e02e3]:DecodeUtteranceLatticeFaster():decoder-wrappers.cc:375) Log-like per frame for utterance 096140004 is 2.11225 over 310 frames.
LOG (nnet3-latgen-faster[5.5.1182~1-e02e3]:DecodeUtteranceLatticeFaster():decoder-wrappers.cc:375) Log-like per frame for utterance 096140005 is 2.00756 over 197 frames.
LOG (nnet3-latgen-faster[5.5.1182~1-e02e3]:DecodeUtteranceLatticeFaster():decoder-wrappers.cc:375) Log-like per frame for utterance 096140006 is 1.94614 over 219 frames.
LOG (nnet3-latgen-faster[5.5.1182~1-e02e3]:DecodeUtteranceLatticeFaster():decoder-wrappers.cc:375) Log-like per frame for utterance 096140007 is 2.29765 over 294 frames.
LOG (nnet3-latgen-faster[5.5.1182~1-e02e3]:DecodeUtteranceLatticeFaster():decoder-wrappers.cc:375) Log-like per frame for utterance 096140008 is 2.76169 over 215 frames.
LOG (nnet3-latgen-faster[5.5.1182~1-e02e3]:DecodeUtteranceLatticeFaster():decoder-wrappers.cc:375) Log-like per frame for utterance 096140009 is 3.52644 over 230 frames.
LOG (nnet3-latgen-faster[5.5.1182~1-e02e3]:DecodeUtteranceLatticeFaster():decoder-wrappers.cc:375) Log-like per frame for utterance 096140010 is 2.22903 over 172 frames.
LOG (nnet3-latgen-faster[5.5.1182~1-e02e3]:DecodeUtteranceLatticeFaster():decoder-wrappers.cc:375) Log-like per frame for utterance 096140011 is 2.81728 over 276 frames.
LOG (nnet3-latgen-faster[5.5.1182~1-e02e3]:DecodeUtteranceLatticeFaster():decoder-wrappers.cc:375) Log-like per frame for utterance 096140012 is 2.42666 over 315 frames.
LOG (nnet3-latgen-faster[5.5.1182~1-e02e3]:DecodeUtteranceLatticeFaster():decoder-wrappers.cc:375) Log-like per frame for utterance 096140014 is 2.52204 over 212 frames.
LOG (nnet3-latgen-faster[5.5.1182~1-e02e3]:DecodeUtteranceLatticeFaster():decoder-wrappers.cc:375) Log-like per frame for utterance 096140015 is 2.32524 over 288 frames.
LOG (nnet3-latgen-faster[5.5.1182~1-e02e3]:DecodeUtteranceLatticeFaster():decoder-wrappers.cc:375) Log-like per frame for utterance 096140016 is 2.19991 over 337 frames.
LOG (nnet3-latgen-faster[5.5.1182~1-e02e3]:DecodeUtteranceLatticeFaster():decoder-wrappers.cc:375) Log-like per frame for utterance 096140017 is 2.30411 over 278 frames.
LOG (nnet3-latgen-faster[5.5.1182~1-e02e3]:DecodeUtteranceLatticeFaster():decoder-wrappers.cc:375) Log-like per frame for utterance 096140018 is 2.62314 over 256 frames.
LOG (nnet3-latgen-faster[5.5.1182~1-e02e3]:DecodeUtteranceLatticeFaster():decoder-wrappers.cc:375) Log-like per frame for utterance 096140019 is 2.3679 over 178 frames.
LOG (nnet3-latgen-faster[5.5.1182~1-e02e3]:DecodeUtteranceLatticeFaster():decoder-wrappers.cc:375) Log-like per frame for utterance 096140020 is 2.48473 over 243 frames.
LOG (nnet3-latgen-faster[5.5.1182~1-e02e3]:DecodeUtteranceLatticeFaster():decoder-wrappers.cc:375) Log-like per frame for utterance 096140021 is 2.36544 over 167 frames.
LOG (nnet3-latgen-faster[5.5.1182~1-e02e3]:DecodeUtteranceLatticeFaster():decoder-wrappers.cc:375) Log-like per frame for utterance 096140022 is 2.02428 over 276 frames.
LOG (nnet3-latgen-faster[5.5.1182~1-e02e3]:DecodeUtteranceLatticeFaster():decoder-wrappers.cc:375) Log-like per frame for utterance 096150003 is 1.50677 over 264 frames.
LOG (nnet3-latgen-faster[5.5.1182~1-e02e3]:DecodeUtteranceLatticeFaster():decoder-wrappers.cc:375) Log-like per frame for utterance 096150005 is 1.32073 over 482 frames.
LOG (nnet3-latgen-faster[5.5.1182~1-e02e3]:DecodeUtteranceLatticeFaster():decoder-wrappers.cc:375) Log-like per frame for utterance 096150006 is 2.02102 over 448 frames.
LOG (nnet3-latgen-faster[5.5.1182~1-e02e3]:DecodeUtteranceLatticeFaster():decoder-wrappers.cc:375) Log-like per frame for utterance 096150007 is 1.69585 over 417 frames.
LOG (nnet3-latgen-faster[5.5.1182~1-e02e3]:DecodeUtteranceLatticeFaster():decoder-wrappers.cc:375) Log-like per frame for utterance 096150009 is 1.70001 over 270 frames.
LOG (nnet3-latgen-faster[5.5.1182~1-e02e3]:DecodeUtteranceLatticeFaster():decoder-wrappers.cc:375) Log-like per frame for utterance 096150010 is 1.44141 over 366 frames.
LOG (nnet3-latgen-faster[5.5.1182~1-e02e3]:DecodeUtteranceLatticeFaster():decoder-wrappers.cc:375) Log-like per frame for utterance 096150011 is 1.37994 over 391 frames.
LOG (nnet3-latgen-faster[5.5.1182~1-e02e3]:DecodeUtteranceLatticeFaster():decoder-wrappers.cc:375) Log-like per frame for utterance 096150012 is 1.40542 over 409 frames.
LOG (nnet3-latgen-faster[5.5.1182~1-e02e3]:DecodeUtteranceLatticeFaster():decoder-wrappers.cc:375) Log-like per frame for utterance 096150013 is 2.16768 over 322 frames.
LOG (nnet3-latgen-faster[5.5.1182~1-e02e3]:DecodeUtteranceLatticeFaster():decoder-wrappers.cc:375) Log-like per frame for utterance 096150016 is 1.47667 over 253 frames.
LOG (nnet3-latgen-faster[5.5.1182~1-e02e3]:DecodeUtteranceLatticeFaster():decoder-wrappers.cc:375) Log-like per frame for utterance 096150017 is 1.87321 over 309 frames.
LOG (nnet3-latgen-faster[5.5.1182~1-e02e3]:DecodeUtteranceLatticeFaster():decoder-wrappers.cc:375) Log-like per frame for utterance 096150018 is 1.82864 over 291 frames.
LOG (nnet3-latgen-faster[5.5.1182~1-e02e3]:DecodeUtteranceLatticeFaster():decoder-wrappers.cc:375) Log-like per frame for utterance 096150019 is 1.95862 over 302 frames.
LOG (nnet3-latgen-faster[5.5.1182~1-e02e3]:DecodeUtteranceLatticeFaster():decoder-wrappers.cc:375) Log-like per frame for utterance 096150024 is 1.36033 over 403 frames.
LOG (nnet3-latgen-faster[5.5.1182~1-e02e3]:DecodeUtteranceLatticeFaster():decoder-wrappers.cc:375) Log-like per frame for utterance 096150025 is 1.42735 over 443 frames.
LOG (apply-cmvn[5.5.1182~1-e02e3]:main():apply-cmvn.cc:81) Copied 233 utterances.
LOG (nnet3-latgen-faster[5.5.1182~1-e02e3]:DecodeUtteranceLatticeFaster():decoder-wrappers.cc:375) Log-like per frame for utterance 096150026 is 1.69936 over 495 frames.
LOG (nnet3-latgen-faster[5.5.1182~1-e02e3]:DecodeUtteranceLatticeFaster():decoder-wrappers.cc:375) Log-like per frame for utterance 096150027 is 1.62883 over 217 frames.
LOG (nnet3-latgen-faster[5.5.1182~1-e02e3]:DecodeUtteranceLatticeFaster():decoder-wrappers.cc:375) Log-like per frame for utterance 096150028 is 2.05428 over 250 frames.
LOG (nnet3-latgen-faster[5.5.1182~1-e02e3]:main():nnet3-latgen-faster.cc:256) Time taken 143.413s: real-time factor assuming 100 frames/sec is 0.102183
LOG (nnet3-latgen-faster[5.5.1182~1-e02e3]:main():nnet3-latgen-faster.cc:259) Done 233 utterances, failed for 0
LOG (nnet3-latgen-faster[5.5.1182~1-e02e3]:main():nnet3-latgen-faster.cc:261) Overall log-likelihood per frame is 2.26554 over 46783 frames.
LOG (nnet3-latgen-faster[5.5.1182~1-e02e3]:~CachingOptimizingCompiler():nnet-optimize.cc:710) 0.704 seconds taken in nnet3 compilation total (breakdown: 0.487 compilation, 0.137 optimization, 0 shortcut expansion, 0.0265 checking, 3.7e-05 computing indexes, 0.0533 misc.) + 0 I/O.
# Accounting: time=143 threads=1
# Ended (code 0) at Thu Oct 23 10:38:38 IST 2025, elapsed time 143 seconds
