# nnet3-latgen-faster --acoustic-scale=1.0 --online-ivectors=scp:tune/nnet3_cleaned/ivectors_speechocean762_train/ivector_online.scp --online-ivector-period=10 --frame-subsampling-factor=3 --frames-per-chunk=50 --extra-left-context=0 --extra-right-context=0 --extra-left-context-initial=-1 --extra-right-context-final=-1 --beam=20 --lattice-beam=20 --allow-partial=false --word-determinize=false /home/mcw/durga/kaldi/libreespeech2/0013_librispeech_v1_chain/exp/chain_cleaned/tdnn_1d_sp/final.mdl "ark:gunzip -c tune/align_lats_speechocean762/fsts.10.gz |" "ark,s,cs:apply-cmvn --norm-means=false --norm-vars=false --utt2spk=ark:data/speechocean762_train/split10/10/utt2spk scp:data/speechocean762_train/split10/10/cmvn.scp scp:data/speechocean762_train/split10/10/feats.scp ark:- |" "ark:|gzip -c >tune/align_lats_speechocean762/lat.10.gz" 
# Started at Thu Oct 23 10:36:15 IST 2025
#
nnet3-latgen-faster --acoustic-scale=1.0 --online-ivectors=scp:tune/nnet3_cleaned/ivectors_speechocean762_train/ivector_online.scp --online-ivector-period=10 --frame-subsampling-factor=3 --frames-per-chunk=50 --extra-left-context=0 --extra-right-context=0 --extra-left-context-initial=-1 --extra-right-context-final=-1 --beam=20 --lattice-beam=20 --allow-partial=false --word-determinize=false /home/mcw/durga/kaldi/libreespeech2/0013_librispeech_v1_chain/exp/chain_cleaned/tdnn_1d_sp/final.mdl 'ark:gunzip -c tune/align_lats_speechocean762/fsts.10.gz |' 'ark,s,cs:apply-cmvn --norm-means=false --norm-vars=false --utt2spk=ark:data/speechocean762_train/split10/10/utt2spk scp:data/speechocean762_train/split10/10/cmvn.scp scp:data/speechocean762_train/split10/10/feats.scp ark:- |' 'ark:|gzip -c >tune/align_lats_speechocean762/lat.10.gz' 
LOG (nnet3-latgen-faster[5.5.1182~1-e02e3]:RemoveOrphanNodes():nnet-nnet.cc:948) Removed 1 orphan nodes.
LOG (nnet3-latgen-faster[5.5.1182~1-e02e3]:RemoveOrphanComponents():nnet-nnet.cc:847) Removing 2 orphan components.
LOG (nnet3-latgen-faster[5.5.1182~1-e02e3]:Collapse():nnet-utils.cc:1488) Added 1 components, removed 2
apply-cmvn --norm-means=false --norm-vars=false --utt2spk=ark:data/speechocean762_train/split10/10/utt2spk scp:data/speechocean762_train/split10/10/cmvn.scp scp:data/speechocean762_train/split10/10/feats.scp ark:- 
LOG (nnet3-latgen-faster[5.5.1182~1-e02e3]:CheckAndFixConfigs():nnet-am-decodable-simple.cc:294) Increasing --frames-per-chunk from 50 to 51 to make it a multiple of --frame-subsampling-factor=3
LOG (nnet3-latgen-faster[5.5.1182~1-e02e3]:DecodeUtteranceLatticeFaster():decoder-wrappers.cc:375) Log-like per frame for utterance 096160001 is 3.10335 over 505 frames.
LOG (nnet3-latgen-faster[5.5.1182~1-e02e3]:DecodeUtteranceLatticeFaster():decoder-wrappers.cc:375) Log-like per frame for utterance 096160003 is 1.91646 over 139 frames.
LOG (nnet3-latgen-faster[5.5.1182~1-e02e3]:DecodeUtteranceLatticeFaster():decoder-wrappers.cc:375) Log-like per frame for utterance 096160004 is 2.60825 over 179 frames.
LOG (nnet3-latgen-faster[5.5.1182~1-e02e3]:DecodeUtteranceLatticeFaster():decoder-wrappers.cc:375) Log-like per frame for utterance 096160005 is 2.17294 over 158 frames.
LOG (nnet3-latgen-faster[5.5.1182~1-e02e3]:DecodeUtteranceLatticeFaster():decoder-wrappers.cc:375) Log-like per frame for utterance 096160006 is 2.32183 over 303 frames.
LOG (nnet3-latgen-faster[5.5.1182~1-e02e3]:DecodeUtteranceLatticeFaster():decoder-wrappers.cc:375) Log-like per frame for utterance 096160007 is 2.47406 over 159 frames.
LOG (nnet3-latgen-faster[5.5.1182~1-e02e3]:DecodeUtteranceLatticeFaster():decoder-wrappers.cc:375) Log-like per frame for utterance 096160008 is 2.06554 over 243 frames.
LOG (nnet3-latgen-faster[5.5.1182~1-e02e3]:DecodeUtteranceLatticeFaster():decoder-wrappers.cc:375) Log-like per frame for utterance 096160009 is 2.68445 over 242 frames.
LOG (nnet3-latgen-faster[5.5.1182~1-e02e3]:DecodeUtteranceLatticeFaster():decoder-wrappers.cc:375) Log-like per frame for utterance 096160010 is 2.27686 over 202 frames.
LOG (nnet3-latgen-faster[5.5.1182~1-e02e3]:DecodeUtteranceLatticeFaster():decoder-wrappers.cc:375) Log-like per frame for utterance 096160011 is 2.33713 over 245 frames.
LOG (nnet3-latgen-faster[5.5.1182~1-e02e3]:DecodeUtteranceLatticeFaster():decoder-wrappers.cc:375) Log-like per frame for utterance 096160012 is 2.51288 over 203 frames.
LOG (nnet3-latgen-faster[5.5.1182~1-e02e3]:DecodeUtteranceLatticeFaster():decoder-wrappers.cc:375) Log-like per frame for utterance 096160013 is 2.93082 over 178 frames.
LOG (nnet3-latgen-faster[5.5.1182~1-e02e3]:DecodeUtteranceLatticeFaster():decoder-wrappers.cc:375) Log-like per frame for utterance 096160014 is 2.81834 over 267 frames.
LOG (nnet3-latgen-faster[5.5.1182~1-e02e3]:DecodeUtteranceLatticeFaster():decoder-wrappers.cc:375) Log-like per frame for utterance 096160015 is 2.78651 over 175 frames.
LOG (nnet3-latgen-faster[5.5.1182~1-e02e3]:DecodeUtteranceLatticeFaster():decoder-wrappers.cc:375) Log-like per frame for utterance 096160016 is 2.26916 over 255 frames.
LOG (nnet3-latgen-faster[5.5.1182~1-e02e3]:DecodeUtteranceLatticeFaster():decoder-wrappers.cc:375) Log-like per frame for utterance 096160017 is 2.49043 over 258 frames.
LOG (nnet3-latgen-faster[5.5.1182~1-e02e3]:DecodeUtteranceLatticeFaster():decoder-wrappers.cc:375) Log-like per frame for utterance 096160018 is 2.4602 over 270 frames.
LOG (nnet3-latgen-faster[5.5.1182~1-e02e3]:DecodeUtteranceLatticeFaster():decoder-wrappers.cc:375) Log-like per frame for utterance 096160019 is 2.93212 over 164 frames.
LOG (nnet3-latgen-faster[5.5.1182~1-e02e3]:DecodeUtteranceLatticeFaster():decoder-wrappers.cc:375) Log-like per frame for utterance 096160020 is 2.67943 over 247 frames.
LOG (nnet3-latgen-faster[5.5.1182~1-e02e3]:DecodeUtteranceLatticeFaster():decoder-wrappers.cc:375) Log-like per frame for utterance 096190002 is 2.90033 over 185 frames.
LOG (nnet3-latgen-faster[5.5.1182~1-e02e3]:DecodeUtteranceLatticeFaster():decoder-wrappers.cc:375) Log-like per frame for utterance 096190003 is 2.25579 over 210 frames.
LOG (nnet3-latgen-faster[5.5.1182~1-e02e3]:DecodeUtteranceLatticeFaster():decoder-wrappers.cc:375) Log-like per frame for utterance 096190004 is 2.39268 over 269 frames.
LOG (nnet3-latgen-faster[5.5.1182~1-e02e3]:DecodeUtteranceLatticeFaster():decoder-wrappers.cc:375) Log-like per frame for utterance 096190005 is 2.2467 over 293 frames.
LOG (nnet3-latgen-faster[5.5.1182~1-e02e3]:DecodeUtteranceLatticeFaster():decoder-wrappers.cc:375) Log-like per frame for utterance 096190006 is 2.55377 over 200 frames.
LOG (nnet3-latgen-faster[5.5.1182~1-e02e3]:DecodeUtteranceLatticeFaster():decoder-wrappers.cc:375) Log-like per frame for utterance 096190007 is 2.33828 over 255 frames.
LOG (nnet3-latgen-faster[5.5.1182~1-e02e3]:DecodeUtteranceLatticeFaster():decoder-wrappers.cc:375) Log-like per frame for utterance 096190008 is 2.81886 over 211 frames.
LOG (nnet3-latgen-faster[5.5.1182~1-e02e3]:DecodeUtteranceLatticeFaster():decoder-wrappers.cc:375) Log-like per frame for utterance 096190009 is 2.23456 over 223 frames.
LOG (nnet3-latgen-faster[5.5.1182~1-e02e3]:DecodeUtteranceLatticeFaster():decoder-wrappers.cc:375) Log-like per frame for utterance 096190010 is 2.22948 over 140 frames.
LOG (nnet3-latgen-faster[5.5.1182~1-e02e3]:DecodeUtteranceLatticeFaster():decoder-wrappers.cc:375) Log-like per frame for utterance 096190011 is 2.44043 over 155 frames.
LOG (nnet3-latgen-faster[5.5.1182~1-e02e3]:DecodeUtteranceLatticeFaster():decoder-wrappers.cc:375) Log-like per frame for utterance 096190012 is 2.3582 over 234 frames.
LOG (nnet3-latgen-faster[5.5.1182~1-e02e3]:DecodeUtteranceLatticeFaster():decoder-wrappers.cc:375) Log-like per frame for utterance 096190013 is 2.23608 over 244 frames.
LOG (nnet3-latgen-faster[5.5.1182~1-e02e3]:DecodeUtteranceLatticeFaster():decoder-wrappers.cc:375) Log-like per frame for utterance 096190014 is 2.33641 over 282 frames.
LOG (nnet3-latgen-faster[5.5.1182~1-e02e3]:DecodeUtteranceLatticeFaster():decoder-wrappers.cc:375) Log-like per frame for utterance 096190019 is 2.37466 over 214 frames.
LOG (nnet3-latgen-faster[5.5.1182~1-e02e3]:DecodeUtteranceLatticeFaster():decoder-wrappers.cc:375) Log-like per frame for utterance 096190021 is 2.96183 over 135 frames.
LOG (nnet3-latgen-faster[5.5.1182~1-e02e3]:DecodeUtteranceLatticeFaster():decoder-wrappers.cc:375) Log-like per frame for utterance 096240002 is 1.8872 over 161 frames.
LOG (nnet3-latgen-faster[5.5.1182~1-e02e3]:DecodeUtteranceLatticeFaster():decoder-wrappers.cc:375) Log-like per frame for utterance 096240005 is 2.56425 over 212 frames.
LOG (nnet3-latgen-faster[5.5.1182~1-e02e3]:DecodeUtteranceLatticeFaster():decoder-wrappers.cc:375) Log-like per frame for utterance 096240006 is 2.43271 over 243 frames.
LOG (nnet3-latgen-faster[5.5.1182~1-e02e3]:DecodeUtteranceLatticeFaster():decoder-wrappers.cc:375) Log-like per frame for utterance 096240007 is 3.19658 over 376 frames.
LOG (nnet3-latgen-faster[5.5.1182~1-e02e3]:DecodeUtteranceLatticeFaster():decoder-wrappers.cc:375) Log-like per frame for utterance 096240008 is 2.47361 over 127 frames.
LOG (nnet3-latgen-faster[5.5.1182~1-e02e3]:DecodeUtteranceLatticeFaster():decoder-wrappers.cc:375) Log-like per frame for utterance 096240009 is 2.0034 over 184 frames.
LOG (nnet3-latgen-faster[5.5.1182~1-e02e3]:DecodeUtteranceLatticeFaster():decoder-wrappers.cc:375) Log-like per frame for utterance 096240010 is 2.06562 over 179 frames.
LOG (nnet3-latgen-faster[5.5.1182~1-e02e3]:DecodeUtteranceLatticeFaster():decoder-wrappers.cc:375) Log-like per frame for utterance 096240011 is 2.09708 over 139 frames.
LOG (nnet3-latgen-faster[5.5.1182~1-e02e3]:DecodeUtteranceLatticeFaster():decoder-wrappers.cc:375) Log-like per frame for utterance 096240012 is 2.24415 over 274 frames.
LOG (nnet3-latgen-faster[5.5.1182~1-e02e3]:DecodeUtteranceLatticeFaster():decoder-wrappers.cc:375) Log-like per frame for utterance 096240013 is 2.34681 over 112 frames.
LOG (nnet3-latgen-faster[5.5.1182~1-e02e3]:DecodeUtteranceLatticeFaster():decoder-wrappers.cc:375) Log-like per frame for utterance 096240014 is 1.9661 over 237 frames.
LOG (nnet3-latgen-faster[5.5.1182~1-e02e3]:DecodeUtteranceLatticeFaster():decoder-wrappers.cc:375) Log-like per frame for utterance 096240016 is 2.54681 over 92 frames.
LOG (nnet3-latgen-faster[5.5.1182~1-e02e3]:DecodeUtteranceLatticeFaster():decoder-wrappers.cc:375) Log-like per frame for utterance 096240017 is 2.22507 over 196 frames.
LOG (nnet3-latgen-faster[5.5.1182~1-e02e3]:DecodeUtteranceLatticeFaster():decoder-wrappers.cc:375) Log-like per frame for utterance 096240019 is 2.30051 over 193 frames.
LOG (nnet3-latgen-faster[5.5.1182~1-e02e3]:DecodeUtteranceLatticeFaster():decoder-wrappers.cc:375) Log-like per frame for utterance 096240020 is 2.25111 over 109 frames.
LOG (nnet3-latgen-faster[5.5.1182~1-e02e3]:DecodeUtteranceLatticeFaster():decoder-wrappers.cc:375) Log-like per frame for utterance 096240021 is 1.92208 over 263 frames.
LOG (nnet3-latgen-faster[5.5.1182~1-e02e3]:DecodeUtteranceLatticeFaster():decoder-wrappers.cc:375) Log-like per frame for utterance 096250001 is 2.5708 over 128 frames.
LOG (nnet3-latgen-faster[5.5.1182~1-e02e3]:DecodeUtteranceLatticeFaster():decoder-wrappers.cc:375) Log-like per frame for utterance 096250002 is 2.15299 over 243 frames.
LOG (nnet3-latgen-faster[5.5.1182~1-e02e3]:DecodeUtteranceLatticeFaster():decoder-wrappers.cc:375) Log-like per frame for utterance 096250003 is 1.90907 over 131 frames.
LOG (nnet3-latgen-faster[5.5.1182~1-e02e3]:DecodeUtteranceLatticeFaster():decoder-wrappers.cc:375) Log-like per frame for utterance 096250004 is 2.51966 over 105 frames.
LOG (nnet3-latgen-faster[5.5.1182~1-e02e3]:DecodeUtteranceLatticeFaster():decoder-wrappers.cc:375) Log-like per frame for utterance 096250005 is 2.57454 over 163 frames.
LOG (nnet3-latgen-faster[5.5.1182~1-e02e3]:DecodeUtteranceLatticeFaster():decoder-wrappers.cc:375) Log-like per frame for utterance 096250007 is 2.25365 over 149 frames.
LOG (nnet3-latgen-faster[5.5.1182~1-e02e3]:DecodeUtteranceLatticeFaster():decoder-wrappers.cc:375) Log-like per frame for utterance 096250008 is 2.70645 over 118 frames.
LOG (nnet3-latgen-faster[5.5.1182~1-e02e3]:DecodeUtteranceLatticeFaster():decoder-wrappers.cc:375) Log-like per frame for utterance 096250009 is 2.35417 over 148 frames.
LOG (nnet3-latgen-faster[5.5.1182~1-e02e3]:DecodeUtteranceLatticeFaster():decoder-wrappers.cc:375) Log-like per frame for utterance 096250010 is 2.42854 over 154 frames.
LOG (nnet3-latgen-faster[5.5.1182~1-e02e3]:DecodeUtteranceLatticeFaster():decoder-wrappers.cc:375) Log-like per frame for utterance 096250011 is 2.42755 over 167 frames.
LOG (nnet3-latgen-faster[5.5.1182~1-e02e3]:DecodeUtteranceLatticeFaster():decoder-wrappers.cc:375) Log-like per frame for utterance 096250012 is 2.48858 over 165 frames.
LOG (nnet3-latgen-faster[5.5.1182~1-e02e3]:DecodeUtteranceLatticeFaster():decoder-wrappers.cc:375) Log-like per frame for utterance 096250013 is 2.91442 over 161 frames.
LOG (nnet3-latgen-faster[5.5.1182~1-e02e3]:DecodeUtteranceLatticeFaster():decoder-wrappers.cc:375) Log-like per frame for utterance 096250014 is 2.52543 over 220 frames.
LOG (nnet3-latgen-faster[5.5.1182~1-e02e3]:DecodeUtteranceLatticeFaster():decoder-wrappers.cc:375) Log-like per frame for utterance 096250015 is 2.39028 over 119 frames.
LOG (nnet3-latgen-faster[5.5.1182~1-e02e3]:DecodeUtteranceLatticeFaster():decoder-wrappers.cc:375) Log-like per frame for utterance 096250016 is 2.34304 over 157 frames.
LOG (nnet3-latgen-faster[5.5.1182~1-e02e3]:DecodeUtteranceLatticeFaster():decoder-wrappers.cc:375) Log-like per frame for utterance 096250017 is 2.70608 over 151 frames.
LOG (nnet3-latgen-faster[5.5.1182~1-e02e3]:DecodeUtteranceLatticeFaster():decoder-wrappers.cc:375) Log-like per frame for utterance 096250018 is 2.32185 over 170 frames.
LOG (nnet3-latgen-faster[5.5.1182~1-e02e3]:DecodeUtteranceLatticeFaster():decoder-wrappers.cc:375) Log-like per frame for utterance 096250020 is 2.09801 over 240 frames.
LOG (nnet3-latgen-faster[5.5.1182~1-e02e3]:DecodeUtteranceLatticeFaster():decoder-wrappers.cc:375) Log-like per frame for utterance 096250021 is 2.51657 over 248 frames.
LOG (nnet3-latgen-faster[5.5.1182~1-e02e3]:DecodeUtteranceLatticeFaster():decoder-wrappers.cc:375) Log-like per frame for utterance 096250023 is 2.16696 over 114 frames.
LOG (nnet3-latgen-faster[5.5.1182~1-e02e3]:DecodeUtteranceLatticeFaster():decoder-wrappers.cc:375) Log-like per frame for utterance 096280011 is 2.82212 over 236 frames.
LOG (nnet3-latgen-faster[5.5.1182~1-e02e3]:DecodeUtteranceLatticeFaster():decoder-wrappers.cc:375) Log-like per frame for utterance 096280012 is 2.39727 over 168 frames.
LOG (nnet3-latgen-faster[5.5.1182~1-e02e3]:DecodeUtteranceLatticeFaster():decoder-wrappers.cc:375) Log-like per frame for utterance 096280013 is 2.55816 over 333 frames.
LOG (nnet3-latgen-faster[5.5.1182~1-e02e3]:DecodeUtteranceLatticeFaster():decoder-wrappers.cc:375) Log-like per frame for utterance 096280014 is 2.87714 over 282 frames.
LOG (nnet3-latgen-faster[5.5.1182~1-e02e3]:DecodeUtteranceLatticeFaster():decoder-wrappers.cc:375) Log-like per frame for utterance 096280016 is 3.49001 over 194 frames.
LOG (nnet3-latgen-faster[5.5.1182~1-e02e3]:DecodeUtteranceLatticeFaster():decoder-wrappers.cc:375) Log-like per frame for utterance 096280017 is 3.1114 over 290 frames.
LOG (nnet3-latgen-faster[5.5.1182~1-e02e3]:DecodeUtteranceLatticeFaster():decoder-wrappers.cc:375) Log-like per frame for utterance 096280018 is 3.1292 over 244 frames.
LOG (nnet3-latgen-faster[5.5.1182~1-e02e3]:DecodeUtteranceLatticeFaster():decoder-wrappers.cc:375) Log-like per frame for utterance 096280019 is 2.78153 over 170 frames.
LOG (nnet3-latgen-faster[5.5.1182~1-e02e3]:DecodeUtteranceLatticeFaster():decoder-wrappers.cc:375) Log-like per frame for utterance 096280020 is 3.33227 over 335 frames.
LOG (nnet3-latgen-faster[5.5.1182~1-e02e3]:DecodeUtteranceLatticeFaster():decoder-wrappers.cc:375) Log-like per frame for utterance 096280021 is 2.50209 over 193 frames.
LOG (nnet3-latgen-faster[5.5.1182~1-e02e3]:DecodeUtteranceLatticeFaster():decoder-wrappers.cc:375) Log-like per frame for utterance 096280022 is 3.44627 over 392 frames.
LOG (nnet3-latgen-faster[5.5.1182~1-e02e3]:DecodeUtteranceLatticeFaster():decoder-wrappers.cc:375) Log-like per frame for utterance 096280023 is 2.8975 over 296 frames.
LOG (nnet3-latgen-faster[5.5.1182~1-e02e3]:DecodeUtteranceLatticeFaster():decoder-wrappers.cc:375) Log-like per frame for utterance 096280024 is 2.95934 over 357 frames.
LOG (nnet3-latgen-faster[5.5.1182~1-e02e3]:DecodeUtteranceLatticeFaster():decoder-wrappers.cc:375) Log-like per frame for utterance 096280025 is 2.63796 over 224 frames.
LOG (nnet3-latgen-faster[5.5.1182~1-e02e3]:DecodeUtteranceLatticeFaster():decoder-wrappers.cc:375) Log-like per frame for utterance 096280026 is 2.64719 over 165 frames.
LOG (nnet3-latgen-faster[5.5.1182~1-e02e3]:DecodeUtteranceLatticeFaster():decoder-wrappers.cc:375) Log-like per frame for utterance 096280027 is 2.55898 over 157 frames.
LOG (nnet3-latgen-faster[5.5.1182~1-e02e3]:DecodeUtteranceLatticeFaster():decoder-wrappers.cc:375) Log-like per frame for utterance 096280028 is 2.78113 over 200 frames.
LOG (nnet3-latgen-faster[5.5.1182~1-e02e3]:DecodeUtteranceLatticeFaster():decoder-wrappers.cc:375) Log-like per frame for utterance 096280029 is 2.79757 over 184 frames.
LOG (nnet3-latgen-faster[5.5.1182~1-e02e3]:DecodeUtteranceLatticeFaster():decoder-wrappers.cc:375) Log-like per frame for utterance 096280030 is 2.7275 over 204 frames.
LOG (nnet3-latgen-faster[5.5.1182~1-e02e3]:DecodeUtteranceLatticeFaster():decoder-wrappers.cc:375) Log-like per frame for utterance 096300001 is 1.9146 over 134 frames.
LOG (nnet3-latgen-faster[5.5.1182~1-e02e3]:DecodeUtteranceLatticeFaster():decoder-wrappers.cc:375) Log-like per frame for utterance 096300002 is 2.62121 over 100 frames.
LOG (nnet3-latgen-faster[5.5.1182~1-e02e3]:DecodeUtteranceLatticeFaster():decoder-wrappers.cc:375) Log-like per frame for utterance 096300003 is 2.32618 over 137 frames.
LOG (nnet3-latgen-faster[5.5.1182~1-e02e3]:DecodeUtteranceLatticeFaster():decoder-wrappers.cc:375) Log-like per frame for utterance 096300004 is 1.82166 over 174 frames.
LOG (nnet3-latgen-faster[5.5.1182~1-e02e3]:DecodeUtteranceLatticeFaster():decoder-wrappers.cc:375) Log-like per frame for utterance 096300005 is 2.49833 over 127 frames.
LOG (nnet3-latgen-faster[5.5.1182~1-e02e3]:DecodeUtteranceLatticeFaster():decoder-wrappers.cc:375) Log-like per frame for utterance 096300006 is 2.41696 over 152 frames.
LOG (nnet3-latgen-faster[5.5.1182~1-e02e3]:DecodeUtteranceLatticeFaster():decoder-wrappers.cc:375) Log-like per frame for utterance 096300007 is 2.46442 over 129 frames.
LOG (nnet3-latgen-faster[5.5.1182~1-e02e3]:DecodeUtteranceLatticeFaster():decoder-wrappers.cc:375) Log-like per frame for utterance 096300008 is 2.87015 over 168 frames.
LOG (nnet3-latgen-faster[5.5.1182~1-e02e3]:DecodeUtteranceLatticeFaster():decoder-wrappers.cc:375) Log-like per frame for utterance 096300009 is 2.14612 over 107 frames.
LOG (nnet3-latgen-faster[5.5.1182~1-e02e3]:DecodeUtteranceLatticeFaster():decoder-wrappers.cc:375) Log-like per frame for utterance 096300011 is 2.6938 over 109 frames.
LOG (nnet3-latgen-faster[5.5.1182~1-e02e3]:DecodeUtteranceLatticeFaster():decoder-wrappers.cc:375) Log-like per frame for utterance 096300012 is 2.63227 over 179 frames.
LOG (nnet3-latgen-faster[5.5.1182~1-e02e3]:DecodeUtteranceLatticeFaster():decoder-wrappers.cc:375) Log-like per frame for utterance 096300013 is 1.76168 over 172 frames.
LOG (nnet3-latgen-faster[5.5.1182~1-e02e3]:DecodeUtteranceLatticeFaster():decoder-wrappers.cc:375) Log-like per frame for utterance 096300014 is 2.14326 over 111 frames.
LOG (nnet3-latgen-faster[5.5.1182~1-e02e3]:DecodeUtteranceLatticeFaster():decoder-wrappers.cc:375) Log-like per frame for utterance 096300015 is 2.70906 over 123 frames.
LOG (nnet3-latgen-faster[5.5.1182~1-e02e3]:DecodeUtteranceLatticeFaster():decoder-wrappers.cc:375) Log-like per frame for utterance 096300016 is 2.02738 over 206 frames.
LOG (nnet3-latgen-faster[5.5.1182~1-e02e3]:DecodeUtteranceLatticeFaster():decoder-wrappers.cc:375) Log-like per frame for utterance 096300017 is 2.75995 over 135 frames.
LOG (nnet3-latgen-faster[5.5.1182~1-e02e3]:DecodeUtteranceLatticeFaster():decoder-wrappers.cc:375) Log-like per frame for utterance 096300018 is 2.35875 over 110 frames.
LOG (nnet3-latgen-faster[5.5.1182~1-e02e3]:DecodeUtteranceLatticeFaster():decoder-wrappers.cc:375) Log-like per frame for utterance 096300019 is 2.31983 over 114 frames.
LOG (nnet3-latgen-faster[5.5.1182~1-e02e3]:DecodeUtteranceLatticeFaster():decoder-wrappers.cc:375) Log-like per frame for utterance 096300020 is 1.984 over 123 frames.
LOG (nnet3-latgen-faster[5.5.1182~1-e02e3]:DecodeUtteranceLatticeFaster():decoder-wrappers.cc:375) Log-like per frame for utterance 096340004 is 2.8622 over 235 frames.
LOG (nnet3-latgen-faster[5.5.1182~1-e02e3]:DecodeUtteranceLatticeFaster():decoder-wrappers.cc:375) Log-like per frame for utterance 096340005 is 3.14203 over 277 frames.
LOG (nnet3-latgen-faster[5.5.1182~1-e02e3]:DecodeUtteranceLatticeFaster():decoder-wrappers.cc:375) Log-like per frame for utterance 096340007 is 2.70054 over 186 frames.
LOG (nnet3-latgen-faster[5.5.1182~1-e02e3]:DecodeUtteranceLatticeFaster():decoder-wrappers.cc:375) Log-like per frame for utterance 096340008 is 2.81966 over 242 frames.
LOG (nnet3-latgen-faster[5.5.1182~1-e02e3]:DecodeUtteranceLatticeFaster():decoder-wrappers.cc:375) Log-like per frame for utterance 096340009 is 2.52639 over 215 frames.
LOG (nnet3-latgen-faster[5.5.1182~1-e02e3]:DecodeUtteranceLatticeFaster():decoder-wrappers.cc:375) Log-like per frame for utterance 096340010 is 3.21334 over 219 frames.
LOG (nnet3-latgen-faster[5.5.1182~1-e02e3]:DecodeUtteranceLatticeFaster():decoder-wrappers.cc:375) Log-like per frame for utterance 096340011 is 3.23111 over 240 frames.
LOG (nnet3-latgen-faster[5.5.1182~1-e02e3]:DecodeUtteranceLatticeFaster():decoder-wrappers.cc:375) Log-like per frame for utterance 096340013 is 2.31918 over 173 frames.
LOG (nnet3-latgen-faster[5.5.1182~1-e02e3]:DecodeUtteranceLatticeFaster():decoder-wrappers.cc:375) Log-like per frame for utterance 096340014 is 2.97613 over 257 frames.
LOG (nnet3-latgen-faster[5.5.1182~1-e02e3]:DecodeUtteranceLatticeFaster():decoder-wrappers.cc:375) Log-like per frame for utterance 096340015 is 3.25446 over 232 frames.
LOG (nnet3-latgen-faster[5.5.1182~1-e02e3]:DecodeUtteranceLatticeFaster():decoder-wrappers.cc:375) Log-like per frame for utterance 096340016 is 3.45017 over 233 frames.
LOG (nnet3-latgen-faster[5.5.1182~1-e02e3]:DecodeUtteranceLatticeFaster():decoder-wrappers.cc:375) Log-like per frame for utterance 096340017 is 3.24314 over 364 frames.
LOG (nnet3-latgen-faster[5.5.1182~1-e02e3]:DecodeUtteranceLatticeFaster():decoder-wrappers.cc:375) Log-like per frame for utterance 096340018 is 2.81183 over 292 frames.
LOG (nnet3-latgen-faster[5.5.1182~1-e02e3]:DecodeUtteranceLatticeFaster():decoder-wrappers.cc:375) Log-like per frame for utterance 096340019 is 2.94649 over 315 frames.
LOG (nnet3-latgen-faster[5.5.1182~1-e02e3]:DecodeUtteranceLatticeFaster():decoder-wrappers.cc:375) Log-like per frame for utterance 096340020 is 3.40747 over 387 frames.
LOG (nnet3-latgen-faster[5.5.1182~1-e02e3]:DecodeUtteranceLatticeFaster():decoder-wrappers.cc:375) Log-like per frame for utterance 096340021 is 2.67773 over 263 frames.
LOG (nnet3-latgen-faster[5.5.1182~1-e02e3]:DecodeUtteranceLatticeFaster():decoder-wrappers.cc:375) Log-like per frame for utterance 096340022 is 3.20806 over 313 frames.
LOG (nnet3-latgen-faster[5.5.1182~1-e02e3]:DecodeUtteranceLatticeFaster():decoder-wrappers.cc:375) Log-like per frame for utterance 096390001 is 2.88377 over 95 frames.
LOG (nnet3-latgen-faster[5.5.1182~1-e02e3]:DecodeUtteranceLatticeFaster():decoder-wrappers.cc:375) Log-like per frame for utterance 096390002 is 2.66954 over 132 frames.
LOG (nnet3-latgen-faster[5.5.1182~1-e02e3]:DecodeUtteranceLatticeFaster():decoder-wrappers.cc:375) Log-like per frame for utterance 096390003 is 2.76388 over 86 frames.
LOG (nnet3-latgen-faster[5.5.1182~1-e02e3]:DecodeUtteranceLatticeFaster():decoder-wrappers.cc:375) Log-like per frame for utterance 096390004 is 2.79311 over 103 frames.
LOG (nnet3-latgen-faster[5.5.1182~1-e02e3]:DecodeUtteranceLatticeFaster():decoder-wrappers.cc:375) Log-like per frame for utterance 096390005 is 2.27328 over 130 frames.
LOG (nnet3-latgen-faster[5.5.1182~1-e02e3]:DecodeUtteranceLatticeFaster():decoder-wrappers.cc:375) Log-like per frame for utterance 096390006 is 2.42876 over 100 frames.
LOG (nnet3-latgen-faster[5.5.1182~1-e02e3]:DecodeUtteranceLatticeFaster():decoder-wrappers.cc:375) Log-like per frame for utterance 096390007 is 3.14692 over 108 frames.
LOG (nnet3-latgen-faster[5.5.1182~1-e02e3]:DecodeUtteranceLatticeFaster():decoder-wrappers.cc:375) Log-like per frame for utterance 096390008 is 2.8494 over 125 frames.
LOG (nnet3-latgen-faster[5.5.1182~1-e02e3]:DecodeUtteranceLatticeFaster():decoder-wrappers.cc:375) Log-like per frame for utterance 096390009 is 2.72 over 95 frames.
LOG (nnet3-latgen-faster[5.5.1182~1-e02e3]:DecodeUtteranceLatticeFaster():decoder-wrappers.cc:375) Log-like per frame for utterance 096390010 is 2.18765 over 177 frames.
LOG (nnet3-latgen-faster[5.5.1182~1-e02e3]:DecodeUtteranceLatticeFaster():decoder-wrappers.cc:375) Log-like per frame for utterance 096390011 is 3.09851 over 81 frames.
LOG (nnet3-latgen-faster[5.5.1182~1-e02e3]:DecodeUtteranceLatticeFaster():decoder-wrappers.cc:375) Log-like per frame for utterance 096390012 is 3.2349 over 111 frames.
LOG (nnet3-latgen-faster[5.5.1182~1-e02e3]:DecodeUtteranceLatticeFaster():decoder-wrappers.cc:375) Log-like per frame for utterance 096390013 is 1.99749 over 137 frames.
LOG (nnet3-latgen-faster[5.5.1182~1-e02e3]:DecodeUtteranceLatticeFaster():decoder-wrappers.cc:375) Log-like per frame for utterance 096390014 is 2.8684 over 102 frames.
LOG (nnet3-latgen-faster[5.5.1182~1-e02e3]:DecodeUtteranceLatticeFaster():decoder-wrappers.cc:375) Log-like per frame for utterance 096390015 is 2.59467 over 109 frames.
LOG (nnet3-latgen-faster[5.5.1182~1-e02e3]:DecodeUtteranceLatticeFaster():decoder-wrappers.cc:375) Log-like per frame for utterance 096390016 is 2.23289 over 141 frames.
LOG (nnet3-latgen-faster[5.5.1182~1-e02e3]:DecodeUtteranceLatticeFaster():decoder-wrappers.cc:375) Log-like per frame for utterance 096390017 is 2.22144 over 131 frames.
LOG (nnet3-latgen-faster[5.5.1182~1-e02e3]:DecodeUtteranceLatticeFaster():decoder-wrappers.cc:375) Log-like per frame for utterance 096390019 is 2.89803 over 101 frames.
LOG (nnet3-latgen-faster[5.5.1182~1-e02e3]:DecodeUtteranceLatticeFaster():decoder-wrappers.cc:375) Log-like per frame for utterance 096390020 is 1.98251 over 158 frames.
LOG (nnet3-latgen-faster[5.5.1182~1-e02e3]:DecodeUtteranceLatticeFaster():decoder-wrappers.cc:375) Log-like per frame for utterance 096430002 is 1.66712 over 190 frames.
LOG (nnet3-latgen-faster[5.5.1182~1-e02e3]:DecodeUtteranceLatticeFaster():decoder-wrappers.cc:375) Log-like per frame for utterance 096430003 is 1.99441 over 255 frames.
LOG (nnet3-latgen-faster[5.5.1182~1-e02e3]:DecodeUtteranceLatticeFaster():decoder-wrappers.cc:375) Log-like per frame for utterance 096430004 is 1.49026 over 299 frames.
LOG (nnet3-latgen-faster[5.5.1182~1-e02e3]:DecodeUtteranceLatticeFaster():decoder-wrappers.cc:375) Log-like per frame for utterance 096430005 is 1.79824 over 373 frames.
LOG (nnet3-latgen-faster[5.5.1182~1-e02e3]:DecodeUtteranceLatticeFaster():decoder-wrappers.cc:375) Log-like per frame for utterance 096430006 is 1.42553 over 437 frames.
LOG (nnet3-latgen-faster[5.5.1182~1-e02e3]:DecodeUtteranceLatticeFaster():decoder-wrappers.cc:375) Log-like per frame for utterance 096430007 is 1.46808 over 336 frames.
LOG (nnet3-latgen-faster[5.5.1182~1-e02e3]:DecodeUtteranceLatticeFaster():decoder-wrappers.cc:375) Log-like per frame for utterance 096430009 is 1.87093 over 202 frames.
LOG (nnet3-latgen-faster[5.5.1182~1-e02e3]:DecodeUtteranceLatticeFaster():decoder-wrappers.cc:375) Log-like per frame for utterance 096430010 is 1.53532 over 316 frames.
LOG (nnet3-latgen-faster[5.5.1182~1-e02e3]:DecodeUtteranceLatticeFaster():decoder-wrappers.cc:375) Log-like per frame for utterance 096430011 is 1.69659 over 338 frames.
LOG (nnet3-latgen-faster[5.5.1182~1-e02e3]:DecodeUtteranceLatticeFaster():decoder-wrappers.cc:375) Log-like per frame for utterance 096430012 is 2.04234 over 254 frames.
LOG (nnet3-latgen-faster[5.5.1182~1-e02e3]:DecodeUtteranceLatticeFaster():decoder-wrappers.cc:375) Log-like per frame for utterance 096430013 is 2.00178 over 354 frames.
LOG (nnet3-latgen-faster[5.5.1182~1-e02e3]:DecodeUtteranceLatticeFaster():decoder-wrappers.cc:375) Log-like per frame for utterance 096430014 is 2.02109 over 267 frames.
LOG (nnet3-latgen-faster[5.5.1182~1-e02e3]:DecodeUtteranceLatticeFaster():decoder-wrappers.cc:375) Log-like per frame for utterance 096430015 is 1.95919 over 318 frames.
LOG (nnet3-latgen-faster[5.5.1182~1-e02e3]:DecodeUtteranceLatticeFaster():decoder-wrappers.cc:375) Log-like per frame for utterance 096430016 is 1.75315 over 295 frames.
LOG (nnet3-latgen-faster[5.5.1182~1-e02e3]:DecodeUtteranceLatticeFaster():decoder-wrappers.cc:375) Log-like per frame for utterance 096430017 is 1.48718 over 357 frames.
LOG (nnet3-latgen-faster[5.5.1182~1-e02e3]:DecodeUtteranceLatticeFaster():decoder-wrappers.cc:375) Log-like per frame for utterance 096430018 is 1.6031 over 269 frames.
LOG (nnet3-latgen-faster[5.5.1182~1-e02e3]:DecodeUtteranceLatticeFaster():decoder-wrappers.cc:375) Log-like per frame for utterance 096430019 is 1.75574 over 282 frames.
LOG (nnet3-latgen-faster[5.5.1182~1-e02e3]:DecodeUtteranceLatticeFaster():decoder-wrappers.cc:375) Log-like per frame for utterance 096430020 is 2.04858 over 305 frames.
LOG (nnet3-latgen-faster[5.5.1182~1-e02e3]:DecodeUtteranceLatticeFaster():decoder-wrappers.cc:375) Log-like per frame for utterance 096430021 is 1.61675 over 225 frames.
LOG (nnet3-latgen-faster[5.5.1182~1-e02e3]:DecodeUtteranceLatticeFaster():decoder-wrappers.cc:375) Log-like per frame for utterance 096450001 is 2.57532 over 109 frames.
LOG (nnet3-latgen-faster[5.5.1182~1-e02e3]:DecodeUtteranceLatticeFaster():decoder-wrappers.cc:375) Log-like per frame for utterance 096450002 is 1.85552 over 169 frames.
LOG (nnet3-latgen-faster[5.5.1182~1-e02e3]:DecodeUtteranceLatticeFaster():decoder-wrappers.cc:375) Log-like per frame for utterance 096450003 is 2.17064 over 250 frames.
LOG (nnet3-latgen-faster[5.5.1182~1-e02e3]:DecodeUtteranceLatticeFaster():decoder-wrappers.cc:375) Log-like per frame for utterance 096450004 is 1.57875 over 113 frames.
LOG (nnet3-latgen-faster[5.5.1182~1-e02e3]:DecodeUtteranceLatticeFaster():decoder-wrappers.cc:375) Log-like per frame for utterance 096450005 is 2.0849 over 204 frames.
LOG (nnet3-latgen-faster[5.5.1182~1-e02e3]:DecodeUtteranceLatticeFaster():decoder-wrappers.cc:375) Log-like per frame for utterance 096450006 is 1.7178 over 154 frames.
LOG (nnet3-latgen-faster[5.5.1182~1-e02e3]:DecodeUtteranceLatticeFaster():decoder-wrappers.cc:375) Log-like per frame for utterance 096450007 is 1.77546 over 192 frames.
LOG (nnet3-latgen-faster[5.5.1182~1-e02e3]:DecodeUtteranceLatticeFaster():decoder-wrappers.cc:375) Log-like per frame for utterance 096450008 is 2.52691 over 122 frames.
LOG (nnet3-latgen-faster[5.5.1182~1-e02e3]:DecodeUtteranceLatticeFaster():decoder-wrappers.cc:375) Log-like per frame for utterance 096450010 is 2.08145 over 221 frames.
LOG (nnet3-latgen-faster[5.5.1182~1-e02e3]:DecodeUtteranceLatticeFaster():decoder-wrappers.cc:375) Log-like per frame for utterance 096450011 is 1.96396 over 231 frames.
LOG (nnet3-latgen-faster[5.5.1182~1-e02e3]:DecodeUtteranceLatticeFaster():decoder-wrappers.cc:375) Log-like per frame for utterance 096450012 is 2.61041 over 182 frames.
LOG (nnet3-latgen-faster[5.5.1182~1-e02e3]:DecodeUtteranceLatticeFaster():decoder-wrappers.cc:375) Log-like per frame for utterance 096450013 is 2.85326 over 241 frames.
LOG (nnet3-latgen-faster[5.5.1182~1-e02e3]:DecodeUtteranceLatticeFaster():decoder-wrappers.cc:375) Log-like per frame for utterance 096450014 is 1.89863 over 247 frames.
LOG (nnet3-latgen-faster[5.5.1182~1-e02e3]:DecodeUtteranceLatticeFaster():decoder-wrappers.cc:375) Log-like per frame for utterance 096450015 is 2.27148 over 122 frames.
LOG (nnet3-latgen-faster[5.5.1182~1-e02e3]:DecodeUtteranceLatticeFaster():decoder-wrappers.cc:375) Log-like per frame for utterance 096450016 is 1.83322 over 225 frames.
LOG (nnet3-latgen-faster[5.5.1182~1-e02e3]:DecodeUtteranceLatticeFaster():decoder-wrappers.cc:375) Log-like per frame for utterance 096450017 is 2.00696 over 161 frames.
LOG (nnet3-latgen-faster[5.5.1182~1-e02e3]:DecodeUtteranceLatticeFaster():decoder-wrappers.cc:375) Log-like per frame for utterance 096450018 is 2.70258 over 140 frames.
LOG (nnet3-latgen-faster[5.5.1182~1-e02e3]:DecodeUtteranceLatticeFaster():decoder-wrappers.cc:375) Log-like per frame for utterance 096450019 is 2.49152 over 205 frames.
LOG (nnet3-latgen-faster[5.5.1182~1-e02e3]:DecodeUtteranceLatticeFaster():decoder-wrappers.cc:375) Log-like per frame for utterance 096450020 is 2.40361 over 234 frames.
LOG (nnet3-latgen-faster[5.5.1182~1-e02e3]:DecodeUtteranceLatticeFaster():decoder-wrappers.cc:375) Log-like per frame for utterance 096450021 is 1.99869 over 148 frames.
LOG (nnet3-latgen-faster[5.5.1182~1-e02e3]:DecodeUtteranceLatticeFaster():decoder-wrappers.cc:375) Log-like per frame for utterance 096460002 is 2.26445 over 247 frames.
LOG (nnet3-latgen-faster[5.5.1182~1-e02e3]:DecodeUtteranceLatticeFaster():decoder-wrappers.cc:375) Log-like per frame for utterance 096460003 is 3.18968 over 269 frames.
LOG (nnet3-latgen-faster[5.5.1182~1-e02e3]:DecodeUtteranceLatticeFaster():decoder-wrappers.cc:375) Log-like per frame for utterance 096460004 is 2.96849 over 214 frames.
LOG (nnet3-latgen-faster[5.5.1182~1-e02e3]:DecodeUtteranceLatticeFaster():decoder-wrappers.cc:375) Log-like per frame for utterance 096460005 is 3.48343 over 256 frames.
LOG (nnet3-latgen-faster[5.5.1182~1-e02e3]:DecodeUtteranceLatticeFaster():decoder-wrappers.cc:375) Log-like per frame for utterance 096460006 is 3.66475 over 344 frames.
LOG (nnet3-latgen-faster[5.5.1182~1-e02e3]:DecodeUtteranceLatticeFaster():decoder-wrappers.cc:375) Log-like per frame for utterance 096460007 is 3.31684 over 153 frames.
LOG (nnet3-latgen-faster[5.5.1182~1-e02e3]:DecodeUtteranceLatticeFaster():decoder-wrappers.cc:375) Log-like per frame for utterance 096460009 is 2.67622 over 150 frames.
LOG (nnet3-latgen-faster[5.5.1182~1-e02e3]:DecodeUtteranceLatticeFaster():decoder-wrappers.cc:375) Log-like per frame for utterance 096460010 is 2.59037 over 86 frames.
LOG (nnet3-latgen-faster[5.5.1182~1-e02e3]:DecodeUtteranceLatticeFaster():decoder-wrappers.cc:375) Log-like per frame for utterance 096460011 is 2.44164 over 167 frames.
LOG (nnet3-latgen-faster[5.5.1182~1-e02e3]:DecodeUtteranceLatticeFaster():decoder-wrappers.cc:375) Log-like per frame for utterance 096460012 is 3.09978 over 202 frames.
LOG (nnet3-latgen-faster[5.5.1182~1-e02e3]:DecodeUtteranceLatticeFaster():decoder-wrappers.cc:375) Log-like per frame for utterance 096460013 is 2.61156 over 134 frames.
LOG (nnet3-latgen-faster[5.5.1182~1-e02e3]:DecodeUtteranceLatticeFaster():decoder-wrappers.cc:375) Log-like per frame for utterance 096460014 is 3.53832 over 172 frames.
LOG (nnet3-latgen-faster[5.5.1182~1-e02e3]:DecodeUtteranceLatticeFaster():decoder-wrappers.cc:375) Log-like per frame for utterance 096460015 is 2.63672 over 96 frames.
LOG (nnet3-latgen-faster[5.5.1182~1-e02e3]:DecodeUtteranceLatticeFaster():decoder-wrappers.cc:375) Log-like per frame for utterance 096460016 is 2.70358 over 167 frames.
LOG (nnet3-latgen-faster[5.5.1182~1-e02e3]:DecodeUtteranceLatticeFaster():decoder-wrappers.cc:375) Log-like per frame for utterance 096460017 is 3.00402 over 124 frames.
LOG (nnet3-latgen-faster[5.5.1182~1-e02e3]:DecodeUtteranceLatticeFaster():decoder-wrappers.cc:375) Log-like per frame for utterance 096460018 is 2.6638 over 96 frames.
LOG (nnet3-latgen-faster[5.5.1182~1-e02e3]:DecodeUtteranceLatticeFaster():decoder-wrappers.cc:375) Log-like per frame for utterance 096460019 is 2.67969 over 112 frames.
LOG (nnet3-latgen-faster[5.5.1182~1-e02e3]:DecodeUtteranceLatticeFaster():decoder-wrappers.cc:375) Log-like per frame for utterance 096460021 is 2.44549 over 115 frames.
LOG (nnet3-latgen-faster[5.5.1182~1-e02e3]:DecodeUtteranceLatticeFaster():decoder-wrappers.cc:375) Log-like per frame for utterance 096490001 is 2.32879 over 213 frames.
LOG (nnet3-latgen-faster[5.5.1182~1-e02e3]:DecodeUtteranceLatticeFaster():decoder-wrappers.cc:375) Log-like per frame for utterance 096490002 is 2.10912 over 292 frames.
LOG (nnet3-latgen-faster[5.5.1182~1-e02e3]:DecodeUtteranceLatticeFaster():decoder-wrappers.cc:375) Log-like per frame for utterance 096490003 is 1.94238 over 248 frames.
LOG (nnet3-latgen-faster[5.5.1182~1-e02e3]:DecodeUtteranceLatticeFaster():decoder-wrappers.cc:375) Log-like per frame for utterance 096490004 is 2.00395 over 236 frames.
LOG (nnet3-latgen-faster[5.5.1182~1-e02e3]:DecodeUtteranceLatticeFaster():decoder-wrappers.cc:375) Log-like per frame for utterance 096490005 is 2.26375 over 334 frames.
LOG (nnet3-latgen-faster[5.5.1182~1-e02e3]:DecodeUtteranceLatticeFaster():decoder-wrappers.cc:375) Log-like per frame for utterance 096490006 is 1.93037 over 150 frames.
LOG (nnet3-latgen-faster[5.5.1182~1-e02e3]:DecodeUtteranceLatticeFaster():decoder-wrappers.cc:375) Log-like per frame for utterance 096490007 is 1.86735 over 271 frames.
LOG (nnet3-latgen-faster[5.5.1182~1-e02e3]:DecodeUtteranceLatticeFaster():decoder-wrappers.cc:375) Log-like per frame for utterance 096490008 is 1.85651 over 201 frames.
LOG (nnet3-latgen-faster[5.5.1182~1-e02e3]:DecodeUtteranceLatticeFaster():decoder-wrappers.cc:375) Log-like per frame for utterance 096490010 is 2.1979 over 148 frames.
LOG (nnet3-latgen-faster[5.5.1182~1-e02e3]:DecodeUtteranceLatticeFaster():decoder-wrappers.cc:375) Log-like per frame for utterance 096490011 is 1.71251 over 261 frames.
LOG (nnet3-latgen-faster[5.5.1182~1-e02e3]:DecodeUtteranceLatticeFaster():decoder-wrappers.cc:375) Log-like per frame for utterance 096490012 is 1.99407 over 162 frames.
LOG (nnet3-latgen-faster[5.5.1182~1-e02e3]:DecodeUtteranceLatticeFaster():decoder-wrappers.cc:375) Log-like per frame for utterance 096490013 is 2.12793 over 131 frames.
LOG (nnet3-latgen-faster[5.5.1182~1-e02e3]:DecodeUtteranceLatticeFaster():decoder-wrappers.cc:375) Log-like per frame for utterance 096490014 is 2.3306 over 176 frames.
LOG (nnet3-latgen-faster[5.5.1182~1-e02e3]:DecodeUtteranceLatticeFaster():decoder-wrappers.cc:375) Log-like per frame for utterance 096490015 is 2.01507 over 194 frames.
LOG (apply-cmvn[5.5.1182~1-e02e3]:main():apply-cmvn.cc:81) Copied 220 utterances.
LOG (nnet3-latgen-faster[5.5.1182~1-e02e3]:DecodeUtteranceLatticeFaster():decoder-wrappers.cc:375) Log-like per frame for utterance 096490016 is 2.28874 over 198 frames.
LOG (nnet3-latgen-faster[5.5.1182~1-e02e3]:DecodeUtteranceLatticeFaster():decoder-wrappers.cc:375) Log-like per frame for utterance 096490017 is 2.25332 over 126 frames.
LOG (nnet3-latgen-faster[5.5.1182~1-e02e3]:DecodeUtteranceLatticeFaster():decoder-wrappers.cc:375) Log-like per frame for utterance 096490018 is 2.44973 over 109 frames.
LOG (nnet3-latgen-faster[5.5.1182~1-e02e3]:DecodeUtteranceLatticeFaster():decoder-wrappers.cc:375) Log-like per frame for utterance 096490019 is 2.41598 over 155 frames.
LOG (nnet3-latgen-faster[5.5.1182~1-e02e3]:DecodeUtteranceLatticeFaster():decoder-wrappers.cc:375) Log-like per frame for utterance 096490020 is 2.14593 over 132 frames.
LOG (nnet3-latgen-faster[5.5.1182~1-e02e3]:main():nnet3-latgen-faster.cc:256) Time taken 140.612s: real-time factor assuming 100 frames/sec is 0.106351
LOG (nnet3-latgen-faster[5.5.1182~1-e02e3]:main():nnet3-latgen-faster.cc:259) Done 220 utterances, failed for 0
LOG (nnet3-latgen-faster[5.5.1182~1-e02e3]:main():nnet3-latgen-faster.cc:261) Overall log-likelihood per frame is 2.44302 over 44072 frames.
LOG (nnet3-latgen-faster[5.5.1182~1-e02e3]:~CachingOptimizingCompiler():nnet-optimize.cc:710) 0.781 seconds taken in nnet3 compilation total (breakdown: 0.563 compilation, 0.143 optimization, 0 shortcut expansion, 0.0223 checking, 3.86e-05 computing indexes, 0.0523 misc.) + 0 I/O.
# Accounting: time=141 threads=1
# Ended (code 0) at Thu Oct 23 10:38:36 IST 2025, elapsed time 141 seconds
