# nnet3-latgen-faster --acoustic-scale=1.0 --online-ivectors=scp:tune/nnet3_cleaned/ivectors_speechocean762_train/ivector_online.scp --online-ivector-period=10 --frame-subsampling-factor=3 --frames-per-chunk=50 --extra-left-context=0 --extra-right-context=0 --extra-left-context-initial=-1 --extra-right-context-final=-1 --beam=20 --lattice-beam=20 --allow-partial=false --word-determinize=false /home/mcw/durga/kaldi/libreespeech2/0013_librispeech_v1_chain/exp/chain_cleaned/tdnn_1d_sp/final.mdl "ark:gunzip -c tune/align_lats_speechocean762/fsts.6.gz |" "ark,s,cs:apply-cmvn --norm-means=false --norm-vars=false --utt2spk=ark:data/speechocean762_train/split10/6/utt2spk scp:data/speechocean762_train/split10/6/cmvn.scp scp:data/speechocean762_train/split10/6/feats.scp ark:- |" "ark:|gzip -c >tune/align_lats_speechocean762/lat.6.gz" 
# Started at Thu Oct 23 10:36:15 IST 2025
#
nnet3-latgen-faster --acoustic-scale=1.0 --online-ivectors=scp:tune/nnet3_cleaned/ivectors_speechocean762_train/ivector_online.scp --online-ivector-period=10 --frame-subsampling-factor=3 --frames-per-chunk=50 --extra-left-context=0 --extra-right-context=0 --extra-left-context-initial=-1 --extra-right-context-final=-1 --beam=20 --lattice-beam=20 --allow-partial=false --word-determinize=false /home/mcw/durga/kaldi/libreespeech2/0013_librispeech_v1_chain/exp/chain_cleaned/tdnn_1d_sp/final.mdl 'ark:gunzip -c tune/align_lats_speechocean762/fsts.6.gz |' 'ark,s,cs:apply-cmvn --norm-means=false --norm-vars=false --utt2spk=ark:data/speechocean762_train/split10/6/utt2spk scp:data/speechocean762_train/split10/6/cmvn.scp scp:data/speechocean762_train/split10/6/feats.scp ark:- |' 'ark:|gzip -c >tune/align_lats_speechocean762/lat.6.gz' 
LOG (nnet3-latgen-faster[5.5.1182~1-e02e3]:RemoveOrphanNodes():nnet-nnet.cc:948) Removed 1 orphan nodes.
LOG (nnet3-latgen-faster[5.5.1182~1-e02e3]:RemoveOrphanComponents():nnet-nnet.cc:847) Removing 2 orphan components.
LOG (nnet3-latgen-faster[5.5.1182~1-e02e3]:Collapse():nnet-utils.cc:1488) Added 1 components, removed 2
apply-cmvn --norm-means=false --norm-vars=false --utt2spk=ark:data/speechocean762_train/split10/6/utt2spk scp:data/speechocean762_train/split10/6/cmvn.scp scp:data/speechocean762_train/split10/6/feats.scp ark:- 
LOG (nnet3-latgen-faster[5.5.1182~1-e02e3]:CheckAndFixConfigs():nnet-am-decodable-simple.cc:294) Increasing --frames-per-chunk from 50 to 51 to make it a multiple of --frame-subsampling-factor=3
LOG (nnet3-latgen-faster[5.5.1182~1-e02e3]:DecodeUtteranceLatticeFaster():decoder-wrappers.cc:375) Log-like per frame for utterance 024270011 is 3.40458 over 155 frames.
LOG (nnet3-latgen-faster[5.5.1182~1-e02e3]:DecodeUtteranceLatticeFaster():decoder-wrappers.cc:375) Log-like per frame for utterance 024270019 is 3.62313 over 116 frames.
LOG (nnet3-latgen-faster[5.5.1182~1-e02e3]:DecodeUtteranceLatticeFaster():decoder-wrappers.cc:375) Log-like per frame for utterance 024270028 is 3.06006 over 184 frames.
LOG (nnet3-latgen-faster[5.5.1182~1-e02e3]:DecodeUtteranceLatticeFaster():decoder-wrappers.cc:375) Log-like per frame for utterance 024270051 is 3.38333 over 135 frames.
LOG (nnet3-latgen-faster[5.5.1182~1-e02e3]:DecodeUtteranceLatticeFaster():decoder-wrappers.cc:375) Log-like per frame for utterance 024270053 is 3.39858 over 112 frames.
LOG (nnet3-latgen-faster[5.5.1182~1-e02e3]:DecodeUtteranceLatticeFaster():decoder-wrappers.cc:375) Log-like per frame for utterance 024270057 is 3.51012 over 126 frames.
LOG (nnet3-latgen-faster[5.5.1182~1-e02e3]:DecodeUtteranceLatticeFaster():decoder-wrappers.cc:375) Log-like per frame for utterance 024270077 is 3.47532 over 94 frames.
LOG (nnet3-latgen-faster[5.5.1182~1-e02e3]:DecodeUtteranceLatticeFaster():decoder-wrappers.cc:375) Log-like per frame for utterance 024270155 is 3.37102 over 96 frames.
LOG (nnet3-latgen-faster[5.5.1182~1-e02e3]:DecodeUtteranceLatticeFaster():decoder-wrappers.cc:375) Log-like per frame for utterance 024270168 is 3.86971 over 82 frames.
LOG (nnet3-latgen-faster[5.5.1182~1-e02e3]:DecodeUtteranceLatticeFaster():decoder-wrappers.cc:375) Log-like per frame for utterance 024270176 is 3.5679 over 94 frames.
LOG (nnet3-latgen-faster[5.5.1182~1-e02e3]:DecodeUtteranceLatticeFaster():decoder-wrappers.cc:375) Log-like per frame for utterance 024270178 is 3.69983 over 95 frames.
LOG (nnet3-latgen-faster[5.5.1182~1-e02e3]:DecodeUtteranceLatticeFaster():decoder-wrappers.cc:375) Log-like per frame for utterance 024270183 is 3.81575 over 102 frames.
LOG (nnet3-latgen-faster[5.5.1182~1-e02e3]:DecodeUtteranceLatticeFaster():decoder-wrappers.cc:375) Log-like per frame for utterance 024270197 is 3.67673 over 124 frames.
LOG (nnet3-latgen-faster[5.5.1182~1-e02e3]:DecodeUtteranceLatticeFaster():decoder-wrappers.cc:375) Log-like per frame for utterance 024270206 is 3.54018 over 113 frames.
LOG (nnet3-latgen-faster[5.5.1182~1-e02e3]:DecodeUtteranceLatticeFaster():decoder-wrappers.cc:375) Log-like per frame for utterance 024270245 is 3.21182 over 117 frames.
LOG (nnet3-latgen-faster[5.5.1182~1-e02e3]:DecodeUtteranceLatticeFaster():decoder-wrappers.cc:375) Log-like per frame for utterance 024270292 is 3.6992 over 101 frames.
LOG (nnet3-latgen-faster[5.5.1182~1-e02e3]:DecodeUtteranceLatticeFaster():decoder-wrappers.cc:375) Log-like per frame for utterance 024270313 is 4.10173 over 68 frames.
LOG (nnet3-latgen-faster[5.5.1182~1-e02e3]:DecodeUtteranceLatticeFaster():decoder-wrappers.cc:375) Log-like per frame for utterance 024270336 is 4.06267 over 81 frames.
LOG (nnet3-latgen-faster[5.5.1182~1-e02e3]:DecodeUtteranceLatticeFaster():decoder-wrappers.cc:375) Log-like per frame for utterance 024300001 is 2.96485 over 112 frames.
LOG (nnet3-latgen-faster[5.5.1182~1-e02e3]:DecodeUtteranceLatticeFaster():decoder-wrappers.cc:375) Log-like per frame for utterance 024300052 is 3.1144 over 156 frames.
LOG (nnet3-latgen-faster[5.5.1182~1-e02e3]:DecodeUtteranceLatticeFaster():decoder-wrappers.cc:375) Log-like per frame for utterance 024300061 is 3.53502 over 77 frames.
LOG (nnet3-latgen-faster[5.5.1182~1-e02e3]:DecodeUtteranceLatticeFaster():decoder-wrappers.cc:375) Log-like per frame for utterance 024300063 is 3.27985 over 100 frames.
LOG (nnet3-latgen-faster[5.5.1182~1-e02e3]:DecodeUtteranceLatticeFaster():decoder-wrappers.cc:375) Log-like per frame for utterance 024300065 is 3.0228 over 118 frames.
LOG (nnet3-latgen-faster[5.5.1182~1-e02e3]:DecodeUtteranceLatticeFaster():decoder-wrappers.cc:375) Log-like per frame for utterance 024300068 is 2.74533 over 209 frames.
LOG (nnet3-latgen-faster[5.5.1182~1-e02e3]:DecodeUtteranceLatticeFaster():decoder-wrappers.cc:375) Log-like per frame for utterance 024300080 is 3.49467 over 75 frames.
LOG (nnet3-latgen-faster[5.5.1182~1-e02e3]:DecodeUtteranceLatticeFaster():decoder-wrappers.cc:375) Log-like per frame for utterance 024300082 is 3.14507 over 182 frames.
LOG (nnet3-latgen-faster[5.5.1182~1-e02e3]:DecodeUtteranceLatticeFaster():decoder-wrappers.cc:375) Log-like per frame for utterance 024300093 is 3.5438 over 130 frames.
LOG (nnet3-latgen-faster[5.5.1182~1-e02e3]:DecodeUtteranceLatticeFaster():decoder-wrappers.cc:375) Log-like per frame for utterance 024300099 is 3.26233 over 141 frames.
LOG (nnet3-latgen-faster[5.5.1182~1-e02e3]:DecodeUtteranceLatticeFaster():decoder-wrappers.cc:375) Log-like per frame for utterance 024300118 is 3.48907 over 116 frames.
LOG (nnet3-latgen-faster[5.5.1182~1-e02e3]:DecodeUtteranceLatticeFaster():decoder-wrappers.cc:375) Log-like per frame for utterance 024300131 is 3.24701 over 103 frames.
LOG (nnet3-latgen-faster[5.5.1182~1-e02e3]:DecodeUtteranceLatticeFaster():decoder-wrappers.cc:375) Log-like per frame for utterance 024300135 is 3.11711 over 141 frames.
LOG (nnet3-latgen-faster[5.5.1182~1-e02e3]:DecodeUtteranceLatticeFaster():decoder-wrappers.cc:375) Log-like per frame for utterance 024300189 is 2.81204 over 108 frames.
LOG (nnet3-latgen-faster[5.5.1182~1-e02e3]:DecodeUtteranceLatticeFaster():decoder-wrappers.cc:375) Log-like per frame for utterance 024300221 is 3.56046 over 106 frames.
LOG (nnet3-latgen-faster[5.5.1182~1-e02e3]:DecodeUtteranceLatticeFaster():decoder-wrappers.cc:375) Log-like per frame for utterance 024300270 is 3.66584 over 91 frames.
LOG (nnet3-latgen-faster[5.5.1182~1-e02e3]:DecodeUtteranceLatticeFaster():decoder-wrappers.cc:375) Log-like per frame for utterance 024300330 is 3.44872 over 113 frames.
LOG (nnet3-latgen-faster[5.5.1182~1-e02e3]:DecodeUtteranceLatticeFaster():decoder-wrappers.cc:375) Log-like per frame for utterance 024300345 is 3.19891 over 115 frames.
LOG (nnet3-latgen-faster[5.5.1182~1-e02e3]:DecodeUtteranceLatticeFaster():decoder-wrappers.cc:375) Log-like per frame for utterance 024300360 is 3.12119 over 117 frames.
LOG (nnet3-latgen-faster[5.5.1182~1-e02e3]:DecodeUtteranceLatticeFaster():decoder-wrappers.cc:375) Log-like per frame for utterance 024500006 is 3.01652 over 90 frames.
LOG (nnet3-latgen-faster[5.5.1182~1-e02e3]:DecodeUtteranceLatticeFaster():decoder-wrappers.cc:375) Log-like per frame for utterance 024500021 is 3.6552 over 155 frames.
LOG (nnet3-latgen-faster[5.5.1182~1-e02e3]:DecodeUtteranceLatticeFaster():decoder-wrappers.cc:375) Log-like per frame for utterance 024500033 is 3.32931 over 127 frames.
LOG (nnet3-latgen-faster[5.5.1182~1-e02e3]:DecodeUtteranceLatticeFaster():decoder-wrappers.cc:375) Log-like per frame for utterance 024500095 is 3.27069 over 140 frames.
LOG (nnet3-latgen-faster[5.5.1182~1-e02e3]:DecodeUtteranceLatticeFaster():decoder-wrappers.cc:375) Log-like per frame for utterance 024500126 is 3.93088 over 78 frames.
LOG (nnet3-latgen-faster[5.5.1182~1-e02e3]:DecodeUtteranceLatticeFaster():decoder-wrappers.cc:375) Log-like per frame for utterance 024500141 is 3.65685 over 112 frames.
LOG (nnet3-latgen-faster[5.5.1182~1-e02e3]:DecodeUtteranceLatticeFaster():decoder-wrappers.cc:375) Log-like per frame for utterance 024500147 is 3.82413 over 106 frames.
LOG (nnet3-latgen-faster[5.5.1182~1-e02e3]:DecodeUtteranceLatticeFaster():decoder-wrappers.cc:375) Log-like per frame for utterance 024500151 is 3.73151 over 99 frames.
LOG (nnet3-latgen-faster[5.5.1182~1-e02e3]:DecodeUtteranceLatticeFaster():decoder-wrappers.cc:375) Log-like per frame for utterance 024500156 is 3.8652 over 103 frames.
LOG (nnet3-latgen-faster[5.5.1182~1-e02e3]:DecodeUtteranceLatticeFaster():decoder-wrappers.cc:375) Log-like per frame for utterance 024500164 is 3.81975 over 104 frames.
LOG (nnet3-latgen-faster[5.5.1182~1-e02e3]:DecodeUtteranceLatticeFaster():decoder-wrappers.cc:375) Log-like per frame for utterance 024500228 is 3.80598 over 120 frames.
LOG (nnet3-latgen-faster[5.5.1182~1-e02e3]:DecodeUtteranceLatticeFaster():decoder-wrappers.cc:375) Log-like per frame for utterance 024500250 is 3.43124 over 109 frames.
LOG (nnet3-latgen-faster[5.5.1182~1-e02e3]:DecodeUtteranceLatticeFaster():decoder-wrappers.cc:375) Log-like per frame for utterance 024500268 is 3.65407 over 149 frames.
LOG (nnet3-latgen-faster[5.5.1182~1-e02e3]:DecodeUtteranceLatticeFaster():decoder-wrappers.cc:375) Log-like per frame for utterance 024500284 is 3.35823 over 140 frames.
LOG (nnet3-latgen-faster[5.5.1182~1-e02e3]:DecodeUtteranceLatticeFaster():decoder-wrappers.cc:375) Log-like per frame for utterance 024500317 is 3.1111 over 115 frames.
LOG (nnet3-latgen-faster[5.5.1182~1-e02e3]:DecodeUtteranceLatticeFaster():decoder-wrappers.cc:375) Log-like per frame for utterance 024500327 is 3.60583 over 94 frames.
LOG (nnet3-latgen-faster[5.5.1182~1-e02e3]:DecodeUtteranceLatticeFaster():decoder-wrappers.cc:375) Log-like per frame for utterance 024500333 is 3.67603 over 91 frames.
LOG (nnet3-latgen-faster[5.5.1182~1-e02e3]:DecodeUtteranceLatticeFaster():decoder-wrappers.cc:375) Log-like per frame for utterance 024500350 is 2.58692 over 109 frames.
LOG (nnet3-latgen-faster[5.5.1182~1-e02e3]:DecodeUtteranceLatticeFaster():decoder-wrappers.cc:375) Log-like per frame for utterance 026210005 is 3.16288 over 106 frames.
LOG (nnet3-latgen-faster[5.5.1182~1-e02e3]:DecodeUtteranceLatticeFaster():decoder-wrappers.cc:375) Log-like per frame for utterance 026210047 is 3.52711 over 129 frames.
LOG (nnet3-latgen-faster[5.5.1182~1-e02e3]:DecodeUtteranceLatticeFaster():decoder-wrappers.cc:375) Log-like per frame for utterance 026210096 is 3.83043 over 98 frames.
LOG (nnet3-latgen-faster[5.5.1182~1-e02e3]:DecodeUtteranceLatticeFaster():decoder-wrappers.cc:375) Log-like per frame for utterance 026210123 is 3.36743 over 114 frames.
LOG (nnet3-latgen-faster[5.5.1182~1-e02e3]:DecodeUtteranceLatticeFaster():decoder-wrappers.cc:375) Log-like per frame for utterance 026210132 is 3.3746 over 112 frames.
LOG (nnet3-latgen-faster[5.5.1182~1-e02e3]:DecodeUtteranceLatticeFaster():decoder-wrappers.cc:375) Log-like per frame for utterance 026210136 is 3.50532 over 93 frames.
LOG (nnet3-latgen-faster[5.5.1182~1-e02e3]:DecodeUtteranceLatticeFaster():decoder-wrappers.cc:375) Log-like per frame for utterance 026210141 is 3.09289 over 103 frames.
LOG (nnet3-latgen-faster[5.5.1182~1-e02e3]:DecodeUtteranceLatticeFaster():decoder-wrappers.cc:375) Log-like per frame for utterance 026210157 is 3.24607 over 127 frames.
LOG (nnet3-latgen-faster[5.5.1182~1-e02e3]:DecodeUtteranceLatticeFaster():decoder-wrappers.cc:375) Log-like per frame for utterance 026210177 is 3.59556 over 116 frames.
LOG (nnet3-latgen-faster[5.5.1182~1-e02e3]:DecodeUtteranceLatticeFaster():decoder-wrappers.cc:375) Log-like per frame for utterance 026210203 is 3.73707 over 102 frames.
LOG (nnet3-latgen-faster[5.5.1182~1-e02e3]:DecodeUtteranceLatticeFaster():decoder-wrappers.cc:375) Log-like per frame for utterance 026210213 is 3.45242 over 90 frames.
LOG (nnet3-latgen-faster[5.5.1182~1-e02e3]:DecodeUtteranceLatticeFaster():decoder-wrappers.cc:375) Log-like per frame for utterance 026210220 is 3.52727 over 118 frames.
LOG (nnet3-latgen-faster[5.5.1182~1-e02e3]:DecodeUtteranceLatticeFaster():decoder-wrappers.cc:375) Log-like per frame for utterance 026210231 is 3.80766 over 92 frames.
LOG (nnet3-latgen-faster[5.5.1182~1-e02e3]:DecodeUtteranceLatticeFaster():decoder-wrappers.cc:375) Log-like per frame for utterance 026210262 is 3.45437 over 99 frames.
LOG (nnet3-latgen-faster[5.5.1182~1-e02e3]:DecodeUtteranceLatticeFaster():decoder-wrappers.cc:375) Log-like per frame for utterance 026210287 is 3.65357 over 109 frames.
LOG (nnet3-latgen-faster[5.5.1182~1-e02e3]:DecodeUtteranceLatticeFaster():decoder-wrappers.cc:375) Log-like per frame for utterance 026210299 is 3.89491 over 103 frames.
LOG (nnet3-latgen-faster[5.5.1182~1-e02e3]:DecodeUtteranceLatticeFaster():decoder-wrappers.cc:375) Log-like per frame for utterance 026210302 is 4.16995 over 77 frames.
LOG (nnet3-latgen-faster[5.5.1182~1-e02e3]:DecodeUtteranceLatticeFaster():decoder-wrappers.cc:375) Log-like per frame for utterance 027990028 is 2.87231 over 139 frames.
LOG (nnet3-latgen-faster[5.5.1182~1-e02e3]:DecodeUtteranceLatticeFaster():decoder-wrappers.cc:375) Log-like per frame for utterance 027990046 is 3.14373 over 84 frames.
LOG (nnet3-latgen-faster[5.5.1182~1-e02e3]:DecodeUtteranceLatticeFaster():decoder-wrappers.cc:375) Log-like per frame for utterance 027990056 is 3.02728 over 120 frames.
LOG (nnet3-latgen-faster[5.5.1182~1-e02e3]:DecodeUtteranceLatticeFaster():decoder-wrappers.cc:375) Log-like per frame for utterance 027990066 is 3.39752 over 102 frames.
LOG (nnet3-latgen-faster[5.5.1182~1-e02e3]:DecodeUtteranceLatticeFaster():decoder-wrappers.cc:375) Log-like per frame for utterance 027990156 is 3.36368 over 117 frames.
LOG (nnet3-latgen-faster[5.5.1182~1-e02e3]:DecodeUtteranceLatticeFaster():decoder-wrappers.cc:375) Log-like per frame for utterance 027990160 is 3.59058 over 96 frames.
LOG (nnet3-latgen-faster[5.5.1182~1-e02e3]:DecodeUtteranceLatticeFaster():decoder-wrappers.cc:375) Log-like per frame for utterance 027990167 is 3.62846 over 110 frames.
LOG (nnet3-latgen-faster[5.5.1182~1-e02e3]:DecodeUtteranceLatticeFaster():decoder-wrappers.cc:375) Log-like per frame for utterance 027990201 is 3.46924 over 114 frames.
LOG (nnet3-latgen-faster[5.5.1182~1-e02e3]:DecodeUtteranceLatticeFaster():decoder-wrappers.cc:375) Log-like per frame for utterance 027990232 is 3.41136 over 97 frames.
LOG (nnet3-latgen-faster[5.5.1182~1-e02e3]:DecodeUtteranceLatticeFaster():decoder-wrappers.cc:375) Log-like per frame for utterance 027990247 is 3.40317 over 115 frames.
LOG (nnet3-latgen-faster[5.5.1182~1-e02e3]:DecodeUtteranceLatticeFaster():decoder-wrappers.cc:375) Log-like per frame for utterance 027990264 is 3.37077 over 107 frames.
LOG (nnet3-latgen-faster[5.5.1182~1-e02e3]:DecodeUtteranceLatticeFaster():decoder-wrappers.cc:375) Log-like per frame for utterance 027990309 is 3.88689 over 79 frames.
LOG (nnet3-latgen-faster[5.5.1182~1-e02e3]:DecodeUtteranceLatticeFaster():decoder-wrappers.cc:375) Log-like per frame for utterance 027990328 is 3.33231 over 112 frames.
LOG (nnet3-latgen-faster[5.5.1182~1-e02e3]:DecodeUtteranceLatticeFaster():decoder-wrappers.cc:375) Log-like per frame for utterance 027990330 is 3.60426 over 108 frames.
LOG (nnet3-latgen-faster[5.5.1182~1-e02e3]:DecodeUtteranceLatticeFaster():decoder-wrappers.cc:375) Log-like per frame for utterance 027990341 is 3.05673 over 104 frames.
LOG (nnet3-latgen-faster[5.5.1182~1-e02e3]:DecodeUtteranceLatticeFaster():decoder-wrappers.cc:375) Log-like per frame for utterance 027990358 is 3.50572 over 112 frames.
LOG (nnet3-latgen-faster[5.5.1182~1-e02e3]:DecodeUtteranceLatticeFaster():decoder-wrappers.cc:375) Log-like per frame for utterance 029810020 is 3.37278 over 90 frames.
LOG (nnet3-latgen-faster[5.5.1182~1-e02e3]:DecodeUtteranceLatticeFaster():decoder-wrappers.cc:375) Log-like per frame for utterance 029810027 is 3.21206 over 137 frames.
LOG (nnet3-latgen-faster[5.5.1182~1-e02e3]:DecodeUtteranceLatticeFaster():decoder-wrappers.cc:375) Log-like per frame for utterance 029810139 is 3.16167 over 97 frames.
LOG (nnet3-latgen-faster[5.5.1182~1-e02e3]:DecodeUtteranceLatticeFaster():decoder-wrappers.cc:375) Log-like per frame for utterance 029810147 is 3.81788 over 78 frames.
LOG (nnet3-latgen-faster[5.5.1182~1-e02e3]:DecodeUtteranceLatticeFaster():decoder-wrappers.cc:375) Log-like per frame for utterance 029810158 is 3.81202 over 82 frames.
LOG (nnet3-latgen-faster[5.5.1182~1-e02e3]:DecodeUtteranceLatticeFaster():decoder-wrappers.cc:375) Log-like per frame for utterance 029810204 is 3.29288 over 90 frames.
LOG (nnet3-latgen-faster[5.5.1182~1-e02e3]:DecodeUtteranceLatticeFaster():decoder-wrappers.cc:375) Log-like per frame for utterance 029810216 is 3.80803 over 76 frames.
LOG (nnet3-latgen-faster[5.5.1182~1-e02e3]:DecodeUtteranceLatticeFaster():decoder-wrappers.cc:375) Log-like per frame for utterance 029810221 is 3.08116 over 101 frames.
LOG (nnet3-latgen-faster[5.5.1182~1-e02e3]:DecodeUtteranceLatticeFaster():decoder-wrappers.cc:375) Log-like per frame for utterance 029810234 is 3.45974 over 120 frames.
LOG (nnet3-latgen-faster[5.5.1182~1-e02e3]:DecodeUtteranceLatticeFaster():decoder-wrappers.cc:375) Log-like per frame for utterance 029810235 is 2.83511 over 148 frames.
LOG (nnet3-latgen-faster[5.5.1182~1-e02e3]:DecodeUtteranceLatticeFaster():decoder-wrappers.cc:375) Log-like per frame for utterance 029810243 is 3.40205 over 111 frames.
LOG (nnet3-latgen-faster[5.5.1182~1-e02e3]:DecodeUtteranceLatticeFaster():decoder-wrappers.cc:375) Log-like per frame for utterance 029810283 is 3.58466 over 81 frames.
LOG (nnet3-latgen-faster[5.5.1182~1-e02e3]:DecodeUtteranceLatticeFaster():decoder-wrappers.cc:375) Log-like per frame for utterance 029810294 is 4.07625 over 132 frames.
LOG (nnet3-latgen-faster[5.5.1182~1-e02e3]:DecodeUtteranceLatticeFaster():decoder-wrappers.cc:375) Log-like per frame for utterance 029810301 is 3.96086 over 85 frames.
LOG (nnet3-latgen-faster[5.5.1182~1-e02e3]:DecodeUtteranceLatticeFaster():decoder-wrappers.cc:375) Log-like per frame for utterance 029810315 is 3.46509 over 96 frames.
LOG (nnet3-latgen-faster[5.5.1182~1-e02e3]:DecodeUtteranceLatticeFaster():decoder-wrappers.cc:375) Log-like per frame for utterance 029810349 is 3.15289 over 128 frames.
LOG (nnet3-latgen-faster[5.5.1182~1-e02e3]:DecodeUtteranceLatticeFaster():decoder-wrappers.cc:375) Log-like per frame for utterance 029810360 is 3.67652 over 82 frames.
LOG (nnet3-latgen-faster[5.5.1182~1-e02e3]:DecodeUtteranceLatticeFaster():decoder-wrappers.cc:375) Log-like per frame for utterance 030020008 is 3.53972 over 89 frames.
LOG (nnet3-latgen-faster[5.5.1182~1-e02e3]:DecodeUtteranceLatticeFaster():decoder-wrappers.cc:375) Log-like per frame for utterance 030020012 is 3.01087 over 131 frames.
LOG (nnet3-latgen-faster[5.5.1182~1-e02e3]:DecodeUtteranceLatticeFaster():decoder-wrappers.cc:375) Log-like per frame for utterance 030020022 is 3.82746 over 81 frames.
LOG (nnet3-latgen-faster[5.5.1182~1-e02e3]:DecodeUtteranceLatticeFaster():decoder-wrappers.cc:375) Log-like per frame for utterance 030020047 is 3.30896 over 85 frames.
LOG (nnet3-latgen-faster[5.5.1182~1-e02e3]:DecodeUtteranceLatticeFaster():decoder-wrappers.cc:375) Log-like per frame for utterance 030020048 is 3.12428 over 145 frames.
LOG (nnet3-latgen-faster[5.5.1182~1-e02e3]:DecodeUtteranceLatticeFaster():decoder-wrappers.cc:375) Log-like per frame for utterance 030020065 is 3.71714 over 87 frames.
LOG (nnet3-latgen-faster[5.5.1182~1-e02e3]:DecodeUtteranceLatticeFaster():decoder-wrappers.cc:375) Log-like per frame for utterance 030020077 is 3.09399 over 88 frames.
LOG (nnet3-latgen-faster[5.5.1182~1-e02e3]:DecodeUtteranceLatticeFaster():decoder-wrappers.cc:375) Log-like per frame for utterance 030020092 is 3.25993 over 106 frames.
LOG (nnet3-latgen-faster[5.5.1182~1-e02e3]:DecodeUtteranceLatticeFaster():decoder-wrappers.cc:375) Log-like per frame for utterance 030020100 is 2.96103 over 145 frames.
LOG (nnet3-latgen-faster[5.5.1182~1-e02e3]:DecodeUtteranceLatticeFaster():decoder-wrappers.cc:375) Log-like per frame for utterance 030020112 is 3.81757 over 64 frames.
LOG (nnet3-latgen-faster[5.5.1182~1-e02e3]:DecodeUtteranceLatticeFaster():decoder-wrappers.cc:375) Log-like per frame for utterance 030020117 is 3.1279 over 88 frames.
LOG (nnet3-latgen-faster[5.5.1182~1-e02e3]:DecodeUtteranceLatticeFaster():decoder-wrappers.cc:375) Log-like per frame for utterance 030020126 is 2.81958 over 143 frames.
LOG (nnet3-latgen-faster[5.5.1182~1-e02e3]:DecodeUtteranceLatticeFaster():decoder-wrappers.cc:375) Log-like per frame for utterance 030020136 is 3.14805 over 95 frames.
LOG (nnet3-latgen-faster[5.5.1182~1-e02e3]:DecodeUtteranceLatticeFaster():decoder-wrappers.cc:375) Log-like per frame for utterance 030020138 is 3.23726 over 72 frames.
LOG (nnet3-latgen-faster[5.5.1182~1-e02e3]:DecodeUtteranceLatticeFaster():decoder-wrappers.cc:375) Log-like per frame for utterance 030020144 is 3.00938 over 100 frames.
LOG (nnet3-latgen-faster[5.5.1182~1-e02e3]:DecodeUtteranceLatticeFaster():decoder-wrappers.cc:375) Log-like per frame for utterance 030020152 is 3.22149 over 82 frames.
LOG (nnet3-latgen-faster[5.5.1182~1-e02e3]:DecodeUtteranceLatticeFaster():decoder-wrappers.cc:375) Log-like per frame for utterance 030020161 is 3.20769 over 103 frames.
LOG (nnet3-latgen-faster[5.5.1182~1-e02e3]:DecodeUtteranceLatticeFaster():decoder-wrappers.cc:375) Log-like per frame for utterance 030020162 is 2.88522 over 118 frames.
LOG (nnet3-latgen-faster[5.5.1182~1-e02e3]:DecodeUtteranceLatticeFaster():decoder-wrappers.cc:375) Log-like per frame for utterance 030200005 is 2.28952 over 159 frames.
LOG (nnet3-latgen-faster[5.5.1182~1-e02e3]:DecodeUtteranceLatticeFaster():decoder-wrappers.cc:375) Log-like per frame for utterance 030200016 is 2.75913 over 69 frames.
LOG (nnet3-latgen-faster[5.5.1182~1-e02e3]:DecodeUtteranceLatticeFaster():decoder-wrappers.cc:375) Log-like per frame for utterance 030200018 is 2.55853 over 77 frames.
LOG (nnet3-latgen-faster[5.5.1182~1-e02e3]:DecodeUtteranceLatticeFaster():decoder-wrappers.cc:375) Log-like per frame for utterance 030200019 is 2.95599 over 90 frames.
LOG (nnet3-latgen-faster[5.5.1182~1-e02e3]:DecodeUtteranceLatticeFaster():decoder-wrappers.cc:375) Log-like per frame for utterance 030200021 is 2.52584 over 166 frames.
LOG (nnet3-latgen-faster[5.5.1182~1-e02e3]:DecodeUtteranceLatticeFaster():decoder-wrappers.cc:375) Log-like per frame for utterance 030200037 is 2.46259 over 120 frames.
LOG (nnet3-latgen-faster[5.5.1182~1-e02e3]:DecodeUtteranceLatticeFaster():decoder-wrappers.cc:375) Log-like per frame for utterance 030200041 is 3.58685 over 67 frames.
LOG (nnet3-latgen-faster[5.5.1182~1-e02e3]:DecodeUtteranceLatticeFaster():decoder-wrappers.cc:375) Log-like per frame for utterance 030200049 is 2.66291 over 83 frames.
LOG (nnet3-latgen-faster[5.5.1182~1-e02e3]:DecodeUtteranceLatticeFaster():decoder-wrappers.cc:375) Log-like per frame for utterance 030200057 is 3.26967 over 83 frames.
LOG (nnet3-latgen-faster[5.5.1182~1-e02e3]:DecodeUtteranceLatticeFaster():decoder-wrappers.cc:375) Log-like per frame for utterance 030200076 is 2.82391 over 79 frames.
LOG (nnet3-latgen-faster[5.5.1182~1-e02e3]:DecodeUtteranceLatticeFaster():decoder-wrappers.cc:375) Log-like per frame for utterance 030200078 is 2.1277 over 156 frames.
LOG (nnet3-latgen-faster[5.5.1182~1-e02e3]:DecodeUtteranceLatticeFaster():decoder-wrappers.cc:375) Log-like per frame for utterance 030200087 is 2.40964 over 96 frames.
LOG (nnet3-latgen-faster[5.5.1182~1-e02e3]:DecodeUtteranceLatticeFaster():decoder-wrappers.cc:375) Log-like per frame for utterance 030200101 is 2.77641 over 138 frames.
LOG (nnet3-latgen-faster[5.5.1182~1-e02e3]:DecodeUtteranceLatticeFaster():decoder-wrappers.cc:375) Log-like per frame for utterance 030200105 is 3.21799 over 88 frames.
LOG (nnet3-latgen-faster[5.5.1182~1-e02e3]:DecodeUtteranceLatticeFaster():decoder-wrappers.cc:375) Log-like per frame for utterance 030200108 is 2.81531 over 105 frames.
LOG (nnet3-latgen-faster[5.5.1182~1-e02e3]:DecodeUtteranceLatticeFaster():decoder-wrappers.cc:375) Log-like per frame for utterance 030200137 is 2.60481 over 111 frames.
LOG (nnet3-latgen-faster[5.5.1182~1-e02e3]:DecodeUtteranceLatticeFaster():decoder-wrappers.cc:375) Log-like per frame for utterance 030200151 is 2.43543 over 80 frames.
LOG (nnet3-latgen-faster[5.5.1182~1-e02e3]:DecodeUtteranceLatticeFaster():decoder-wrappers.cc:375) Log-like per frame for utterance 030200153 is 2.32016 over 147 frames.
LOG (nnet3-latgen-faster[5.5.1182~1-e02e3]:DecodeUtteranceLatticeFaster():decoder-wrappers.cc:375) Log-like per frame for utterance 030200164 is 2.38385 over 124 frames.
LOG (nnet3-latgen-faster[5.5.1182~1-e02e3]:DecodeUtteranceLatticeFaster():decoder-wrappers.cc:375) Log-like per frame for utterance 030210005 is 2.8521 over 91 frames.
LOG (nnet3-latgen-faster[5.5.1182~1-e02e3]:DecodeUtteranceLatticeFaster():decoder-wrappers.cc:375) Log-like per frame for utterance 030210041 is 2.69984 over 103 frames.
LOG (nnet3-latgen-faster[5.5.1182~1-e02e3]:DecodeUtteranceLatticeFaster():decoder-wrappers.cc:375) Log-like per frame for utterance 030210042 is 2.07921 over 169 frames.
LOG (nnet3-latgen-faster[5.5.1182~1-e02e3]:DecodeUtteranceLatticeFaster():decoder-wrappers.cc:375) Log-like per frame for utterance 030210044 is 2.3605 over 92 frames.
LOG (nnet3-latgen-faster[5.5.1182~1-e02e3]:DecodeUtteranceLatticeFaster():decoder-wrappers.cc:375) Log-like per frame for utterance 030210045 is 2.65393 over 80 frames.
LOG (nnet3-latgen-faster[5.5.1182~1-e02e3]:DecodeUtteranceLatticeFaster():decoder-wrappers.cc:375) Log-like per frame for utterance 030210047 is 3.05545 over 120 frames.
LOG (nnet3-latgen-faster[5.5.1182~1-e02e3]:DecodeUtteranceLatticeFaster():decoder-wrappers.cc:375) Log-like per frame for utterance 030210050 is 2.11372 over 78 frames.
LOG (nnet3-latgen-faster[5.5.1182~1-e02e3]:DecodeUtteranceLatticeFaster():decoder-wrappers.cc:375) Log-like per frame for utterance 030210074 is 2.3461 over 104 frames.
LOG (nnet3-latgen-faster[5.5.1182~1-e02e3]:DecodeUtteranceLatticeFaster():decoder-wrappers.cc:375) Log-like per frame for utterance 030210079 is 2.58767 over 117 frames.
LOG (nnet3-latgen-faster[5.5.1182~1-e02e3]:DecodeUtteranceLatticeFaster():decoder-wrappers.cc:375) Log-like per frame for utterance 030210082 is 2.58302 over 89 frames.
LOG (nnet3-latgen-faster[5.5.1182~1-e02e3]:DecodeUtteranceLatticeFaster():decoder-wrappers.cc:375) Log-like per frame for utterance 030210118 is 3.05271 over 110 frames.
LOG (nnet3-latgen-faster[5.5.1182~1-e02e3]:DecodeUtteranceLatticeFaster():decoder-wrappers.cc:375) Log-like per frame for utterance 030210123 is 2.82688 over 80 frames.
LOG (nnet3-latgen-faster[5.5.1182~1-e02e3]:DecodeUtteranceLatticeFaster():decoder-wrappers.cc:375) Log-like per frame for utterance 030210137 is 3.20967 over 98 frames.
LOG (nnet3-latgen-faster[5.5.1182~1-e02e3]:DecodeUtteranceLatticeFaster():decoder-wrappers.cc:375) Log-like per frame for utterance 030210143 is 2.92029 over 117 frames.
LOG (nnet3-latgen-faster[5.5.1182~1-e02e3]:DecodeUtteranceLatticeFaster():decoder-wrappers.cc:375) Log-like per frame for utterance 030210152 is 2.95888 over 164 frames.
LOG (nnet3-latgen-faster[5.5.1182~1-e02e3]:DecodeUtteranceLatticeFaster():decoder-wrappers.cc:375) Log-like per frame for utterance 030210164 is 2.27687 over 124 frames.
LOG (nnet3-latgen-faster[5.5.1182~1-e02e3]:DecodeUtteranceLatticeFaster():decoder-wrappers.cc:375) Log-like per frame for utterance 030210165 is 2.49091 over 116 frames.
LOG (nnet3-latgen-faster[5.5.1182~1-e02e3]:DecodeUtteranceLatticeFaster():decoder-wrappers.cc:375) Log-like per frame for utterance 030210175 is 3.36653 over 97 frames.
LOG (nnet3-latgen-faster[5.5.1182~1-e02e3]:DecodeUtteranceLatticeFaster():decoder-wrappers.cc:375) Log-like per frame for utterance 030230018 is 3.86994 over 91 frames.
LOG (nnet3-latgen-faster[5.5.1182~1-e02e3]:DecodeUtteranceLatticeFaster():decoder-wrappers.cc:375) Log-like per frame for utterance 030230056 is 3.77295 over 97 frames.
LOG (nnet3-latgen-faster[5.5.1182~1-e02e3]:DecodeUtteranceLatticeFaster():decoder-wrappers.cc:375) Log-like per frame for utterance 030230092 is 3.51631 over 141 frames.
LOG (nnet3-latgen-faster[5.5.1182~1-e02e3]:DecodeUtteranceLatticeFaster():decoder-wrappers.cc:375) Log-like per frame for utterance 030230119 is 3.54988 over 122 frames.
LOG (nnet3-latgen-faster[5.5.1182~1-e02e3]:DecodeUtteranceLatticeFaster():decoder-wrappers.cc:375) Log-like per frame for utterance 030230170 is 3.81465 over 119 frames.
LOG (nnet3-latgen-faster[5.5.1182~1-e02e3]:DecodeUtteranceLatticeFaster():decoder-wrappers.cc:375) Log-like per frame for utterance 030230182 is 3.6857 over 98 frames.
LOG (nnet3-latgen-faster[5.5.1182~1-e02e3]:DecodeUtteranceLatticeFaster():decoder-wrappers.cc:375) Log-like per frame for utterance 030230194 is 3.50843 over 116 frames.
LOG (nnet3-latgen-faster[5.5.1182~1-e02e3]:DecodeUtteranceLatticeFaster():decoder-wrappers.cc:375) Log-like per frame for utterance 030230209 is 3.79422 over 98 frames.
LOG (nnet3-latgen-faster[5.5.1182~1-e02e3]:DecodeUtteranceLatticeFaster():decoder-wrappers.cc:375) Log-like per frame for utterance 030230253 is 3.97689 over 93 frames.
LOG (nnet3-latgen-faster[5.5.1182~1-e02e3]:DecodeUtteranceLatticeFaster():decoder-wrappers.cc:375) Log-like per frame for utterance 030230260 is 3.61696 over 117 frames.
LOG (nnet3-latgen-faster[5.5.1182~1-e02e3]:DecodeUtteranceLatticeFaster():decoder-wrappers.cc:375) Log-like per frame for utterance 030230276 is 4.16267 over 95 frames.
LOG (nnet3-latgen-faster[5.5.1182~1-e02e3]:DecodeUtteranceLatticeFaster():decoder-wrappers.cc:375) Log-like per frame for utterance 030230280 is 3.96643 over 114 frames.
LOG (nnet3-latgen-faster[5.5.1182~1-e02e3]:DecodeUtteranceLatticeFaster():decoder-wrappers.cc:375) Log-like per frame for utterance 030230311 is 3.84302 over 96 frames.
LOG (nnet3-latgen-faster[5.5.1182~1-e02e3]:DecodeUtteranceLatticeFaster():decoder-wrappers.cc:375) Log-like per frame for utterance 030230330 is 3.51088 over 120 frames.
LOG (nnet3-latgen-faster[5.5.1182~1-e02e3]:DecodeUtteranceLatticeFaster():decoder-wrappers.cc:375) Log-like per frame for utterance 030230336 is 3.97874 over 97 frames.
LOG (nnet3-latgen-faster[5.5.1182~1-e02e3]:DecodeUtteranceLatticeFaster():decoder-wrappers.cc:375) Log-like per frame for utterance 030230374 is 3.59968 over 99 frames.
LOG (nnet3-latgen-faster[5.5.1182~1-e02e3]:DecodeUtteranceLatticeFaster():decoder-wrappers.cc:375) Log-like per frame for utterance 030460032 is 3.54982 over 83 frames.
LOG (nnet3-latgen-faster[5.5.1182~1-e02e3]:DecodeUtteranceLatticeFaster():decoder-wrappers.cc:375) Log-like per frame for utterance 030460038 is 2.81295 over 139 frames.
LOG (nnet3-latgen-faster[5.5.1182~1-e02e3]:DecodeUtteranceLatticeFaster():decoder-wrappers.cc:375) Log-like per frame for utterance 030460048 is 2.79652 over 109 frames.
LOG (nnet3-latgen-faster[5.5.1182~1-e02e3]:DecodeUtteranceLatticeFaster():decoder-wrappers.cc:375) Log-like per frame for utterance 030460051 is 3.22335 over 82 frames.
LOG (nnet3-latgen-faster[5.5.1182~1-e02e3]:DecodeUtteranceLatticeFaster():decoder-wrappers.cc:375) Log-like per frame for utterance 030460052 is 3.04989 over 123 frames.
LOG (nnet3-latgen-faster[5.5.1182~1-e02e3]:DecodeUtteranceLatticeFaster():decoder-wrappers.cc:375) Log-like per frame for utterance 030460071 is 3.06394 over 99 frames.
LOG (nnet3-latgen-faster[5.5.1182~1-e02e3]:DecodeUtteranceLatticeFaster():decoder-wrappers.cc:375) Log-like per frame for utterance 030460085 is 2.96302 over 77 frames.
LOG (nnet3-latgen-faster[5.5.1182~1-e02e3]:DecodeUtteranceLatticeFaster():decoder-wrappers.cc:375) Log-like per frame for utterance 030460097 is 2.69667 over 183 frames.
LOG (nnet3-latgen-faster[5.5.1182~1-e02e3]:DecodeUtteranceLatticeFaster():decoder-wrappers.cc:375) Log-like per frame for utterance 030460106 is 3.49199 over 87 frames.
LOG (nnet3-latgen-faster[5.5.1182~1-e02e3]:DecodeUtteranceLatticeFaster():decoder-wrappers.cc:375) Log-like per frame for utterance 030460133 is 2.69086 over 123 frames.
LOG (nnet3-latgen-faster[5.5.1182~1-e02e3]:DecodeUtteranceLatticeFaster():decoder-wrappers.cc:375) Log-like per frame for utterance 030460142 is 2.90309 over 140 frames.
LOG (nnet3-latgen-faster[5.5.1182~1-e02e3]:DecodeUtteranceLatticeFaster():decoder-wrappers.cc:375) Log-like per frame for utterance 030460146 is 2.35102 over 106 frames.
LOG (nnet3-latgen-faster[5.5.1182~1-e02e3]:DecodeUtteranceLatticeFaster():decoder-wrappers.cc:375) Log-like per frame for utterance 030460147 is 2.45648 over 158 frames.
LOG (nnet3-latgen-faster[5.5.1182~1-e02e3]:DecodeUtteranceLatticeFaster():decoder-wrappers.cc:375) Log-like per frame for utterance 030460160 is 2.99488 over 113 frames.
LOG (nnet3-latgen-faster[5.5.1182~1-e02e3]:DecodeUtteranceLatticeFaster():decoder-wrappers.cc:375) Log-like per frame for utterance 030460163 is 3.18265 over 80 frames.
LOG (nnet3-latgen-faster[5.5.1182~1-e02e3]:DecodeUtteranceLatticeFaster():decoder-wrappers.cc:375) Log-like per frame for utterance 030490013 is 2.21142 over 90 frames.
LOG (nnet3-latgen-faster[5.5.1182~1-e02e3]:DecodeUtteranceLatticeFaster():decoder-wrappers.cc:375) Log-like per frame for utterance 030490029 is 2.49802 over 99 frames.
LOG (nnet3-latgen-faster[5.5.1182~1-e02e3]:DecodeUtteranceLatticeFaster():decoder-wrappers.cc:375) Log-like per frame for utterance 030490040 is 2.38211 over 123 frames.
LOG (nnet3-latgen-faster[5.5.1182~1-e02e3]:DecodeUtteranceLatticeFaster():decoder-wrappers.cc:375) Log-like per frame for utterance 030490062 is 2.62526 over 103 frames.
LOG (nnet3-latgen-faster[5.5.1182~1-e02e3]:DecodeUtteranceLatticeFaster():decoder-wrappers.cc:375) Log-like per frame for utterance 030490063 is 2.32302 over 151 frames.
LOG (nnet3-latgen-faster[5.5.1182~1-e02e3]:DecodeUtteranceLatticeFaster():decoder-wrappers.cc:375) Log-like per frame for utterance 030490071 is 1.85209 over 143 frames.
LOG (nnet3-latgen-faster[5.5.1182~1-e02e3]:DecodeUtteranceLatticeFaster():decoder-wrappers.cc:375) Log-like per frame for utterance 030490076 is 1.96856 over 142 frames.
LOG (nnet3-latgen-faster[5.5.1182~1-e02e3]:DecodeUtteranceLatticeFaster():decoder-wrappers.cc:375) Log-like per frame for utterance 030490078 is 2.53855 over 112 frames.
LOG (nnet3-latgen-faster[5.5.1182~1-e02e3]:DecodeUtteranceLatticeFaster():decoder-wrappers.cc:375) Log-like per frame for utterance 030490095 is 2.45416 over 206 frames.
LOG (nnet3-latgen-faster[5.5.1182~1-e02e3]:DecodeUtteranceLatticeFaster():decoder-wrappers.cc:375) Log-like per frame for utterance 030490126 is 2.64546 over 79 frames.
LOG (nnet3-latgen-faster[5.5.1182~1-e02e3]:DecodeUtteranceLatticeFaster():decoder-wrappers.cc:375) Log-like per frame for utterance 030490127 is 2.51884 over 152 frames.
LOG (nnet3-latgen-faster[5.5.1182~1-e02e3]:DecodeUtteranceLatticeFaster():decoder-wrappers.cc:375) Log-like per frame for utterance 030490130 is 2.41612 over 77 frames.
LOG (nnet3-latgen-faster[5.5.1182~1-e02e3]:DecodeUtteranceLatticeFaster():decoder-wrappers.cc:375) Log-like per frame for utterance 030490138 is 2.83342 over 102 frames.
LOG (nnet3-latgen-faster[5.5.1182~1-e02e3]:DecodeUtteranceLatticeFaster():decoder-wrappers.cc:375) Log-like per frame for utterance 030490140 is 2.17787 over 93 frames.
LOG (nnet3-latgen-faster[5.5.1182~1-e02e3]:DecodeUtteranceLatticeFaster():decoder-wrappers.cc:375) Log-like per frame for utterance 030490142 is 2.4866 over 109 frames.
LOG (nnet3-latgen-faster[5.5.1182~1-e02e3]:DecodeUtteranceLatticeFaster():decoder-wrappers.cc:375) Log-like per frame for utterance 030490166 is 1.81935 over 211 frames.
LOG (nnet3-latgen-faster[5.5.1182~1-e02e3]:DecodeUtteranceLatticeFaster():decoder-wrappers.cc:375) Log-like per frame for utterance 030490168 is 2.78387 over 76 frames.
LOG (nnet3-latgen-faster[5.5.1182~1-e02e3]:DecodeUtteranceLatticeFaster():decoder-wrappers.cc:375) Log-like per frame for utterance 030490170 is 2.47558 over 86 frames.
LOG (nnet3-latgen-faster[5.5.1182~1-e02e3]:DecodeUtteranceLatticeFaster():decoder-wrappers.cc:375) Log-like per frame for utterance 030680003 is 2.44101 over 127 frames.
LOG (nnet3-latgen-faster[5.5.1182~1-e02e3]:DecodeUtteranceLatticeFaster():decoder-wrappers.cc:375) Log-like per frame for utterance 030680005 is 2.82832 over 131 frames.
LOG (nnet3-latgen-faster[5.5.1182~1-e02e3]:DecodeUtteranceLatticeFaster():decoder-wrappers.cc:375) Log-like per frame for utterance 030680009 is 2.37042 over 76 frames.
LOG (nnet3-latgen-faster[5.5.1182~1-e02e3]:DecodeUtteranceLatticeFaster():decoder-wrappers.cc:375) Log-like per frame for utterance 030680016 is 2.73124 over 114 frames.
LOG (nnet3-latgen-faster[5.5.1182~1-e02e3]:DecodeUtteranceLatticeFaster():decoder-wrappers.cc:375) Log-like per frame for utterance 030680027 is 2.96726 over 107 frames.
LOG (nnet3-latgen-faster[5.5.1182~1-e02e3]:DecodeUtteranceLatticeFaster():decoder-wrappers.cc:375) Log-like per frame for utterance 030680034 is 3.15187 over 75 frames.
LOG (nnet3-latgen-faster[5.5.1182~1-e02e3]:DecodeUtteranceLatticeFaster():decoder-wrappers.cc:375) Log-like per frame for utterance 030680037 is 3.77742 over 76 frames.
LOG (nnet3-latgen-faster[5.5.1182~1-e02e3]:DecodeUtteranceLatticeFaster():decoder-wrappers.cc:375) Log-like per frame for utterance 030680045 is 2.95239 over 111 frames.
LOG (nnet3-latgen-faster[5.5.1182~1-e02e3]:DecodeUtteranceLatticeFaster():decoder-wrappers.cc:375) Log-like per frame for utterance 030680056 is 3.28587 over 110 frames.
LOG (nnet3-latgen-faster[5.5.1182~1-e02e3]:DecodeUtteranceLatticeFaster():decoder-wrappers.cc:375) Log-like per frame for utterance 030680072 is 3.24077 over 112 frames.
LOG (nnet3-latgen-faster[5.5.1182~1-e02e3]:DecodeUtteranceLatticeFaster():decoder-wrappers.cc:375) Log-like per frame for utterance 030680075 is 2.83406 over 100 frames.
LOG (nnet3-latgen-faster[5.5.1182~1-e02e3]:DecodeUtteranceLatticeFaster():decoder-wrappers.cc:375) Log-like per frame for utterance 030680090 is 2.50885 over 107 frames.
LOG (nnet3-latgen-faster[5.5.1182~1-e02e3]:DecodeUtteranceLatticeFaster():decoder-wrappers.cc:375) Log-like per frame for utterance 030680092 is 2.88639 over 101 frames.
LOG (nnet3-latgen-faster[5.5.1182~1-e02e3]:DecodeUtteranceLatticeFaster():decoder-wrappers.cc:375) Log-like per frame for utterance 030680097 is 3.03988 over 80 frames.
LOG (apply-cmvn[5.5.1182~1-e02e3]:main():apply-cmvn.cc:81) Copied 228 utterances.
LOG (nnet3-latgen-faster[5.5.1182~1-e02e3]:DecodeUtteranceLatticeFaster():decoder-wrappers.cc:375) Log-like per frame for utterance 030680105 is 3.12474 over 83 frames.
LOG (nnet3-latgen-faster[5.5.1182~1-e02e3]:DecodeUtteranceLatticeFaster():decoder-wrappers.cc:375) Log-like per frame for utterance 030680114 is 3.19006 over 126 frames.
LOG (nnet3-latgen-faster[5.5.1182~1-e02e3]:DecodeUtteranceLatticeFaster():decoder-wrappers.cc:375) Log-like per frame for utterance 030680119 is 3.17888 over 93 frames.
LOG (nnet3-latgen-faster[5.5.1182~1-e02e3]:DecodeUtteranceLatticeFaster():decoder-wrappers.cc:375) Log-like per frame for utterance 030680140 is 3.42755 over 85 frames.
LOG (nnet3-latgen-faster[5.5.1182~1-e02e3]:DecodeUtteranceLatticeFaster():decoder-wrappers.cc:375) Log-like per frame for utterance 030680162 is 3.20513 over 154 frames.
LOG (nnet3-latgen-faster[5.5.1182~1-e02e3]:main():nnet3-latgen-faster.cc:256) Time taken 105.451s: real-time factor assuming 100 frames/sec is 0.140996
LOG (nnet3-latgen-faster[5.5.1182~1-e02e3]:main():nnet3-latgen-faster.cc:259) Done 228 utterances, failed for 0
LOG (nnet3-latgen-faster[5.5.1182~1-e02e3]:main():nnet3-latgen-faster.cc:261) Overall log-likelihood per frame is 3.14281 over 24930 frames.
LOG (nnet3-latgen-faster[5.5.1182~1-e02e3]:~CachingOptimizingCompiler():nnet-optimize.cc:710) 0.816 seconds taken in nnet3 compilation total (breakdown: 0.578 compilation, 0.137 optimization, 0 shortcut expansion, 0.0364 checking, 3.43e-05 computing indexes, 0.0644 misc.) + 0 I/O.
# Accounting: time=106 threads=1
# Ended (code 0) at Thu Oct 23 10:38:01 IST 2025, elapsed time 106 seconds
