# lattice-best-path --acoustic-scale=1.0 "ark:gunzip -c tune/align_lats_speechocean762/lat.8.gz |" ark:/dev/null "ark:|gzip -c >tune/align_lats_speechocean762/ali.8.gz" 
# Started at Thu Oct 23 10:38:38 IST 2025
#
lattice-best-path --acoustic-scale=1.0 'ark:gunzip -c tune/align_lats_speechocean762/lat.8.gz |' ark:/dev/null 'ark:|gzip -c >tune/align_lats_speechocean762/ali.8.gz' 
LOG (lattice-best-path[5.5.1182~1-e02e3]:main():lattice-best-path.cc:99) For utterance 054180014, best cost 49.6771 + -316.621 = -266.944 over 72 frames.
LOG (lattice-best-path[5.5.1182~1-e02e3]:main():lattice-best-path.cc:99) For utterance 054180015, best cost 54.1405 + -346.299 = -292.159 over 79 frames.
LOG (lattice-best-path[5.5.1182~1-e02e3]:main():lattice-best-path.cc:99) For utterance 054180021, best cost 73.2057 + -383.44 = -310.235 over 103 frames.
LOG (lattice-best-path[5.5.1182~1-e02e3]:main():lattice-best-path.cc:99) For utterance 054180022, best cost 76.3381 + -373.761 = -297.423 over 105 frames.
LOG (lattice-best-path[5.5.1182~1-e02e3]:main():lattice-best-path.cc:99) For utterance 054180029, best cost 65.2848 + -345.805 = -280.52 over 89 frames.
LOG (lattice-best-path[5.5.1182~1-e02e3]:main():lattice-best-path.cc:99) For utterance 054180033, best cost 78.5448 + -405.078 = -326.533 over 111 frames.
LOG (lattice-best-path[5.5.1182~1-e02e3]:main():lattice-best-path.cc:99) For utterance 054180059, best cost 50.4189 + -322.419 = -272 over 69 frames.
LOG (lattice-best-path[5.5.1182~1-e02e3]:main():lattice-best-path.cc:99) For utterance 054180063, best cost 57.9354 + -357.862 = -299.927 over 79 frames.
LOG (lattice-best-path[5.5.1182~1-e02e3]:main():lattice-best-path.cc:99) For utterance 054180075, best cost 52.0984 + -282.233 = -230.135 over 70 frames.
LOG (lattice-best-path[5.5.1182~1-e02e3]:main():lattice-best-path.cc:99) For utterance 054180076, best cost 68.5836 + -367.912 = -299.329 over 94 frames.
LOG (lattice-best-path[5.5.1182~1-e02e3]:main():lattice-best-path.cc:99) For utterance 054180079, best cost 46.5617 + -313.395 = -266.833 over 68 frames.
LOG (lattice-best-path[5.5.1182~1-e02e3]:main():lattice-best-path.cc:99) For utterance 054180087, best cost 85.3646 + -448.487 = -363.122 over 118 frames.
LOG (lattice-best-path[5.5.1182~1-e02e3]:main():lattice-best-path.cc:99) For utterance 054180091, best cost 61.5228 + -331.97 = -270.447 over 86 frames.
LOG (lattice-best-path[5.5.1182~1-e02e3]:main():lattice-best-path.cc:99) For utterance 054180096, best cost 50.8271 + -322.331 = -271.504 over 74 frames.
LOG (lattice-best-path[5.5.1182~1-e02e3]:main():lattice-best-path.cc:99) For utterance 054180111, best cost 61.3441 + -383.641 = -322.297 over 86 frames.
LOG (lattice-best-path[5.5.1182~1-e02e3]:main():lattice-best-path.cc:99) For utterance 054180123, best cost 62.7231 + -373.018 = -310.295 over 90 frames.
LOG (lattice-best-path[5.5.1182~1-e02e3]:main():lattice-best-path.cc:99) For utterance 054180126, best cost 64.5881 + -351.58 = -286.992 over 91 frames.
LOG (lattice-best-path[5.5.1182~1-e02e3]:main():lattice-best-path.cc:99) For utterance 054180174, best cost 87.9843 + -483.678 = -395.694 over 120 frames.
LOG (lattice-best-path[5.5.1182~1-e02e3]:main():lattice-best-path.cc:99) For utterance 054240002, best cost 114.216 + -523.673 = -409.457 over 152 frames.
LOG (lattice-best-path[5.5.1182~1-e02e3]:main():lattice-best-path.cc:99) For utterance 054240025, best cost 69.3941 + -364.251 = -294.856 over 94 frames.
LOG (lattice-best-path[5.5.1182~1-e02e3]:main():lattice-best-path.cc:99) For utterance 054240038, best cost 80.4389 + -411.664 = -331.225 over 104 frames.
LOG (lattice-best-path[5.5.1182~1-e02e3]:main():lattice-best-path.cc:99) For utterance 054240039, best cost 65.2027 + -401.732 = -336.53 over 94 frames.
LOG (lattice-best-path[5.5.1182~1-e02e3]:main():lattice-best-path.cc:99) For utterance 054240048, best cost 82.5687 + -420.539 = -337.97 over 109 frames.
LOG (lattice-best-path[5.5.1182~1-e02e3]:main():lattice-best-path.cc:99) For utterance 054240053, best cost 85.323 + -462.22 = -376.897 over 121 frames.
LOG (lattice-best-path[5.5.1182~1-e02e3]:main():lattice-best-path.cc:99) For utterance 054240079, best cost 59.2392 + -373.777 = -314.537 over 83 frames.
LOG (lattice-best-path[5.5.1182~1-e02e3]:main():lattice-best-path.cc:99) For utterance 054240091, best cost 56.2466 + -363.892 = -307.645 over 76 frames.
LOG (lattice-best-path[5.5.1182~1-e02e3]:main():lattice-best-path.cc:99) For utterance 054240093, best cost 60.2363 + -358.017 = -297.781 over 83 frames.
LOG (lattice-best-path[5.5.1182~1-e02e3]:main():lattice-best-path.cc:99) For utterance 054240094, best cost 51.9733 + -343.242 = -291.269 over 75 frames.
LOG (lattice-best-path[5.5.1182~1-e02e3]:main():lattice-best-path.cc:99) For utterance 054240097, best cost 97.6419 + -495.243 = -397.601 over 132 frames.
LOG (lattice-best-path[5.5.1182~1-e02e3]:main():lattice-best-path.cc:99) For utterance 054240109, best cost 56.2994 + -308.118 = -251.819 over 80 frames.
LOG (lattice-best-path[5.5.1182~1-e02e3]:main():lattice-best-path.cc:99) For utterance 054240115, best cost 92.5629 + -526.218 = -433.655 over 127 frames.
LOG (lattice-best-path[5.5.1182~1-e02e3]:main():lattice-best-path.cc:99) For utterance 054240116, best cost 70.3008 + -365.174 = -294.873 over 92 frames.
LOG (lattice-best-path[5.5.1182~1-e02e3]:main():lattice-best-path.cc:99) For utterance 054240117, best cost 67.3968 + -389.867 = -322.47 over 95 frames.
LOG (lattice-best-path[5.5.1182~1-e02e3]:main():lattice-best-path.cc:99) For utterance 054240125, best cost 57.706 + -371.962 = -314.256 over 83 frames.
LOG (lattice-best-path[5.5.1182~1-e02e3]:main():lattice-best-path.cc:99) For utterance 054240126, best cost 96.9301 + -505.161 = -408.231 over 136 frames.
LOG (lattice-best-path[5.5.1182~1-e02e3]:main():lattice-best-path.cc:99) For utterance 054240138, best cost 75.7347 + -435.049 = -359.314 over 109 frames.
LOG (lattice-best-path[5.5.1182~1-e02e3]:main():lattice-best-path.cc:99) For utterance 054240152, best cost 99.1336 + -516.691 = -417.557 over 139 frames.
LOG (lattice-best-path[5.5.1182~1-e02e3]:main():lattice-best-path.cc:99) For utterance 055510029, best cost 61.0433 + -341.653 = -280.61 over 86 frames.
LOG (lattice-best-path[5.5.1182~1-e02e3]:main():lattice-best-path.cc:99) For utterance 055510046, best cost 108.938 + -524.216 = -415.278 over 149 frames.
LOG (lattice-best-path[5.5.1182~1-e02e3]:main():lattice-best-path.cc:99) For utterance 055510061, best cost 92.3273 + -424.146 = -331.819 over 128 frames.
LOG (lattice-best-path[5.5.1182~1-e02e3]:main():lattice-best-path.cc:99) For utterance 055510067, best cost 69.8719 + -391.187 = -321.316 over 102 frames.
LOG (lattice-best-path[5.5.1182~1-e02e3]:main():lattice-best-path.cc:99) For utterance 055510070, best cost 101.739 + -461.953 = -360.214 over 137 frames.
LOG (lattice-best-path[5.5.1182~1-e02e3]:main():lattice-best-path.cc:99) For utterance 055510078, best cost 59.2484 + -343.61 = -284.361 over 86 frames.
LOG (lattice-best-path[5.5.1182~1-e02e3]:main():lattice-best-path.cc:99) For utterance 055510079, best cost 152.607 + -837.699 = -685.092 over 214 frames.
LOG (lattice-best-path[5.5.1182~1-e02e3]:main():lattice-best-path.cc:99) For utterance 055510084, best cost 70.4747 + -359.496 = -289.021 over 96 frames.
LOG (lattice-best-path[5.5.1182~1-e02e3]:main():lattice-best-path.cc:99) For utterance 055510088, best cost 91.2456 + -452.647 = -361.402 over 122 frames.
LOG (lattice-best-path[5.5.1182~1-e02e3]:main():lattice-best-path.cc:99) For utterance 055510093, best cost 84.0225 + -413.536 = -329.513 over 115 frames.
LOG (lattice-best-path[5.5.1182~1-e02e3]:main():lattice-best-path.cc:99) For utterance 055510096, best cost 71.7167 + -419.186 = -347.469 over 97 frames.
LOG (lattice-best-path[5.5.1182~1-e02e3]:main():lattice-best-path.cc:99) For utterance 055510100, best cost 73.0324 + -413.025 = -339.993 over 105 frames.
LOG (lattice-best-path[5.5.1182~1-e02e3]:main():lattice-best-path.cc:99) For utterance 055510110, best cost 74.146 + -423.208 = -349.061 over 108 frames.
LOG (lattice-best-path[5.5.1182~1-e02e3]:main():lattice-best-path.cc:99) For utterance 055510122, best cost 112.307 + -606.736 = -494.43 over 152 frames.
LOG (lattice-best-path[5.5.1182~1-e02e3]:main():lattice-best-path.cc:99) For utterance 055510143, best cost 154.672 + -567.903 = -413.231 over 199 frames.
LOG (lattice-best-path[5.5.1182~1-e02e3]:main():lattice-best-path.cc:99) For utterance 055510156, best cost 73.6469 + -387.808 = -314.161 over 104 frames.
LOG (lattice-best-path[5.5.1182~1-e02e3]:main():lattice-best-path.cc:99) For utterance 055510164, best cost 115.747 + -546.239 = -430.492 over 151 frames.
LOG (lattice-best-path[5.5.1182~1-e02e3]:main():lattice-best-path.cc:99) For utterance 055510165, best cost 70.8138 + -368.092 = -297.278 over 95 frames.
LOG (lattice-best-path[5.5.1182~1-e02e3]:main():lattice-best-path.cc:99) For utterance 060100004, best cost 110.279 + -493.008 = -382.729 over 143 frames.
LOG (lattice-best-path[5.5.1182~1-e02e3]:main():lattice-best-path.cc:99) For utterance 060100009, best cost 69.7 + -316.311 = -246.611 over 93 frames.
LOG (lattice-best-path[5.5.1182~1-e02e3]:main():lattice-best-path.cc:99) For utterance 060100031, best cost 99.4155 + -499.965 = -400.549 over 136 frames.
LOG (lattice-best-path[5.5.1182~1-e02e3]:main():lattice-best-path.cc:99) For utterance 060100037, best cost 63.3492 + -338.438 = -275.089 over 85 frames.
LOG (lattice-best-path[5.5.1182~1-e02e3]:main():lattice-best-path.cc:99) For utterance 060100041, best cost 128.016 + -577.651 = -449.635 over 172 frames.
LOG (lattice-best-path[5.5.1182~1-e02e3]:main():lattice-best-path.cc:99) For utterance 060100047, best cost 86.1586 + -387.423 = -301.265 over 118 frames.
LOG (lattice-best-path[5.5.1182~1-e02e3]:main():lattice-best-path.cc:99) For utterance 060100066, best cost 59.3427 + -320.772 = -261.429 over 83 frames.
LOG (lattice-best-path[5.5.1182~1-e02e3]:main():lattice-best-path.cc:99) For utterance 060100081, best cost 115.496 + -565.013 = -449.517 over 159 frames.
LOG (lattice-best-path[5.5.1182~1-e02e3]:main():lattice-best-path.cc:99) For utterance 060100092, best cost 51.6667 + -290.157 = -238.49 over 75 frames.
LOG (lattice-best-path[5.5.1182~1-e02e3]:main():lattice-best-path.cc:99) For utterance 060100101, best cost 95.1131 + -366.887 = -271.774 over 125 frames.
LOG (lattice-best-path[5.5.1182~1-e02e3]:main():lattice-best-path.cc:99) For utterance 060100105, best cost 75.1457 + -399.55 = -324.405 over 105 frames.
LOG (lattice-best-path[5.5.1182~1-e02e3]:main():lattice-best-path.cc:99) For utterance 060100124, best cost 131.496 + -901.912 = -770.416 over 187 frames.
LOG (lattice-best-path[5.5.1182~1-e02e3]:main():lattice-best-path.cc:99) For utterance 060100128, best cost 140.654 + -496.966 = -356.311 over 184 frames.
LOG (lattice-best-path[5.5.1182~1-e02e3]:main():lattice-best-path.cc:99) For utterance 060100132, best cost 118.191 + -506.688 = -388.497 over 158 frames.
LOG (lattice-best-path[5.5.1182~1-e02e3]:main():lattice-best-path.cc:99) For utterance 060100147, best cost 73.9016 + -338.478 = -264.576 over 100 frames.
LOG (lattice-best-path[5.5.1182~1-e02e3]:main():lattice-best-path.cc:99) For utterance 060100154, best cost 79.1364 + -419.19 = -340.054 over 112 frames.
LOG (lattice-best-path[5.5.1182~1-e02e3]:main():lattice-best-path.cc:99) For utterance 060100159, best cost 69.4288 + -301.196 = -231.767 over 96 frames.
LOG (lattice-best-path[5.5.1182~1-e02e3]:main():lattice-best-path.cc:99) For utterance 060100164, best cost 107.079 + -510.494 = -403.414 over 142 frames.
LOG (lattice-best-path[5.5.1182~1-e02e3]:main():lattice-best-path.cc:99) For utterance 060480005, best cost 91.3855 + -494.639 = -403.253 over 121 frames.
LOG (lattice-best-path[5.5.1182~1-e02e3]:main():lattice-best-path.cc:99) For utterance 060480008, best cost 79.5127 + -397.991 = -318.478 over 106 frames.
LOG (lattice-best-path[5.5.1182~1-e02e3]:main():lattice-best-path.cc:99) For utterance 060480012, best cost 96.4455 + -486.68 = -390.234 over 128 frames.
LOG (lattice-best-path[5.5.1182~1-e02e3]:main():lattice-best-path.cc:99) For utterance 060480018, best cost 65.6839 + -427.082 = -361.398 over 95 frames.
LOG (lattice-best-path[5.5.1182~1-e02e3]:main():lattice-best-path.cc:99) For utterance 060480037, best cost 75.5997 + -368.748 = -293.148 over 101 frames.
LOG (lattice-best-path[5.5.1182~1-e02e3]:main():lattice-best-path.cc:99) For utterance 060480084, best cost 109.19 + -559.443 = -450.253 over 154 frames.
LOG (lattice-best-path[5.5.1182~1-e02e3]:main():lattice-best-path.cc:99) For utterance 060480090, best cost 118.858 + -655.923 = -537.064 over 156 frames.
LOG (lattice-best-path[5.5.1182~1-e02e3]:main():lattice-best-path.cc:99) For utterance 060480094, best cost 79.0263 + -412.864 = -333.838 over 111 frames.
LOG (lattice-best-path[5.5.1182~1-e02e3]:main():lattice-best-path.cc:99) For utterance 060480104, best cost 111.061 + -647.784 = -536.723 over 150 frames.
LOG (lattice-best-path[5.5.1182~1-e02e3]:main():lattice-best-path.cc:99) For utterance 060480131, best cost 117.444 + -623.424 = -505.981 over 163 frames.
LOG (lattice-best-path[5.5.1182~1-e02e3]:main():lattice-best-path.cc:99) For utterance 060480134, best cost 72.5053 + -505.119 = -432.614 over 104 frames.
LOG (lattice-best-path[5.5.1182~1-e02e3]:main():lattice-best-path.cc:99) For utterance 060480135, best cost 88.5413 + -478.218 = -389.676 over 123 frames.
LOG (lattice-best-path[5.5.1182~1-e02e3]:main():lattice-best-path.cc:99) For utterance 060480145, best cost 100.395 + -546.032 = -445.638 over 133 frames.
LOG (lattice-best-path[5.5.1182~1-e02e3]:main():lattice-best-path.cc:99) For utterance 060480147, best cost 73.0718 + -421.121 = -348.049 over 99 frames.
LOG (lattice-best-path[5.5.1182~1-e02e3]:main():lattice-best-path.cc:99) For utterance 060480148, best cost 86.8121 + -502.196 = -415.384 over 117 frames.
LOG (lattice-best-path[5.5.1182~1-e02e3]:main():lattice-best-path.cc:99) For utterance 060480168, best cost 103.28 + -587.547 = -484.267 over 142 frames.
LOG (lattice-best-path[5.5.1182~1-e02e3]:main():lattice-best-path.cc:99) For utterance 060480169, best cost 116.081 + -504.727 = -388.645 over 150 frames.
LOG (lattice-best-path[5.5.1182~1-e02e3]:main():lattice-best-path.cc:99) For utterance 061210013, best cost 64.0926 + -404.865 = -340.772 over 93 frames.
LOG (lattice-best-path[5.5.1182~1-e02e3]:main():lattice-best-path.cc:99) For utterance 061210031, best cost 55.2188 + -407.851 = -352.633 over 78 frames.
LOG (lattice-best-path[5.5.1182~1-e02e3]:main():lattice-best-path.cc:99) For utterance 061210059, best cost 59.9878 + -371.373 = -311.385 over 85 frames.
LOG (lattice-best-path[5.5.1182~1-e02e3]:main():lattice-best-path.cc:99) For utterance 061210060, best cost 80.7129 + -510.507 = -429.794 over 115 frames.
LOG (lattice-best-path[5.5.1182~1-e02e3]:main():lattice-best-path.cc:99) For utterance 061210063, best cost 96.6276 + -571.061 = -474.433 over 135 frames.
LOG (lattice-best-path[5.5.1182~1-e02e3]:main():lattice-best-path.cc:99) For utterance 061210068, best cost 89.4142 + -587.137 = -497.723 over 128 frames.
LOG (lattice-best-path[5.5.1182~1-e02e3]:main():lattice-best-path.cc:99) For utterance 061210069, best cost 91.3411 + -537.554 = -446.213 over 123 frames.
LOG (lattice-best-path[5.5.1182~1-e02e3]:main():lattice-best-path.cc:99) For utterance 061210071, best cost 53.6497 + -365.391 = -311.741 over 77 frames.
LOG (lattice-best-path[5.5.1182~1-e02e3]:main():lattice-best-path.cc:99) For utterance 061210075, best cost 52.6404 + -343.396 = -290.755 over 70 frames.
LOG (lattice-best-path[5.5.1182~1-e02e3]:main():lattice-best-path.cc:99) For utterance 061210086, best cost 50.1627 + -341.146 = -290.983 over 71 frames.
LOG (lattice-best-path[5.5.1182~1-e02e3]:main():lattice-best-path.cc:99) For utterance 061210095, best cost 56.3551 + -374.734 = -318.379 over 80 frames.
LOG (lattice-best-path[5.5.1182~1-e02e3]:main():lattice-best-path.cc:99) For utterance 061210109, best cost 95.9275 + -549.267 = -453.34 over 130 frames.
LOG (lattice-best-path[5.5.1182~1-e02e3]:main():lattice-best-path.cc:99) For utterance 061210128, best cost 69.5944 + -497.148 = -427.553 over 98 frames.
LOG (lattice-best-path[5.5.1182~1-e02e3]:main():lattice-best-path.cc:99) For utterance 061210129, best cost 100.133 + -606.901 = -506.768 over 138 frames.
LOG (lattice-best-path[5.5.1182~1-e02e3]:main():lattice-best-path.cc:99) For utterance 061210140, best cost 74.1214 + -449.417 = -375.296 over 100 frames.
LOG (lattice-best-path[5.5.1182~1-e02e3]:main():lattice-best-path.cc:99) For utterance 061210141, best cost 71.8534 + -477.274 = -405.421 over 102 frames.
LOG (lattice-best-path[5.5.1182~1-e02e3]:main():lattice-best-path.cc:99) For utterance 061210148, best cost 53.6887 + -372.743 = -319.054 over 77 frames.
LOG (lattice-best-path[5.5.1182~1-e02e3]:main():lattice-best-path.cc:99) For utterance 061210174, best cost 65.4865 + -405.27 = -339.784 over 96 frames.
LOG (lattice-best-path[5.5.1182~1-e02e3]:main():lattice-best-path.cc:99) For utterance 064010049, best cost 71.0389 + -337.625 = -266.586 over 102 frames.
LOG (lattice-best-path[5.5.1182~1-e02e3]:main():lattice-best-path.cc:99) For utterance 064010056, best cost 110.739 + -423.089 = -312.351 over 150 frames.
LOG (lattice-best-path[5.5.1182~1-e02e3]:main():lattice-best-path.cc:99) For utterance 064010057, best cost 86.4011 + -418.944 = -332.542 over 121 frames.
LOG (lattice-best-path[5.5.1182~1-e02e3]:main():lattice-best-path.cc:99) For utterance 064010066, best cost 105.759 + -432.093 = -326.334 over 145 frames.
LOG (lattice-best-path[5.5.1182~1-e02e3]:main():lattice-best-path.cc:99) For utterance 064010067, best cost 102.169 + -464.49 = -362.321 over 142 frames.
LOG (lattice-best-path[5.5.1182~1-e02e3]:main():lattice-best-path.cc:99) For utterance 064010086, best cost 82.2219 + -372.671 = -290.449 over 114 frames.
LOG (lattice-best-path[5.5.1182~1-e02e3]:main():lattice-best-path.cc:99) For utterance 064010092, best cost 87.9566 + -368.28 = -280.324 over 117 frames.
LOG (lattice-best-path[5.5.1182~1-e02e3]:main():lattice-best-path.cc:99) For utterance 064010093, best cost 113.875 + -529.197 = -415.322 over 153 frames.
LOG (lattice-best-path[5.5.1182~1-e02e3]:main():lattice-best-path.cc:99) For utterance 064010103, best cost 88.126 + -448.378 = -360.252 over 124 frames.
LOG (lattice-best-path[5.5.1182~1-e02e3]:main():lattice-best-path.cc:99) For utterance 064010107, best cost 87.2186 + -360.407 = -273.189 over 116 frames.
LOG (lattice-best-path[5.5.1182~1-e02e3]:main():lattice-best-path.cc:99) For utterance 064010120, best cost 86.9009 + -312.702 = -225.801 over 122 frames.
LOG (lattice-best-path[5.5.1182~1-e02e3]:main():lattice-best-path.cc:99) For utterance 064010123, best cost 103.227 + -277.571 = -174.344 over 144 frames.
LOG (lattice-best-path[5.5.1182~1-e02e3]:main():lattice-best-path.cc:99) For utterance 064010135, best cost 78.9928 + -392.258 = -313.265 over 112 frames.
LOG (lattice-best-path[5.5.1182~1-e02e3]:main():lattice-best-path.cc:99) For utterance 064010150, best cost 141.981 + -587.151 = -445.169 over 194 frames.
LOG (lattice-best-path[5.5.1182~1-e02e3]:main():lattice-best-path.cc:99) For utterance 064010161, best cost 136.546 + -560.073 = -423.528 over 189 frames.
LOG (lattice-best-path[5.5.1182~1-e02e3]:main():lattice-best-path.cc:99) For utterance 064010164, best cost 92.6632 + -391.545 = -298.882 over 133 frames.
LOG (lattice-best-path[5.5.1182~1-e02e3]:main():lattice-best-path.cc:99) For utterance 064010172, best cost 121.818 + -504.677 = -382.858 over 162 frames.
LOG (lattice-best-path[5.5.1182~1-e02e3]:main():lattice-best-path.cc:99) For utterance 064010173, best cost 94.7273 + -422.926 = -328.199 over 130 frames.
LOG (lattice-best-path[5.5.1182~1-e02e3]:main():lattice-best-path.cc:99) For utterance 065040005, best cost 121.133 + -665.892 = -544.759 over 162 frames.
LOG (lattice-best-path[5.5.1182~1-e02e3]:main():lattice-best-path.cc:99) For utterance 065040007, best cost 75.3916 + -440.196 = -364.804 over 106 frames.
LOG (lattice-best-path[5.5.1182~1-e02e3]:main():lattice-best-path.cc:99) For utterance 065040009, best cost 106.312 + -509.021 = -402.709 over 150 frames.
LOG (lattice-best-path[5.5.1182~1-e02e3]:main():lattice-best-path.cc:99) For utterance 065040028, best cost 101.879 + -517.651 = -415.772 over 138 frames.
LOG (lattice-best-path[5.5.1182~1-e02e3]:main():lattice-best-path.cc:99) For utterance 065040042, best cost 80.4839 + -430.952 = -350.468 over 108 frames.
LOG (lattice-best-path[5.5.1182~1-e02e3]:main():lattice-best-path.cc:99) For utterance 065040044, best cost 81.6999 + -449.986 = -368.286 over 112 frames.
LOG (lattice-best-path[5.5.1182~1-e02e3]:main():lattice-best-path.cc:99) For utterance 065040045, best cost 89.3949 + -497.712 = -408.317 over 118 frames.
LOG (lattice-best-path[5.5.1182~1-e02e3]:main():lattice-best-path.cc:99) For utterance 065040049, best cost 75.545 + -407.083 = -331.538 over 101 frames.
LOG (lattice-best-path[5.5.1182~1-e02e3]:main():lattice-best-path.cc:99) For utterance 065040077, best cost 82.7457 + -491.853 = -409.107 over 117 frames.
LOG (lattice-best-path[5.5.1182~1-e02e3]:main():lattice-best-path.cc:99) For utterance 065040112, best cost 64.1973 + -391.348 = -327.151 over 92 frames.
LOG (lattice-best-path[5.5.1182~1-e02e3]:main():lattice-best-path.cc:99) For utterance 065040118, best cost 78.3782 + -464.734 = -386.356 over 109 frames.
LOG (lattice-best-path[5.5.1182~1-e02e3]:main():lattice-best-path.cc:99) For utterance 065040124, best cost 80.073 + -461.688 = -381.615 over 107 frames.
LOG (lattice-best-path[5.5.1182~1-e02e3]:main():lattice-best-path.cc:99) For utterance 065040125, best cost 74.2132 + -452.386 = -378.173 over 100 frames.
LOG (lattice-best-path[5.5.1182~1-e02e3]:main():lattice-best-path.cc:99) For utterance 065040126, best cost 54.2127 + -351.984 = -297.771 over 79 frames.
LOG (lattice-best-path[5.5.1182~1-e02e3]:main():lattice-best-path.cc:99) For utterance 065040127, best cost 66.6033 + -461.69 = -395.087 over 93 frames.
LOG (lattice-best-path[5.5.1182~1-e02e3]:main():lattice-best-path.cc:99) For utterance 065040133, best cost 101.553 + -573.111 = -471.558 over 141 frames.
LOG (lattice-best-path[5.5.1182~1-e02e3]:main():lattice-best-path.cc:99) For utterance 065040134, best cost 79.3053 + -449.886 = -370.58 over 112 frames.
LOG (lattice-best-path[5.5.1182~1-e02e3]:main():lattice-best-path.cc:99) For utterance 065040137, best cost 71.7278 + -433.798 = -362.071 over 100 frames.
LOG (lattice-best-path[5.5.1182~1-e02e3]:main():lattice-best-path.cc:99) For utterance 065040160, best cost 64.6674 + -385.272 = -320.604 over 90 frames.
LOG (lattice-best-path[5.5.1182~1-e02e3]:main():lattice-best-path.cc:99) For utterance 069120003, best cost 94.571 + -552.003 = -457.432 over 135 frames.
LOG (lattice-best-path[5.5.1182~1-e02e3]:main():lattice-best-path.cc:99) For utterance 069120014, best cost 87.2304 + -476.511 = -389.281 over 120 frames.
LOG (lattice-best-path[5.5.1182~1-e02e3]:main():lattice-best-path.cc:99) For utterance 069120020, best cost 75.9613 + -481.239 = -405.278 over 104 frames.
LOG (lattice-best-path[5.5.1182~1-e02e3]:main():lattice-best-path.cc:99) For utterance 069120025, best cost 78.1048 + -352.668 = -274.563 over 109 frames.
LOG (lattice-best-path[5.5.1182~1-e02e3]:main():lattice-best-path.cc:99) For utterance 069120072, best cost 66.0328 + -322.642 = -256.61 over 94 frames.
LOG (lattice-best-path[5.5.1182~1-e02e3]:main():lattice-best-path.cc:99) For utterance 069120087, best cost 64.0046 + -373.056 = -309.051 over 89 frames.
LOG (lattice-best-path[5.5.1182~1-e02e3]:main():lattice-best-path.cc:99) For utterance 069120092, best cost 94.2047 + -549.479 = -455.274 over 126 frames.
LOG (lattice-best-path[5.5.1182~1-e02e3]:main():lattice-best-path.cc:99) For utterance 069120093, best cost 108.471 + -551.051 = -442.58 over 146 frames.
LOG (lattice-best-path[5.5.1182~1-e02e3]:main():lattice-best-path.cc:99) For utterance 069120094, best cost 101.725 + -622.211 = -520.485 over 139 frames.
LOG (lattice-best-path[5.5.1182~1-e02e3]:main():lattice-best-path.cc:99) For utterance 069120106, best cost 75.1816 + -374.551 = -299.37 over 106 frames.
LOG (lattice-best-path[5.5.1182~1-e02e3]:main():lattice-best-path.cc:99) For utterance 069120121, best cost 92.2353 + -491.451 = -399.216 over 129 frames.
LOG (lattice-best-path[5.5.1182~1-e02e3]:main():lattice-best-path.cc:99) For utterance 069120123, best cost 58.0756 + -318.412 = -260.336 over 81 frames.
LOG (lattice-best-path[5.5.1182~1-e02e3]:main():lattice-best-path.cc:99) For utterance 069120140, best cost 109.801 + -589.809 = -480.008 over 146 frames.
LOG (lattice-best-path[5.5.1182~1-e02e3]:main():lattice-best-path.cc:99) For utterance 069120151, best cost 96.6591 + -488.442 = -391.782 over 134 frames.
LOG (lattice-best-path[5.5.1182~1-e02e3]:main():lattice-best-path.cc:99) For utterance 069120165, best cost 75.3079 + -504.757 = -429.449 over 109 frames.
LOG (lattice-best-path[5.5.1182~1-e02e3]:main():lattice-best-path.cc:99) For utterance 069120170, best cost 92.7159 + -442.681 = -349.966 over 124 frames.
LOG (lattice-best-path[5.5.1182~1-e02e3]:main():lattice-best-path.cc:99) For utterance 070010001, best cost 145.423 + -680.518 = -535.095 over 196 frames.
LOG (lattice-best-path[5.5.1182~1-e02e3]:main():lattice-best-path.cc:99) For utterance 070010002, best cost 296.146 + -1488.66 = -1192.52 over 405 frames.
LOG (lattice-best-path[5.5.1182~1-e02e3]:main():lattice-best-path.cc:99) For utterance 070010003, best cost 280.688 + -1412.28 = -1131.6 over 388 frames.
LOG (lattice-best-path[5.5.1182~1-e02e3]:main():lattice-best-path.cc:99) For utterance 070010004, best cost 390.348 + -2141.53 = -1751.18 over 522 frames.
LOG (lattice-best-path[5.5.1182~1-e02e3]:main():lattice-best-path.cc:99) For utterance 070010005, best cost 479.874 + -2448.3 = -1968.43 over 663 frames.
LOG (lattice-best-path[5.5.1182~1-e02e3]:main():lattice-best-path.cc:99) For utterance 070010006, best cost 498.168 + -2483.15 = -1984.98 over 680 frames.
LOG (lattice-best-path[5.5.1182~1-e02e3]:main():lattice-best-path.cc:99) For utterance 070010007, best cost 231.822 + -1162 = -930.179 over 314 frames.
LOG (lattice-best-path[5.5.1182~1-e02e3]:main():lattice-best-path.cc:99) For utterance 070010008, best cost 402.795 + -2083.31 = -1680.51 over 560 frames.
LOG (lattice-best-path[5.5.1182~1-e02e3]:main():lattice-best-path.cc:99) For utterance 070010009, best cost 319.722 + -1575.99 = -1256.27 over 448 frames.
LOG (lattice-best-path[5.5.1182~1-e02e3]:main():lattice-best-path.cc:99) For utterance 070010010, best cost 310.058 + -1592.85 = -1282.79 over 419 frames.
LOG (lattice-best-path[5.5.1182~1-e02e3]:main():lattice-best-path.cc:99) For utterance 070010011, best cost 336.41 + -1985.21 = -1648.8 over 455 frames.
LOG (lattice-best-path[5.5.1182~1-e02e3]:main():lattice-best-path.cc:99) For utterance 070010012, best cost 260.312 + -1328.48 = -1068.17 over 350 frames.
LOG (lattice-best-path[5.5.1182~1-e02e3]:main():lattice-best-path.cc:99) For utterance 070010013, best cost 158.32 + -943.767 = -785.447 over 217 frames.
LOG (lattice-best-path[5.5.1182~1-e02e3]:main():lattice-best-path.cc:99) For utterance 070010014, best cost 354.125 + -1804.76 = -1450.64 over 494 frames.
LOG (lattice-best-path[5.5.1182~1-e02e3]:main():lattice-best-path.cc:99) For utterance 070010016, best cost 461.682 + -2840.2 = -2378.51 over 633 frames.
LOG (lattice-best-path[5.5.1182~1-e02e3]:main():lattice-best-path.cc:99) For utterance 070010017, best cost 299.469 + -1536.64 = -1237.17 over 409 frames.
LOG (lattice-best-path[5.5.1182~1-e02e3]:main():lattice-best-path.cc:99) For utterance 070010018, best cost 334.434 + -1852.84 = -1518.41 over 456 frames.
LOG (lattice-best-path[5.5.1182~1-e02e3]:main():lattice-best-path.cc:99) For utterance 070010019, best cost 331.075 + -1613.75 = -1282.67 over 447 frames.
LOG (lattice-best-path[5.5.1182~1-e02e3]:main():lattice-best-path.cc:99) For utterance 070010020, best cost 311.265 + -1487.86 = -1176.6 over 417 frames.
LOG (lattice-best-path[5.5.1182~1-e02e3]:main():lattice-best-path.cc:99) For utterance 075510004, best cost 92.4944 + -550.279 = -457.784 over 132 frames.
LOG (lattice-best-path[5.5.1182~1-e02e3]:main():lattice-best-path.cc:99) For utterance 075510010, best cost 138.932 + -676.078 = -537.147 over 189 frames.
LOG (lattice-best-path[5.5.1182~1-e02e3]:main():lattice-best-path.cc:99) For utterance 075510017, best cost 71.2256 + -424.706 = -353.48 over 101 frames.
LOG (lattice-best-path[5.5.1182~1-e02e3]:main():lattice-best-path.cc:99) For utterance 075510036, best cost 103.945 + -571.721 = -467.776 over 149 frames.
LOG (lattice-best-path[5.5.1182~1-e02e3]:main():lattice-best-path.cc:99) For utterance 075510038, best cost 122.9 + -651.619 = -528.719 over 166 frames.
LOG (lattice-best-path[5.5.1182~1-e02e3]:main():lattice-best-path.cc:99) For utterance 075510041, best cost 64.3319 + -402.859 = -338.527 over 88 frames.
LOG (lattice-best-path[5.5.1182~1-e02e3]:main():lattice-best-path.cc:99) For utterance 075510057, best cost 64.6194 + -410.47 = -345.85 over 91 frames.
LOG (lattice-best-path[5.5.1182~1-e02e3]:main():lattice-best-path.cc:99) For utterance 075510086, best cost 77.8509 + -516.853 = -439.002 over 109 frames.
LOG (lattice-best-path[5.5.1182~1-e02e3]:main():lattice-best-path.cc:99) For utterance 075510091, best cost 97.6073 + -514.296 = -416.688 over 134 frames.
LOG (lattice-best-path[5.5.1182~1-e02e3]:main():lattice-best-path.cc:99) For utterance 075510099, best cost 75.1421 + -464.781 = -389.639 over 108 frames.
LOG (lattice-best-path[5.5.1182~1-e02e3]:main():lattice-best-path.cc:99) For utterance 075510129, best cost 91.7305 + -494.167 = -402.437 over 124 frames.
LOG (lattice-best-path[5.5.1182~1-e02e3]:main():lattice-best-path.cc:99) For utterance 075510131, best cost 102.493 + -563.803 = -461.31 over 139 frames.
LOG (lattice-best-path[5.5.1182~1-e02e3]:main():lattice-best-path.cc:99) For utterance 075510137, best cost 70.8244 + -299.887 = -229.063 over 96 frames.
LOG (lattice-best-path[5.5.1182~1-e02e3]:main():lattice-best-path.cc:99) For utterance 075510142, best cost 96.5519 + -515.52 = -418.968 over 128 frames.
LOG (lattice-best-path[5.5.1182~1-e02e3]:main():lattice-best-path.cc:99) For utterance 075510144, best cost 98.6733 + -569.798 = -471.125 over 136 frames.
LOG (lattice-best-path[5.5.1182~1-e02e3]:main():lattice-best-path.cc:99) For utterance 075510163, best cost 96.9479 + -449.365 = -352.417 over 126 frames.
LOG (lattice-best-path[5.5.1182~1-e02e3]:main():lattice-best-path.cc:99) For utterance 075510165, best cost 86.2697 + -505.756 = -419.486 over 119 frames.
LOG (lattice-best-path[5.5.1182~1-e02e3]:main():lattice-best-path.cc:99) For utterance 075510167, best cost 85.656 + -481.986 = -396.33 over 121 frames.
LOG (lattice-best-path[5.5.1182~1-e02e3]:main():lattice-best-path.cc:99) For utterance 080020001, best cost 247.967 + -1181.17 = -933.201 over 350 frames.
LOG (lattice-best-path[5.5.1182~1-e02e3]:main():lattice-best-path.cc:99) For utterance 080020002, best cost 158.46 + -804.485 = -646.025 over 216 frames.
LOG (lattice-best-path[5.5.1182~1-e02e3]:main():lattice-best-path.cc:99) For utterance 080020003, best cost 412.571 + -1317.61 = -905.038 over 570 frames.
LOG (lattice-best-path[5.5.1182~1-e02e3]:main():lattice-best-path.cc:99) For utterance 080020004, best cost 198.168 + -971.788 = -773.62 over 274 frames.
LOG (lattice-best-path[5.5.1182~1-e02e3]:main():lattice-best-path.cc:99) For utterance 080020005, best cost 144.371 + -663.888 = -519.517 over 198 frames.
LOG (lattice-best-path[5.5.1182~1-e02e3]:main():lattice-best-path.cc:99) For utterance 080020006, best cost 160.04 + -915.618 = -755.578 over 222 frames.
LOG (lattice-best-path[5.5.1182~1-e02e3]:main():lattice-best-path.cc:99) For utterance 080020007, best cost 162.648 + -1014.95 = -852.297 over 228 frames.
LOG (lattice-best-path[5.5.1182~1-e02e3]:main():lattice-best-path.cc:99) For utterance 080020008, best cost 184.072 + -918.349 = -734.278 over 243 frames.
LOG (lattice-best-path[5.5.1182~1-e02e3]:main():lattice-best-path.cc:99) For utterance 080020009, best cost 267.578 + -1272.25 = -1004.67 over 362 frames.
LOG (lattice-best-path[5.5.1182~1-e02e3]:main():lattice-best-path.cc:99) For utterance 080020011, best cost 347.367 + -2007.98 = -1660.61 over 479 frames.
LOG (lattice-best-path[5.5.1182~1-e02e3]:main():lattice-best-path.cc:99) For utterance 080020012, best cost 215.184 + -1108.53 = -893.349 over 292 frames.
LOG (lattice-best-path[5.5.1182~1-e02e3]:main():lattice-best-path.cc:99) For utterance 080020013, best cost 182.969 + -931.515 = -748.545 over 250 frames.
LOG (lattice-best-path[5.5.1182~1-e02e3]:main():lattice-best-path.cc:99) For utterance 080020014, best cost 138.098 + -796.548 = -658.449 over 190 frames.
LOG (lattice-best-path[5.5.1182~1-e02e3]:main():lattice-best-path.cc:99) For utterance 080020015, best cost 132.91 + -871.569 = -738.659 over 184 frames.
LOG (lattice-best-path[5.5.1182~1-e02e3]:main():lattice-best-path.cc:99) For utterance 080020016, best cost 300.978 + -2019.84 = -1718.86 over 424 frames.
LOG (lattice-best-path[5.5.1182~1-e02e3]:main():lattice-best-path.cc:99) For utterance 080020018, best cost 186.133 + -1043.37 = -857.238 over 263 frames.
LOG (lattice-best-path[5.5.1182~1-e02e3]:main():lattice-best-path.cc:99) For utterance 080020020, best cost 180.03 + -845.439 = -665.409 over 244 frames.
LOG (lattice-best-path[5.5.1182~1-e02e3]:main():lattice-best-path.cc:99) For utterance 080570004, best cost 63.0253 + -322.121 = -259.096 over 88 frames.
LOG (lattice-best-path[5.5.1182~1-e02e3]:main():lattice-best-path.cc:99) For utterance 080570013, best cost 66.2081 + -357.606 = -291.398 over 96 frames.
LOG (lattice-best-path[5.5.1182~1-e02e3]:main():lattice-best-path.cc:99) For utterance 080570014, best cost 77.816 + -409.282 = -331.466 over 103 frames.
LOG (lattice-best-path[5.5.1182~1-e02e3]:main():lattice-best-path.cc:99) For utterance 080570053, best cost 82.1685 + -522.643 = -440.474 over 117 frames.
LOG (lattice-best-path[5.5.1182~1-e02e3]:main():lattice-best-path.cc:99) For utterance 080570067, best cost 84.4066 + -432.386 = -347.979 over 118 frames.
LOG (lattice-best-path[5.5.1182~1-e02e3]:main():lattice-best-path.cc:99) For utterance 080570071, best cost 89.9498 + -490.013 = -400.063 over 126 frames.
LOG (lattice-best-path[5.5.1182~1-e02e3]:main():lattice-best-path.cc:99) For utterance 080570081, best cost 93.0976 + -517.167 = -424.069 over 120 frames.
LOG (lattice-best-path[5.5.1182~1-e02e3]:main():lattice-best-path.cc:99) For utterance 080570087, best cost 76.2398 + -458.876 = -382.636 over 108 frames.
LOG (lattice-best-path[5.5.1182~1-e02e3]:main():lattice-best-path.cc:99) For utterance 080570089, best cost 75.0034 + -376.514 = -301.51 over 108 frames.
LOG (lattice-best-path[5.5.1182~1-e02e3]:main():lattice-best-path.cc:99) For utterance 080570102, best cost 91.4627 + -471.221 = -379.758 over 125 frames.
LOG (lattice-best-path[5.5.1182~1-e02e3]:main():lattice-best-path.cc:99) For utterance 080570138, best cost 79.677 + -444.634 = -364.957 over 114 frames.
LOG (lattice-best-path[5.5.1182~1-e02e3]:main():lattice-best-path.cc:99) For utterance 080570143, best cost 120.216 + -553.723 = -433.507 over 164 frames.
LOG (lattice-best-path[5.5.1182~1-e02e3]:main():lattice-best-path.cc:99) For utterance 080570144, best cost 114.674 + -536.977 = -422.303 over 148 frames.
LOG (lattice-best-path[5.5.1182~1-e02e3]:main():lattice-best-path.cc:99) For utterance 080570146, best cost 84.4384 + -473.755 = -389.317 over 120 frames.
LOG (lattice-best-path[5.5.1182~1-e02e3]:main():lattice-best-path.cc:99) For utterance 080570157, best cost 63.3247 + -341.197 = -277.872 over 85 frames.
LOG (lattice-best-path[5.5.1182~1-e02e3]:main():lattice-best-path.cc:124) Overall cost per frame is -3.11594 = 0.727479 [graph] + -3.84342 [acoustic] over 36010 frames.
LOG (lattice-best-path[5.5.1182~1-e02e3]:main():lattice-best-path.cc:128) Done 230 lattices, failed for 0
# Accounting: time=0 threads=1
# Ended (code 0) at Thu Oct 23 10:38:39 IST 2025, elapsed time 0 seconds
