# lattice-best-path --acoustic-scale=1.0 "ark:gunzip -c tune/align_lats_speechocean762/lat.1.gz |" ark:/dev/null "ark:|gzip -c >tune/align_lats_speechocean762/ali.1.gz" 
# Started at Thu Oct 23 10:38:38 IST 2025
#
lattice-best-path --acoustic-scale=1.0 'ark:gunzip -c tune/align_lats_speechocean762/lat.1.gz |' ark:/dev/null 'ark:|gzip -c >tune/align_lats_speechocean762/ali.1.gz' 
LOG (lattice-best-path[5.5.1182~1-e02e3]:main():lattice-best-path.cc:99) For utterance 000010011, best cost 60.596 + -347.431 = -286.835 over 86 frames.
LOG (lattice-best-path[5.5.1182~1-e02e3]:main():lattice-best-path.cc:99) For utterance 000010035, best cost 83.0774 + -396.412 = -313.335 over 114 frames.
LOG (lattice-best-path[5.5.1182~1-e02e3]:main():lattice-best-path.cc:99) For utterance 000010053, best cost 81.9442 + -427.876 = -345.932 over 111 frames.
LOG (lattice-best-path[5.5.1182~1-e02e3]:main():lattice-best-path.cc:99) For utterance 000010063, best cost 80.4952 + -431.596 = -351.101 over 110 frames.
LOG (lattice-best-path[5.5.1182~1-e02e3]:main():lattice-best-path.cc:99) For utterance 000010069, best cost 71.6389 + -420.545 = -348.906 over 100 frames.
LOG (lattice-best-path[5.5.1182~1-e02e3]:main():lattice-best-path.cc:99) For utterance 000010089, best cost 73.8075 + -368.478 = -294.671 over 102 frames.
LOG (lattice-best-path[5.5.1182~1-e02e3]:main():lattice-best-path.cc:99) For utterance 000010095, best cost 68.3403 + -361.491 = -293.151 over 99 frames.
LOG (lattice-best-path[5.5.1182~1-e02e3]:main():lattice-best-path.cc:99) For utterance 000010106, best cost 48.8121 + -286.159 = -237.347 over 71 frames.
LOG (lattice-best-path[5.5.1182~1-e02e3]:main():lattice-best-path.cc:99) For utterance 000010113, best cost 69.7024 + -353.186 = -283.483 over 100 frames.
LOG (lattice-best-path[5.5.1182~1-e02e3]:main():lattice-best-path.cc:99) For utterance 000010115, best cost 69.222 + -371.18 = -301.958 over 100 frames.
LOG (lattice-best-path[5.5.1182~1-e02e3]:main():lattice-best-path.cc:99) For utterance 000010121, best cost 77.9855 + -442.694 = -364.709 over 110 frames.
LOG (lattice-best-path[5.5.1182~1-e02e3]:main():lattice-best-path.cc:99) For utterance 000010122, best cost 82.0618 + -403.02 = -320.958 over 114 frames.
LOG (lattice-best-path[5.5.1182~1-e02e3]:main():lattice-best-path.cc:99) For utterance 000010135, best cost 78.4626 + -390.484 = -312.021 over 107 frames.
LOG (lattice-best-path[5.5.1182~1-e02e3]:main():lattice-best-path.cc:99) For utterance 000010140, best cost 78.914 + -425.301 = -346.387 over 111 frames.
LOG (lattice-best-path[5.5.1182~1-e02e3]:main():lattice-best-path.cc:99) For utterance 000010145, best cost 83.7713 + -512.592 = -428.821 over 116 frames.
LOG (lattice-best-path[5.5.1182~1-e02e3]:main():lattice-best-path.cc:99) For utterance 000010168, best cost 38.502 + -266.207 = -227.705 over 55 frames.
LOG (lattice-best-path[5.5.1182~1-e02e3]:main():lattice-best-path.cc:99) For utterance 000010173, best cost 48.2121 + -253.205 = -204.992 over 68 frames.
LOG (lattice-best-path[5.5.1182~1-e02e3]:main():lattice-best-path.cc:99) For utterance 000050003, best cost 103.492 + -418.695 = -315.203 over 144 frames.
LOG (lattice-best-path[5.5.1182~1-e02e3]:main():lattice-best-path.cc:99) For utterance 000050010, best cost 75.4835 + -289.513 = -214.029 over 101 frames.
LOG (lattice-best-path[5.5.1182~1-e02e3]:main():lattice-best-path.cc:99) For utterance 000050028, best cost 63.5083 + -314.464 = -250.956 over 90 frames.
LOG (lattice-best-path[5.5.1182~1-e02e3]:main():lattice-best-path.cc:99) For utterance 000050038, best cost 67.255 + -332.719 = -265.464 over 96 frames.
LOG (lattice-best-path[5.5.1182~1-e02e3]:main():lattice-best-path.cc:99) For utterance 000050040, best cost 65.6309 + -296.178 = -230.547 over 92 frames.
LOG (lattice-best-path[5.5.1182~1-e02e3]:main():lattice-best-path.cc:99) For utterance 000050047, best cost 52.9899 + -234.363 = -181.373 over 75 frames.
LOG (lattice-best-path[5.5.1182~1-e02e3]:main():lattice-best-path.cc:99) For utterance 000050049, best cost 49.524 + -288.798 = -239.274 over 71 frames.
LOG (lattice-best-path[5.5.1182~1-e02e3]:main():lattice-best-path.cc:99) For utterance 000050055, best cost 50.5419 + -288.675 = -238.133 over 74 frames.
LOG (lattice-best-path[5.5.1182~1-e02e3]:main():lattice-best-path.cc:99) For utterance 000050078, best cost 94.8466 + -386.81 = -291.964 over 129 frames.
LOG (lattice-best-path[5.5.1182~1-e02e3]:main():lattice-best-path.cc:99) For utterance 000050079, best cost 109.335 + -429.537 = -320.202 over 154 frames.
LOG (lattice-best-path[5.5.1182~1-e02e3]:main():lattice-best-path.cc:99) For utterance 000050083, best cost 57.2709 + -235.362 = -178.091 over 81 frames.
LOG (lattice-best-path[5.5.1182~1-e02e3]:main():lattice-best-path.cc:99) For utterance 000050095, best cost 67.4874 + -264.585 = -197.097 over 96 frames.
LOG (lattice-best-path[5.5.1182~1-e02e3]:main():lattice-best-path.cc:99) For utterance 000050099, best cost 69.4925 + -272.289 = -202.797 over 95 frames.
LOG (lattice-best-path[5.5.1182~1-e02e3]:main():lattice-best-path.cc:99) For utterance 000050100, best cost 68.8603 + -297.302 = -228.441 over 97 frames.
LOG (lattice-best-path[5.5.1182~1-e02e3]:main():lattice-best-path.cc:99) For utterance 000050114, best cost 96.8318 + -384.526 = -287.694 over 130 frames.
LOG (lattice-best-path[5.5.1182~1-e02e3]:main():lattice-best-path.cc:99) For utterance 000050118, best cost 82.6498 + -343.431 = -260.781 over 118 frames.
LOG (lattice-best-path[5.5.1182~1-e02e3]:main():lattice-best-path.cc:99) For utterance 000050122, best cost 109.205 + -499.075 = -389.87 over 155 frames.
LOG (lattice-best-path[5.5.1182~1-e02e3]:main():lattice-best-path.cc:99) For utterance 000050174, best cost 45.0851 + -245.027 = -199.942 over 64 frames.
LOG (lattice-best-path[5.5.1182~1-e02e3]:main():lattice-best-path.cc:99) For utterance 000050175, best cost 36.3052 + -224.086 = -187.78 over 53 frames.
LOG (lattice-best-path[5.5.1182~1-e02e3]:main():lattice-best-path.cc:99) For utterance 000060020, best cost 76.8726 + -487.87 = -410.997 over 108 frames.
LOG (lattice-best-path[5.5.1182~1-e02e3]:main():lattice-best-path.cc:99) For utterance 000060029, best cost 79.5532 + -467.111 = -387.558 over 113 frames.
LOG (lattice-best-path[5.5.1182~1-e02e3]:main():lattice-best-path.cc:99) For utterance 000060031, best cost 75.7476 + -466.511 = -390.763 over 108 frames.
LOG (lattice-best-path[5.5.1182~1-e02e3]:main():lattice-best-path.cc:99) For utterance 000060049, best cost 74.0863 + -384.846 = -310.76 over 104 frames.
LOG (lattice-best-path[5.5.1182~1-e02e3]:main():lattice-best-path.cc:99) For utterance 000060056, best cost 66.1392 + -405.217 = -339.078 over 94 frames.
LOG (lattice-best-path[5.5.1182~1-e02e3]:main():lattice-best-path.cc:99) For utterance 000060077, best cost 72.0489 + -446.683 = -374.635 over 101 frames.
LOG (lattice-best-path[5.5.1182~1-e02e3]:main():lattice-best-path.cc:99) For utterance 000060082, best cost 72.6936 + -469.226 = -396.533 over 100 frames.
LOG (lattice-best-path[5.5.1182~1-e02e3]:main():lattice-best-path.cc:99) For utterance 000060083, best cost 68.5123 + -452.583 = -384.07 over 94 frames.
LOG (lattice-best-path[5.5.1182~1-e02e3]:main():lattice-best-path.cc:99) For utterance 000060102, best cost 69.7413 + -492.406 = -422.664 over 101 frames.
LOG (lattice-best-path[5.5.1182~1-e02e3]:main():lattice-best-path.cc:99) For utterance 000060106, best cost 77.8347 + -477.72 = -399.885 over 107 frames.
LOG (lattice-best-path[5.5.1182~1-e02e3]:main():lattice-best-path.cc:99) For utterance 000060111, best cost 78.7318 + -518.48 = -439.748 over 109 frames.
LOG (lattice-best-path[5.5.1182~1-e02e3]:main():lattice-best-path.cc:99) For utterance 000060113, best cost 56.7064 + -384.669 = -327.963 over 81 frames.
LOG (lattice-best-path[5.5.1182~1-e02e3]:main():lattice-best-path.cc:99) For utterance 000060116, best cost 71.4198 + -496.197 = -424.777 over 102 frames.
LOG (lattice-best-path[5.5.1182~1-e02e3]:main():lattice-best-path.cc:99) For utterance 000060124, best cost 86.2052 + -492.069 = -405.863 over 119 frames.
LOG (lattice-best-path[5.5.1182~1-e02e3]:main():lattice-best-path.cc:99) For utterance 000060130, best cost 71.471 + -473.967 = -402.496 over 100 frames.
LOG (lattice-best-path[5.5.1182~1-e02e3]:main():lattice-best-path.cc:99) For utterance 000060136, best cost 60.2337 + -378.132 = -317.898 over 86 frames.
LOG (lattice-best-path[5.5.1182~1-e02e3]:main():lattice-best-path.cc:99) For utterance 000060153, best cost 74.3881 + -463.633 = -389.245 over 104 frames.
LOG (lattice-best-path[5.5.1182~1-e02e3]:main():lattice-best-path.cc:99) For utterance 000260001, best cost 56.7039 + -310.473 = -253.769 over 79 frames.
LOG (lattice-best-path[5.5.1182~1-e02e3]:main():lattice-best-path.cc:99) For utterance 000260011, best cost 73.3779 + -397.965 = -324.587 over 106 frames.
LOG (lattice-best-path[5.5.1182~1-e02e3]:main():lattice-best-path.cc:99) For utterance 000260015, best cost 76.5212 + -464.833 = -388.311 over 107 frames.
LOG (lattice-best-path[5.5.1182~1-e02e3]:main():lattice-best-path.cc:99) For utterance 000260032, best cost 66.9267 + -403.834 = -336.907 over 97 frames.
LOG (lattice-best-path[5.5.1182~1-e02e3]:main():lattice-best-path.cc:99) For utterance 000260033, best cost 67.2081 + -375.984 = -308.776 over 96 frames.
LOG (lattice-best-path[5.5.1182~1-e02e3]:main():lattice-best-path.cc:99) For utterance 000260039, best cost 69.2224 + -393.531 = -324.308 over 98 frames.
LOG (lattice-best-path[5.5.1182~1-e02e3]:main():lattice-best-path.cc:99) For utterance 000260048, best cost 58.649 + -323.1 = -264.451 over 85 frames.
LOG (lattice-best-path[5.5.1182~1-e02e3]:main():lattice-best-path.cc:99) For utterance 000260050, best cost 59.9566 + -331.526 = -271.569 over 85 frames.
LOG (lattice-best-path[5.5.1182~1-e02e3]:main():lattice-best-path.cc:99) For utterance 000260069, best cost 81.8231 + -431.563 = -349.74 over 111 frames.
LOG (lattice-best-path[5.5.1182~1-e02e3]:main():lattice-best-path.cc:99) For utterance 000260075, best cost 56.1529 + -361.617 = -305.464 over 80 frames.
LOG (lattice-best-path[5.5.1182~1-e02e3]:main():lattice-best-path.cc:99) For utterance 000260091, best cost 77.4933 + -400.834 = -323.341 over 110 frames.
LOG (lattice-best-path[5.5.1182~1-e02e3]:main():lattice-best-path.cc:99) For utterance 000260095, best cost 76.9082 + -417.785 = -340.877 over 106 frames.
LOG (lattice-best-path[5.5.1182~1-e02e3]:main():lattice-best-path.cc:99) For utterance 000260096, best cost 78.9526 + -467.216 = -388.264 over 113 frames.
LOG (lattice-best-path[5.5.1182~1-e02e3]:main():lattice-best-path.cc:99) For utterance 000260112, best cost 91.1884 + -558.696 = -467.507 over 129 frames.
LOG (lattice-best-path[5.5.1182~1-e02e3]:main():lattice-best-path.cc:99) For utterance 000260115, best cost 98.5281 + -599.797 = -501.269 over 139 frames.
LOG (lattice-best-path[5.5.1182~1-e02e3]:main():lattice-best-path.cc:99) For utterance 000260121, best cost 89.6391 + -510.133 = -420.494 over 127 frames.
LOG (lattice-best-path[5.5.1182~1-e02e3]:main():lattice-best-path.cc:99) For utterance 000260126, best cost 56.4286 + -334.821 = -278.393 over 79 frames.
LOG (lattice-best-path[5.5.1182~1-e02e3]:main():lattice-best-path.cc:99) For utterance 000260133, best cost 60.6776 + -372.645 = -311.967 over 88 frames.
LOG (lattice-best-path[5.5.1182~1-e02e3]:main():lattice-best-path.cc:99) For utterance 000360034, best cost 100.3 + -504.143 = -403.843 over 140 frames.
LOG (lattice-best-path[5.5.1182~1-e02e3]:main():lattice-best-path.cc:99) For utterance 000360036, best cost 70.1062 + -451.673 = -381.567 over 98 frames.
LOG (lattice-best-path[5.5.1182~1-e02e3]:main():lattice-best-path.cc:99) For utterance 000360132, best cost 78.6126 + -490.496 = -411.884 over 109 frames.
LOG (lattice-best-path[5.5.1182~1-e02e3]:main():lattice-best-path.cc:99) For utterance 000360133, best cost 106.216 + -625.833 = -519.617 over 150 frames.
LOG (lattice-best-path[5.5.1182~1-e02e3]:main():lattice-best-path.cc:99) For utterance 000360161, best cost 73.2653 + -423.255 = -349.989 over 103 frames.
LOG (lattice-best-path[5.5.1182~1-e02e3]:main():lattice-best-path.cc:99) For utterance 000360190, best cost 91.317 + -492.79 = -401.473 over 126 frames.
LOG (lattice-best-path[5.5.1182~1-e02e3]:main():lattice-best-path.cc:99) For utterance 000360210, best cost 78.1263 + -455.087 = -376.96 over 109 frames.
LOG (lattice-best-path[5.5.1182~1-e02e3]:main():lattice-best-path.cc:99) For utterance 000360223, best cost 96.0517 + -517.954 = -421.903 over 134 frames.
LOG (lattice-best-path[5.5.1182~1-e02e3]:main():lattice-best-path.cc:99) For utterance 000360241, best cost 76.8365 + -481.722 = -404.886 over 108 frames.
LOG (lattice-best-path[5.5.1182~1-e02e3]:main():lattice-best-path.cc:99) For utterance 000360264, best cost 113.008 + -575.537 = -462.529 over 152 frames.
LOG (lattice-best-path[5.5.1182~1-e02e3]:main():lattice-best-path.cc:99) For utterance 000360283, best cost 61.2132 + -344.808 = -283.595 over 86 frames.
LOG (lattice-best-path[5.5.1182~1-e02e3]:main():lattice-best-path.cc:99) For utterance 000360313, best cost 81.8638 + -493.684 = -411.82 over 117 frames.
LOG (lattice-best-path[5.5.1182~1-e02e3]:main():lattice-best-path.cc:99) For utterance 000360314, best cost 60.369 + -389.682 = -329.313 over 88 frames.
LOG (lattice-best-path[5.5.1182~1-e02e3]:main():lattice-best-path.cc:99) For utterance 000360332, best cost 104.941 + -504.101 = -399.159 over 138 frames.
LOG (lattice-best-path[5.5.1182~1-e02e3]:main():lattice-best-path.cc:99) For utterance 000360334, best cost 76.6512 + -437.847 = -361.196 over 102 frames.
LOG (lattice-best-path[5.5.1182~1-e02e3]:main():lattice-best-path.cc:99) For utterance 000360339, best cost 93.0553 + -487.635 = -394.58 over 126 frames.
LOG (lattice-best-path[5.5.1182~1-e02e3]:main():lattice-best-path.cc:99) For utterance 000360343, best cost 95.339 + -524.594 = -429.255 over 133 frames.
LOG (lattice-best-path[5.5.1182~1-e02e3]:main():lattice-best-path.cc:99) For utterance 000360360, best cost 96.8427 + -461.865 = -365.022 over 129 frames.
LOG (lattice-best-path[5.5.1182~1-e02e3]:main():lattice-best-path.cc:99) For utterance 000360378, best cost 53.6032 + -333.005 = -279.402 over 75 frames.
LOG (lattice-best-path[5.5.1182~1-e02e3]:main():lattice-best-path.cc:99) For utterance 000480010, best cost 49.2015 + -280.974 = -231.773 over 72 frames.
LOG (lattice-best-path[5.5.1182~1-e02e3]:main():lattice-best-path.cc:99) For utterance 000480014, best cost 55.5218 + -202.007 = -146.485 over 77 frames.
LOG (lattice-best-path[5.5.1182~1-e02e3]:main():lattice-best-path.cc:99) For utterance 000480015, best cost 61.8395 + -219.179 = -157.339 over 89 frames.
LOG (lattice-best-path[5.5.1182~1-e02e3]:main():lattice-best-path.cc:99) For utterance 000480016, best cost 56.607 + -212.321 = -155.714 over 80 frames.
LOG (lattice-best-path[5.5.1182~1-e02e3]:main():lattice-best-path.cc:99) For utterance 000480019, best cost 56.8655 + -279.837 = -222.972 over 77 frames.
LOG (lattice-best-path[5.5.1182~1-e02e3]:main():lattice-best-path.cc:99) For utterance 000480023, best cost 53.8886 + -267.142 = -213.253 over 74 frames.
LOG (lattice-best-path[5.5.1182~1-e02e3]:main():lattice-best-path.cc:99) For utterance 000480033, best cost 59.4233 + -291.304 = -231.881 over 81 frames.
LOG (lattice-best-path[5.5.1182~1-e02e3]:main():lattice-best-path.cc:99) For utterance 000480045, best cost 57.6688 + -274.785 = -217.116 over 79 frames.
LOG (lattice-best-path[5.5.1182~1-e02e3]:main():lattice-best-path.cc:99) For utterance 000480068, best cost 48.6928 + -196.28 = -147.587 over 67 frames.
LOG (lattice-best-path[5.5.1182~1-e02e3]:main():lattice-best-path.cc:99) For utterance 000480081, best cost 64.3007 + -333.995 = -269.694 over 88 frames.
LOG (lattice-best-path[5.5.1182~1-e02e3]:main():lattice-best-path.cc:99) For utterance 000480090, best cost 43.8011 + -229.111 = -185.31 over 63 frames.
LOG (lattice-best-path[5.5.1182~1-e02e3]:main():lattice-best-path.cc:99) For utterance 000480108, best cost 59.3559 + -241.972 = -182.616 over 81 frames.
LOG (lattice-best-path[5.5.1182~1-e02e3]:main():lattice-best-path.cc:99) For utterance 000480119, best cost 60.47 + -314.484 = -254.014 over 86 frames.
LOG (lattice-best-path[5.5.1182~1-e02e3]:main():lattice-best-path.cc:99) For utterance 000480134, best cost 54.6954 + -278.57 = -223.874 over 78 frames.
LOG (lattice-best-path[5.5.1182~1-e02e3]:main():lattice-best-path.cc:99) For utterance 000480136, best cost 61.5999 + -284.237 = -222.638 over 86 frames.
LOG (lattice-best-path[5.5.1182~1-e02e3]:main():lattice-best-path.cc:99) For utterance 000480151, best cost 57.9381 + -272.364 = -214.426 over 80 frames.
LOG (lattice-best-path[5.5.1182~1-e02e3]:main():lattice-best-path.cc:99) For utterance 000480158, best cost 57.6781 + -258.426 = -200.748 over 81 frames.
LOG (lattice-best-path[5.5.1182~1-e02e3]:main():lattice-best-path.cc:99) For utterance 000480159, best cost 60.6498 + -277.3 = -216.65 over 81 frames.
LOG (lattice-best-path[5.5.1182~1-e02e3]:main():lattice-best-path.cc:99) For utterance 000530006, best cost 92.6349 + -479.918 = -387.283 over 128 frames.
LOG (lattice-best-path[5.5.1182~1-e02e3]:main():lattice-best-path.cc:99) For utterance 000530027, best cost 66.2494 + -338.449 = -272.2 over 95 frames.
LOG (lattice-best-path[5.5.1182~1-e02e3]:main():lattice-best-path.cc:99) For utterance 000530030, best cost 87.3605 + -490.668 = -403.308 over 119 frames.
LOG (lattice-best-path[5.5.1182~1-e02e3]:main():lattice-best-path.cc:99) For utterance 000530037, best cost 74.643 + -362.583 = -287.94 over 104 frames.
LOG (lattice-best-path[5.5.1182~1-e02e3]:main():lattice-best-path.cc:99) For utterance 000530055, best cost 76.8672 + -377.151 = -300.283 over 106 frames.
LOG (lattice-best-path[5.5.1182~1-e02e3]:main():lattice-best-path.cc:99) For utterance 000530060, best cost 88.5891 + -421.83 = -333.24 over 123 frames.
LOG (lattice-best-path[5.5.1182~1-e02e3]:main():lattice-best-path.cc:99) For utterance 000530063, best cost 76.9071 + -406.677 = -329.769 over 111 frames.
LOG (lattice-best-path[5.5.1182~1-e02e3]:main():lattice-best-path.cc:99) For utterance 000530076, best cost 108.105 + -521.957 = -413.852 over 151 frames.
LOG (lattice-best-path[5.5.1182~1-e02e3]:main():lattice-best-path.cc:99) For utterance 000530077, best cost 91.0326 + -485.303 = -394.27 over 127 frames.
LOG (lattice-best-path[5.5.1182~1-e02e3]:main():lattice-best-path.cc:99) For utterance 000530094, best cost 92.4375 + -429.357 = -336.919 over 129 frames.
LOG (lattice-best-path[5.5.1182~1-e02e3]:main():lattice-best-path.cc:99) For utterance 000530109, best cost 79.7296 + -394.032 = -314.302 over 110 frames.
LOG (lattice-best-path[5.5.1182~1-e02e3]:main():lattice-best-path.cc:99) For utterance 000530112, best cost 98.1221 + -491.426 = -393.303 over 138 frames.
LOG (lattice-best-path[5.5.1182~1-e02e3]:main():lattice-best-path.cc:99) For utterance 000530115, best cost 101.834 + -472.645 = -370.81 over 136 frames.
LOG (lattice-best-path[5.5.1182~1-e02e3]:main():lattice-best-path.cc:99) For utterance 000530145, best cost 123.657 + -515.358 = -391.702 over 169 frames.
LOG (lattice-best-path[5.5.1182~1-e02e3]:main():lattice-best-path.cc:99) For utterance 000530154, best cost 82.0293 + -392.774 = -310.744 over 115 frames.
LOG (lattice-best-path[5.5.1182~1-e02e3]:main():lattice-best-path.cc:99) For utterance 000530163, best cost 88.1722 + -417.38 = -329.207 over 118 frames.
LOG (lattice-best-path[5.5.1182~1-e02e3]:main():lattice-best-path.cc:99) For utterance 000530174, best cost 83.8374 + -396.158 = -312.321 over 108 frames.
LOG (lattice-best-path[5.5.1182~1-e02e3]:main():lattice-best-path.cc:99) For utterance 000540001, best cost 69.0465 + -355.225 = -286.178 over 94 frames.
LOG (lattice-best-path[5.5.1182~1-e02e3]:main():lattice-best-path.cc:99) For utterance 000540004, best cost 75.7322 + -384.118 = -308.386 over 107 frames.
LOG (lattice-best-path[5.5.1182~1-e02e3]:main():lattice-best-path.cc:99) For utterance 000540014, best cost 73.3004 + -334.998 = -261.698 over 103 frames.
LOG (lattice-best-path[5.5.1182~1-e02e3]:main():lattice-best-path.cc:99) For utterance 000540018, best cost 91.9038 + -523.069 = -431.165 over 131 frames.
LOG (lattice-best-path[5.5.1182~1-e02e3]:main():lattice-best-path.cc:99) For utterance 000540031, best cost 92.5625 + -504.346 = -411.783 over 129 frames.
LOG (lattice-best-path[5.5.1182~1-e02e3]:main():lattice-best-path.cc:99) For utterance 000540054, best cost 78.1672 + -363.082 = -284.915 over 105 frames.
LOG (lattice-best-path[5.5.1182~1-e02e3]:main():lattice-best-path.cc:99) For utterance 000540055, best cost 69.1933 + -370.994 = -301.801 over 97 frames.
LOG (lattice-best-path[5.5.1182~1-e02e3]:main():lattice-best-path.cc:99) For utterance 000540058, best cost 90.8356 + -426.615 = -335.779 over 126 frames.
LOG (lattice-best-path[5.5.1182~1-e02e3]:main():lattice-best-path.cc:99) For utterance 000540062, best cost 87.0366 + -408.814 = -321.777 over 122 frames.
LOG (lattice-best-path[5.5.1182~1-e02e3]:main():lattice-best-path.cc:99) For utterance 000540072, best cost 79.053 + -377.798 = -298.745 over 114 frames.
LOG (lattice-best-path[5.5.1182~1-e02e3]:main():lattice-best-path.cc:99) For utterance 000540077, best cost 88.1708 + -387.427 = -299.256 over 120 frames.
LOG (lattice-best-path[5.5.1182~1-e02e3]:main():lattice-best-path.cc:99) For utterance 000540088, best cost 65.8125 + -378.184 = -312.371 over 92 frames.
LOG (lattice-best-path[5.5.1182~1-e02e3]:main():lattice-best-path.cc:99) For utterance 000540106, best cost 76.458 + -370.497 = -294.039 over 106 frames.
LOG (lattice-best-path[5.5.1182~1-e02e3]:main():lattice-best-path.cc:99) For utterance 000540111, best cost 68.5068 + -358.647 = -290.14 over 97 frames.
LOG (lattice-best-path[5.5.1182~1-e02e3]:main():lattice-best-path.cc:99) For utterance 000540117, best cost 81.1576 + -401.48 = -320.322 over 104 frames.
LOG (lattice-best-path[5.5.1182~1-e02e3]:main():lattice-best-path.cc:99) For utterance 000540123, best cost 80.5029 + -340.632 = -260.129 over 106 frames.
LOG (lattice-best-path[5.5.1182~1-e02e3]:main():lattice-best-path.cc:99) For utterance 000540127, best cost 60.4388 + -326.056 = -265.618 over 86 frames.
LOG (lattice-best-path[5.5.1182~1-e02e3]:main():lattice-best-path.cc:99) For utterance 000540130, best cost 63.8971 + -314.455 = -250.558 over 89 frames.
LOG (lattice-best-path[5.5.1182~1-e02e3]:main():lattice-best-path.cc:99) For utterance 000540156, best cost 65.7698 + -362.138 = -296.368 over 86 frames.
LOG (lattice-best-path[5.5.1182~1-e02e3]:main():lattice-best-path.cc:99) For utterance 000540163, best cost 58.157 + -328.607 = -270.45 over 84 frames.
LOG (lattice-best-path[5.5.1182~1-e02e3]:main():lattice-best-path.cc:99) For utterance 000560016, best cost 107.818 + -451.628 = -343.811 over 146 frames.
LOG (lattice-best-path[5.5.1182~1-e02e3]:main():lattice-best-path.cc:99) For utterance 000560017, best cost 110.951 + -496.387 = -385.436 over 150 frames.
LOG (lattice-best-path[5.5.1182~1-e02e3]:main():lattice-best-path.cc:99) For utterance 000560033, best cost 78.5066 + -346.297 = -267.791 over 107 frames.
LOG (lattice-best-path[5.5.1182~1-e02e3]:main():lattice-best-path.cc:99) For utterance 000560038, best cost 70.2736 + -341.525 = -271.252 over 96 frames.
LOG (lattice-best-path[5.5.1182~1-e02e3]:main():lattice-best-path.cc:99) For utterance 000560058, best cost 122.523 + -600.837 = -478.314 over 170 frames.
LOG (lattice-best-path[5.5.1182~1-e02e3]:main():lattice-best-path.cc:99) For utterance 000560068, best cost 103.652 + -469.703 = -366.051 over 140 frames.
LOG (lattice-best-path[5.5.1182~1-e02e3]:main():lattice-best-path.cc:99) For utterance 000560075, best cost 95.7763 + -445.415 = -349.639 over 129 frames.
LOG (lattice-best-path[5.5.1182~1-e02e3]:main():lattice-best-path.cc:99) For utterance 000560084, best cost 92.2821 + -422.625 = -330.343 over 125 frames.
LOG (lattice-best-path[5.5.1182~1-e02e3]:main():lattice-best-path.cc:99) For utterance 000560086, best cost 107.345 + -458.711 = -351.366 over 146 frames.
LOG (lattice-best-path[5.5.1182~1-e02e3]:main():lattice-best-path.cc:99) For utterance 000560088, best cost 54.6905 + -284.886 = -230.195 over 78 frames.
LOG (lattice-best-path[5.5.1182~1-e02e3]:main():lattice-best-path.cc:99) For utterance 000560117, best cost 261.604 + -1363.23 = -1101.63 over 357 frames.
LOG (lattice-best-path[5.5.1182~1-e02e3]:main():lattice-best-path.cc:99) For utterance 000560154, best cost 132.637 + -593.585 = -460.948 over 182 frames.
LOG (lattice-best-path[5.5.1182~1-e02e3]:main():lattice-best-path.cc:99) For utterance 000560172, best cost 124.029 + -494.209 = -370.179 over 170 frames.
LOG (lattice-best-path[5.5.1182~1-e02e3]:main():lattice-best-path.cc:99) For utterance 000700008, best cost 101.078 + -437.248 = -336.169 over 137 frames.
LOG (lattice-best-path[5.5.1182~1-e02e3]:main():lattice-best-path.cc:99) For utterance 000700010, best cost 79.3388 + -390.817 = -311.479 over 106 frames.
LOG (lattice-best-path[5.5.1182~1-e02e3]:main():lattice-best-path.cc:99) For utterance 000700012, best cost 72.221 + -354.599 = -282.378 over 100 frames.
LOG (lattice-best-path[5.5.1182~1-e02e3]:main():lattice-best-path.cc:99) For utterance 000700015, best cost 91.9029 + -504.661 = -412.759 over 131 frames.
LOG (lattice-best-path[5.5.1182~1-e02e3]:main():lattice-best-path.cc:99) For utterance 000700019, best cost 84.2564 + -440.117 = -355.861 over 117 frames.
LOG (lattice-best-path[5.5.1182~1-e02e3]:main():lattice-best-path.cc:99) For utterance 000700034, best cost 83.718 + -423.677 = -339.959 over 114 frames.
LOG (lattice-best-path[5.5.1182~1-e02e3]:main():lattice-best-path.cc:99) For utterance 000700046, best cost 86.6777 + -415.8 = -329.122 over 120 frames.
LOG (lattice-best-path[5.5.1182~1-e02e3]:main():lattice-best-path.cc:99) For utterance 000700048, best cost 88.3007 + -487.664 = -399.363 over 120 frames.
LOG (lattice-best-path[5.5.1182~1-e02e3]:main():lattice-best-path.cc:99) For utterance 000700053, best cost 81.8606 + -410.614 = -328.754 over 114 frames.
LOG (lattice-best-path[5.5.1182~1-e02e3]:main():lattice-best-path.cc:99) For utterance 000700063, best cost 91.7607 + -483.101 = -391.34 over 129 frames.
LOG (lattice-best-path[5.5.1182~1-e02e3]:main():lattice-best-path.cc:99) For utterance 000700082, best cost 97.7606 + -581.834 = -484.073 over 134 frames.
LOG (lattice-best-path[5.5.1182~1-e02e3]:main():lattice-best-path.cc:99) For utterance 000700109, best cost 92.086 + -490.613 = -398.527 over 124 frames.
LOG (lattice-best-path[5.5.1182~1-e02e3]:main():lattice-best-path.cc:99) For utterance 000700120, best cost 107.482 + -478.381 = -370.899 over 150 frames.
LOG (lattice-best-path[5.5.1182~1-e02e3]:main():lattice-best-path.cc:99) For utterance 000700123, best cost 116.3 + -611.831 = -495.531 over 164 frames.
LOG (lattice-best-path[5.5.1182~1-e02e3]:main():lattice-best-path.cc:99) For utterance 000700130, best cost 114.362 + -620.328 = -505.966 over 154 frames.
LOG (lattice-best-path[5.5.1182~1-e02e3]:main():lattice-best-path.cc:99) For utterance 000700151, best cost 80.9296 + -438.739 = -357.809 over 111 frames.
LOG (lattice-best-path[5.5.1182~1-e02e3]:main():lattice-best-path.cc:99) For utterance 000700156, best cost 69.5728 + -429.391 = -359.819 over 99 frames.
LOG (lattice-best-path[5.5.1182~1-e02e3]:main():lattice-best-path.cc:99) For utterance 000750005, best cost 59.1474 + -320.755 = -261.608 over 83 frames.
LOG (lattice-best-path[5.5.1182~1-e02e3]:main():lattice-best-path.cc:99) For utterance 000750015, best cost 72.9848 + -359.763 = -286.778 over 104 frames.
LOG (lattice-best-path[5.5.1182~1-e02e3]:main():lattice-best-path.cc:99) For utterance 000750020, best cost 96.9713 + -383.166 = -286.195 over 126 frames.
LOG (lattice-best-path[5.5.1182~1-e02e3]:main():lattice-best-path.cc:99) For utterance 000750024, best cost 71.2974 + -304.493 = -233.196 over 99 frames.
LOG (lattice-best-path[5.5.1182~1-e02e3]:main():lattice-best-path.cc:99) For utterance 000750029, best cost 75.3661 + -339.509 = -264.143 over 102 frames.
LOG (lattice-best-path[5.5.1182~1-e02e3]:main():lattice-best-path.cc:99) For utterance 000750045, best cost 61.8976 + -350.152 = -288.254 over 87 frames.
LOG (lattice-best-path[5.5.1182~1-e02e3]:main():lattice-best-path.cc:99) For utterance 000750068, best cost 73.9562 + -356.263 = -282.307 over 105 frames.
LOG (lattice-best-path[5.5.1182~1-e02e3]:main():lattice-best-path.cc:99) For utterance 000750080, best cost 62.006 + -292.732 = -230.726 over 87 frames.
LOG (lattice-best-path[5.5.1182~1-e02e3]:main():lattice-best-path.cc:99) For utterance 000750082, best cost 63.7842 + -285.851 = -222.067 over 92 frames.
LOG (lattice-best-path[5.5.1182~1-e02e3]:main():lattice-best-path.cc:99) For utterance 000750085, best cost 65.6262 + -377.615 = -311.989 over 91 frames.
LOG (lattice-best-path[5.5.1182~1-e02e3]:main():lattice-best-path.cc:99) For utterance 000750091, best cost 82.9071 + -454.523 = -371.616 over 111 frames.
LOG (lattice-best-path[5.5.1182~1-e02e3]:main():lattice-best-path.cc:99) For utterance 000750101, best cost 59.1412 + -332.253 = -273.112 over 80 frames.
LOG (lattice-best-path[5.5.1182~1-e02e3]:main():lattice-best-path.cc:99) For utterance 000750106, best cost 72.9067 + -319.343 = -246.437 over 104 frames.
LOG (lattice-best-path[5.5.1182~1-e02e3]:main():lattice-best-path.cc:99) For utterance 000750108, best cost 58.048 + -322.792 = -264.744 over 82 frames.
LOG (lattice-best-path[5.5.1182~1-e02e3]:main():lattice-best-path.cc:99) For utterance 000750128, best cost 69.1091 + -328.466 = -259.357 over 98 frames.
LOG (lattice-best-path[5.5.1182~1-e02e3]:main():lattice-best-path.cc:99) For utterance 000750134, best cost 68.8414 + -286.341 = -217.499 over 94 frames.
LOG (lattice-best-path[5.5.1182~1-e02e3]:main():lattice-best-path.cc:99) For utterance 000750140, best cost 71.3566 + -331.295 = -259.939 over 96 frames.
LOG (lattice-best-path[5.5.1182~1-e02e3]:main():lattice-best-path.cc:99) For utterance 000750149, best cost 106.253 + -472.312 = -366.059 over 147 frames.
LOG (lattice-best-path[5.5.1182~1-e02e3]:main():lattice-best-path.cc:99) For utterance 001030008, best cost 78.3392 + -395.524 = -317.185 over 109 frames.
LOG (lattice-best-path[5.5.1182~1-e02e3]:main():lattice-best-path.cc:99) For utterance 001030013, best cost 68.3187 + -344.262 = -275.943 over 95 frames.
LOG (lattice-best-path[5.5.1182~1-e02e3]:main():lattice-best-path.cc:99) For utterance 001030032, best cost 88.8821 + -430.278 = -341.395 over 123 frames.
LOG (lattice-best-path[5.5.1182~1-e02e3]:main():lattice-best-path.cc:99) For utterance 001030048, best cost 65.312 + -327.895 = -262.583 over 90 frames.
LOG (lattice-best-path[5.5.1182~1-e02e3]:main():lattice-best-path.cc:99) For utterance 001030053, best cost 63.2248 + -317.785 = -254.56 over 91 frames.
LOG (lattice-best-path[5.5.1182~1-e02e3]:main():lattice-best-path.cc:99) For utterance 001030054, best cost 61.9204 + -287.335 = -225.415 over 85 frames.
LOG (lattice-best-path[5.5.1182~1-e02e3]:main():lattice-best-path.cc:99) For utterance 001030060, best cost 96.7523 + -482.758 = -386.006 over 127 frames.
LOG (lattice-best-path[5.5.1182~1-e02e3]:main():lattice-best-path.cc:99) For utterance 001030061, best cost 67.732 + -357.549 = -289.817 over 94 frames.
LOG (lattice-best-path[5.5.1182~1-e02e3]:main():lattice-best-path.cc:99) For utterance 001030065, best cost 74.899 + -384.958 = -310.059 over 103 frames.
LOG (lattice-best-path[5.5.1182~1-e02e3]:main():lattice-best-path.cc:99) For utterance 001030078, best cost 106.822 + -563.956 = -457.134 over 141 frames.
LOG (lattice-best-path[5.5.1182~1-e02e3]:main():lattice-best-path.cc:99) For utterance 001030090, best cost 59.2112 + -341.772 = -282.561 over 86 frames.
LOG (lattice-best-path[5.5.1182~1-e02e3]:main():lattice-best-path.cc:99) For utterance 001030099, best cost 75.1194 + -397.5 = -322.38 over 109 frames.
LOG (lattice-best-path[5.5.1182~1-e02e3]:main():lattice-best-path.cc:99) For utterance 001030102, best cost 73.9883 + -387.944 = -313.955 over 101 frames.
LOG (lattice-best-path[5.5.1182~1-e02e3]:main():lattice-best-path.cc:99) For utterance 001030121, best cost 75.6072 + -430.498 = -354.891 over 107 frames.
LOG (lattice-best-path[5.5.1182~1-e02e3]:main():lattice-best-path.cc:99) For utterance 001030136, best cost 71.0561 + -387.892 = -316.836 over 99 frames.
LOG (lattice-best-path[5.5.1182~1-e02e3]:main():lattice-best-path.cc:99) For utterance 001030143, best cost 72.6276 + -378.328 = -305.7 over 103 frames.
LOG (lattice-best-path[5.5.1182~1-e02e3]:main():lattice-best-path.cc:99) For utterance 001030144, best cost 83.1506 + -405.785 = -322.634 over 114 frames.
LOG (lattice-best-path[5.5.1182~1-e02e3]:main():lattice-best-path.cc:99) For utterance 001030155, best cost 55.6627 + -325.074 = -269.412 over 80 frames.
LOG (lattice-best-path[5.5.1182~1-e02e3]:main():lattice-best-path.cc:99) For utterance 001040022, best cost 78.7103 + -321.404 = -242.694 over 109 frames.
LOG (lattice-best-path[5.5.1182~1-e02e3]:main():lattice-best-path.cc:99) For utterance 001040026, best cost 78.7779 + -365.576 = -286.798 over 108 frames.
LOG (lattice-best-path[5.5.1182~1-e02e3]:main():lattice-best-path.cc:99) For utterance 001040038, best cost 101.629 + -439.211 = -337.581 over 140 frames.
LOG (lattice-best-path[5.5.1182~1-e02e3]:main():lattice-best-path.cc:99) For utterance 001040050, best cost 106.227 + -516.961 = -410.734 over 146 frames.
LOG (lattice-best-path[5.5.1182~1-e02e3]:main():lattice-best-path.cc:99) For utterance 001040062, best cost 75.3679 + -399.717 = -324.349 over 107 frames.
LOG (lattice-best-path[5.5.1182~1-e02e3]:main():lattice-best-path.cc:99) For utterance 001040067, best cost 122.193 + -574.321 = -452.128 over 166 frames.
LOG (lattice-best-path[5.5.1182~1-e02e3]:main():lattice-best-path.cc:99) For utterance 001040069, best cost 95.1463 + -426.949 = -331.803 over 125 frames.
LOG (lattice-best-path[5.5.1182~1-e02e3]:main():lattice-best-path.cc:99) For utterance 001040071, best cost 76.7619 + -365.862 = -289.1 over 105 frames.
LOG (lattice-best-path[5.5.1182~1-e02e3]:main():lattice-best-path.cc:99) For utterance 001040073, best cost 102.571 + -490.879 = -388.308 over 136 frames.
LOG (lattice-best-path[5.5.1182~1-e02e3]:main():lattice-best-path.cc:99) For utterance 001040100, best cost 92.5508 + -427.353 = -334.803 over 129 frames.
LOG (lattice-best-path[5.5.1182~1-e02e3]:main():lattice-best-path.cc:99) For utterance 001040104, best cost 65.5457 + -266.659 = -201.113 over 93 frames.
LOG (lattice-best-path[5.5.1182~1-e02e3]:main():lattice-best-path.cc:99) For utterance 001040106, best cost 95.0488 + -442.169 = -347.121 over 129 frames.
LOG (lattice-best-path[5.5.1182~1-e02e3]:main():lattice-best-path.cc:99) For utterance 001040115, best cost 97.678 + -468.326 = -370.648 over 137 frames.
LOG (lattice-best-path[5.5.1182~1-e02e3]:main():lattice-best-path.cc:99) For utterance 001040120, best cost 91.4218 + -362.068 = -270.646 over 129 frames.
LOG (lattice-best-path[5.5.1182~1-e02e3]:main():lattice-best-path.cc:99) For utterance 001040122, best cost 100.696 + -452.245 = -351.55 over 141 frames.
LOG (lattice-best-path[5.5.1182~1-e02e3]:main():lattice-best-path.cc:99) For utterance 001040134, best cost 75.9158 + -279.236 = -203.321 over 107 frames.
LOG (lattice-best-path[5.5.1182~1-e02e3]:main():lattice-best-path.cc:99) For utterance 001040136, best cost 101.728 + -396.63 = -294.903 over 132 frames.
LOG (lattice-best-path[5.5.1182~1-e02e3]:main():lattice-best-path.cc:99) For utterance 001040149, best cost 177.281 + -843.231 = -665.95 over 238 frames.
LOG (lattice-best-path[5.5.1182~1-e02e3]:main():lattice-best-path.cc:99) For utterance 001040173, best cost 83.3765 + -483.428 = -400.051 over 117 frames.
LOG (lattice-best-path[5.5.1182~1-e02e3]:main():lattice-best-path.cc:124) Overall cost per frame is -2.9513 = 0.72088 [graph] + -3.67218 [acoustic] over 25242 frames.
LOG (lattice-best-path[5.5.1182~1-e02e3]:main():lattice-best-path.cc:128) Done 230 lattices, failed for 0
# Accounting: time=1 threads=1
# Ended (code 0) at Thu Oct 23 10:38:39 IST 2025, elapsed time 1 seconds
