# lattice-best-path --acoustic-scale=1.0 "ark:gunzip -c tune/align_lats_speechocean762/lat.3.gz |" ark:/dev/null "ark:|gzip -c >tune/align_lats_speechocean762/ali.3.gz" 
# Started at Thu Oct 23 10:38:38 IST 2025
#
lattice-best-path --acoustic-scale=1.0 'ark:gunzip -c tune/align_lats_speechocean762/lat.3.gz |' ark:/dev/null 'ark:|gzip -c >tune/align_lats_speechocean762/ali.3.gz' 
LOG (lattice-best-path[5.5.1182~1-e02e3]:main():lattice-best-path.cc:99) For utterance 010290003, best cost 67.8009 + -375.622 = -307.821 over 96 frames.
LOG (lattice-best-path[5.5.1182~1-e02e3]:main():lattice-best-path.cc:99) For utterance 010290066, best cost 87.3601 + -520.594 = -433.234 over 121 frames.
LOG (lattice-best-path[5.5.1182~1-e02e3]:main():lattice-best-path.cc:99) For utterance 010290094, best cost 51.4191 + -357.151 = -305.732 over 73 frames.
LOG (lattice-best-path[5.5.1182~1-e02e3]:main():lattice-best-path.cc:99) For utterance 010290096, best cost 82.4084 + -518.016 = -435.607 over 114 frames.
LOG (lattice-best-path[5.5.1182~1-e02e3]:main():lattice-best-path.cc:99) For utterance 010290123, best cost 85.7164 + -468.347 = -382.63 over 117 frames.
LOG (lattice-best-path[5.5.1182~1-e02e3]:main():lattice-best-path.cc:99) For utterance 010290152, best cost 91.641 + -533.719 = -442.078 over 127 frames.
LOG (lattice-best-path[5.5.1182~1-e02e3]:main():lattice-best-path.cc:99) For utterance 010290179, best cost 62.736 + -388.413 = -325.677 over 89 frames.
LOG (lattice-best-path[5.5.1182~1-e02e3]:main():lattice-best-path.cc:99) For utterance 010290189, best cost 71.0066 + -419.352 = -348.345 over 98 frames.
LOG (lattice-best-path[5.5.1182~1-e02e3]:main():lattice-best-path.cc:99) For utterance 010290229, best cost 67.4965 + -411.282 = -343.786 over 95 frames.
LOG (lattice-best-path[5.5.1182~1-e02e3]:main():lattice-best-path.cc:99) For utterance 010290236, best cost 87.2272 + -488.788 = -401.56 over 121 frames.
LOG (lattice-best-path[5.5.1182~1-e02e3]:main():lattice-best-path.cc:99) For utterance 010290260, best cost 55.7098 + -378.172 = -322.462 over 79 frames.
LOG (lattice-best-path[5.5.1182~1-e02e3]:main():lattice-best-path.cc:99) For utterance 010290276, best cost 70.105 + -437.305 = -367.2 over 99 frames.
LOG (lattice-best-path[5.5.1182~1-e02e3]:main():lattice-best-path.cc:99) For utterance 010290294, best cost 67.9881 + -413.054 = -345.066 over 93 frames.
LOG (lattice-best-path[5.5.1182~1-e02e3]:main():lattice-best-path.cc:99) For utterance 010290320, best cost 90.3897 + -548.981 = -458.592 over 124 frames.
LOG (lattice-best-path[5.5.1182~1-e02e3]:main():lattice-best-path.cc:99) For utterance 010290330, best cost 78.0221 + -460.016 = -381.994 over 112 frames.
LOG (lattice-best-path[5.5.1182~1-e02e3]:main():lattice-best-path.cc:99) For utterance 010290341, best cost 91.6289 + -509.213 = -417.584 over 129 frames.
LOG (lattice-best-path[5.5.1182~1-e02e3]:main():lattice-best-path.cc:99) For utterance 010290361, best cost 73.6322 + -416.9 = -343.267 over 104 frames.
LOG (lattice-best-path[5.5.1182~1-e02e3]:main():lattice-best-path.cc:99) For utterance 010290362, best cost 65.2125 + -416.766 = -351.553 over 94 frames.
LOG (lattice-best-path[5.5.1182~1-e02e3]:main():lattice-best-path.cc:99) For utterance 010330026, best cost 85.6316 + -449.965 = -364.333 over 121 frames.
LOG (lattice-best-path[5.5.1182~1-e02e3]:main():lattice-best-path.cc:99) For utterance 010330033, best cost 62.5446 + -363.861 = -301.316 over 89 frames.
LOG (lattice-best-path[5.5.1182~1-e02e3]:main():lattice-best-path.cc:99) For utterance 010330035, best cost 74.5916 + -450.458 = -375.866 over 107 frames.
LOG (lattice-best-path[5.5.1182~1-e02e3]:main():lattice-best-path.cc:99) For utterance 010330052, best cost 89.4493 + -504.606 = -415.157 over 124 frames.
LOG (lattice-best-path[5.5.1182~1-e02e3]:main():lattice-best-path.cc:99) For utterance 010330053, best cost 97.3555 + -612.09 = -514.735 over 138 frames.
LOG (lattice-best-path[5.5.1182~1-e02e3]:main():lattice-best-path.cc:99) For utterance 010330085, best cost 82.1122 + -496.843 = -414.73 over 111 frames.
LOG (lattice-best-path[5.5.1182~1-e02e3]:main():lattice-best-path.cc:99) For utterance 010330103, best cost 79.2529 + -466.512 = -387.259 over 106 frames.
LOG (lattice-best-path[5.5.1182~1-e02e3]:main():lattice-best-path.cc:99) For utterance 010330129, best cost 87.6158 + -545.581 = -457.965 over 117 frames.
LOG (lattice-best-path[5.5.1182~1-e02e3]:main():lattice-best-path.cc:99) For utterance 010330139, best cost 109.067 + -631.169 = -522.103 over 151 frames.
LOG (lattice-best-path[5.5.1182~1-e02e3]:main():lattice-best-path.cc:99) For utterance 010330147, best cost 54.905 + -351.42 = -296.515 over 75 frames.
LOG (lattice-best-path[5.5.1182~1-e02e3]:main():lattice-best-path.cc:99) For utterance 010330197, best cost 86.1816 + -513.025 = -426.843 over 120 frames.
LOG (lattice-best-path[5.5.1182~1-e02e3]:main():lattice-best-path.cc:99) For utterance 010330206, best cost 119.018 + -613.938 = -494.92 over 161 frames.
LOG (lattice-best-path[5.5.1182~1-e02e3]:main():lattice-best-path.cc:99) For utterance 010330235, best cost 64.8835 + -316.888 = -252.004 over 89 frames.
LOG (lattice-best-path[5.5.1182~1-e02e3]:main():lattice-best-path.cc:99) For utterance 010330241, best cost 59.8843 + -418.701 = -358.817 over 85 frames.
LOG (lattice-best-path[5.5.1182~1-e02e3]:main():lattice-best-path.cc:99) For utterance 010330257, best cost 78.5577 + -501.74 = -423.183 over 110 frames.
LOG (lattice-best-path[5.5.1182~1-e02e3]:main():lattice-best-path.cc:99) For utterance 010330268, best cost 76.9139 + -509.911 = -432.997 over 111 frames.
LOG (lattice-best-path[5.5.1182~1-e02e3]:main():lattice-best-path.cc:99) For utterance 010330277, best cost 100.808 + -575.43 = -474.623 over 138 frames.
LOG (lattice-best-path[5.5.1182~1-e02e3]:main():lattice-best-path.cc:99) For utterance 010330325, best cost 88.6692 + -486.366 = -397.697 over 123 frames.
LOG (lattice-best-path[5.5.1182~1-e02e3]:main():lattice-best-path.cc:99) For utterance 010330346, best cost 98.5101 + -537.824 = -439.314 over 132 frames.
LOG (lattice-best-path[5.5.1182~1-e02e3]:main():lattice-best-path.cc:99) For utterance 010420022, best cost 83.9393 + -308.14 = -224.201 over 116 frames.
LOG (lattice-best-path[5.5.1182~1-e02e3]:main():lattice-best-path.cc:99) For utterance 010420025, best cost 65.2536 + -319.12 = -253.867 over 89 frames.
LOG (lattice-best-path[5.5.1182~1-e02e3]:main():lattice-best-path.cc:99) For utterance 010420034, best cost 79.86 + -355.599 = -275.739 over 112 frames.
LOG (lattice-best-path[5.5.1182~1-e02e3]:main():lattice-best-path.cc:99) For utterance 010420040, best cost 82.5905 + -453.254 = -370.664 over 112 frames.
LOG (lattice-best-path[5.5.1182~1-e02e3]:main():lattice-best-path.cc:99) For utterance 010420047, best cost 60.1843 + -342.564 = -282.38 over 84 frames.
LOG (lattice-best-path[5.5.1182~1-e02e3]:main():lattice-best-path.cc:99) For utterance 010420059, best cost 76.9029 + -336.065 = -259.162 over 108 frames.
LOG (lattice-best-path[5.5.1182~1-e02e3]:main():lattice-best-path.cc:99) For utterance 010420060, best cost 73.521 + -337.467 = -263.946 over 99 frames.
LOG (lattice-best-path[5.5.1182~1-e02e3]:main():lattice-best-path.cc:99) For utterance 010420064, best cost 57.7104 + -311.89 = -254.18 over 81 frames.
LOG (lattice-best-path[5.5.1182~1-e02e3]:main():lattice-best-path.cc:99) For utterance 010420102, best cost 80.4683 + -319.267 = -238.799 over 108 frames.
LOG (lattice-best-path[5.5.1182~1-e02e3]:main():lattice-best-path.cc:99) For utterance 010420105, best cost 97.8218 + -490.684 = -392.862 over 131 frames.
LOG (lattice-best-path[5.5.1182~1-e02e3]:main():lattice-best-path.cc:99) For utterance 010420107, best cost 87.1087 + -445.876 = -358.768 over 123 frames.
LOG (lattice-best-path[5.5.1182~1-e02e3]:main():lattice-best-path.cc:99) For utterance 010420129, best cost 78.9331 + -411.535 = -332.602 over 113 frames.
LOG (lattice-best-path[5.5.1182~1-e02e3]:main():lattice-best-path.cc:99) For utterance 010420134, best cost 80.1148 + -359.005 = -278.89 over 108 frames.
LOG (lattice-best-path[5.5.1182~1-e02e3]:main():lattice-best-path.cc:99) For utterance 010420143, best cost 128.524 + -567.052 = -438.527 over 170 frames.
LOG (lattice-best-path[5.5.1182~1-e02e3]:main():lattice-best-path.cc:99) For utterance 010420151, best cost 53.5341 + -317.962 = -264.428 over 74 frames.
LOG (lattice-best-path[5.5.1182~1-e02e3]:main():lattice-best-path.cc:99) For utterance 010420157, best cost 64.6208 + -321.593 = -256.972 over 89 frames.
LOG (lattice-best-path[5.5.1182~1-e02e3]:main():lattice-best-path.cc:99) For utterance 010420175, best cost 61.7601 + -317.443 = -255.683 over 86 frames.
LOG (lattice-best-path[5.5.1182~1-e02e3]:main():lattice-best-path.cc:99) For utterance 010440006, best cost 85.4277 + -524.408 = -438.981 over 120 frames.
LOG (lattice-best-path[5.5.1182~1-e02e3]:main():lattice-best-path.cc:99) For utterance 010440008, best cost 92.1991 + -486.324 = -394.125 over 125 frames.
LOG (lattice-best-path[5.5.1182~1-e02e3]:main():lattice-best-path.cc:99) For utterance 010440012, best cost 85.142 + -457.848 = -372.706 over 113 frames.
LOG (lattice-best-path[5.5.1182~1-e02e3]:main():lattice-best-path.cc:99) For utterance 010440017, best cost 66.8031 + -377.031 = -310.228 over 95 frames.
LOG (lattice-best-path[5.5.1182~1-e02e3]:main():lattice-best-path.cc:99) For utterance 010440038, best cost 86.439 + -528.723 = -442.284 over 117 frames.
LOG (lattice-best-path[5.5.1182~1-e02e3]:main():lattice-best-path.cc:99) For utterance 010440039, best cost 88.0175 + -521.671 = -433.654 over 120 frames.
LOG (lattice-best-path[5.5.1182~1-e02e3]:main():lattice-best-path.cc:99) For utterance 010440053, best cost 132.622 + -683.901 = -551.278 over 179 frames.
LOG (lattice-best-path[5.5.1182~1-e02e3]:main():lattice-best-path.cc:99) For utterance 010440064, best cost 63.8249 + -355.221 = -291.396 over 89 frames.
LOG (lattice-best-path[5.5.1182~1-e02e3]:main():lattice-best-path.cc:99) For utterance 010440077, best cost 82.5698 + -486.55 = -403.981 over 113 frames.
LOG (lattice-best-path[5.5.1182~1-e02e3]:main():lattice-best-path.cc:99) For utterance 010440093, best cost 61.5714 + -294.335 = -232.763 over 87 frames.
LOG (lattice-best-path[5.5.1182~1-e02e3]:main():lattice-best-path.cc:99) For utterance 010440099, best cost 46.678 + -282.257 = -235.58 over 68 frames.
LOG (lattice-best-path[5.5.1182~1-e02e3]:main():lattice-best-path.cc:99) For utterance 010440106, best cost 91.3352 + -528.358 = -437.023 over 123 frames.
LOG (lattice-best-path[5.5.1182~1-e02e3]:main():lattice-best-path.cc:99) For utterance 010440107, best cost 113.998 + -622.629 = -508.631 over 155 frames.
LOG (lattice-best-path[5.5.1182~1-e02e3]:main():lattice-best-path.cc:99) For utterance 010440117, best cost 76.4289 + -478.609 = -402.18 over 105 frames.
LOG (lattice-best-path[5.5.1182~1-e02e3]:main():lattice-best-path.cc:99) For utterance 010440119, best cost 84.4418 + -466.767 = -382.325 over 113 frames.
LOG (lattice-best-path[5.5.1182~1-e02e3]:main():lattice-best-path.cc:99) For utterance 010440120, best cost 68.3089 + -424.501 = -356.192 over 95 frames.
LOG (lattice-best-path[5.5.1182~1-e02e3]:main():lattice-best-path.cc:99) For utterance 010440127, best cost 73.1816 + -468.148 = -394.966 over 106 frames.
LOG (lattice-best-path[5.5.1182~1-e02e3]:main():lattice-best-path.cc:99) For utterance 010440149, best cost 64.6876 + -402.58 = -337.892 over 87 frames.
LOG (lattice-best-path[5.5.1182~1-e02e3]:main():lattice-best-path.cc:99) For utterance 010440150, best cost 57.6525 + -325.034 = -267.382 over 82 frames.
LOG (lattice-best-path[5.5.1182~1-e02e3]:main():lattice-best-path.cc:99) For utterance 010440154, best cost 44.4976 + -288.275 = -243.777 over 62 frames.
LOG (lattice-best-path[5.5.1182~1-e02e3]:main():lattice-best-path.cc:99) For utterance 010640005, best cost 100.887 + -487.205 = -386.319 over 142 frames.
LOG (lattice-best-path[5.5.1182~1-e02e3]:main():lattice-best-path.cc:99) For utterance 010640028, best cost 145.053 + -615.444 = -470.391 over 186 frames.
LOG (lattice-best-path[5.5.1182~1-e02e3]:main():lattice-best-path.cc:99) For utterance 010640034, best cost 114.231 + -499.655 = -385.424 over 151 frames.
LOG (lattice-best-path[5.5.1182~1-e02e3]:main():lattice-best-path.cc:99) For utterance 010640036, best cost 118.099 + -540.085 = -421.987 over 160 frames.
LOG (lattice-best-path[5.5.1182~1-e02e3]:main():lattice-best-path.cc:99) For utterance 010640056, best cost 108.903 + -453.872 = -344.968 over 147 frames.
LOG (lattice-best-path[5.5.1182~1-e02e3]:main():lattice-best-path.cc:99) For utterance 010640082, best cost 87.3366 + -412.795 = -325.459 over 121 frames.
LOG (lattice-best-path[5.5.1182~1-e02e3]:main():lattice-best-path.cc:99) For utterance 010640098, best cost 66.506 + -341.651 = -275.145 over 96 frames.
LOG (lattice-best-path[5.5.1182~1-e02e3]:main():lattice-best-path.cc:99) For utterance 010640166, best cost 128.327 + -538.324 = -409.996 over 165 frames.
LOG (lattice-best-path[5.5.1182~1-e02e3]:main():lattice-best-path.cc:99) For utterance 010640210, best cost 110.359 + -495.244 = -384.885 over 145 frames.
LOG (lattice-best-path[5.5.1182~1-e02e3]:main():lattice-best-path.cc:99) For utterance 010640212, best cost 92.7029 + -435.227 = -342.524 over 121 frames.
LOG (lattice-best-path[5.5.1182~1-e02e3]:main():lattice-best-path.cc:99) For utterance 010640242, best cost 66.3721 + -350.015 = -283.643 over 92 frames.
LOG (lattice-best-path[5.5.1182~1-e02e3]:main():lattice-best-path.cc:99) For utterance 010640250, best cost 88.5515 + -418.732 = -330.181 over 121 frames.
LOG (lattice-best-path[5.5.1182~1-e02e3]:main():lattice-best-path.cc:99) For utterance 010640277, best cost 72.1099 + -299.614 = -227.505 over 94 frames.
LOG (lattice-best-path[5.5.1182~1-e02e3]:main():lattice-best-path.cc:99) For utterance 010640280, best cost 118.528 + -468.6 = -350.071 over 156 frames.
LOG (lattice-best-path[5.5.1182~1-e02e3]:main():lattice-best-path.cc:99) For utterance 010640284, best cost 68.5281 + -379.77 = -311.241 over 93 frames.
LOG (lattice-best-path[5.5.1182~1-e02e3]:main():lattice-best-path.cc:99) For utterance 010640286, best cost 62.4999 + -315.733 = -253.233 over 88 frames.
LOG (lattice-best-path[5.5.1182~1-e02e3]:main():lattice-best-path.cc:99) For utterance 010640297, best cost 112.901 + -497.94 = -385.039 over 145 frames.
LOG (lattice-best-path[5.5.1182~1-e02e3]:main():lattice-best-path.cc:99) For utterance 010640314, best cost 83.5075 + -340.003 = -256.495 over 112 frames.
LOG (lattice-best-path[5.5.1182~1-e02e3]:main():lattice-best-path.cc:99) For utterance 010640366, best cost 162.167 + -759.118 = -596.952 over 208 frames.
LOG (lattice-best-path[5.5.1182~1-e02e3]:main():lattice-best-path.cc:99) For utterance 010920012, best cost 90.1532 + -403.297 = -313.144 over 125 frames.
LOG (lattice-best-path[5.5.1182~1-e02e3]:main():lattice-best-path.cc:99) For utterance 010920024, best cost 125.758 + -530.037 = -404.279 over 171 frames.
LOG (lattice-best-path[5.5.1182~1-e02e3]:main():lattice-best-path.cc:99) For utterance 010920025, best cost 140.031 + -544.007 = -403.976 over 182 frames.
LOG (lattice-best-path[5.5.1182~1-e02e3]:main():lattice-best-path.cc:99) For utterance 010920032, best cost 63.837 + -292.482 = -228.645 over 87 frames.
LOG (lattice-best-path[5.5.1182~1-e02e3]:main():lattice-best-path.cc:99) For utterance 010920033, best cost 59.9536 + -303.068 = -243.114 over 85 frames.
LOG (lattice-best-path[5.5.1182~1-e02e3]:main():lattice-best-path.cc:99) For utterance 010920043, best cost 63.3469 + -301.649 = -238.302 over 91 frames.
LOG (lattice-best-path[5.5.1182~1-e02e3]:main():lattice-best-path.cc:99) For utterance 010920044, best cost 62.6251 + -327.297 = -264.672 over 87 frames.
LOG (lattice-best-path[5.5.1182~1-e02e3]:main():lattice-best-path.cc:99) For utterance 010920065, best cost 103.179 + -472.963 = -369.783 over 144 frames.
LOG (lattice-best-path[5.5.1182~1-e02e3]:main():lattice-best-path.cc:99) For utterance 010920070, best cost 90.053 + -345.773 = -255.72 over 123 frames.
LOG (lattice-best-path[5.5.1182~1-e02e3]:main():lattice-best-path.cc:99) For utterance 010920075, best cost 78 + -335.846 = -257.846 over 106 frames.
LOG (lattice-best-path[5.5.1182~1-e02e3]:main():lattice-best-path.cc:99) For utterance 010920101, best cost 60.9571 + -295.946 = -234.989 over 87 frames.
LOG (lattice-best-path[5.5.1182~1-e02e3]:main():lattice-best-path.cc:99) For utterance 010920105, best cost 110.452 + -441.216 = -330.764 over 149 frames.
LOG (lattice-best-path[5.5.1182~1-e02e3]:main():lattice-best-path.cc:99) For utterance 010920125, best cost 134.819 + -537.716 = -402.897 over 182 frames.
LOG (lattice-best-path[5.5.1182~1-e02e3]:main():lattice-best-path.cc:99) For utterance 010920126, best cost 93.4258 + -436.461 = -343.035 over 124 frames.
LOG (lattice-best-path[5.5.1182~1-e02e3]:main():lattice-best-path.cc:99) For utterance 010920138, best cost 90.5287 + -369.113 = -278.584 over 127 frames.
LOG (lattice-best-path[5.5.1182~1-e02e3]:main():lattice-best-path.cc:99) For utterance 010920141, best cost 115.132 + -574.896 = -459.764 over 159 frames.
LOG (lattice-best-path[5.5.1182~1-e02e3]:main():lattice-best-path.cc:99) For utterance 010920153, best cost 66.8848 + -323.329 = -256.444 over 92 frames.
LOG (lattice-best-path[5.5.1182~1-e02e3]:main():lattice-best-path.cc:99) For utterance 010920159, best cost 98.7728 + -397.355 = -298.582 over 132 frames.
LOG (lattice-best-path[5.5.1182~1-e02e3]:main():lattice-best-path.cc:99) For utterance 010920165, best cost 93.0704 + -452.178 = -359.108 over 124 frames.
LOG (lattice-best-path[5.5.1182~1-e02e3]:main():lattice-best-path.cc:99) For utterance 011970006, best cost 180.202 + -784.788 = -604.586 over 250 frames.
LOG (lattice-best-path[5.5.1182~1-e02e3]:main():lattice-best-path.cc:99) For utterance 011970019, best cost 108.438 + -496.859 = -388.421 over 145 frames.
LOG (lattice-best-path[5.5.1182~1-e02e3]:main():lattice-best-path.cc:99) For utterance 011970023, best cost 183.312 + -965.534 = -782.222 over 246 frames.
LOG (lattice-best-path[5.5.1182~1-e02e3]:main():lattice-best-path.cc:99) For utterance 011970036, best cost 75.1938 + -392.203 = -317.009 over 104 frames.
LOG (lattice-best-path[5.5.1182~1-e02e3]:main():lattice-best-path.cc:99) For utterance 011970081, best cost 111.578 + -535.992 = -424.413 over 156 frames.
LOG (lattice-best-path[5.5.1182~1-e02e3]:main():lattice-best-path.cc:99) For utterance 011970087, best cost 132.94 + -758.437 = -625.497 over 187 frames.
LOG (lattice-best-path[5.5.1182~1-e02e3]:main():lattice-best-path.cc:99) For utterance 011970088, best cost 91.4613 + -434.223 = -342.762 over 132 frames.
LOG (lattice-best-path[5.5.1182~1-e02e3]:main():lattice-best-path.cc:99) For utterance 011970092, best cost 113.469 + -607.569 = -494.1 over 153 frames.
LOG (lattice-best-path[5.5.1182~1-e02e3]:main():lattice-best-path.cc:99) For utterance 011970095, best cost 111.441 + -565.247 = -453.805 over 156 frames.
LOG (lattice-best-path[5.5.1182~1-e02e3]:main():lattice-best-path.cc:99) For utterance 011970132, best cost 122.489 + -496.408 = -373.919 over 161 frames.
LOG (lattice-best-path[5.5.1182~1-e02e3]:main():lattice-best-path.cc:99) For utterance 011970141, best cost 139.73 + -656.025 = -516.295 over 190 frames.
LOG (lattice-best-path[5.5.1182~1-e02e3]:main():lattice-best-path.cc:99) For utterance 011970142, best cost 149.439 + -782.053 = -632.614 over 199 frames.
LOG (lattice-best-path[5.5.1182~1-e02e3]:main():lattice-best-path.cc:99) For utterance 011970145, best cost 174.262 + -845.117 = -670.855 over 244 frames.
LOG (lattice-best-path[5.5.1182~1-e02e3]:main():lattice-best-path.cc:99) For utterance 011970165, best cost 96.9908 + -490.726 = -393.735 over 131 frames.
LOG (lattice-best-path[5.5.1182~1-e02e3]:main():lattice-best-path.cc:99) For utterance 011970173, best cost 64.9805 + -329.649 = -264.669 over 92 frames.
LOG (lattice-best-path[5.5.1182~1-e02e3]:main():lattice-best-path.cc:99) For utterance 011970175, best cost 165.387 + -946.657 = -781.27 over 225 frames.
LOG (lattice-best-path[5.5.1182~1-e02e3]:main():lattice-best-path.cc:99) For utterance 012030007, best cost 72.4456 + -312.82 = -240.375 over 100 frames.
LOG (lattice-best-path[5.5.1182~1-e02e3]:main():lattice-best-path.cc:99) For utterance 012030010, best cost 88.4787 + -395.656 = -307.177 over 119 frames.
LOG (lattice-best-path[5.5.1182~1-e02e3]:main():lattice-best-path.cc:99) For utterance 012030013, best cost 69.0851 + -344.81 = -275.725 over 96 frames.
LOG (lattice-best-path[5.5.1182~1-e02e3]:main():lattice-best-path.cc:99) For utterance 012030027, best cost 85.1641 + -400.21 = -315.045 over 115 frames.
LOG (lattice-best-path[5.5.1182~1-e02e3]:main():lattice-best-path.cc:99) For utterance 012030031, best cost 54.7839 + -268.094 = -213.31 over 75 frames.
LOG (lattice-best-path[5.5.1182~1-e02e3]:main():lattice-best-path.cc:99) For utterance 012030032, best cost 62.9589 + -325.1 = -262.141 over 88 frames.
LOG (lattice-best-path[5.5.1182~1-e02e3]:main():lattice-best-path.cc:99) For utterance 012030036, best cost 53.4381 + -234.09 = -180.652 over 71 frames.
LOG (lattice-best-path[5.5.1182~1-e02e3]:main():lattice-best-path.cc:99) For utterance 012030043, best cost 70.9523 + -391.138 = -320.186 over 96 frames.
LOG (lattice-best-path[5.5.1182~1-e02e3]:main():lattice-best-path.cc:99) For utterance 012030044, best cost 65.584 + -332.839 = -267.255 over 92 frames.
LOG (lattice-best-path[5.5.1182~1-e02e3]:main():lattice-best-path.cc:99) For utterance 012030053, best cost 78 + -337.052 = -259.052 over 106 frames.
LOG (lattice-best-path[5.5.1182~1-e02e3]:main():lattice-best-path.cc:99) For utterance 012030055, best cost 100.132 + -476.125 = -375.993 over 139 frames.
LOG (lattice-best-path[5.5.1182~1-e02e3]:main():lattice-best-path.cc:99) For utterance 012030058, best cost 70.6062 + -394.474 = -323.868 over 98 frames.
LOG (lattice-best-path[5.5.1182~1-e02e3]:main():lattice-best-path.cc:99) For utterance 012030072, best cost 61.9659 + -361.092 = -299.126 over 87 frames.
LOG (lattice-best-path[5.5.1182~1-e02e3]:main():lattice-best-path.cc:99) For utterance 012030078, best cost 45.9987 + -193.877 = -147.878 over 66 frames.
LOG (lattice-best-path[5.5.1182~1-e02e3]:main():lattice-best-path.cc:99) For utterance 012030097, best cost 72.6087 + -351.143 = -278.534 over 95 frames.
LOG (lattice-best-path[5.5.1182~1-e02e3]:main():lattice-best-path.cc:99) For utterance 012030116, best cost 96.8545 + -467.497 = -370.642 over 129 frames.
LOG (lattice-best-path[5.5.1182~1-e02e3]:main():lattice-best-path.cc:99) For utterance 012600017, best cost 151.336 + -800.118 = -648.781 over 201 frames.
LOG (lattice-best-path[5.5.1182~1-e02e3]:main():lattice-best-path.cc:99) For utterance 012600072, best cost 99.1221 + -541.084 = -441.962 over 138 frames.
LOG (lattice-best-path[5.5.1182~1-e02e3]:main():lattice-best-path.cc:99) For utterance 012600082, best cost 134.793 + -676.954 = -542.162 over 176 frames.
LOG (lattice-best-path[5.5.1182~1-e02e3]:main():lattice-best-path.cc:99) For utterance 012600129, best cost 114.521 + -561.066 = -446.546 over 156 frames.
LOG (lattice-best-path[5.5.1182~1-e02e3]:main():lattice-best-path.cc:99) For utterance 012600131, best cost 106.629 + -539.733 = -433.104 over 145 frames.
LOG (lattice-best-path[5.5.1182~1-e02e3]:main():lattice-best-path.cc:99) For utterance 012600177, best cost 92.0319 + -466.266 = -374.234 over 126 frames.
LOG (lattice-best-path[5.5.1182~1-e02e3]:main():lattice-best-path.cc:99) For utterance 012600186, best cost 100.875 + -473.232 = -372.357 over 137 frames.
LOG (lattice-best-path[5.5.1182~1-e02e3]:main():lattice-best-path.cc:99) For utterance 012600210, best cost 153.491 + -565.775 = -412.284 over 199 frames.
LOG (lattice-best-path[5.5.1182~1-e02e3]:main():lattice-best-path.cc:99) For utterance 012600219, best cost 89.2827 + -547.023 = -457.741 over 122 frames.
LOG (lattice-best-path[5.5.1182~1-e02e3]:main():lattice-best-path.cc:99) For utterance 012600224, best cost 106.589 + -576.859 = -470.27 over 138 frames.
LOG (lattice-best-path[5.5.1182~1-e02e3]:main():lattice-best-path.cc:99) For utterance 012600251, best cost 64.235 + -323.228 = -258.993 over 89 frames.
LOG (lattice-best-path[5.5.1182~1-e02e3]:main():lattice-best-path.cc:99) For utterance 012600252, best cost 116.999 + -630.055 = -513.056 over 152 frames.
LOG (lattice-best-path[5.5.1182~1-e02e3]:main():lattice-best-path.cc:99) For utterance 012600263, best cost 86.1765 + -434.886 = -348.71 over 121 frames.
LOG (lattice-best-path[5.5.1182~1-e02e3]:main():lattice-best-path.cc:99) For utterance 012600281, best cost 112.922 + -617.675 = -504.753 over 155 frames.
LOG (lattice-best-path[5.5.1182~1-e02e3]:main():lattice-best-path.cc:99) For utterance 012600295, best cost 71.7825 + -350.403 = -278.62 over 100 frames.
LOG (lattice-best-path[5.5.1182~1-e02e3]:main():lattice-best-path.cc:99) For utterance 012600330, best cost 98.6135 + -545.667 = -447.054 over 137 frames.
LOG (lattice-best-path[5.5.1182~1-e02e3]:main():lattice-best-path.cc:99) For utterance 012600338, best cost 75.229 + -362.023 = -286.794 over 99 frames.
LOG (lattice-best-path[5.5.1182~1-e02e3]:main():lattice-best-path.cc:99) For utterance 012600345, best cost 153.113 + -795.43 = -642.317 over 208 frames.
LOG (lattice-best-path[5.5.1182~1-e02e3]:main():lattice-best-path.cc:99) For utterance 012600357, best cost 146.233 + -722.869 = -576.636 over 199 frames.
LOG (lattice-best-path[5.5.1182~1-e02e3]:main():lattice-best-path.cc:99) For utterance 012600368, best cost 129.146 + -663.72 = -534.574 over 173 frames.
LOG (lattice-best-path[5.5.1182~1-e02e3]:main():lattice-best-path.cc:99) For utterance 013090018, best cost 72.1652 + -413.812 = -341.647 over 96 frames.
LOG (lattice-best-path[5.5.1182~1-e02e3]:main():lattice-best-path.cc:99) For utterance 013090027, best cost 78.4227 + -445.15 = -366.727 over 111 frames.
LOG (lattice-best-path[5.5.1182~1-e02e3]:main():lattice-best-path.cc:99) For utterance 013090041, best cost 74.6543 + -442.859 = -368.205 over 106 frames.
LOG (lattice-best-path[5.5.1182~1-e02e3]:main():lattice-best-path.cc:99) For utterance 013090051, best cost 107.132 + -561.213 = -454.081 over 147 frames.
LOG (lattice-best-path[5.5.1182~1-e02e3]:main():lattice-best-path.cc:99) For utterance 013090076, best cost 69.5044 + -394.332 = -324.828 over 99 frames.
LOG (lattice-best-path[5.5.1182~1-e02e3]:main():lattice-best-path.cc:99) For utterance 013090105, best cost 60.6089 + -345.913 = -285.304 over 85 frames.
LOG (lattice-best-path[5.5.1182~1-e02e3]:main():lattice-best-path.cc:99) For utterance 013090128, best cost 110.803 + -553.807 = -443.004 over 146 frames.
LOG (lattice-best-path[5.5.1182~1-e02e3]:main():lattice-best-path.cc:99) For utterance 013090147, best cost 72.6816 + -400.524 = -327.842 over 97 frames.
LOG (lattice-best-path[5.5.1182~1-e02e3]:main():lattice-best-path.cc:99) For utterance 013090181, best cost 55.2042 + -336.115 = -280.911 over 78 frames.
LOG (lattice-best-path[5.5.1182~1-e02e3]:main():lattice-best-path.cc:99) For utterance 013090184, best cost 54.1458 + -304.032 = -249.886 over 77 frames.
LOG (lattice-best-path[5.5.1182~1-e02e3]:main():lattice-best-path.cc:99) For utterance 013090185, best cost 66.6743 + -336.688 = -270.014 over 90 frames.
LOG (lattice-best-path[5.5.1182~1-e02e3]:main():lattice-best-path.cc:99) For utterance 013090232, best cost 66.1889 + -309.132 = -242.944 over 90 frames.
LOG (lattice-best-path[5.5.1182~1-e02e3]:main():lattice-best-path.cc:99) For utterance 013090267, best cost 79.4086 + -468.285 = -388.876 over 113 frames.
LOG (lattice-best-path[5.5.1182~1-e02e3]:main():lattice-best-path.cc:99) For utterance 013090287, best cost 55.2932 + -262.867 = -207.574 over 77 frames.
LOG (lattice-best-path[5.5.1182~1-e02e3]:main():lattice-best-path.cc:99) For utterance 013090364, best cost 91.4188 + -435.089 = -343.67 over 125 frames.
LOG (lattice-best-path[5.5.1182~1-e02e3]:main():lattice-best-path.cc:99) For utterance 013360001, best cost 127.743 + -565.925 = -438.182 over 170 frames.
LOG (lattice-best-path[5.5.1182~1-e02e3]:main():lattice-best-path.cc:99) For utterance 013360002, best cost 72.1282 + -427.136 = -355.008 over 100 frames.
LOG (lattice-best-path[5.5.1182~1-e02e3]:main():lattice-best-path.cc:99) For utterance 013360016, best cost 102.427 + -551.212 = -448.785 over 140 frames.
LOG (lattice-best-path[5.5.1182~1-e02e3]:main():lattice-best-path.cc:99) For utterance 013360082, best cost 108.443 + -530.441 = -421.998 over 149 frames.
LOG (lattice-best-path[5.5.1182~1-e02e3]:main():lattice-best-path.cc:99) For utterance 013360123, best cost 70.2082 + -390.348 = -320.14 over 96 frames.
LOG (lattice-best-path[5.5.1182~1-e02e3]:main():lattice-best-path.cc:99) For utterance 013360130, best cost 85.8296 + -451.864 = -366.035 over 122 frames.
LOG (lattice-best-path[5.5.1182~1-e02e3]:main():lattice-best-path.cc:99) For utterance 013360146, best cost 59.2808 + -378.899 = -319.619 over 85 frames.
LOG (lattice-best-path[5.5.1182~1-e02e3]:main():lattice-best-path.cc:99) For utterance 013360161, best cost 89.1742 + -431.233 = -342.059 over 118 frames.
LOG (lattice-best-path[5.5.1182~1-e02e3]:main():lattice-best-path.cc:99) For utterance 013360162, best cost 75.6548 + -408.219 = -332.565 over 108 frames.
LOG (lattice-best-path[5.5.1182~1-e02e3]:main():lattice-best-path.cc:99) For utterance 013360171, best cost 84.8146 + -495.873 = -411.059 over 119 frames.
LOG (lattice-best-path[5.5.1182~1-e02e3]:main():lattice-best-path.cc:99) For utterance 013360226, best cost 75.039 + -405.873 = -330.834 over 106 frames.
LOG (lattice-best-path[5.5.1182~1-e02e3]:main():lattice-best-path.cc:99) For utterance 013360234, best cost 100.131 + -534.774 = -434.642 over 131 frames.
LOG (lattice-best-path[5.5.1182~1-e02e3]:main():lattice-best-path.cc:99) For utterance 013360235, best cost 60.0696 + -339.993 = -279.923 over 86 frames.
LOG (lattice-best-path[5.5.1182~1-e02e3]:main():lattice-best-path.cc:99) For utterance 013360257, best cost 55.5016 + -293.508 = -238.006 over 80 frames.
LOG (lattice-best-path[5.5.1182~1-e02e3]:main():lattice-best-path.cc:99) For utterance 013360263, best cost 65.2801 + -365.853 = -300.573 over 93 frames.
LOG (lattice-best-path[5.5.1182~1-e02e3]:main():lattice-best-path.cc:99) For utterance 013360268, best cost 73.1348 + -400.548 = -327.414 over 101 frames.
LOG (lattice-best-path[5.5.1182~1-e02e3]:main():lattice-best-path.cc:99) For utterance 013360360, best cost 74.7145 + -411.053 = -336.338 over 103 frames.
LOG (lattice-best-path[5.5.1182~1-e02e3]:main():lattice-best-path.cc:99) For utterance 013360363, best cost 79.0934 + -398.322 = -319.229 over 103 frames.
LOG (lattice-best-path[5.5.1182~1-e02e3]:main():lattice-best-path.cc:99) For utterance 013620027, best cost 103.835 + -474.823 = -370.989 over 135 frames.
LOG (lattice-best-path[5.5.1182~1-e02e3]:main():lattice-best-path.cc:99) For utterance 013620030, best cost 146.196 + -696.832 = -550.636 over 198 frames.
LOG (lattice-best-path[5.5.1182~1-e02e3]:main():lattice-best-path.cc:99) For utterance 013620106, best cost 136.601 + -696.148 = -559.547 over 185 frames.
LOG (lattice-best-path[5.5.1182~1-e02e3]:main():lattice-best-path.cc:99) For utterance 013620108, best cost 120.492 + -585.224 = -464.732 over 164 frames.
LOG (lattice-best-path[5.5.1182~1-e02e3]:main():lattice-best-path.cc:99) For utterance 013620128, best cost 74.1133 + -400.516 = -326.403 over 101 frames.
LOG (lattice-best-path[5.5.1182~1-e02e3]:main():lattice-best-path.cc:99) For utterance 013620137, best cost 106.445 + -535.483 = -429.038 over 146 frames.
LOG (lattice-best-path[5.5.1182~1-e02e3]:main():lattice-best-path.cc:99) For utterance 013620140, best cost 122.674 + -581.685 = -459.011 over 158 frames.
LOG (lattice-best-path[5.5.1182~1-e02e3]:main():lattice-best-path.cc:99) For utterance 013620143, best cost 100.157 + -516.259 = -416.102 over 134 frames.
LOG (lattice-best-path[5.5.1182~1-e02e3]:main():lattice-best-path.cc:99) For utterance 013620146, best cost 83.611 + -501.843 = -418.232 over 112 frames.
LOG (lattice-best-path[5.5.1182~1-e02e3]:main():lattice-best-path.cc:99) For utterance 013620162, best cost 79 + -442.342 = -363.342 over 106 frames.
LOG (lattice-best-path[5.5.1182~1-e02e3]:main():lattice-best-path.cc:99) For utterance 013620175, best cost 109.853 + -494.807 = -384.954 over 152 frames.
LOG (lattice-best-path[5.5.1182~1-e02e3]:main():lattice-best-path.cc:99) For utterance 013620184, best cost 80.8627 + -427.341 = -346.479 over 113 frames.
LOG (lattice-best-path[5.5.1182~1-e02e3]:main():lattice-best-path.cc:99) For utterance 013620185, best cost 123.825 + -557.833 = -434.008 over 167 frames.
LOG (lattice-best-path[5.5.1182~1-e02e3]:main():lattice-best-path.cc:99) For utterance 013620210, best cost 111.181 + -475.78 = -364.599 over 145 frames.
LOG (lattice-best-path[5.5.1182~1-e02e3]:main():lattice-best-path.cc:99) For utterance 013620241, best cost 71.6415 + -389.089 = -317.447 over 97 frames.
LOG (lattice-best-path[5.5.1182~1-e02e3]:main():lattice-best-path.cc:99) For utterance 013620258, best cost 63.8097 + -345.355 = -281.545 over 87 frames.
LOG (lattice-best-path[5.5.1182~1-e02e3]:main():lattice-best-path.cc:99) For utterance 013620292, best cost 90.2988 + -450.66 = -360.361 over 120 frames.
LOG (lattice-best-path[5.5.1182~1-e02e3]:main():lattice-best-path.cc:99) For utterance 013620361, best cost 77.3473 + -404.555 = -327.208 over 103 frames.
LOG (lattice-best-path[5.5.1182~1-e02e3]:main():lattice-best-path.cc:99) For utterance 013720023, best cost 70.334 + -413.462 = -343.128 over 92 frames.
LOG (lattice-best-path[5.5.1182~1-e02e3]:main():lattice-best-path.cc:99) For utterance 013720051, best cost 105.851 + -574.949 = -469.098 over 145 frames.
LOG (lattice-best-path[5.5.1182~1-e02e3]:main():lattice-best-path.cc:99) For utterance 013720070, best cost 88.4627 + -523.182 = -434.719 over 125 frames.
LOG (lattice-best-path[5.5.1182~1-e02e3]:main():lattice-best-path.cc:99) For utterance 013720082, best cost 97.5229 + -552.412 = -454.89 over 127 frames.
LOG (lattice-best-path[5.5.1182~1-e02e3]:main():lattice-best-path.cc:99) For utterance 013720153, best cost 79.8647 + -446.823 = -366.958 over 113 frames.
LOG (lattice-best-path[5.5.1182~1-e02e3]:main():lattice-best-path.cc:99) For utterance 013720167, best cost 73.8963 + -426.31 = -352.414 over 102 frames.
LOG (lattice-best-path[5.5.1182~1-e02e3]:main():lattice-best-path.cc:99) For utterance 013720182, best cost 78.8522 + -431.031 = -352.178 over 112 frames.
LOG (lattice-best-path[5.5.1182~1-e02e3]:main():lattice-best-path.cc:99) For utterance 013720189, best cost 94.4867 + -501.616 = -407.129 over 127 frames.
LOG (lattice-best-path[5.5.1182~1-e02e3]:main():lattice-best-path.cc:99) For utterance 013720198, best cost 79.4669 + -445.94 = -366.473 over 110 frames.
LOG (lattice-best-path[5.5.1182~1-e02e3]:main():lattice-best-path.cc:99) For utterance 013720199, best cost 79.3114 + -473.853 = -394.542 over 111 frames.
LOG (lattice-best-path[5.5.1182~1-e02e3]:main():lattice-best-path.cc:99) For utterance 013720201, best cost 75.9955 + -442.38 = -366.384 over 104 frames.
LOG (lattice-best-path[5.5.1182~1-e02e3]:main():lattice-best-path.cc:99) For utterance 013720215, best cost 56.6232 + -374.523 = -317.9 over 82 frames.
LOG (lattice-best-path[5.5.1182~1-e02e3]:main():lattice-best-path.cc:99) For utterance 013720233, best cost 71.8005 + -432.597 = -360.797 over 98 frames.
LOG (lattice-best-path[5.5.1182~1-e02e3]:main():lattice-best-path.cc:99) For utterance 013720256, best cost 80.2694 + -479.963 = -399.694 over 111 frames.
LOG (lattice-best-path[5.5.1182~1-e02e3]:main():lattice-best-path.cc:99) For utterance 013720274, best cost 90.1721 + -507.93 = -417.758 over 128 frames.
LOG (lattice-best-path[5.5.1182~1-e02e3]:main():lattice-best-path.cc:99) For utterance 013720275, best cost 76.7679 + -445.204 = -368.436 over 109 frames.
LOG (lattice-best-path[5.5.1182~1-e02e3]:main():lattice-best-path.cc:99) For utterance 013720311, best cost 70.6966 + -407.801 = -337.105 over 100 frames.
LOG (lattice-best-path[5.5.1182~1-e02e3]:main():lattice-best-path.cc:99) For utterance 013720360, best cost 83.3199 + -478.333 = -395.013 over 117 frames.
LOG (lattice-best-path[5.5.1182~1-e02e3]:main():lattice-best-path.cc:124) Overall cost per frame is -3.05586 = 0.73134 [graph] + -3.7872 [acoustic] over 28267 frames.
LOG (lattice-best-path[5.5.1182~1-e02e3]:main():lattice-best-path.cc:128) Done 233 lattices, failed for 0
# Accounting: time=1 threads=1
# Ended (code 0) at Thu Oct 23 10:38:39 IST 2025, elapsed time 1 seconds
