# nnet3-latgen-faster --acoustic-scale=1.0 --online-ivectors=scp:tune/nnet3_cleaned/ivectors_speechocean762_train/ivector_online.scp --online-ivector-period=10 --frame-subsampling-factor=3 --frames-per-chunk=50 --extra-left-context=0 --extra-right-context=0 --extra-left-context-initial=-1 --extra-right-context-final=-1 --beam=20 --lattice-beam=20 --allow-partial=false --word-determinize=false /home/mcw/durga/kaldi/libreespeech2/0013_librispeech_v1_chain/exp/chain_cleaned/tdnn_1d_sp/final.mdl "ark:gunzip -c tune/align_lats_speechocean762/fsts.5.gz |" "ark,s,cs:apply-cmvn --norm-means=false --norm-vars=false --utt2spk=ark:data/speechocean762_train/split10/5/utt2spk scp:data/speechocean762_train/split10/5/cmvn.scp scp:data/speechocean762_train/split10/5/feats.scp ark:- |" "ark:|gzip -c >tune/align_lats_speechocean762/lat.5.gz" 
# Started at Thu Oct 23 10:36:15 IST 2025
#
nnet3-latgen-faster --acoustic-scale=1.0 --online-ivectors=scp:tune/nnet3_cleaned/ivectors_speechocean762_train/ivector_online.scp --online-ivector-period=10 --frame-subsampling-factor=3 --frames-per-chunk=50 --extra-left-context=0 --extra-right-context=0 --extra-left-context-initial=-1 --extra-right-context-final=-1 --beam=20 --lattice-beam=20 --allow-partial=false --word-determinize=false /home/mcw/durga/kaldi/libreespeech2/0013_librispeech_v1_chain/exp/chain_cleaned/tdnn_1d_sp/final.mdl 'ark:gunzip -c tune/align_lats_speechocean762/fsts.5.gz |' 'ark,s,cs:apply-cmvn --norm-means=false --norm-vars=false --utt2spk=ark:data/speechocean762_train/split10/5/utt2spk scp:data/speechocean762_train/split10/5/cmvn.scp scp:data/speechocean762_train/split10/5/feats.scp ark:- |' 'ark:|gzip -c >tune/align_lats_speechocean762/lat.5.gz' 
LOG (nnet3-latgen-faster[5.5.1182~1-e02e3]:RemoveOrphanNodes():nnet-nnet.cc:948) Removed 1 orphan nodes.
LOG (nnet3-latgen-faster[5.5.1182~1-e02e3]:RemoveOrphanComponents():nnet-nnet.cc:847) Removing 2 orphan components.
LOG (nnet3-latgen-faster[5.5.1182~1-e02e3]:Collapse():nnet-utils.cc:1488) Added 1 components, removed 2
apply-cmvn --norm-means=false --norm-vars=false --utt2spk=ark:data/speechocean762_train/split10/5/utt2spk scp:data/speechocean762_train/split10/5/cmvn.scp scp:data/speechocean762_train/split10/5/feats.scp ark:- 
LOG (nnet3-latgen-faster[5.5.1182~1-e02e3]:CheckAndFixConfigs():nnet-am-decodable-simple.cc:294) Increasing --frames-per-chunk from 50 to 51 to make it a multiple of --frame-subsampling-factor=3
LOG (nnet3-latgen-faster[5.5.1182~1-e02e3]:DecodeUtteranceLatticeFaster():decoder-wrappers.cc:375) Log-like per frame for utterance 021290011 is 3.48217 over 112 frames.
LOG (nnet3-latgen-faster[5.5.1182~1-e02e3]:DecodeUtteranceLatticeFaster():decoder-wrappers.cc:375) Log-like per frame for utterance 021290068 is 3.27427 over 129 frames.
LOG (nnet3-latgen-faster[5.5.1182~1-e02e3]:DecodeUtteranceLatticeFaster():decoder-wrappers.cc:375) Log-like per frame for utterance 021290121 is 3.97179 over 100 frames.
LOG (nnet3-latgen-faster[5.5.1182~1-e02e3]:DecodeUtteranceLatticeFaster():decoder-wrappers.cc:375) Log-like per frame for utterance 021290134 is 3.86309 over 89 frames.
LOG (nnet3-latgen-faster[5.5.1182~1-e02e3]:DecodeUtteranceLatticeFaster():decoder-wrappers.cc:375) Log-like per frame for utterance 021290144 is 3.64551 over 123 frames.
LOG (nnet3-latgen-faster[5.5.1182~1-e02e3]:DecodeUtteranceLatticeFaster():decoder-wrappers.cc:375) Log-like per frame for utterance 021290148 is 3.8996 over 96 frames.
LOG (nnet3-latgen-faster[5.5.1182~1-e02e3]:DecodeUtteranceLatticeFaster():decoder-wrappers.cc:375) Log-like per frame for utterance 021290160 is 3.8341 over 123 frames.
LOG (nnet3-latgen-faster[5.5.1182~1-e02e3]:DecodeUtteranceLatticeFaster():decoder-wrappers.cc:375) Log-like per frame for utterance 021290169 is 3.9088 over 95 frames.
LOG (nnet3-latgen-faster[5.5.1182~1-e02e3]:DecodeUtteranceLatticeFaster():decoder-wrappers.cc:375) Log-like per frame for utterance 021290200 is 3.49551 over 110 frames.
LOG (nnet3-latgen-faster[5.5.1182~1-e02e3]:DecodeUtteranceLatticeFaster():decoder-wrappers.cc:375) Log-like per frame for utterance 021290235 is 3.6987 over 129 frames.
LOG (nnet3-latgen-faster[5.5.1182~1-e02e3]:DecodeUtteranceLatticeFaster():decoder-wrappers.cc:375) Log-like per frame for utterance 021290261 is 3.51245 over 100 frames.
LOG (nnet3-latgen-faster[5.5.1182~1-e02e3]:DecodeUtteranceLatticeFaster():decoder-wrappers.cc:375) Log-like per frame for utterance 021290282 is 3.53762 over 119 frames.
LOG (nnet3-latgen-faster[5.5.1182~1-e02e3]:DecodeUtteranceLatticeFaster():decoder-wrappers.cc:375) Log-like per frame for utterance 021290291 is 4.09113 over 96 frames.
LOG (nnet3-latgen-faster[5.5.1182~1-e02e3]:DecodeUtteranceLatticeFaster():decoder-wrappers.cc:375) Log-like per frame for utterance 021290319 is 3.95632 over 101 frames.
LOG (nnet3-latgen-faster[5.5.1182~1-e02e3]:DecodeUtteranceLatticeFaster():decoder-wrappers.cc:375) Log-like per frame for utterance 021290324 is 3.82158 over 103 frames.
LOG (nnet3-latgen-faster[5.5.1182~1-e02e3]:DecodeUtteranceLatticeFaster():decoder-wrappers.cc:375) Log-like per frame for utterance 021290326 is 3.66782 over 95 frames.
LOG (nnet3-latgen-faster[5.5.1182~1-e02e3]:DecodeUtteranceLatticeFaster():decoder-wrappers.cc:375) Log-like per frame for utterance 021290371 is 4.15491 over 105 frames.
LOG (nnet3-latgen-faster[5.5.1182~1-e02e3]:DecodeUtteranceLatticeFaster():decoder-wrappers.cc:375) Log-like per frame for utterance 021680007 is 2.55172 over 106 frames.
LOG (nnet3-latgen-faster[5.5.1182~1-e02e3]:DecodeUtteranceLatticeFaster():decoder-wrappers.cc:375) Log-like per frame for utterance 021680016 is 2.71047 over 127 frames.
LOG (nnet3-latgen-faster[5.5.1182~1-e02e3]:DecodeUtteranceLatticeFaster():decoder-wrappers.cc:375) Log-like per frame for utterance 021680048 is 2.38447 over 151 frames.
LOG (nnet3-latgen-faster[5.5.1182~1-e02e3]:DecodeUtteranceLatticeFaster():decoder-wrappers.cc:375) Log-like per frame for utterance 021680052 is 2.85095 over 136 frames.
LOG (nnet3-latgen-faster[5.5.1182~1-e02e3]:DecodeUtteranceLatticeFaster():decoder-wrappers.cc:375) Log-like per frame for utterance 021680122 is 2.9359 over 103 frames.
LOG (nnet3-latgen-faster[5.5.1182~1-e02e3]:DecodeUtteranceLatticeFaster():decoder-wrappers.cc:375) Log-like per frame for utterance 021680154 is 3.24452 over 116 frames.
LOG (nnet3-latgen-faster[5.5.1182~1-e02e3]:DecodeUtteranceLatticeFaster():decoder-wrappers.cc:375) Log-like per frame for utterance 021680169 is 2.86317 over 100 frames.
LOG (nnet3-latgen-faster[5.5.1182~1-e02e3]:DecodeUtteranceLatticeFaster():decoder-wrappers.cc:375) Log-like per frame for utterance 021680190 is 2.86688 over 178 frames.
LOG (nnet3-latgen-faster[5.5.1182~1-e02e3]:DecodeUtteranceLatticeFaster():decoder-wrappers.cc:375) Log-like per frame for utterance 021680237 is 3.02285 over 128 frames.
LOG (nnet3-latgen-faster[5.5.1182~1-e02e3]:DecodeUtteranceLatticeFaster():decoder-wrappers.cc:375) Log-like per frame for utterance 021680246 is 2.73442 over 109 frames.
LOG (nnet3-latgen-faster[5.5.1182~1-e02e3]:DecodeUtteranceLatticeFaster():decoder-wrappers.cc:375) Log-like per frame for utterance 021680249 is 2.66272 over 123 frames.
LOG (nnet3-latgen-faster[5.5.1182~1-e02e3]:DecodeUtteranceLatticeFaster():decoder-wrappers.cc:375) Log-like per frame for utterance 021680251 is 2.78363 over 114 frames.
LOG (nnet3-latgen-faster[5.5.1182~1-e02e3]:DecodeUtteranceLatticeFaster():decoder-wrappers.cc:375) Log-like per frame for utterance 021680266 is 3.04977 over 106 frames.
LOG (nnet3-latgen-faster[5.5.1182~1-e02e3]:DecodeUtteranceLatticeFaster():decoder-wrappers.cc:375) Log-like per frame for utterance 021680288 is 2.78753 over 152 frames.
LOG (nnet3-latgen-faster[5.5.1182~1-e02e3]:DecodeUtteranceLatticeFaster():decoder-wrappers.cc:375) Log-like per frame for utterance 021680297 is 2.98233 over 107 frames.
LOG (nnet3-latgen-faster[5.5.1182~1-e02e3]:DecodeUtteranceLatticeFaster():decoder-wrappers.cc:375) Log-like per frame for utterance 021680318 is 3.0219 over 129 frames.
LOG (nnet3-latgen-faster[5.5.1182~1-e02e3]:DecodeUtteranceLatticeFaster():decoder-wrappers.cc:375) Log-like per frame for utterance 021680332 is 3.28521 over 101 frames.
LOG (nnet3-latgen-faster[5.5.1182~1-e02e3]:DecodeUtteranceLatticeFaster():decoder-wrappers.cc:375) Log-like per frame for utterance 021680369 is 2.99533 over 107 frames.
LOG (nnet3-latgen-faster[5.5.1182~1-e02e3]:DecodeUtteranceLatticeFaster():decoder-wrappers.cc:375) Log-like per frame for utterance 021680379 is 3.18271 over 127 frames.
LOG (nnet3-latgen-faster[5.5.1182~1-e02e3]:DecodeUtteranceLatticeFaster():decoder-wrappers.cc:375) Log-like per frame for utterance 021680380 is 3.23021 over 160 frames.
LOG (nnet3-latgen-faster[5.5.1182~1-e02e3]:DecodeUtteranceLatticeFaster():decoder-wrappers.cc:375) Log-like per frame for utterance 021700029 is 2.50963 over 120 frames.
LOG (nnet3-latgen-faster[5.5.1182~1-e02e3]:DecodeUtteranceLatticeFaster():decoder-wrappers.cc:375) Log-like per frame for utterance 021700034 is 2.64341 over 141 frames.
LOG (nnet3-latgen-faster[5.5.1182~1-e02e3]:DecodeUtteranceLatticeFaster():decoder-wrappers.cc:375) Log-like per frame for utterance 021700062 is 2.36411 over 130 frames.
LOG (nnet3-latgen-faster[5.5.1182~1-e02e3]:DecodeUtteranceLatticeFaster():decoder-wrappers.cc:375) Log-like per frame for utterance 021700077 is 2.62215 over 104 frames.
LOG (nnet3-latgen-faster[5.5.1182~1-e02e3]:DecodeUtteranceLatticeFaster():decoder-wrappers.cc:375) Log-like per frame for utterance 021700120 is 2.62748 over 126 frames.
LOG (nnet3-latgen-faster[5.5.1182~1-e02e3]:DecodeUtteranceLatticeFaster():decoder-wrappers.cc:375) Log-like per frame for utterance 021700131 is 3.49487 over 93 frames.
LOG (nnet3-latgen-faster[5.5.1182~1-e02e3]:DecodeUtteranceLatticeFaster():decoder-wrappers.cc:375) Log-like per frame for utterance 021700139 is 2.83072 over 110 frames.
LOG (nnet3-latgen-faster[5.5.1182~1-e02e3]:DecodeUtteranceLatticeFaster():decoder-wrappers.cc:375) Log-like per frame for utterance 021700153 is 2.87179 over 177 frames.
LOG (nnet3-latgen-faster[5.5.1182~1-e02e3]:DecodeUtteranceLatticeFaster():decoder-wrappers.cc:375) Log-like per frame for utterance 021700176 is 3.22378 over 87 frames.
LOG (nnet3-latgen-faster[5.5.1182~1-e02e3]:DecodeUtteranceLatticeFaster():decoder-wrappers.cc:375) Log-like per frame for utterance 021700211 is 3.06802 over 104 frames.
LOG (nnet3-latgen-faster[5.5.1182~1-e02e3]:DecodeUtteranceLatticeFaster():decoder-wrappers.cc:375) Log-like per frame for utterance 021700224 is 2.78834 over 103 frames.
LOG (nnet3-latgen-faster[5.5.1182~1-e02e3]:DecodeUtteranceLatticeFaster():decoder-wrappers.cc:375) Log-like per frame for utterance 021700232 is 2.54223 over 149 frames.
LOG (nnet3-latgen-faster[5.5.1182~1-e02e3]:DecodeUtteranceLatticeFaster():decoder-wrappers.cc:375) Log-like per frame for utterance 021700236 is 1.90034 over 160 frames.
LOG (nnet3-latgen-faster[5.5.1182~1-e02e3]:DecodeUtteranceLatticeFaster():decoder-wrappers.cc:375) Log-like per frame for utterance 021700240 is 2.83589 over 127 frames.
LOG (nnet3-latgen-faster[5.5.1182~1-e02e3]:DecodeUtteranceLatticeFaster():decoder-wrappers.cc:375) Log-like per frame for utterance 021700277 is 2.84144 over 120 frames.
LOG (nnet3-latgen-faster[5.5.1182~1-e02e3]:DecodeUtteranceLatticeFaster():decoder-wrappers.cc:375) Log-like per frame for utterance 021700287 is 3.01295 over 82 frames.
LOG (nnet3-latgen-faster[5.5.1182~1-e02e3]:DecodeUtteranceLatticeFaster():decoder-wrappers.cc:375) Log-like per frame for utterance 021700291 is 3.20624 over 100 frames.
LOG (nnet3-latgen-faster[5.5.1182~1-e02e3]:DecodeUtteranceLatticeFaster():decoder-wrappers.cc:375) Log-like per frame for utterance 021700300 is 2.19288 over 101 frames.
LOG (nnet3-latgen-faster[5.5.1182~1-e02e3]:DecodeUtteranceLatticeFaster():decoder-wrappers.cc:375) Log-like per frame for utterance 021700362 is 2.45738 over 111 frames.
LOG (nnet3-latgen-faster[5.5.1182~1-e02e3]:DecodeUtteranceLatticeFaster():decoder-wrappers.cc:375) Log-like per frame for utterance 021790008 is 2.97513 over 99 frames.
LOG (nnet3-latgen-faster[5.5.1182~1-e02e3]:DecodeUtteranceLatticeFaster():decoder-wrappers.cc:375) Log-like per frame for utterance 021790030 is 3.52196 over 96 frames.
LOG (nnet3-latgen-faster[5.5.1182~1-e02e3]:DecodeUtteranceLatticeFaster():decoder-wrappers.cc:375) Log-like per frame for utterance 021790039 is 3.21291 over 105 frames.
LOG (nnet3-latgen-faster[5.5.1182~1-e02e3]:DecodeUtteranceLatticeFaster():decoder-wrappers.cc:375) Log-like per frame for utterance 021790043 is 3.49792 over 93 frames.
LOG (nnet3-latgen-faster[5.5.1182~1-e02e3]:DecodeUtteranceLatticeFaster():decoder-wrappers.cc:375) Log-like per frame for utterance 021790055 is 2.95729 over 149 frames.
LOG (nnet3-latgen-faster[5.5.1182~1-e02e3]:DecodeUtteranceLatticeFaster():decoder-wrappers.cc:375) Log-like per frame for utterance 021790075 is 3.39426 over 84 frames.
LOG (nnet3-latgen-faster[5.5.1182~1-e02e3]:DecodeUtteranceLatticeFaster():decoder-wrappers.cc:375) Log-like per frame for utterance 021790081 is 3.20688 over 132 frames.
LOG (nnet3-latgen-faster[5.5.1182~1-e02e3]:DecodeUtteranceLatticeFaster():decoder-wrappers.cc:375) Log-like per frame for utterance 021790083 is 3.77031 over 89 frames.
LOG (nnet3-latgen-faster[5.5.1182~1-e02e3]:DecodeUtteranceLatticeFaster():decoder-wrappers.cc:375) Log-like per frame for utterance 021790084 is 3.52663 over 143 frames.
LOG (nnet3-latgen-faster[5.5.1182~1-e02e3]:DecodeUtteranceLatticeFaster():decoder-wrappers.cc:375) Log-like per frame for utterance 021790108 is 3.23724 over 128 frames.
LOG (nnet3-latgen-faster[5.5.1182~1-e02e3]:DecodeUtteranceLatticeFaster():decoder-wrappers.cc:375) Log-like per frame for utterance 021790112 is 3.55006 over 65 frames.
LOG (nnet3-latgen-faster[5.5.1182~1-e02e3]:DecodeUtteranceLatticeFaster():decoder-wrappers.cc:375) Log-like per frame for utterance 021790125 is 3.35564 over 97 frames.
LOG (nnet3-latgen-faster[5.5.1182~1-e02e3]:DecodeUtteranceLatticeFaster():decoder-wrappers.cc:375) Log-like per frame for utterance 021790149 is 3.43902 over 82 frames.
LOG (nnet3-latgen-faster[5.5.1182~1-e02e3]:DecodeUtteranceLatticeFaster():decoder-wrappers.cc:375) Log-like per frame for utterance 021790152 is 3.36501 over 92 frames.
LOG (nnet3-latgen-faster[5.5.1182~1-e02e3]:DecodeUtteranceLatticeFaster():decoder-wrappers.cc:375) Log-like per frame for utterance 021790168 is 2.56135 over 156 frames.
LOG (nnet3-latgen-faster[5.5.1182~1-e02e3]:DecodeUtteranceLatticeFaster():decoder-wrappers.cc:375) Log-like per frame for utterance 021790169 is 3.55229 over 97 frames.
LOG (nnet3-latgen-faster[5.5.1182~1-e02e3]:DecodeUtteranceLatticeFaster():decoder-wrappers.cc:375) Log-like per frame for utterance 021790173 is 3.14842 over 118 frames.
LOG (nnet3-latgen-faster[5.5.1182~1-e02e3]:DecodeUtteranceLatticeFaster():decoder-wrappers.cc:375) Log-like per frame for utterance 022080028 is 1.69372 over 124 frames.
LOG (nnet3-latgen-faster[5.5.1182~1-e02e3]:DecodeUtteranceLatticeFaster():decoder-wrappers.cc:375) Log-like per frame for utterance 022080038 is 2.63805 over 134 frames.
LOG (nnet3-latgen-faster[5.5.1182~1-e02e3]:DecodeUtteranceLatticeFaster():decoder-wrappers.cc:375) Log-like per frame for utterance 022080085 is 2.44333 over 138 frames.
LOG (nnet3-latgen-faster[5.5.1182~1-e02e3]:DecodeUtteranceLatticeFaster():decoder-wrappers.cc:375) Log-like per frame for utterance 022080100 is 2.41722 over 91 frames.
LOG (nnet3-latgen-faster[5.5.1182~1-e02e3]:DecodeUtteranceLatticeFaster():decoder-wrappers.cc:375) Log-like per frame for utterance 022080116 is 3.16493 over 104 frames.
LOG (nnet3-latgen-faster[5.5.1182~1-e02e3]:DecodeUtteranceLatticeFaster():decoder-wrappers.cc:375) Log-like per frame for utterance 022080124 is 3.22654 over 124 frames.
LOG (nnet3-latgen-faster[5.5.1182~1-e02e3]:DecodeUtteranceLatticeFaster():decoder-wrappers.cc:375) Log-like per frame for utterance 022080146 is 3.14669 over 106 frames.
LOG (nnet3-latgen-faster[5.5.1182~1-e02e3]:DecodeUtteranceLatticeFaster():decoder-wrappers.cc:375) Log-like per frame for utterance 022080179 is 3.02483 over 115 frames.
LOG (nnet3-latgen-faster[5.5.1182~1-e02e3]:DecodeUtteranceLatticeFaster():decoder-wrappers.cc:375) Log-like per frame for utterance 022080181 is 3.48888 over 92 frames.
LOG (nnet3-latgen-faster[5.5.1182~1-e02e3]:DecodeUtteranceLatticeFaster():decoder-wrappers.cc:375) Log-like per frame for utterance 022080186 is 2.62034 over 92 frames.
LOG (nnet3-latgen-faster[5.5.1182~1-e02e3]:DecodeUtteranceLatticeFaster():decoder-wrappers.cc:375) Log-like per frame for utterance 022080187 is 2.83402 over 96 frames.
LOG (nnet3-latgen-faster[5.5.1182~1-e02e3]:DecodeUtteranceLatticeFaster():decoder-wrappers.cc:375) Log-like per frame for utterance 022080189 is 3.25204 over 78 frames.
LOG (nnet3-latgen-faster[5.5.1182~1-e02e3]:DecodeUtteranceLatticeFaster():decoder-wrappers.cc:375) Log-like per frame for utterance 022080192 is 2.46424 over 94 frames.
LOG (nnet3-latgen-faster[5.5.1182~1-e02e3]:DecodeUtteranceLatticeFaster():decoder-wrappers.cc:375) Log-like per frame for utterance 022080202 is 2.83351 over 80 frames.
LOG (nnet3-latgen-faster[5.5.1182~1-e02e3]:DecodeUtteranceLatticeFaster():decoder-wrappers.cc:375) Log-like per frame for utterance 022080204 is 2.56473 over 82 frames.
LOG (nnet3-latgen-faster[5.5.1182~1-e02e3]:DecodeUtteranceLatticeFaster():decoder-wrappers.cc:375) Log-like per frame for utterance 022080210 is 2.56661 over 119 frames.
LOG (nnet3-latgen-faster[5.5.1182~1-e02e3]:DecodeUtteranceLatticeFaster():decoder-wrappers.cc:375) Log-like per frame for utterance 022080294 is 2.63083 over 80 frames.
LOG (nnet3-latgen-faster[5.5.1182~1-e02e3]:DecodeUtteranceLatticeFaster():decoder-wrappers.cc:375) Log-like per frame for utterance 022080299 is 2.55653 over 144 frames.
LOG (nnet3-latgen-faster[5.5.1182~1-e02e3]:DecodeUtteranceLatticeFaster():decoder-wrappers.cc:375) Log-like per frame for utterance 022080341 is 3.59025 over 98 frames.
LOG (nnet3-latgen-faster[5.5.1182~1-e02e3]:DecodeUtteranceLatticeFaster():decoder-wrappers.cc:375) Log-like per frame for utterance 022360092 is 2.01307 over 137 frames.
LOG (nnet3-latgen-faster[5.5.1182~1-e02e3]:DecodeUtteranceLatticeFaster():decoder-wrappers.cc:375) Log-like per frame for utterance 022360126 is 3.10973 over 127 frames.
LOG (nnet3-latgen-faster[5.5.1182~1-e02e3]:DecodeUtteranceLatticeFaster():decoder-wrappers.cc:375) Log-like per frame for utterance 022360147 is 3.11332 over 100 frames.
LOG (nnet3-latgen-faster[5.5.1182~1-e02e3]:DecodeUtteranceLatticeFaster():decoder-wrappers.cc:375) Log-like per frame for utterance 022360159 is 2.86965 over 93 frames.
LOG (nnet3-latgen-faster[5.5.1182~1-e02e3]:DecodeUtteranceLatticeFaster():decoder-wrappers.cc:375) Log-like per frame for utterance 022360185 is 2.66987 over 85 frames.
LOG (nnet3-latgen-faster[5.5.1182~1-e02e3]:DecodeUtteranceLatticeFaster():decoder-wrappers.cc:375) Log-like per frame for utterance 022360186 is 3.1098 over 83 frames.
LOG (nnet3-latgen-faster[5.5.1182~1-e02e3]:DecodeUtteranceLatticeFaster():decoder-wrappers.cc:375) Log-like per frame for utterance 022360222 is 2.28214 over 116 frames.
LOG (nnet3-latgen-faster[5.5.1182~1-e02e3]:DecodeUtteranceLatticeFaster():decoder-wrappers.cc:375) Log-like per frame for utterance 022360227 is 2.85529 over 101 frames.
LOG (nnet3-latgen-faster[5.5.1182~1-e02e3]:DecodeUtteranceLatticeFaster():decoder-wrappers.cc:375) Log-like per frame for utterance 022360231 is 2.77011 over 114 frames.
LOG (nnet3-latgen-faster[5.5.1182~1-e02e3]:DecodeUtteranceLatticeFaster():decoder-wrappers.cc:375) Log-like per frame for utterance 022360259 is 2.74318 over 99 frames.
LOG (nnet3-latgen-faster[5.5.1182~1-e02e3]:DecodeUtteranceLatticeFaster():decoder-wrappers.cc:375) Log-like per frame for utterance 022360262 is 2.77173 over 83 frames.
LOG (nnet3-latgen-faster[5.5.1182~1-e02e3]:DecodeUtteranceLatticeFaster():decoder-wrappers.cc:375) Log-like per frame for utterance 022360265 is 2.85608 over 105 frames.
LOG (nnet3-latgen-faster[5.5.1182~1-e02e3]:DecodeUtteranceLatticeFaster():decoder-wrappers.cc:375) Log-like per frame for utterance 022360293 is 3.83055 over 92 frames.
LOG (nnet3-latgen-faster[5.5.1182~1-e02e3]:DecodeUtteranceLatticeFaster():decoder-wrappers.cc:375) Log-like per frame for utterance 022360310 is 2.50394 over 147 frames.
LOG (nnet3-latgen-faster[5.5.1182~1-e02e3]:DecodeUtteranceLatticeFaster():decoder-wrappers.cc:375) Log-like per frame for utterance 022360311 is 3.19671 over 101 frames.
LOG (nnet3-latgen-faster[5.5.1182~1-e02e3]:DecodeUtteranceLatticeFaster():decoder-wrappers.cc:375) Log-like per frame for utterance 022360321 is 2.59725 over 151 frames.
LOG (nnet3-latgen-faster[5.5.1182~1-e02e3]:DecodeUtteranceLatticeFaster():decoder-wrappers.cc:375) Log-like per frame for utterance 022360326 is 2.19454 over 109 frames.
LOG (nnet3-latgen-faster[5.5.1182~1-e02e3]:DecodeUtteranceLatticeFaster():decoder-wrappers.cc:375) Log-like per frame for utterance 022360350 is 3.4094 over 89 frames.
LOG (nnet3-latgen-faster[5.5.1182~1-e02e3]:DecodeUtteranceLatticeFaster():decoder-wrappers.cc:375) Log-like per frame for utterance 022420015 is 3.46512 over 86 frames.
LOG (nnet3-latgen-faster[5.5.1182~1-e02e3]:DecodeUtteranceLatticeFaster():decoder-wrappers.cc:375) Log-like per frame for utterance 022420045 is 3.6616 over 122 frames.
LOG (nnet3-latgen-faster[5.5.1182~1-e02e3]:DecodeUtteranceLatticeFaster():decoder-wrappers.cc:375) Log-like per frame for utterance 022420067 is 3.84326 over 96 frames.
LOG (nnet3-latgen-faster[5.5.1182~1-e02e3]:DecodeUtteranceLatticeFaster():decoder-wrappers.cc:375) Log-like per frame for utterance 022420073 is 2.98506 over 176 frames.
LOG (nnet3-latgen-faster[5.5.1182~1-e02e3]:DecodeUtteranceLatticeFaster():decoder-wrappers.cc:375) Log-like per frame for utterance 022420086 is 3.31826 over 146 frames.
LOG (nnet3-latgen-faster[5.5.1182~1-e02e3]:DecodeUtteranceLatticeFaster():decoder-wrappers.cc:375) Log-like per frame for utterance 022420106 is 3.75755 over 104 frames.
LOG (nnet3-latgen-faster[5.5.1182~1-e02e3]:DecodeUtteranceLatticeFaster():decoder-wrappers.cc:375) Log-like per frame for utterance 022420129 is 3.54189 over 97 frames.
LOG (nnet3-latgen-faster[5.5.1182~1-e02e3]:DecodeUtteranceLatticeFaster():decoder-wrappers.cc:375) Log-like per frame for utterance 022420138 is 3.73513 over 102 frames.
LOG (nnet3-latgen-faster[5.5.1182~1-e02e3]:DecodeUtteranceLatticeFaster():decoder-wrappers.cc:375) Log-like per frame for utterance 022420146 is 2.9106 over 106 frames.
LOG (nnet3-latgen-faster[5.5.1182~1-e02e3]:DecodeUtteranceLatticeFaster():decoder-wrappers.cc:375) Log-like per frame for utterance 022420164 is 3.50294 over 107 frames.
LOG (nnet3-latgen-faster[5.5.1182~1-e02e3]:DecodeUtteranceLatticeFaster():decoder-wrappers.cc:375) Log-like per frame for utterance 022420168 is 3.70772 over 126 frames.
LOG (nnet3-latgen-faster[5.5.1182~1-e02e3]:DecodeUtteranceLatticeFaster():decoder-wrappers.cc:375) Log-like per frame for utterance 022420172 is 3.36166 over 94 frames.
LOG (nnet3-latgen-faster[5.5.1182~1-e02e3]:DecodeUtteranceLatticeFaster():decoder-wrappers.cc:375) Log-like per frame for utterance 022420273 is 3.11068 over 100 frames.
LOG (nnet3-latgen-faster[5.5.1182~1-e02e3]:DecodeUtteranceLatticeFaster():decoder-wrappers.cc:375) Log-like per frame for utterance 022420292 is 3.12432 over 100 frames.
LOG (nnet3-latgen-faster[5.5.1182~1-e02e3]:DecodeUtteranceLatticeFaster():decoder-wrappers.cc:375) Log-like per frame for utterance 022420306 is 3.66994 over 104 frames.
LOG (nnet3-latgen-faster[5.5.1182~1-e02e3]:DecodeUtteranceLatticeFaster():decoder-wrappers.cc:375) Log-like per frame for utterance 022420342 is 3.48866 over 101 frames.
LOG (nnet3-latgen-faster[5.5.1182~1-e02e3]:DecodeUtteranceLatticeFaster():decoder-wrappers.cc:375) Log-like per frame for utterance 022420346 is 3.3932 over 142 frames.
LOG (nnet3-latgen-faster[5.5.1182~1-e02e3]:DecodeUtteranceLatticeFaster():decoder-wrappers.cc:375) Log-like per frame for utterance 022420348 is 3.35415 over 133 frames.
LOG (nnet3-latgen-faster[5.5.1182~1-e02e3]:DecodeUtteranceLatticeFaster():decoder-wrappers.cc:375) Log-like per frame for utterance 022420362 is 3.58124 over 117 frames.
LOG (nnet3-latgen-faster[5.5.1182~1-e02e3]:DecodeUtteranceLatticeFaster():decoder-wrappers.cc:375) Log-like per frame for utterance 022440038 is 3.16925 over 149 frames.
LOG (nnet3-latgen-faster[5.5.1182~1-e02e3]:DecodeUtteranceLatticeFaster():decoder-wrappers.cc:375) Log-like per frame for utterance 022440039 is 3.59216 over 147 frames.
LOG (nnet3-latgen-faster[5.5.1182~1-e02e3]:DecodeUtteranceLatticeFaster():decoder-wrappers.cc:375) Log-like per frame for utterance 022440062 is 3.54568 over 152 frames.
LOG (nnet3-latgen-faster[5.5.1182~1-e02e3]:DecodeUtteranceLatticeFaster():decoder-wrappers.cc:375) Log-like per frame for utterance 022440073 is 3.47958 over 142 frames.
LOG (nnet3-latgen-faster[5.5.1182~1-e02e3]:DecodeUtteranceLatticeFaster():decoder-wrappers.cc:375) Log-like per frame for utterance 022440126 is 3.95176 over 88 frames.
LOG (nnet3-latgen-faster[5.5.1182~1-e02e3]:DecodeUtteranceLatticeFaster():decoder-wrappers.cc:375) Log-like per frame for utterance 022440139 is 3.82504 over 81 frames.
LOG (nnet3-latgen-faster[5.5.1182~1-e02e3]:DecodeUtteranceLatticeFaster():decoder-wrappers.cc:375) Log-like per frame for utterance 022440144 is 3.46303 over 105 frames.
LOG (nnet3-latgen-faster[5.5.1182~1-e02e3]:DecodeUtteranceLatticeFaster():decoder-wrappers.cc:375) Log-like per frame for utterance 022440165 is 3.64328 over 135 frames.
LOG (nnet3-latgen-faster[5.5.1182~1-e02e3]:DecodeUtteranceLatticeFaster():decoder-wrappers.cc:375) Log-like per frame for utterance 022440180 is 3.21166 over 121 frames.
LOG (nnet3-latgen-faster[5.5.1182~1-e02e3]:DecodeUtteranceLatticeFaster():decoder-wrappers.cc:375) Log-like per frame for utterance 022440189 is 3.63841 over 140 frames.
LOG (nnet3-latgen-faster[5.5.1182~1-e02e3]:DecodeUtteranceLatticeFaster():decoder-wrappers.cc:375) Log-like per frame for utterance 022440215 is 3.62579 over 99 frames.
LOG (nnet3-latgen-faster[5.5.1182~1-e02e3]:DecodeUtteranceLatticeFaster():decoder-wrappers.cc:375) Log-like per frame for utterance 022440277 is 3.74173 over 91 frames.
LOG (nnet3-latgen-faster[5.5.1182~1-e02e3]:DecodeUtteranceLatticeFaster():decoder-wrappers.cc:375) Log-like per frame for utterance 022440286 is 2.98546 over 121 frames.
LOG (nnet3-latgen-faster[5.5.1182~1-e02e3]:DecodeUtteranceLatticeFaster():decoder-wrappers.cc:375) Log-like per frame for utterance 022440312 is 3.28333 over 101 frames.
LOG (nnet3-latgen-faster[5.5.1182~1-e02e3]:DecodeUtteranceLatticeFaster():decoder-wrappers.cc:375) Log-like per frame for utterance 022440337 is 4.04642 over 119 frames.
LOG (nnet3-latgen-faster[5.5.1182~1-e02e3]:DecodeUtteranceLatticeFaster():decoder-wrappers.cc:375) Log-like per frame for utterance 022440352 is 3.43506 over 111 frames.
LOG (nnet3-latgen-faster[5.5.1182~1-e02e3]:DecodeUtteranceLatticeFaster():decoder-wrappers.cc:375) Log-like per frame for utterance 022440361 is 3.6194 over 125 frames.
LOG (nnet3-latgen-faster[5.5.1182~1-e02e3]:DecodeUtteranceLatticeFaster():decoder-wrappers.cc:375) Log-like per frame for utterance 022440362 is 3.64205 over 110 frames.
LOG (nnet3-latgen-faster[5.5.1182~1-e02e3]:DecodeUtteranceLatticeFaster():decoder-wrappers.cc:375) Log-like per frame for utterance 022510066 is 2.71754 over 119 frames.
LOG (nnet3-latgen-faster[5.5.1182~1-e02e3]:DecodeUtteranceLatticeFaster():decoder-wrappers.cc:375) Log-like per frame for utterance 022510069 is 2.97297 over 127 frames.
LOG (nnet3-latgen-faster[5.5.1182~1-e02e3]:DecodeUtteranceLatticeFaster():decoder-wrappers.cc:375) Log-like per frame for utterance 022510089 is 2.90665 over 133 frames.
LOG (nnet3-latgen-faster[5.5.1182~1-e02e3]:DecodeUtteranceLatticeFaster():decoder-wrappers.cc:375) Log-like per frame for utterance 022510093 is 2.75977 over 149 frames.
LOG (nnet3-latgen-faster[5.5.1182~1-e02e3]:DecodeUtteranceLatticeFaster():decoder-wrappers.cc:375) Log-like per frame for utterance 022510122 is 3.24335 over 111 frames.
LOG (nnet3-latgen-faster[5.5.1182~1-e02e3]:DecodeUtteranceLatticeFaster():decoder-wrappers.cc:375) Log-like per frame for utterance 022510166 is 3.22417 over 123 frames.
LOG (nnet3-latgen-faster[5.5.1182~1-e02e3]:DecodeUtteranceLatticeFaster():decoder-wrappers.cc:375) Log-like per frame for utterance 022510190 is 3.41888 over 139 frames.
LOG (nnet3-latgen-faster[5.5.1182~1-e02e3]:DecodeUtteranceLatticeFaster():decoder-wrappers.cc:375) Log-like per frame for utterance 022510211 is 3.22377 over 124 frames.
LOG (nnet3-latgen-faster[5.5.1182~1-e02e3]:DecodeUtteranceLatticeFaster():decoder-wrappers.cc:375) Log-like per frame for utterance 022510230 is 3.15561 over 145 frames.
LOG (nnet3-latgen-faster[5.5.1182~1-e02e3]:DecodeUtteranceLatticeFaster():decoder-wrappers.cc:375) Log-like per frame for utterance 022510237 is 2.99977 over 136 frames.
LOG (nnet3-latgen-faster[5.5.1182~1-e02e3]:DecodeUtteranceLatticeFaster():decoder-wrappers.cc:375) Log-like per frame for utterance 022510255 is 3.4234 over 101 frames.
LOG (nnet3-latgen-faster[5.5.1182~1-e02e3]:DecodeUtteranceLatticeFaster():decoder-wrappers.cc:375) Log-like per frame for utterance 022510266 is 3.43669 over 121 frames.
LOG (nnet3-latgen-faster[5.5.1182~1-e02e3]:DecodeUtteranceLatticeFaster():decoder-wrappers.cc:375) Log-like per frame for utterance 022510276 is 3.29065 over 121 frames.
LOG (nnet3-latgen-faster[5.5.1182~1-e02e3]:DecodeUtteranceLatticeFaster():decoder-wrappers.cc:375) Log-like per frame for utterance 022510291 is 3.23492 over 115 frames.
LOG (nnet3-latgen-faster[5.5.1182~1-e02e3]:DecodeUtteranceLatticeFaster():decoder-wrappers.cc:375) Log-like per frame for utterance 022510300 is 3.20495 over 107 frames.
LOG (nnet3-latgen-faster[5.5.1182~1-e02e3]:DecodeUtteranceLatticeFaster():decoder-wrappers.cc:375) Log-like per frame for utterance 022510320 is 3.86504 over 120 frames.
LOG (nnet3-latgen-faster[5.5.1182~1-e02e3]:DecodeUtteranceLatticeFaster():decoder-wrappers.cc:375) Log-like per frame for utterance 022510323 is 3.62252 over 105 frames.
LOG (nnet3-latgen-faster[5.5.1182~1-e02e3]:DecodeUtteranceLatticeFaster():decoder-wrappers.cc:375) Log-like per frame for utterance 022510368 is 2.98686 over 119 frames.
LOG (nnet3-latgen-faster[5.5.1182~1-e02e3]:DecodeUtteranceLatticeFaster():decoder-wrappers.cc:375) Log-like per frame for utterance 022820020 is 2.7933 over 142 frames.
LOG (nnet3-latgen-faster[5.5.1182~1-e02e3]:DecodeUtteranceLatticeFaster():decoder-wrappers.cc:375) Log-like per frame for utterance 022820021 is 2.54293 over 129 frames.
LOG (nnet3-latgen-faster[5.5.1182~1-e02e3]:DecodeUtteranceLatticeFaster():decoder-wrappers.cc:375) Log-like per frame for utterance 022820042 is 2.57261 over 147 frames.
LOG (nnet3-latgen-faster[5.5.1182~1-e02e3]:DecodeUtteranceLatticeFaster():decoder-wrappers.cc:375) Log-like per frame for utterance 022820062 is 2.45913 over 134 frames.
LOG (nnet3-latgen-faster[5.5.1182~1-e02e3]:DecodeUtteranceLatticeFaster():decoder-wrappers.cc:375) Log-like per frame for utterance 022820072 is 2.29434 over 151 frames.
LOG (nnet3-latgen-faster[5.5.1182~1-e02e3]:DecodeUtteranceLatticeFaster():decoder-wrappers.cc:375) Log-like per frame for utterance 022820079 is 2.18732 over 156 frames.
LOG (nnet3-latgen-faster[5.5.1182~1-e02e3]:DecodeUtteranceLatticeFaster():decoder-wrappers.cc:375) Log-like per frame for utterance 022820106 is 2.67329 over 130 frames.
LOG (nnet3-latgen-faster[5.5.1182~1-e02e3]:DecodeUtteranceLatticeFaster():decoder-wrappers.cc:375) Log-like per frame for utterance 022820107 is 3.35375 over 104 frames.
LOG (nnet3-latgen-faster[5.5.1182~1-e02e3]:DecodeUtteranceLatticeFaster():decoder-wrappers.cc:375) Log-like per frame for utterance 022820121 is 2.67877 over 118 frames.
LOG (nnet3-latgen-faster[5.5.1182~1-e02e3]:DecodeUtteranceLatticeFaster():decoder-wrappers.cc:375) Log-like per frame for utterance 022820134 is 3.01032 over 106 frames.
LOG (nnet3-latgen-faster[5.5.1182~1-e02e3]:DecodeUtteranceLatticeFaster():decoder-wrappers.cc:375) Log-like per frame for utterance 022820142 is 2.59403 over 86 frames.
LOG (nnet3-latgen-faster[5.5.1182~1-e02e3]:DecodeUtteranceLatticeFaster():decoder-wrappers.cc:375) Log-like per frame for utterance 022820155 is 3.34957 over 109 frames.
LOG (nnet3-latgen-faster[5.5.1182~1-e02e3]:DecodeUtteranceLatticeFaster():decoder-wrappers.cc:375) Log-like per frame for utterance 022820191 is 3.32458 over 96 frames.
LOG (nnet3-latgen-faster[5.5.1182~1-e02e3]:DecodeUtteranceLatticeFaster():decoder-wrappers.cc:375) Log-like per frame for utterance 022820197 is 2.31947 over 118 frames.
LOG (nnet3-latgen-faster[5.5.1182~1-e02e3]:DecodeUtteranceLatticeFaster():decoder-wrappers.cc:375) Log-like per frame for utterance 022820281 is 3.06563 over 84 frames.
LOG (nnet3-latgen-faster[5.5.1182~1-e02e3]:DecodeUtteranceLatticeFaster():decoder-wrappers.cc:375) Log-like per frame for utterance 022820291 is 3.0689 over 92 frames.
LOG (nnet3-latgen-faster[5.5.1182~1-e02e3]:DecodeUtteranceLatticeFaster():decoder-wrappers.cc:375) Log-like per frame for utterance 022820293 is 3.00179 over 104 frames.
LOG (nnet3-latgen-faster[5.5.1182~1-e02e3]:DecodeUtteranceLatticeFaster():decoder-wrappers.cc:375) Log-like per frame for utterance 022820317 is 2.9221 over 90 frames.
LOG (nnet3-latgen-faster[5.5.1182~1-e02e3]:DecodeUtteranceLatticeFaster():decoder-wrappers.cc:375) Log-like per frame for utterance 022820357 is 2.87857 over 96 frames.
LOG (nnet3-latgen-faster[5.5.1182~1-e02e3]:DecodeUtteranceLatticeFaster():decoder-wrappers.cc:375) Log-like per frame for utterance 023800015 is 3.63589 over 112 frames.
LOG (nnet3-latgen-faster[5.5.1182~1-e02e3]:DecodeUtteranceLatticeFaster():decoder-wrappers.cc:375) Log-like per frame for utterance 023800042 is 3.39459 over 146 frames.
LOG (nnet3-latgen-faster[5.5.1182~1-e02e3]:DecodeUtteranceLatticeFaster():decoder-wrappers.cc:375) Log-like per frame for utterance 023800056 is 3.63238 over 109 frames.
LOG (nnet3-latgen-faster[5.5.1182~1-e02e3]:DecodeUtteranceLatticeFaster():decoder-wrappers.cc:375) Log-like per frame for utterance 023800093 is 3.87779 over 131 frames.
LOG (nnet3-latgen-faster[5.5.1182~1-e02e3]:DecodeUtteranceLatticeFaster():decoder-wrappers.cc:375) Log-like per frame for utterance 023800114 is 3.64661 over 142 frames.
LOG (nnet3-latgen-faster[5.5.1182~1-e02e3]:DecodeUtteranceLatticeFaster():decoder-wrappers.cc:375) Log-like per frame for utterance 023800124 is 3.915 over 116 frames.
LOG (nnet3-latgen-faster[5.5.1182~1-e02e3]:DecodeUtteranceLatticeFaster():decoder-wrappers.cc:375) Log-like per frame for utterance 023800160 is 3.8273 over 94 frames.
LOG (nnet3-latgen-faster[5.5.1182~1-e02e3]:DecodeUtteranceLatticeFaster():decoder-wrappers.cc:375) Log-like per frame for utterance 023800186 is 3.69831 over 84 frames.
LOG (nnet3-latgen-faster[5.5.1182~1-e02e3]:DecodeUtteranceLatticeFaster():decoder-wrappers.cc:375) Log-like per frame for utterance 023800242 is 3.77176 over 131 frames.
LOG (nnet3-latgen-faster[5.5.1182~1-e02e3]:DecodeUtteranceLatticeFaster():decoder-wrappers.cc:375) Log-like per frame for utterance 023800277 is 3.16693 over 101 frames.
LOG (nnet3-latgen-faster[5.5.1182~1-e02e3]:DecodeUtteranceLatticeFaster():decoder-wrappers.cc:375) Log-like per frame for utterance 023800278 is 3.83448 over 132 frames.
LOG (nnet3-latgen-faster[5.5.1182~1-e02e3]:DecodeUtteranceLatticeFaster():decoder-wrappers.cc:375) Log-like per frame for utterance 023800280 is 3.75496 over 105 frames.
LOG (nnet3-latgen-faster[5.5.1182~1-e02e3]:DecodeUtteranceLatticeFaster():decoder-wrappers.cc:375) Log-like per frame for utterance 023800298 is 3.43521 over 145 frames.
LOG (nnet3-latgen-faster[5.5.1182~1-e02e3]:DecodeUtteranceLatticeFaster():decoder-wrappers.cc:375) Log-like per frame for utterance 023800326 is 3.7444 over 116 frames.
LOG (nnet3-latgen-faster[5.5.1182~1-e02e3]:DecodeUtteranceLatticeFaster():decoder-wrappers.cc:375) Log-like per frame for utterance 023800330 is 3.82045 over 153 frames.
LOG (nnet3-latgen-faster[5.5.1182~1-e02e3]:DecodeUtteranceLatticeFaster():decoder-wrappers.cc:375) Log-like per frame for utterance 023800338 is 3.40902 over 140 frames.
LOG (nnet3-latgen-faster[5.5.1182~1-e02e3]:DecodeUtteranceLatticeFaster():decoder-wrappers.cc:375) Log-like per frame for utterance 023800352 is 4.07381 over 108 frames.
LOG (nnet3-latgen-faster[5.5.1182~1-e02e3]:DecodeUtteranceLatticeFaster():decoder-wrappers.cc:375) Log-like per frame for utterance 023800363 is 3.82547 over 122 frames.
LOG (nnet3-latgen-faster[5.5.1182~1-e02e3]:DecodeUtteranceLatticeFaster():decoder-wrappers.cc:375) Log-like per frame for utterance 023800368 is 4.04839 over 94 frames.
LOG (nnet3-latgen-faster[5.5.1182~1-e02e3]:DecodeUtteranceLatticeFaster():decoder-wrappers.cc:375) Log-like per frame for utterance 024020047 is 3.85349 over 88 frames.
LOG (nnet3-latgen-faster[5.5.1182~1-e02e3]:DecodeUtteranceLatticeFaster():decoder-wrappers.cc:375) Log-like per frame for utterance 024020051 is 3.4513 over 154 frames.
LOG (nnet3-latgen-faster[5.5.1182~1-e02e3]:DecodeUtteranceLatticeFaster():decoder-wrappers.cc:375) Log-like per frame for utterance 024020053 is 3.87882 over 83 frames.
LOG (nnet3-latgen-faster[5.5.1182~1-e02e3]:DecodeUtteranceLatticeFaster():decoder-wrappers.cc:375) Log-like per frame for utterance 024020069 is 3.2215 over 178 frames.
LOG (nnet3-latgen-faster[5.5.1182~1-e02e3]:DecodeUtteranceLatticeFaster():decoder-wrappers.cc:375) Log-like per frame for utterance 024020084 is 3.62702 over 109 frames.
LOG (nnet3-latgen-faster[5.5.1182~1-e02e3]:DecodeUtteranceLatticeFaster():decoder-wrappers.cc:375) Log-like per frame for utterance 024020142 is 3.40864 over 149 frames.
LOG (nnet3-latgen-faster[5.5.1182~1-e02e3]:DecodeUtteranceLatticeFaster():decoder-wrappers.cc:375) Log-like per frame for utterance 024020175 is 3.67456 over 97 frames.
LOG (nnet3-latgen-faster[5.5.1182~1-e02e3]:DecodeUtteranceLatticeFaster():decoder-wrappers.cc:375) Log-like per frame for utterance 024020176 is 3.71749 over 134 frames.
LOG (nnet3-latgen-faster[5.5.1182~1-e02e3]:DecodeUtteranceLatticeFaster():decoder-wrappers.cc:375) Log-like per frame for utterance 024020205 is 3.94564 over 78 frames.
LOG (nnet3-latgen-faster[5.5.1182~1-e02e3]:DecodeUtteranceLatticeFaster():decoder-wrappers.cc:375) Log-like per frame for utterance 024020233 is 3.73308 over 138 frames.
LOG (nnet3-latgen-faster[5.5.1182~1-e02e3]:DecodeUtteranceLatticeFaster():decoder-wrappers.cc:375) Log-like per frame for utterance 024020238 is 3.46605 over 168 frames.
LOG (nnet3-latgen-faster[5.5.1182~1-e02e3]:DecodeUtteranceLatticeFaster():decoder-wrappers.cc:375) Log-like per frame for utterance 024020253 is 2.84955 over 173 frames.
LOG (nnet3-latgen-faster[5.5.1182~1-e02e3]:DecodeUtteranceLatticeFaster():decoder-wrappers.cc:375) Log-like per frame for utterance 024020256 is 3.90812 over 87 frames.
LOG (nnet3-latgen-faster[5.5.1182~1-e02e3]:DecodeUtteranceLatticeFaster():decoder-wrappers.cc:375) Log-like per frame for utterance 024020260 is 3.736 over 114 frames.
LOG (apply-cmvn[5.5.1182~1-e02e3]:main():apply-cmvn.cc:81) Copied 222 utterances.
LOG (nnet3-latgen-faster[5.5.1182~1-e02e3]:DecodeUtteranceLatticeFaster():decoder-wrappers.cc:375) Log-like per frame for utterance 024020265 is 3.1605 over 89 frames.
LOG (nnet3-latgen-faster[5.5.1182~1-e02e3]:DecodeUtteranceLatticeFaster():decoder-wrappers.cc:375) Log-like per frame for utterance 024020291 is 2.95495 over 129 frames.
LOG (nnet3-latgen-faster[5.5.1182~1-e02e3]:DecodeUtteranceLatticeFaster():decoder-wrappers.cc:375) Log-like per frame for utterance 024020321 is 3.89505 over 89 frames.
LOG (nnet3-latgen-faster[5.5.1182~1-e02e3]:DecodeUtteranceLatticeFaster():decoder-wrappers.cc:375) Log-like per frame for utterance 024020328 is 3.54292 over 142 frames.
LOG (nnet3-latgen-faster[5.5.1182~1-e02e3]:DecodeUtteranceLatticeFaster():decoder-wrappers.cc:375) Log-like per frame for utterance 024020337 is 3.04133 over 141 frames.
LOG (nnet3-latgen-faster[5.5.1182~1-e02e3]:main():nnet3-latgen-faster.cc:256) Time taken 115.054s: real-time factor assuming 100 frames/sec is 0.149682
LOG (nnet3-latgen-faster[5.5.1182~1-e02e3]:main():nnet3-latgen-faster.cc:259) Done 222 utterances, failed for 0
LOG (nnet3-latgen-faster[5.5.1182~1-e02e3]:main():nnet3-latgen-faster.cc:261) Overall log-likelihood per frame is 3.18404 over 25622 frames.
LOG (nnet3-latgen-faster[5.5.1182~1-e02e3]:~CachingOptimizingCompiler():nnet-optimize.cc:710) 0.864 seconds taken in nnet3 compilation total (breakdown: 0.608 compilation, 0.157 optimization, 0 shortcut expansion, 0.0281 checking, 3.31e-05 computing indexes, 0.0712 misc.) + 0 I/O.
# Accounting: time=115 threads=1
# Ended (code 0) at Thu Oct 23 10:38:10 IST 2025, elapsed time 115 seconds
