# lattice-best-path --acoustic-scale=1.0 "ark:gunzip -c tune/align_lats_speechocean762/lat.10.gz |" ark:/dev/null "ark:|gzip -c >tune/align_lats_speechocean762/ali.10.gz" 
# Started at Thu Oct 23 10:38:38 IST 2025
#
lattice-best-path --acoustic-scale=1.0 'ark:gunzip -c tune/align_lats_speechocean762/lat.10.gz |' ark:/dev/null 'ark:|gzip -c >tune/align_lats_speechocean762/ali.10.gz' 
LOG (lattice-best-path[5.5.1182~1-e02e3]:main():lattice-best-path.cc:99) For utterance 096160001, best cost 360.521 + -1927.71 = -1567.19 over 505 frames.
LOG (lattice-best-path[5.5.1182~1-e02e3]:main():lattice-best-path.cc:99) For utterance 096160003, best cost 107.991 + -374.379 = -266.388 over 139 frames.
LOG (lattice-best-path[5.5.1182~1-e02e3]:main():lattice-best-path.cc:99) For utterance 096160004, best cost 138.494 + -605.37 = -466.876 over 179 frames.
LOG (lattice-best-path[5.5.1182~1-e02e3]:main():lattice-best-path.cc:99) For utterance 096160005, best cost 123.911 + -467.235 = -343.324 over 158 frames.
LOG (lattice-best-path[5.5.1182~1-e02e3]:main():lattice-best-path.cc:99) For utterance 096160006, best cost 221.188 + -924.701 = -703.514 over 303 frames.
LOG (lattice-best-path[5.5.1182~1-e02e3]:main():lattice-best-path.cc:99) For utterance 096160007, best cost 117.534 + -510.908 = -393.375 over 159 frames.
LOG (lattice-best-path[5.5.1182~1-e02e3]:main():lattice-best-path.cc:99) For utterance 096160008, best cost 181.174 + -683.1 = -501.926 over 243 frames.
LOG (lattice-best-path[5.5.1182~1-e02e3]:main():lattice-best-path.cc:99) For utterance 096160009, best cost 177.343 + -826.98 = -649.637 over 242 frames.
LOG (lattice-best-path[5.5.1182~1-e02e3]:main():lattice-best-path.cc:99) For utterance 096160010, best cost 157.067 + -616.992 = -459.925 over 202 frames.
LOG (lattice-best-path[5.5.1182~1-e02e3]:main():lattice-best-path.cc:99) For utterance 096160011, best cost 185.281 + -757.877 = -572.596 over 245 frames.
LOG (lattice-best-path[5.5.1182~1-e02e3]:main():lattice-best-path.cc:99) For utterance 096160012, best cost 156.914 + -667.028 = -510.114 over 203 frames.
LOG (lattice-best-path[5.5.1182~1-e02e3]:main():lattice-best-path.cc:99) For utterance 096160013, best cost 130.502 + -652.188 = -521.686 over 178 frames.
LOG (lattice-best-path[5.5.1182~1-e02e3]:main():lattice-best-path.cc:99) For utterance 096160014, best cost 195.222 + -947.717 = -752.495 over 267 frames.
LOG (lattice-best-path[5.5.1182~1-e02e3]:main():lattice-best-path.cc:99) For utterance 096160015, best cost 135.067 + -622.707 = -487.639 over 175 frames.
LOG (lattice-best-path[5.5.1182~1-e02e3]:main():lattice-best-path.cc:99) For utterance 096160016, best cost 192.122 + -770.757 = -578.636 over 255 frames.
LOG (lattice-best-path[5.5.1182~1-e02e3]:main():lattice-best-path.cc:99) For utterance 096160017, best cost 201.885 + -844.416 = -642.531 over 258 frames.
LOG (lattice-best-path[5.5.1182~1-e02e3]:main():lattice-best-path.cc:99) For utterance 096160018, best cost 204.048 + -868.301 = -664.253 over 270 frames.
LOG (lattice-best-path[5.5.1182~1-e02e3]:main():lattice-best-path.cc:99) For utterance 096160019, best cost 121.549 + -602.417 = -480.868 over 164 frames.
LOG (lattice-best-path[5.5.1182~1-e02e3]:main():lattice-best-path.cc:99) For utterance 096160020, best cost 189.992 + -851.81 = -661.818 over 247 frames.
LOG (lattice-best-path[5.5.1182~1-e02e3]:main():lattice-best-path.cc:99) For utterance 096190002, best cost 135.552 + -672.112 = -536.561 over 185 frames.
LOG (lattice-best-path[5.5.1182~1-e02e3]:main():lattice-best-path.cc:99) For utterance 096190003, best cost 158.325 + -632.041 = -473.716 over 210 frames.
LOG (lattice-best-path[5.5.1182~1-e02e3]:main():lattice-best-path.cc:99) For utterance 096190004, best cost 201.88 + -845.51 = -643.63 over 269 frames.
LOG (lattice-best-path[5.5.1182~1-e02e3]:main():lattice-best-path.cc:99) For utterance 096190005, best cost 218.038 + -876.322 = -658.284 over 293 frames.
LOG (lattice-best-path[5.5.1182~1-e02e3]:main():lattice-best-path.cc:99) For utterance 096190006, best cost 154.183 + -664.937 = -510.754 over 200 frames.
LOG (lattice-best-path[5.5.1182~1-e02e3]:main():lattice-best-path.cc:99) For utterance 096190007, best cost 199.984 + -796.246 = -596.262 over 255 frames.
LOG (lattice-best-path[5.5.1182~1-e02e3]:main():lattice-best-path.cc:99) For utterance 096190008, best cost 160.294 + -755.074 = -594.78 over 211 frames.
LOG (lattice-best-path[5.5.1182~1-e02e3]:main():lattice-best-path.cc:99) For utterance 096190009, best cost 171.379 + -669.687 = -498.308 over 223 frames.
LOG (lattice-best-path[5.5.1182~1-e02e3]:main():lattice-best-path.cc:99) For utterance 096190010, best cost 105.79 + -417.917 = -312.127 over 140 frames.
LOG (lattice-best-path[5.5.1182~1-e02e3]:main():lattice-best-path.cc:99) For utterance 096190011, best cost 119.534 + -497.801 = -378.267 over 155 frames.
LOG (lattice-best-path[5.5.1182~1-e02e3]:main():lattice-best-path.cc:99) For utterance 096190012, best cost 177.909 + -729.729 = -551.819 over 234 frames.
LOG (lattice-best-path[5.5.1182~1-e02e3]:main():lattice-best-path.cc:99) For utterance 096190013, best cost 184.997 + -730.601 = -545.604 over 244 frames.
LOG (lattice-best-path[5.5.1182~1-e02e3]:main():lattice-best-path.cc:99) For utterance 096190014, best cost 218.368 + -877.234 = -658.866 over 282 frames.
LOG (lattice-best-path[5.5.1182~1-e02e3]:main():lattice-best-path.cc:99) For utterance 096190019, best cost 163.431 + -671.609 = -508.177 over 214 frames.
LOG (lattice-best-path[5.5.1182~1-e02e3]:main():lattice-best-path.cc:99) For utterance 096190021, best cost 106.569 + -506.416 = -399.847 over 135 frames.
LOG (lattice-best-path[5.5.1182~1-e02e3]:main():lattice-best-path.cc:99) For utterance 096240002, best cost 116.984 + -420.823 = -303.838 over 161 frames.
LOG (lattice-best-path[5.5.1182~1-e02e3]:main():lattice-best-path.cc:99) For utterance 096240005, best cost 164.793 + -708.414 = -543.621 over 212 frames.
LOG (lattice-best-path[5.5.1182~1-e02e3]:main():lattice-best-path.cc:99) For utterance 096240006, best cost 176.374 + -767.522 = -591.148 over 243 frames.
LOG (lattice-best-path[5.5.1182~1-e02e3]:main():lattice-best-path.cc:99) For utterance 096240007, best cost 277.978 + -1479.89 = -1201.92 over 376 frames.
LOG (lattice-best-path[5.5.1182~1-e02e3]:main():lattice-best-path.cc:99) For utterance 096240008, best cost 92.0404 + -406.189 = -314.148 over 127 frames.
LOG (lattice-best-path[5.5.1182~1-e02e3]:main():lattice-best-path.cc:99) For utterance 096240009, best cost 143.916 + -512.541 = -368.625 over 184 frames.
LOG (lattice-best-path[5.5.1182~1-e02e3]:main():lattice-best-path.cc:99) For utterance 096240010, best cost 135.402 + -505.149 = -369.747 over 179 frames.
LOG (lattice-best-path[5.5.1182~1-e02e3]:main():lattice-best-path.cc:99) For utterance 096240011, best cost 104.692 + -396.186 = -291.494 over 139 frames.
LOG (lattice-best-path[5.5.1182~1-e02e3]:main():lattice-best-path.cc:99) For utterance 096240012, best cost 203.302 + -818.2 = -614.898 over 274 frames.
LOG (lattice-best-path[5.5.1182~1-e02e3]:main():lattice-best-path.cc:99) For utterance 096240013, best cost 84.6462 + -347.489 = -262.843 over 112 frames.
LOG (lattice-best-path[5.5.1182~1-e02e3]:main():lattice-best-path.cc:99) For utterance 096240014, best cost 179.437 + -645.401 = -465.964 over 237 frames.
LOG (lattice-best-path[5.5.1182~1-e02e3]:main():lattice-best-path.cc:99) For utterance 096240016, best cost 67.1982 + -301.505 = -234.307 over 92 frames.
LOG (lattice-best-path[5.5.1182~1-e02e3]:main():lattice-best-path.cc:99) For utterance 096240017, best cost 151.803 + -587.917 = -436.114 over 196 frames.
LOG (lattice-best-path[5.5.1182~1-e02e3]:main():lattice-best-path.cc:99) For utterance 096240019, best cost 150.423 + -594.422 = -443.999 over 193 frames.
LOG (lattice-best-path[5.5.1182~1-e02e3]:main():lattice-best-path.cc:99) For utterance 096240020, best cost 82.9573 + -328.328 = -245.371 over 109 frames.
LOG (lattice-best-path[5.5.1182~1-e02e3]:main():lattice-best-path.cc:99) For utterance 096240021, best cost 205.452 + -710.959 = -505.507 over 263 frames.
LOG (lattice-best-path[5.5.1182~1-e02e3]:main():lattice-best-path.cc:99) For utterance 096250001, best cost 102.439 + -431.501 = -329.063 over 128 frames.
LOG (lattice-best-path[5.5.1182~1-e02e3]:main():lattice-best-path.cc:99) For utterance 096250002, best cost 185.375 + -708.552 = -523.177 over 243 frames.
LOG (lattice-best-path[5.5.1182~1-e02e3]:main():lattice-best-path.cc:99) For utterance 096250003, best cost 102.993 + -353.081 = -250.088 over 131 frames.
LOG (lattice-best-path[5.5.1182~1-e02e3]:main():lattice-best-path.cc:99) For utterance 096250004, best cost 77.1994 + -341.763 = -264.564 over 105 frames.
LOG (lattice-best-path[5.5.1182~1-e02e3]:main():lattice-best-path.cc:99) For utterance 096250005, best cost 125.221 + -544.871 = -419.649 over 163 frames.
LOG (lattice-best-path[5.5.1182~1-e02e3]:main():lattice-best-path.cc:99) For utterance 096250007, best cost 109.674 + -445.469 = -335.794 over 149 frames.
LOG (lattice-best-path[5.5.1182~1-e02e3]:main():lattice-best-path.cc:99) For utterance 096250008, best cost 95.0687 + -414.43 = -319.361 over 118 frames.
LOG (lattice-best-path[5.5.1182~1-e02e3]:main():lattice-best-path.cc:99) For utterance 096250009, best cost 115.833 + -464.25 = -348.417 over 148 frames.
LOG (lattice-best-path[5.5.1182~1-e02e3]:main():lattice-best-path.cc:99) For utterance 096250010, best cost 119.94 + -493.935 = -373.995 over 154 frames.
LOG (lattice-best-path[5.5.1182~1-e02e3]:main():lattice-best-path.cc:99) For utterance 096250011, best cost 126.647 + -532.048 = -405.401 over 167 frames.
LOG (lattice-best-path[5.5.1182~1-e02e3]:main():lattice-best-path.cc:99) For utterance 096250012, best cost 121.749 + -532.365 = -410.616 over 165 frames.
LOG (lattice-best-path[5.5.1182~1-e02e3]:main():lattice-best-path.cc:99) For utterance 096250013, best cost 122.561 + -591.782 = -469.221 over 161 frames.
LOG (lattice-best-path[5.5.1182~1-e02e3]:main():lattice-best-path.cc:99) For utterance 096250014, best cost 164.212 + -719.805 = -555.593 over 220 frames.
LOG (lattice-best-path[5.5.1182~1-e02e3]:main():lattice-best-path.cc:99) For utterance 096250015, best cost 94.4591 + -378.902 = -284.443 over 119 frames.
LOG (lattice-best-path[5.5.1182~1-e02e3]:main():lattice-best-path.cc:99) For utterance 096250016, best cost 122.258 + -490.115 = -367.858 over 157 frames.
LOG (lattice-best-path[5.5.1182~1-e02e3]:main():lattice-best-path.cc:99) For utterance 096250017, best cost 112.834 + -521.452 = -408.618 over 151 frames.
LOG (lattice-best-path[5.5.1182~1-e02e3]:main():lattice-best-path.cc:99) For utterance 096250018, best cost 123.975 + -518.689 = -394.714 over 170 frames.
LOG (lattice-best-path[5.5.1182~1-e02e3]:main():lattice-best-path.cc:99) For utterance 096250020, best cost 186.771 + -690.293 = -503.521 over 240 frames.
LOG (lattice-best-path[5.5.1182~1-e02e3]:main():lattice-best-path.cc:99) For utterance 096250021, best cost 186.881 + -810.99 = -624.109 over 248 frames.
LOG (lattice-best-path[5.5.1182~1-e02e3]:main():lattice-best-path.cc:99) For utterance 096250023, best cost 82.9055 + -329.939 = -247.034 over 114 frames.
LOG (lattice-best-path[5.5.1182~1-e02e3]:main():lattice-best-path.cc:99) For utterance 096280011, best cost 177.326 + -843.346 = -666.02 over 236 frames.
LOG (lattice-best-path[5.5.1182~1-e02e3]:main():lattice-best-path.cc:99) For utterance 096280012, best cost 134.258 + -536.999 = -402.741 over 168 frames.
LOG (lattice-best-path[5.5.1182~1-e02e3]:main():lattice-best-path.cc:99) For utterance 096280013, best cost 255.609 + -1107.47 = -851.866 over 333 frames.
LOG (lattice-best-path[5.5.1182~1-e02e3]:main():lattice-best-path.cc:99) For utterance 096280014, best cost 207.763 + -1019.12 = -811.353 over 282 frames.
LOG (lattice-best-path[5.5.1182~1-e02e3]:main():lattice-best-path.cc:99) For utterance 096280016, best cost 142.453 + -819.515 = -677.062 over 194 frames.
LOG (lattice-best-path[5.5.1182~1-e02e3]:main():lattice-best-path.cc:99) For utterance 096280017, best cost 210.618 + -1112.92 = -902.305 over 290 frames.
LOG (lattice-best-path[5.5.1182~1-e02e3]:main():lattice-best-path.cc:99) For utterance 096280018, best cost 179.638 + -943.162 = -763.524 over 244 frames.
LOG (lattice-best-path[5.5.1182~1-e02e3]:main():lattice-best-path.cc:99) For utterance 096280019, best cost 122.748 + -595.608 = -472.86 over 170 frames.
LOG (lattice-best-path[5.5.1182~1-e02e3]:main():lattice-best-path.cc:99) For utterance 096280020, best cost 251.576 + -1367.89 = -1116.31 over 335 frames.
LOG (lattice-best-path[5.5.1182~1-e02e3]:main():lattice-best-path.cc:99) For utterance 096280021, best cost 145.542 + -628.446 = -482.904 over 193 frames.
LOG (lattice-best-path[5.5.1182~1-e02e3]:main():lattice-best-path.cc:99) For utterance 096280022, best cost 283.678 + -1634.61 = -1350.94 over 392 frames.
LOG (lattice-best-path[5.5.1182~1-e02e3]:main():lattice-best-path.cc:99) For utterance 096280023, best cost 220.655 + -1078.32 = -857.661 over 296 frames.
LOG (lattice-best-path[5.5.1182~1-e02e3]:main():lattice-best-path.cc:99) For utterance 096280024, best cost 264.471 + -1320.96 = -1056.49 over 357 frames.
LOG (lattice-best-path[5.5.1182~1-e02e3]:main():lattice-best-path.cc:99) For utterance 096280025, best cost 159.958 + -750.863 = -590.904 over 224 frames.
LOG (lattice-best-path[5.5.1182~1-e02e3]:main():lattice-best-path.cc:99) For utterance 096280026, best cost 121.698 + -558.485 = -436.786 over 165 frames.
LOG (lattice-best-path[5.5.1182~1-e02e3]:main():lattice-best-path.cc:99) For utterance 096280027, best cost 120.29 + -522.049 = -401.759 over 157 frames.
LOG (lattice-best-path[5.5.1182~1-e02e3]:main():lattice-best-path.cc:99) For utterance 096280028, best cost 146.726 + -702.953 = -556.227 over 200 frames.
LOG (lattice-best-path[5.5.1182~1-e02e3]:main():lattice-best-path.cc:99) For utterance 096280029, best cost 138.401 + -653.155 = -514.753 over 184 frames.
LOG (lattice-best-path[5.5.1182~1-e02e3]:main():lattice-best-path.cc:99) For utterance 096280030, best cost 151.161 + -707.57 = -556.41 over 204 frames.
LOG (lattice-best-path[5.5.1182~1-e02e3]:main():lattice-best-path.cc:99) For utterance 096300001, best cost 101.834 + -358.39 = -256.556 over 134 frames.
LOG (lattice-best-path[5.5.1182~1-e02e3]:main():lattice-best-path.cc:99) For utterance 096300002, best cost 78.3518 + -340.472 = -262.121 over 100 frames.
LOG (lattice-best-path[5.5.1182~1-e02e3]:main():lattice-best-path.cc:99) For utterance 096300003, best cost 98.8176 + -417.504 = -318.686 over 137 frames.
LOG (lattice-best-path[5.5.1182~1-e02e3]:main():lattice-best-path.cc:99) For utterance 096300004, best cost 127.224 + -444.193 = -316.97 over 174 frames.
LOG (lattice-best-path[5.5.1182~1-e02e3]:main():lattice-best-path.cc:99) For utterance 096300005, best cost 98.0922 + -415.38 = -317.288 over 127 frames.
LOG (lattice-best-path[5.5.1182~1-e02e3]:main():lattice-best-path.cc:99) For utterance 096300006, best cost 107.923 + -475.3 = -367.377 over 152 frames.
LOG (lattice-best-path[5.5.1182~1-e02e3]:main():lattice-best-path.cc:99) For utterance 096300007, best cost 95.6123 + -413.523 = -317.91 over 129 frames.
LOG (lattice-best-path[5.5.1182~1-e02e3]:main():lattice-best-path.cc:99) For utterance 096300008, best cost 125.446 + -607.631 = -482.185 over 168 frames.
LOG (lattice-best-path[5.5.1182~1-e02e3]:main():lattice-best-path.cc:99) For utterance 096300009, best cost 76.5486 + -306.184 = -229.635 over 107 frames.
LOG (lattice-best-path[5.5.1182~1-e02e3]:main():lattice-best-path.cc:99) For utterance 096300011, best cost 78.0062 + -371.63 = -293.624 over 109 frames.
LOG (lattice-best-path[5.5.1182~1-e02e3]:main():lattice-best-path.cc:99) For utterance 096300012, best cost 129.025 + -600.2 = -471.175 over 179 frames.
LOG (lattice-best-path[5.5.1182~1-e02e3]:main():lattice-best-path.cc:99) For utterance 096300013, best cost 130.306 + -433.314 = -303.008 over 172 frames.
LOG (lattice-best-path[5.5.1182~1-e02e3]:main():lattice-best-path.cc:99) For utterance 096300014, best cost 80.9022 + -318.804 = -237.901 over 111 frames.
LOG (lattice-best-path[5.5.1182~1-e02e3]:main():lattice-best-path.cc:99) For utterance 096300015, best cost 91.0227 + -424.237 = -333.214 over 123 frames.
LOG (lattice-best-path[5.5.1182~1-e02e3]:main():lattice-best-path.cc:99) For utterance 096300016, best cost 152.693 + -570.332 = -417.639 over 206 frames.
LOG (lattice-best-path[5.5.1182~1-e02e3]:main():lattice-best-path.cc:99) For utterance 096300017, best cost 102.531 + -475.125 = -372.594 over 135 frames.
LOG (lattice-best-path[5.5.1182~1-e02e3]:main():lattice-best-path.cc:99) For utterance 096300018, best cost 78.4239 + -337.887 = -259.463 over 110 frames.
LOG (lattice-best-path[5.5.1182~1-e02e3]:main():lattice-best-path.cc:99) For utterance 096300019, best cost 85.9778 + -350.438 = -264.46 over 114 frames.
LOG (lattice-best-path[5.5.1182~1-e02e3]:main():lattice-best-path.cc:99) For utterance 096300020, best cost 90.6927 + -334.725 = -244.032 over 123 frames.
LOG (lattice-best-path[5.5.1182~1-e02e3]:main():lattice-best-path.cc:99) For utterance 096340004, best cost 177.571 + -850.189 = -672.617 over 235 frames.
LOG (lattice-best-path[5.5.1182~1-e02e3]:main():lattice-best-path.cc:99) For utterance 096340005, best cost 213.836 + -1084.18 = -870.343 over 277 frames.
LOG (lattice-best-path[5.5.1182~1-e02e3]:main():lattice-best-path.cc:99) For utterance 096340007, best cost 146.107 + -648.407 = -502.3 over 186 frames.
LOG (lattice-best-path[5.5.1182~1-e02e3]:main():lattice-best-path.cc:99) For utterance 096340008, best cost 187.624 + -869.983 = -682.358 over 242 frames.
LOG (lattice-best-path[5.5.1182~1-e02e3]:main():lattice-best-path.cc:99) For utterance 096340009, best cost 163.255 + -706.43 = -543.174 over 215 frames.
LOG (lattice-best-path[5.5.1182~1-e02e3]:main():lattice-best-path.cc:99) For utterance 096340010, best cost 163.806 + -867.528 = -703.722 over 219 frames.
LOG (lattice-best-path[5.5.1182~1-e02e3]:main():lattice-best-path.cc:99) For utterance 096340011, best cost 182.343 + -957.808 = -775.465 over 240 frames.
LOG (lattice-best-path[5.5.1182~1-e02e3]:main():lattice-best-path.cc:99) For utterance 096340013, best cost 130.079 + -531.296 = -401.218 over 173 frames.
LOG (lattice-best-path[5.5.1182~1-e02e3]:main():lattice-best-path.cc:99) For utterance 096340014, best cost 191.825 + -956.69 = -764.865 over 257 frames.
LOG (lattice-best-path[5.5.1182~1-e02e3]:main():lattice-best-path.cc:99) For utterance 096340015, best cost 171.584 + -926.618 = -755.035 over 232 frames.
LOG (lattice-best-path[5.5.1182~1-e02e3]:main():lattice-best-path.cc:99) For utterance 096340016, best cost 175.459 + -979.349 = -803.89 over 233 frames.
LOG (lattice-best-path[5.5.1182~1-e02e3]:main():lattice-best-path.cc:99) For utterance 096340017, best cost 275.85 + -1456.35 = -1180.5 over 364 frames.
LOG (lattice-best-path[5.5.1182~1-e02e3]:main():lattice-best-path.cc:99) For utterance 096340018, best cost 218.167 + -1039.22 = -821.054 over 292 frames.
LOG (lattice-best-path[5.5.1182~1-e02e3]:main():lattice-best-path.cc:99) For utterance 096340019, best cost 234.192 + -1162.34 = -928.143 over 315 frames.
LOG (lattice-best-path[5.5.1182~1-e02e3]:main():lattice-best-path.cc:99) For utterance 096340020, best cost 284.884 + -1603.57 = -1318.69 over 387 frames.
LOG (lattice-best-path[5.5.1182~1-e02e3]:main():lattice-best-path.cc:99) For utterance 096340021, best cost 203.781 + -908.024 = -704.243 over 263 frames.
LOG (lattice-best-path[5.5.1182~1-e02e3]:main():lattice-best-path.cc:99) For utterance 096340022, best cost 234.081 + -1238.2 = -1004.12 over 313 frames.
LOG (lattice-best-path[5.5.1182~1-e02e3]:main():lattice-best-path.cc:99) For utterance 096390001, best cost 71.5814 + -345.539 = -273.958 over 95 frames.
LOG (lattice-best-path[5.5.1182~1-e02e3]:main():lattice-best-path.cc:99) For utterance 096390002, best cost 95.597 + -447.977 = -352.38 over 132 frames.
LOG (lattice-best-path[5.5.1182~1-e02e3]:main():lattice-best-path.cc:99) For utterance 096390003, best cost 60.2757 + -297.97 = -237.694 over 86 frames.
LOG (lattice-best-path[5.5.1182~1-e02e3]:main():lattice-best-path.cc:99) For utterance 096390004, best cost 77.3561 + -365.046 = -287.69 over 103 frames.
LOG (lattice-best-path[5.5.1182~1-e02e3]:main():lattice-best-path.cc:99) For utterance 096390005, best cost 94.7498 + -390.276 = -295.526 over 130 frames.
LOG (lattice-best-path[5.5.1182~1-e02e3]:main():lattice-best-path.cc:99) For utterance 096390006, best cost 72.5618 + -315.437 = -242.875 over 100 frames.
LOG (lattice-best-path[5.5.1182~1-e02e3]:main():lattice-best-path.cc:99) For utterance 096390007, best cost 83.7486 + -423.616 = -339.867 over 108 frames.
LOG (lattice-best-path[5.5.1182~1-e02e3]:main():lattice-best-path.cc:99) For utterance 096390008, best cost 93.4871 + -449.662 = -356.175 over 125 frames.
LOG (lattice-best-path[5.5.1182~1-e02e3]:main():lattice-best-path.cc:99) For utterance 096390009, best cost 66.9222 + -325.322 = -258.4 over 95 frames.
LOG (lattice-best-path[5.5.1182~1-e02e3]:main():lattice-best-path.cc:99) For utterance 096390010, best cost 126.109 + -513.323 = -387.214 over 177 frames.
LOG (lattice-best-path[5.5.1182~1-e02e3]:main():lattice-best-path.cc:99) For utterance 096390011, best cost 56.1146 + -307.094 = -250.979 over 81 frames.
LOG (lattice-best-path[5.5.1182~1-e02e3]:main():lattice-best-path.cc:99) For utterance 096390012, best cost 77.9237 + -436.997 = -359.074 over 111 frames.
LOG (lattice-best-path[5.5.1182~1-e02e3]:main():lattice-best-path.cc:99) For utterance 096390013, best cost 100.877 + -374.533 = -273.656 over 137 frames.
LOG (lattice-best-path[5.5.1182~1-e02e3]:main():lattice-best-path.cc:99) For utterance 096390014, best cost 74.7108 + -367.288 = -292.577 over 102 frames.
LOG (lattice-best-path[5.5.1182~1-e02e3]:main():lattice-best-path.cc:99) For utterance 096390015, best cost 77.7288 + -360.547 = -282.819 over 109 frames.
LOG (lattice-best-path[5.5.1182~1-e02e3]:main():lattice-best-path.cc:99) For utterance 096390016, best cost 112.305 + -427.142 = -314.837 over 141 frames.
LOG (lattice-best-path[5.5.1182~1-e02e3]:main():lattice-best-path.cc:99) For utterance 096390017, best cost 96.2945 + -387.303 = -291.009 over 131 frames.
LOG (lattice-best-path[5.5.1182~1-e02e3]:main():lattice-best-path.cc:99) For utterance 096390019, best cost 73.4698 + -366.171 = -292.701 over 101 frames.
LOG (lattice-best-path[5.5.1182~1-e02e3]:main():lattice-best-path.cc:99) For utterance 096390020, best cost 120.335 + -433.57 = -313.236 over 158 frames.
LOG (lattice-best-path[5.5.1182~1-e02e3]:main():lattice-best-path.cc:99) For utterance 096430002, best cost 149.226 + -465.98 = -316.753 over 190 frames.
LOG (lattice-best-path[5.5.1182~1-e02e3]:main():lattice-best-path.cc:99) For utterance 096430003, best cost 187.856 + -696.431 = -508.575 over 255 frames.
LOG (lattice-best-path[5.5.1182~1-e02e3]:main():lattice-best-path.cc:99) For utterance 096430004, best cost 214.633 + -660.221 = -445.588 over 299 frames.
LOG (lattice-best-path[5.5.1182~1-e02e3]:main():lattice-best-path.cc:99) For utterance 096430005, best cost 274.267 + -945.008 = -670.741 over 373 frames.
LOG (lattice-best-path[5.5.1182~1-e02e3]:main():lattice-best-path.cc:99) For utterance 096430006, best cost 318.836 + -941.791 = -622.955 over 437 frames.
LOG (lattice-best-path[5.5.1182~1-e02e3]:main():lattice-best-path.cc:99) For utterance 096430007, best cost 245.66 + -738.934 = -493.273 over 336 frames.
LOG (lattice-best-path[5.5.1182~1-e02e3]:main():lattice-best-path.cc:99) For utterance 096430009, best cost 147.359 + -525.286 = -377.927 over 202 frames.
LOG (lattice-best-path[5.5.1182~1-e02e3]:main():lattice-best-path.cc:99) For utterance 096430010, best cost 230.61 + -715.77 = -485.16 over 316 frames.
LOG (lattice-best-path[5.5.1182~1-e02e3]:main():lattice-best-path.cc:99) For utterance 096430011, best cost 243.112 + -816.561 = -573.449 over 338 frames.
LOG (lattice-best-path[5.5.1182~1-e02e3]:main():lattice-best-path.cc:99) For utterance 096430012, best cost 187.375 + -706.128 = -518.753 over 254 frames.
LOG (lattice-best-path[5.5.1182~1-e02e3]:main():lattice-best-path.cc:99) For utterance 096430013, best cost 259.264 + -967.893 = -708.629 over 354 frames.
LOG (lattice-best-path[5.5.1182~1-e02e3]:main():lattice-best-path.cc:99) For utterance 096430014, best cost 194.77 + -734.399 = -539.63 over 267 frames.
LOG (lattice-best-path[5.5.1182~1-e02e3]:main():lattice-best-path.cc:99) For utterance 096430015, best cost 228.434 + -851.455 = -623.022 over 318 frames.
LOG (lattice-best-path[5.5.1182~1-e02e3]:main():lattice-best-path.cc:99) For utterance 096430016, best cost 219.665 + -736.844 = -517.179 over 295 frames.
LOG (lattice-best-path[5.5.1182~1-e02e3]:main():lattice-best-path.cc:99) For utterance 096430017, best cost 264.011 + -794.933 = -530.922 over 357 frames.
LOG (lattice-best-path[5.5.1182~1-e02e3]:main():lattice-best-path.cc:99) For utterance 096430018, best cost 192.711 + -623.945 = -431.234 over 269 frames.
LOG (lattice-best-path[5.5.1182~1-e02e3]:main():lattice-best-path.cc:99) For utterance 096430019, best cost 206.313 + -701.432 = -495.119 over 282 frames.
LOG (lattice-best-path[5.5.1182~1-e02e3]:main():lattice-best-path.cc:99) For utterance 096430020, best cost 222.529 + -847.345 = -624.816 over 305 frames.
LOG (lattice-best-path[5.5.1182~1-e02e3]:main():lattice-best-path.cc:99) For utterance 096430021, best cost 164.473 + -528.242 = -363.769 over 225 frames.
LOG (lattice-best-path[5.5.1182~1-e02e3]:main():lattice-best-path.cc:99) For utterance 096450001, best cost 80.3548 + -361.065 = -280.71 over 109 frames.
LOG (lattice-best-path[5.5.1182~1-e02e3]:main():lattice-best-path.cc:99) For utterance 096450002, best cost 126.574 + -440.156 = -313.583 over 169 frames.
LOG (lattice-best-path[5.5.1182~1-e02e3]:main():lattice-best-path.cc:99) For utterance 096450003, best cost 186.407 + -729.067 = -542.66 over 250 frames.
LOG (lattice-best-path[5.5.1182~1-e02e3]:main():lattice-best-path.cc:99) For utterance 096450004, best cost 79.9956 + -258.395 = -178.399 over 113 frames.
LOG (lattice-best-path[5.5.1182~1-e02e3]:main():lattice-best-path.cc:99) For utterance 096450005, best cost 151.687 + -577.007 = -425.32 over 204 frames.
LOG (lattice-best-path[5.5.1182~1-e02e3]:main():lattice-best-path.cc:99) For utterance 096450006, best cost 121.565 + -386.106 = -264.541 over 154 frames.
LOG (lattice-best-path[5.5.1182~1-e02e3]:main():lattice-best-path.cc:99) For utterance 096450007, best cost 148.997 + -489.886 = -340.889 over 192 frames.
LOG (lattice-best-path[5.5.1182~1-e02e3]:main():lattice-best-path.cc:99) For utterance 096450008, best cost 91.8022 + -400.085 = -308.283 over 122 frames.
LOG (lattice-best-path[5.5.1182~1-e02e3]:main():lattice-best-path.cc:99) For utterance 096450010, best cost 164.389 + -624.389 = -460 over 221 frames.
LOG (lattice-best-path[5.5.1182~1-e02e3]:main():lattice-best-path.cc:99) For utterance 096450011, best cost 165.979 + -619.655 = -453.676 over 231 frames.
LOG (lattice-best-path[5.5.1182~1-e02e3]:main():lattice-best-path.cc:99) For utterance 096450012, best cost 140.524 + -615.619 = -475.095 over 182 frames.
LOG (lattice-best-path[5.5.1182~1-e02e3]:main():lattice-best-path.cc:99) For utterance 096450013, best cost 187.827 + -875.463 = -687.637 over 241 frames.
LOG (lattice-best-path[5.5.1182~1-e02e3]:main():lattice-best-path.cc:99) For utterance 096450014, best cost 181.969 + -650.931 = -468.962 over 247 frames.
LOG (lattice-best-path[5.5.1182~1-e02e3]:main():lattice-best-path.cc:99) For utterance 096450015, best cost 92.7397 + -369.86 = -277.121 over 122 frames.
LOG (lattice-best-path[5.5.1182~1-e02e3]:main():lattice-best-path.cc:99) For utterance 096450016, best cost 166.234 + -578.708 = -412.474 over 225 frames.
LOG (lattice-best-path[5.5.1182~1-e02e3]:main():lattice-best-path.cc:99) For utterance 096450017, best cost 120.606 + -443.726 = -323.12 over 161 frames.
LOG (lattice-best-path[5.5.1182~1-e02e3]:main():lattice-best-path.cc:99) For utterance 096450018, best cost 107.668 + -486.029 = -378.361 over 140 frames.
LOG (lattice-best-path[5.5.1182~1-e02e3]:main():lattice-best-path.cc:99) For utterance 096450019, best cost 147.755 + -658.517 = -510.762 over 205 frames.
LOG (lattice-best-path[5.5.1182~1-e02e3]:main():lattice-best-path.cc:99) For utterance 096450020, best cost 168.265 + -730.709 = -562.444 over 234 frames.
LOG (lattice-best-path[5.5.1182~1-e02e3]:main():lattice-best-path.cc:99) For utterance 096450021, best cost 107.536 + -403.341 = -295.805 over 148 frames.
LOG (lattice-best-path[5.5.1182~1-e02e3]:main():lattice-best-path.cc:99) For utterance 096460002, best cost 186.678 + -745.998 = -559.32 over 247 frames.
LOG (lattice-best-path[5.5.1182~1-e02e3]:main():lattice-best-path.cc:99) For utterance 096460003, best cost 202.733 + -1060.76 = -858.024 over 269 frames.
LOG (lattice-best-path[5.5.1182~1-e02e3]:main():lattice-best-path.cc:99) For utterance 096460004, best cost 159.814 + -795.07 = -635.256 over 214 frames.
LOG (lattice-best-path[5.5.1182~1-e02e3]:main():lattice-best-path.cc:99) For utterance 096460005, best cost 186.293 + -1078.05 = -891.759 over 256 frames.
LOG (lattice-best-path[5.5.1182~1-e02e3]:main():lattice-best-path.cc:99) For utterance 096460006, best cost 251.146 + -1511.82 = -1260.67 over 344 frames.
LOG (lattice-best-path[5.5.1182~1-e02e3]:main():lattice-best-path.cc:99) For utterance 096460007, best cost 112.063 + -619.54 = -507.477 over 153 frames.
LOG (lattice-best-path[5.5.1182~1-e02e3]:main():lattice-best-path.cc:99) For utterance 096460009, best cost 111.04 + -512.473 = -401.433 over 150 frames.
LOG (lattice-best-path[5.5.1182~1-e02e3]:main():lattice-best-path.cc:99) For utterance 096460010, best cost 60.8948 + -283.667 = -222.772 over 86 frames.
LOG (lattice-best-path[5.5.1182~1-e02e3]:main():lattice-best-path.cc:99) For utterance 096460011, best cost 128.974 + -536.728 = -407.753 over 167 frames.
LOG (lattice-best-path[5.5.1182~1-e02e3]:main():lattice-best-path.cc:99) For utterance 096460012, best cost 146.918 + -773.073 = -626.155 over 202 frames.
LOG (lattice-best-path[5.5.1182~1-e02e3]:main():lattice-best-path.cc:99) For utterance 096460013, best cost 105.919 + -455.868 = -349.949 over 134 frames.
LOG (lattice-best-path[5.5.1182~1-e02e3]:main():lattice-best-path.cc:99) For utterance 096460014, best cost 124.295 + -732.886 = -608.591 over 172 frames.
LOG (lattice-best-path[5.5.1182~1-e02e3]:main():lattice-best-path.cc:99) For utterance 096460015, best cost 74.2736 + -327.399 = -253.125 over 96 frames.
LOG (lattice-best-path[5.5.1182~1-e02e3]:main():lattice-best-path.cc:99) For utterance 096460016, best cost 119.104 + -570.602 = -451.498 over 167 frames.
LOG (lattice-best-path[5.5.1182~1-e02e3]:main():lattice-best-path.cc:99) For utterance 096460017, best cost 93.3653 + -465.864 = -372.498 over 124 frames.
LOG (lattice-best-path[5.5.1182~1-e02e3]:main():lattice-best-path.cc:99) For utterance 096460018, best cost 75.4142 + -331.139 = -255.725 over 96 frames.
LOG (lattice-best-path[5.5.1182~1-e02e3]:main():lattice-best-path.cc:99) For utterance 096460019, best cost 85.4596 + -385.585 = -300.125 over 112 frames.
LOG (lattice-best-path[5.5.1182~1-e02e3]:main():lattice-best-path.cc:99) For utterance 096460021, best cost 86.1621 + -367.393 = -281.231 over 115 frames.
LOG (lattice-best-path[5.5.1182~1-e02e3]:main():lattice-best-path.cc:99) For utterance 096490001, best cost 162.859 + -658.891 = -496.032 over 213 frames.
LOG (lattice-best-path[5.5.1182~1-e02e3]:main():lattice-best-path.cc:99) For utterance 096490002, best cost 217.192 + -833.056 = -615.864 over 292 frames.
LOG (lattice-best-path[5.5.1182~1-e02e3]:main():lattice-best-path.cc:99) For utterance 096490003, best cost 188.991 + -670.701 = -481.71 over 248 frames.
LOG (lattice-best-path[5.5.1182~1-e02e3]:main():lattice-best-path.cc:99) For utterance 096490004, best cost 173.44 + -646.373 = -472.933 over 236 frames.
LOG (lattice-best-path[5.5.1182~1-e02e3]:main():lattice-best-path.cc:99) For utterance 096490005, best cost 239.704 + -995.795 = -756.091 over 334 frames.
LOG (lattice-best-path[5.5.1182~1-e02e3]:main():lattice-best-path.cc:99) For utterance 096490006, best cost 106.77 + -396.325 = -289.555 over 150 frames.
LOG (lattice-best-path[5.5.1182~1-e02e3]:main():lattice-best-path.cc:99) For utterance 096490007, best cost 196.705 + -702.757 = -506.052 over 271 frames.
LOG (lattice-best-path[5.5.1182~1-e02e3]:main():lattice-best-path.cc:99) For utterance 096490008, best cost 148.502 + -521.661 = -373.159 over 201 frames.
LOG (lattice-best-path[5.5.1182~1-e02e3]:main():lattice-best-path.cc:99) For utterance 096490010, best cost 103.277 + -428.566 = -325.289 over 148 frames.
LOG (lattice-best-path[5.5.1182~1-e02e3]:main():lattice-best-path.cc:99) For utterance 096490011, best cost 196.772 + -643.735 = -446.963 over 261 frames.
LOG (lattice-best-path[5.5.1182~1-e02e3]:main():lattice-best-path.cc:99) For utterance 096490012, best cost 116.308 + -439.347 = -323.039 over 162 frames.
LOG (lattice-best-path[5.5.1182~1-e02e3]:main():lattice-best-path.cc:99) For utterance 096490013, best cost 94.6704 + -373.43 = -278.759 over 131 frames.
LOG (lattice-best-path[5.5.1182~1-e02e3]:main():lattice-best-path.cc:99) For utterance 096490014, best cost 125.417 + -535.602 = -410.186 over 176 frames.
LOG (lattice-best-path[5.5.1182~1-e02e3]:main():lattice-best-path.cc:99) For utterance 096490015, best cost 143.06 + -533.984 = -390.924 over 194 frames.
LOG (lattice-best-path[5.5.1182~1-e02e3]:main():lattice-best-path.cc:99) For utterance 096490016, best cost 145.235 + -598.407 = -453.171 over 198 frames.
LOG (lattice-best-path[5.5.1182~1-e02e3]:main():lattice-best-path.cc:99) For utterance 096490017, best cost 91.774 + -375.692 = -283.918 over 126 frames.
LOG (lattice-best-path[5.5.1182~1-e02e3]:main():lattice-best-path.cc:99) For utterance 096490018, best cost 81.7894 + -348.81 = -267.021 over 109 frames.
LOG (lattice-best-path[5.5.1182~1-e02e3]:main():lattice-best-path.cc:99) For utterance 096490019, best cost 112.397 + -486.873 = -374.476 over 155 frames.
LOG (lattice-best-path[5.5.1182~1-e02e3]:main():lattice-best-path.cc:99) For utterance 096490020, best cost 96.9964 + -380.259 = -283.262 over 132 frames.
LOG (lattice-best-path[5.5.1182~1-e02e3]:main():lattice-best-path.cc:124) Overall cost per frame is -2.44302 = 0.746129 [graph] + -3.18915 [acoustic] over 44072 frames.
LOG (lattice-best-path[5.5.1182~1-e02e3]:main():lattice-best-path.cc:128) Done 220 lattices, failed for 0
# Accounting: time=1 threads=1
# Ended (code 0) at Thu Oct 23 10:38:39 IST 2025, elapsed time 1 seconds
