# lattice-best-path --acoustic-scale=1.0 "ark:gunzip -c tune/align_lats_speechocean762/lat.7.gz |" ark:/dev/null "ark:|gzip -c >tune/align_lats_speechocean762/ali.7.gz" 
# Started at Thu Oct 23 10:38:38 IST 2025
#
lattice-best-path --acoustic-scale=1.0 'ark:gunzip -c tune/align_lats_speechocean762/lat.7.gz |' ark:/dev/null 'ark:|gzip -c >tune/align_lats_speechocean762/ali.7.gz' 
LOG (lattice-best-path[5.5.1182~1-e02e3]:main():lattice-best-path.cc:99) For utterance 030830001, best cost 74.6623 + -393.709 = -319.047 over 105 frames.
LOG (lattice-best-path[5.5.1182~1-e02e3]:main():lattice-best-path.cc:99) For utterance 030830004, best cost 55.6057 + -304.878 = -249.273 over 77 frames.
LOG (lattice-best-path[5.5.1182~1-e02e3]:main():lattice-best-path.cc:99) For utterance 030830013, best cost 127.462 + -576.353 = -448.891 over 164 frames.
LOG (lattice-best-path[5.5.1182~1-e02e3]:main():lattice-best-path.cc:99) For utterance 030830021, best cost 149.822 + -710.507 = -560.685 over 195 frames.
LOG (lattice-best-path[5.5.1182~1-e02e3]:main():lattice-best-path.cc:99) For utterance 030830030, best cost 61.953 + -279.858 = -217.905 over 79 frames.
LOG (lattice-best-path[5.5.1182~1-e02e3]:main():lattice-best-path.cc:99) For utterance 030830033, best cost 101.005 + -544.815 = -443.81 over 142 frames.
LOG (lattice-best-path[5.5.1182~1-e02e3]:main():lattice-best-path.cc:99) For utterance 030830043, best cost 70.7546 + -353.357 = -282.602 over 98 frames.
LOG (lattice-best-path[5.5.1182~1-e02e3]:main():lattice-best-path.cc:99) For utterance 030830074, best cost 61.1748 + -333.036 = -271.861 over 83 frames.
LOG (lattice-best-path[5.5.1182~1-e02e3]:main():lattice-best-path.cc:99) For utterance 030830093, best cost 94.2812 + -414.309 = -320.028 over 129 frames.
LOG (lattice-best-path[5.5.1182~1-e02e3]:main():lattice-best-path.cc:99) For utterance 030830094, best cost 64.3265 + -320.707 = -256.381 over 86 frames.
LOG (lattice-best-path[5.5.1182~1-e02e3]:main():lattice-best-path.cc:99) For utterance 030830102, best cost 73.7575 + -360.492 = -286.734 over 98 frames.
LOG (lattice-best-path[5.5.1182~1-e02e3]:main():lattice-best-path.cc:99) For utterance 030830116, best cost 99.3427 + -414.796 = -315.453 over 129 frames.
LOG (lattice-best-path[5.5.1182~1-e02e3]:main():lattice-best-path.cc:99) For utterance 030830118, best cost 99.5558 + -430.569 = -331.013 over 133 frames.
LOG (lattice-best-path[5.5.1182~1-e02e3]:main():lattice-best-path.cc:99) For utterance 030830124, best cost 135.088 + -506.016 = -370.928 over 178 frames.
LOG (lattice-best-path[5.5.1182~1-e02e3]:main():lattice-best-path.cc:99) For utterance 030830129, best cost 76.3881 + -372.425 = -296.037 over 104 frames.
LOG (lattice-best-path[5.5.1182~1-e02e3]:main():lattice-best-path.cc:99) For utterance 030830135, best cost 74.8078 + -339.759 = -264.951 over 96 frames.
LOG (lattice-best-path[5.5.1182~1-e02e3]:main():lattice-best-path.cc:99) For utterance 030830147, best cost 67.8494 + -342.694 = -274.845 over 93 frames.
LOG (lattice-best-path[5.5.1182~1-e02e3]:main():lattice-best-path.cc:99) For utterance 030830154, best cost 48.6629 + -263.293 = -214.63 over 70 frames.
LOG (lattice-best-path[5.5.1182~1-e02e3]:main():lattice-best-path.cc:99) For utterance 030830169, best cost 57.2975 + -320.96 = -263.662 over 80 frames.
LOG (lattice-best-path[5.5.1182~1-e02e3]:main():lattice-best-path.cc:99) For utterance 030880003, best cost 73.5067 + -279.099 = -205.592 over 102 frames.
LOG (lattice-best-path[5.5.1182~1-e02e3]:main():lattice-best-path.cc:99) For utterance 030880018, best cost 73.1127 + -350.237 = -277.124 over 104 frames.
LOG (lattice-best-path[5.5.1182~1-e02e3]:main():lattice-best-path.cc:99) For utterance 030880019, best cost 64.7149 + -394.364 = -329.649 over 92 frames.
LOG (lattice-best-path[5.5.1182~1-e02e3]:main():lattice-best-path.cc:99) For utterance 030880025, best cost 106.046 + -460.702 = -354.656 over 136 frames.
LOG (lattice-best-path[5.5.1182~1-e02e3]:main():lattice-best-path.cc:99) For utterance 030880041, best cost 141.7 + -617.789 = -476.089 over 178 frames.
LOG (lattice-best-path[5.5.1182~1-e02e3]:main():lattice-best-path.cc:99) For utterance 030880049, best cost 66.8656 + -350.072 = -283.206 over 95 frames.
LOG (lattice-best-path[5.5.1182~1-e02e3]:main():lattice-best-path.cc:99) For utterance 030880057, best cost 72.8557 + -351.053 = -278.198 over 100 frames.
LOG (lattice-best-path[5.5.1182~1-e02e3]:main():lattice-best-path.cc:99) For utterance 030880058, best cost 76.005 + -418.501 = -342.496 over 110 frames.
LOG (lattice-best-path[5.5.1182~1-e02e3]:main():lattice-best-path.cc:99) For utterance 030880067, best cost 88.7787 + -392.393 = -303.614 over 118 frames.
LOG (lattice-best-path[5.5.1182~1-e02e3]:main():lattice-best-path.cc:99) For utterance 030880086, best cost 63.821 + -333.88 = -270.059 over 84 frames.
LOG (lattice-best-path[5.5.1182~1-e02e3]:main():lattice-best-path.cc:99) For utterance 030880092, best cost 63.447 + -373.391 = -309.944 over 84 frames.
LOG (lattice-best-path[5.5.1182~1-e02e3]:main():lattice-best-path.cc:99) For utterance 030880096, best cost 69.8994 + -350.16 = -280.261 over 92 frames.
LOG (lattice-best-path[5.5.1182~1-e02e3]:main():lattice-best-path.cc:99) For utterance 030880099, best cost 81.5066 + -361.245 = -279.739 over 107 frames.
LOG (lattice-best-path[5.5.1182~1-e02e3]:main():lattice-best-path.cc:99) For utterance 030880105, best cost 51.4516 + -291.359 = -239.907 over 67 frames.
LOG (lattice-best-path[5.5.1182~1-e02e3]:main():lattice-best-path.cc:99) For utterance 030880123, best cost 66.734 + -387.264 = -320.53 over 94 frames.
LOG (lattice-best-path[5.5.1182~1-e02e3]:main():lattice-best-path.cc:99) For utterance 030880131, best cost 58.4258 + -317.601 = -259.175 over 83 frames.
LOG (lattice-best-path[5.5.1182~1-e02e3]:main():lattice-best-path.cc:99) For utterance 030880146, best cost 71.0859 + -372.135 = -301.049 over 97 frames.
LOG (lattice-best-path[5.5.1182~1-e02e3]:main():lattice-best-path.cc:99) For utterance 030880172, best cost 58.517 + -353.615 = -295.098 over 81 frames.
LOG (lattice-best-path[5.5.1182~1-e02e3]:main():lattice-best-path.cc:99) For utterance 030880173, best cost 69.3989 + -298.794 = -229.395 over 99 frames.
LOG (lattice-best-path[5.5.1182~1-e02e3]:main():lattice-best-path.cc:99) For utterance 032080019, best cost 50.9857 + -311.069 = -260.083 over 72 frames.
LOG (lattice-best-path[5.5.1182~1-e02e3]:main():lattice-best-path.cc:99) For utterance 032080038, best cost 61.6327 + -349.699 = -288.066 over 88 frames.
LOG (lattice-best-path[5.5.1182~1-e02e3]:main():lattice-best-path.cc:99) For utterance 032080043, best cost 67.7552 + -400.395 = -332.639 over 95 frames.
LOG (lattice-best-path[5.5.1182~1-e02e3]:main():lattice-best-path.cc:99) For utterance 032080056, best cost 56.0975 + -324.377 = -268.279 over 79 frames.
LOG (lattice-best-path[5.5.1182~1-e02e3]:main():lattice-best-path.cc:99) For utterance 032080058, best cost 62.6302 + -323.51 = -260.88 over 86 frames.
LOG (lattice-best-path[5.5.1182~1-e02e3]:main():lattice-best-path.cc:99) For utterance 032080071, best cost 74.2416 + -379.881 = -305.64 over 104 frames.
LOG (lattice-best-path[5.5.1182~1-e02e3]:main():lattice-best-path.cc:99) For utterance 032080078, best cost 78.969 + -416.618 = -337.649 over 109 frames.
LOG (lattice-best-path[5.5.1182~1-e02e3]:main():lattice-best-path.cc:99) For utterance 032080079, best cost 80.1127 + -444.504 = -364.392 over 113 frames.
LOG (lattice-best-path[5.5.1182~1-e02e3]:main():lattice-best-path.cc:99) For utterance 032080083, best cost 100.941 + -565.927 = -464.986 over 140 frames.
LOG (lattice-best-path[5.5.1182~1-e02e3]:main():lattice-best-path.cc:99) For utterance 032080092, best cost 109.824 + -551.096 = -441.272 over 149 frames.
LOG (lattice-best-path[5.5.1182~1-e02e3]:main():lattice-best-path.cc:99) For utterance 032080093, best cost 70.9798 + -422.013 = -351.033 over 100 frames.
LOG (lattice-best-path[5.5.1182~1-e02e3]:main():lattice-best-path.cc:99) For utterance 032080099, best cost 56.7531 + -365.711 = -308.957 over 82 frames.
LOG (lattice-best-path[5.5.1182~1-e02e3]:main():lattice-best-path.cc:99) For utterance 032080103, best cost 65.2967 + -368.496 = -303.199 over 93 frames.
LOG (lattice-best-path[5.5.1182~1-e02e3]:main():lattice-best-path.cc:99) For utterance 032080119, best cost 112.883 + -573.625 = -460.743 over 157 frames.
LOG (lattice-best-path[5.5.1182~1-e02e3]:main():lattice-best-path.cc:99) For utterance 032080132, best cost 65.5779 + -412.083 = -346.505 over 93 frames.
LOG (lattice-best-path[5.5.1182~1-e02e3]:main():lattice-best-path.cc:99) For utterance 032080145, best cost 85.2443 + -449.153 = -363.909 over 119 frames.
LOG (lattice-best-path[5.5.1182~1-e02e3]:main():lattice-best-path.cc:99) For utterance 032080150, best cost 56.1175 + -338.929 = -282.812 over 77 frames.
LOG (lattice-best-path[5.5.1182~1-e02e3]:main():lattice-best-path.cc:99) For utterance 032080161, best cost 70.6167 + -404.113 = -333.496 over 99 frames.
LOG (lattice-best-path[5.5.1182~1-e02e3]:main():lattice-best-path.cc:99) For utterance 034230011, best cost 77.1845 + -410.619 = -333.434 over 106 frames.
LOG (lattice-best-path[5.5.1182~1-e02e3]:main():lattice-best-path.cc:99) For utterance 034230034, best cost 76.7744 + -429.429 = -352.654 over 106 frames.
LOG (lattice-best-path[5.5.1182~1-e02e3]:main():lattice-best-path.cc:99) For utterance 034230035, best cost 61.5064 + -312.122 = -250.616 over 85 frames.
LOG (lattice-best-path[5.5.1182~1-e02e3]:main():lattice-best-path.cc:99) For utterance 034230043, best cost 72.7805 + -425.648 = -352.868 over 100 frames.
LOG (lattice-best-path[5.5.1182~1-e02e3]:main():lattice-best-path.cc:99) For utterance 034230051, best cost 123.483 + -680.079 = -556.596 over 171 frames.
LOG (lattice-best-path[5.5.1182~1-e02e3]:main():lattice-best-path.cc:99) For utterance 034230058, best cost 78.5429 + -427.446 = -348.903 over 111 frames.
LOG (lattice-best-path[5.5.1182~1-e02e3]:main():lattice-best-path.cc:99) For utterance 034230063, best cost 93.6023 + -478.781 = -385.179 over 130 frames.
LOG (lattice-best-path[5.5.1182~1-e02e3]:main():lattice-best-path.cc:99) For utterance 034230072, best cost 71.6816 + -412.097 = -340.415 over 97 frames.
LOG (lattice-best-path[5.5.1182~1-e02e3]:main():lattice-best-path.cc:99) For utterance 034230079, best cost 72.2481 + -423.474 = -351.226 over 101 frames.
LOG (lattice-best-path[5.5.1182~1-e02e3]:main():lattice-best-path.cc:99) For utterance 034230081, best cost 71.3731 + -411.137 = -339.764 over 101 frames.
LOG (lattice-best-path[5.5.1182~1-e02e3]:main():lattice-best-path.cc:99) For utterance 034230083, best cost 73.7247 + -438.628 = -364.903 over 101 frames.
LOG (lattice-best-path[5.5.1182~1-e02e3]:main():lattice-best-path.cc:99) For utterance 034230085, best cost 70.7374 + -439.369 = -368.632 over 101 frames.
LOG (lattice-best-path[5.5.1182~1-e02e3]:main():lattice-best-path.cc:99) For utterance 034230108, best cost 83.369 + -432.208 = -348.839 over 111 frames.
LOG (lattice-best-path[5.5.1182~1-e02e3]:main():lattice-best-path.cc:99) For utterance 034230112, best cost 81.0641 + -408.04 = -326.976 over 112 frames.
LOG (lattice-best-path[5.5.1182~1-e02e3]:main():lattice-best-path.cc:99) For utterance 034230115, best cost 88.9784 + -463.202 = -374.223 over 125 frames.
LOG (lattice-best-path[5.5.1182~1-e02e3]:main():lattice-best-path.cc:99) For utterance 034230123, best cost 111.619 + -571.192 = -459.573 over 151 frames.
LOG (lattice-best-path[5.5.1182~1-e02e3]:main():lattice-best-path.cc:99) For utterance 034230141, best cost 131.823 + -658.166 = -526.343 over 176 frames.
LOG (lattice-best-path[5.5.1182~1-e02e3]:main():lattice-best-path.cc:99) For utterance 034230154, best cost 83.6868 + -432.033 = -348.346 over 114 frames.
LOG (lattice-best-path[5.5.1182~1-e02e3]:main():lattice-best-path.cc:99) For utterance 034230164, best cost 92.7785 + -537.848 = -445.069 over 128 frames.
LOG (lattice-best-path[5.5.1182~1-e02e3]:main():lattice-best-path.cc:99) For utterance 034230168, best cost 80.5966 + -439.199 = -358.602 over 111 frames.
LOG (lattice-best-path[5.5.1182~1-e02e3]:main():lattice-best-path.cc:99) For utterance 036360016, best cost 94.6341 + -517.409 = -422.774 over 132 frames.
LOG (lattice-best-path[5.5.1182~1-e02e3]:main():lattice-best-path.cc:99) For utterance 036360027, best cost 72.0211 + -416.229 = -344.208 over 103 frames.
LOG (lattice-best-path[5.5.1182~1-e02e3]:main():lattice-best-path.cc:99) For utterance 036360029, best cost 119.006 + -604.421 = -485.415 over 160 frames.
LOG (lattice-best-path[5.5.1182~1-e02e3]:main():lattice-best-path.cc:99) For utterance 036360032, best cost 87.3045 + -423.644 = -336.34 over 125 frames.
LOG (lattice-best-path[5.5.1182~1-e02e3]:main():lattice-best-path.cc:99) For utterance 036360033, best cost 113.774 + -428.94 = -315.167 over 145 frames.
LOG (lattice-best-path[5.5.1182~1-e02e3]:main():lattice-best-path.cc:99) For utterance 036360034, best cost 74.9478 + -393.868 = -318.92 over 108 frames.
LOG (lattice-best-path[5.5.1182~1-e02e3]:main():lattice-best-path.cc:99) For utterance 036360044, best cost 145.983 + -563.337 = -417.353 over 193 frames.
LOG (lattice-best-path[5.5.1182~1-e02e3]:main():lattice-best-path.cc:99) For utterance 036360055, best cost 73.1699 + -361.889 = -288.719 over 106 frames.
LOG (lattice-best-path[5.5.1182~1-e02e3]:main():lattice-best-path.cc:99) For utterance 036360061, best cost 87.7174 + -433.474 = -345.757 over 126 frames.
LOG (lattice-best-path[5.5.1182~1-e02e3]:main():lattice-best-path.cc:99) For utterance 036360062, best cost 79.1411 + -419.609 = -340.468 over 113 frames.
LOG (lattice-best-path[5.5.1182~1-e02e3]:main():lattice-best-path.cc:99) For utterance 036360071, best cost 163.29 + -783.826 = -620.536 over 217 frames.
LOG (lattice-best-path[5.5.1182~1-e02e3]:main():lattice-best-path.cc:99) For utterance 036360106, best cost 154.595 + -950.88 = -796.286 over 217 frames.
LOG (lattice-best-path[5.5.1182~1-e02e3]:main():lattice-best-path.cc:99) For utterance 036360111, best cost 168.949 + -719.993 = -551.045 over 233 frames.
LOG (lattice-best-path[5.5.1182~1-e02e3]:main():lattice-best-path.cc:99) For utterance 036360114, best cost 84.2939 + -463.282 = -378.989 over 120 frames.
LOG (lattice-best-path[5.5.1182~1-e02e3]:main():lattice-best-path.cc:99) For utterance 036360142, best cost 100.303 + -477.545 = -377.242 over 137 frames.
LOG (lattice-best-path[5.5.1182~1-e02e3]:main():lattice-best-path.cc:99) For utterance 036360151, best cost 98.6836 + -440.38 = -341.696 over 138 frames.
LOG (lattice-best-path[5.5.1182~1-e02e3]:main():lattice-best-path.cc:99) For utterance 036360160, best cost 76.273 + -429.93 = -353.657 over 108 frames.
LOG (lattice-best-path[5.5.1182~1-e02e3]:main():lattice-best-path.cc:99) For utterance 036360167, best cost 113.373 + -513.322 = -399.949 over 157 frames.
LOG (lattice-best-path[5.5.1182~1-e02e3]:main():lattice-best-path.cc:99) For utterance 036360174, best cost 69.7031 + -370.807 = -301.104 over 97 frames.
LOG (lattice-best-path[5.5.1182~1-e02e3]:main():lattice-best-path.cc:99) For utterance 038370004, best cost 104.706 + -572.396 = -467.69 over 144 frames.
LOG (lattice-best-path[5.5.1182~1-e02e3]:main():lattice-best-path.cc:99) For utterance 038370013, best cost 84.7086 + -490.799 = -406.09 over 117 frames.
LOG (lattice-best-path[5.5.1182~1-e02e3]:main():lattice-best-path.cc:99) For utterance 038370019, best cost 84.4642 + -406.892 = -322.428 over 118 frames.
LOG (lattice-best-path[5.5.1182~1-e02e3]:main():lattice-best-path.cc:99) For utterance 038370045, best cost 110.518 + -542.813 = -432.295 over 148 frames.
LOG (lattice-best-path[5.5.1182~1-e02e3]:main():lattice-best-path.cc:99) For utterance 038370052, best cost 77.4714 + -477.391 = -399.92 over 112 frames.
LOG (lattice-best-path[5.5.1182~1-e02e3]:main():lattice-best-path.cc:99) For utterance 038370056, best cost 86.6389 + -474.168 = -387.529 over 123 frames.
LOG (lattice-best-path[5.5.1182~1-e02e3]:main():lattice-best-path.cc:99) For utterance 038370061, best cost 74.2473 + -465.606 = -391.359 over 105 frames.
LOG (lattice-best-path[5.5.1182~1-e02e3]:main():lattice-best-path.cc:99) For utterance 038370068, best cost 96.0741 + -531.063 = -434.989 over 134 frames.
LOG (lattice-best-path[5.5.1182~1-e02e3]:main():lattice-best-path.cc:99) For utterance 038370070, best cost 81.4347 + -465.049 = -383.614 over 119 frames.
LOG (lattice-best-path[5.5.1182~1-e02e3]:main():lattice-best-path.cc:99) For utterance 038370081, best cost 72.9762 + -390.944 = -317.968 over 103 frames.
LOG (lattice-best-path[5.5.1182~1-e02e3]:main():lattice-best-path.cc:99) For utterance 038370097, best cost 60.581 + -350.657 = -290.076 over 83 frames.
LOG (lattice-best-path[5.5.1182~1-e02e3]:main():lattice-best-path.cc:99) For utterance 038370105, best cost 60.2115 + -361.514 = -301.302 over 85 frames.
LOG (lattice-best-path[5.5.1182~1-e02e3]:main():lattice-best-path.cc:99) For utterance 038370107, best cost 72.7923 + -374.901 = -302.109 over 100 frames.
LOG (lattice-best-path[5.5.1182~1-e02e3]:main():lattice-best-path.cc:99) For utterance 038370142, best cost 95.2143 + -341.106 = -245.892 over 127 frames.
LOG (lattice-best-path[5.5.1182~1-e02e3]:main():lattice-best-path.cc:99) For utterance 038370153, best cost 161.429 + -803.635 = -642.206 over 216 frames.
LOG (lattice-best-path[5.5.1182~1-e02e3]:main():lattice-best-path.cc:99) For utterance 038370160, best cost 60.8519 + -381.781 = -320.929 over 86 frames.
LOG (lattice-best-path[5.5.1182~1-e02e3]:main():lattice-best-path.cc:99) For utterance 038370167, best cost 104.786 + -505.732 = -400.946 over 143 frames.
LOG (lattice-best-path[5.5.1182~1-e02e3]:main():lattice-best-path.cc:99) For utterance 038370170, best cost 83.7698 + -457.809 = -374.04 over 114 frames.
LOG (lattice-best-path[5.5.1182~1-e02e3]:main():lattice-best-path.cc:99) For utterance 040050015, best cost 83.5281 + -479.406 = -395.878 over 116 frames.
LOG (lattice-best-path[5.5.1182~1-e02e3]:main():lattice-best-path.cc:99) For utterance 040050041, best cost 115.036 + -672.496 = -557.46 over 162 frames.
LOG (lattice-best-path[5.5.1182~1-e02e3]:main():lattice-best-path.cc:99) For utterance 040050060, best cost 85.1472 + -485.956 = -400.809 over 121 frames.
LOG (lattice-best-path[5.5.1182~1-e02e3]:main():lattice-best-path.cc:99) For utterance 040050071, best cost 65.5433 + -453.06 = -387.516 over 95 frames.
LOG (lattice-best-path[5.5.1182~1-e02e3]:main():lattice-best-path.cc:99) For utterance 040050094, best cost 70.2798 + -398.71 = -328.43 over 99 frames.
LOG (lattice-best-path[5.5.1182~1-e02e3]:main():lattice-best-path.cc:99) For utterance 040050107, best cost 77.8204 + -408.824 = -331.003 over 110 frames.
LOG (lattice-best-path[5.5.1182~1-e02e3]:main():lattice-best-path.cc:99) For utterance 040050110, best cost 64.7972 + -393.935 = -329.138 over 86 frames.
LOG (lattice-best-path[5.5.1182~1-e02e3]:main():lattice-best-path.cc:99) For utterance 040050125, best cost 72.6317 + -393.577 = -320.945 over 102 frames.
LOG (lattice-best-path[5.5.1182~1-e02e3]:main():lattice-best-path.cc:99) For utterance 040050180, best cost 96.6311 + -519.641 = -423.009 over 137 frames.
LOG (lattice-best-path[5.5.1182~1-e02e3]:main():lattice-best-path.cc:99) For utterance 040050203, best cost 59.3519 + -395.215 = -335.864 over 86 frames.
LOG (lattice-best-path[5.5.1182~1-e02e3]:main():lattice-best-path.cc:99) For utterance 040050205, best cost 75.0238 + -408.747 = -333.723 over 104 frames.
LOG (lattice-best-path[5.5.1182~1-e02e3]:main():lattice-best-path.cc:99) For utterance 040050255, best cost 62.5862 + -398.005 = -335.418 over 86 frames.
LOG (lattice-best-path[5.5.1182~1-e02e3]:main():lattice-best-path.cc:99) For utterance 040050264, best cost 62.9705 + -315.084 = -252.114 over 84 frames.
LOG (lattice-best-path[5.5.1182~1-e02e3]:main():lattice-best-path.cc:99) For utterance 040050271, best cost 64.7006 + -416.192 = -351.491 over 90 frames.
LOG (lattice-best-path[5.5.1182~1-e02e3]:main():lattice-best-path.cc:99) For utterance 040050281, best cost 72.4215 + -387.486 = -315.065 over 103 frames.
LOG (lattice-best-path[5.5.1182~1-e02e3]:main():lattice-best-path.cc:99) For utterance 040050295, best cost 62.5456 + -386.714 = -324.168 over 89 frames.
LOG (lattice-best-path[5.5.1182~1-e02e3]:main():lattice-best-path.cc:99) For utterance 040050358, best cost 80.0731 + -460.259 = -380.186 over 111 frames.
LOG (lattice-best-path[5.5.1182~1-e02e3]:main():lattice-best-path.cc:99) For utterance 051950005, best cost 78.6066 + -482.499 = -403.893 over 105 frames.
LOG (lattice-best-path[5.5.1182~1-e02e3]:main():lattice-best-path.cc:99) For utterance 051950011, best cost 77.3199 + -446.497 = -369.177 over 108 frames.
LOG (lattice-best-path[5.5.1182~1-e02e3]:main():lattice-best-path.cc:99) For utterance 051950018, best cost 101.48 + -603.902 = -502.422 over 135 frames.
LOG (lattice-best-path[5.5.1182~1-e02e3]:main():lattice-best-path.cc:99) For utterance 051950025, best cost 69.1431 + -394.57 = -325.426 over 94 frames.
LOG (lattice-best-path[5.5.1182~1-e02e3]:main():lattice-best-path.cc:99) For utterance 051950032, best cost 65.6065 + -314.441 = -248.834 over 92 frames.
LOG (lattice-best-path[5.5.1182~1-e02e3]:main():lattice-best-path.cc:99) For utterance 051950033, best cost 126.23 + -657.836 = -531.607 over 165 frames.
LOG (lattice-best-path[5.5.1182~1-e02e3]:main():lattice-best-path.cc:99) For utterance 051950038, best cost 77.7242 + -474.969 = -397.245 over 108 frames.
LOG (lattice-best-path[5.5.1182~1-e02e3]:main():lattice-best-path.cc:99) For utterance 051950044, best cost 60.7583 + -410.5 = -349.741 over 85 frames.
LOG (lattice-best-path[5.5.1182~1-e02e3]:main():lattice-best-path.cc:99) For utterance 051950051, best cost 65.717 + -418.58 = -352.863 over 91 frames.
LOG (lattice-best-path[5.5.1182~1-e02e3]:main():lattice-best-path.cc:99) For utterance 051950067, best cost 93.7402 + -502.38 = -408.639 over 129 frames.
LOG (lattice-best-path[5.5.1182~1-e02e3]:main():lattice-best-path.cc:99) For utterance 051950075, best cost 86.317 + -479.004 = -392.687 over 117 frames.
LOG (lattice-best-path[5.5.1182~1-e02e3]:main():lattice-best-path.cc:99) For utterance 051950086, best cost 74.2069 + -451.113 = -376.906 over 102 frames.
LOG (lattice-best-path[5.5.1182~1-e02e3]:main():lattice-best-path.cc:99) For utterance 051950088, best cost 59.5603 + -396.627 = -337.067 over 84 frames.
LOG (lattice-best-path[5.5.1182~1-e02e3]:main():lattice-best-path.cc:99) For utterance 051950096, best cost 77.5164 + -440.17 = -362.653 over 107 frames.
LOG (lattice-best-path[5.5.1182~1-e02e3]:main():lattice-best-path.cc:99) For utterance 051950138, best cost 68.6183 + -422.314 = -353.695 over 96 frames.
LOG (lattice-best-path[5.5.1182~1-e02e3]:main():lattice-best-path.cc:99) For utterance 051950154, best cost 70.137 + -426.079 = -355.942 over 100 frames.
LOG (lattice-best-path[5.5.1182~1-e02e3]:main():lattice-best-path.cc:99) For utterance 051950163, best cost 58.2993 + -368.147 = -309.848 over 85 frames.
LOG (lattice-best-path[5.5.1182~1-e02e3]:main():lattice-best-path.cc:99) For utterance 051950164, best cost 75.1451 + -474.799 = -399.654 over 108 frames.
LOG (lattice-best-path[5.5.1182~1-e02e3]:main():lattice-best-path.cc:99) For utterance 051950170, best cost 134.166 + -766.607 = -632.441 over 179 frames.
LOG (lattice-best-path[5.5.1182~1-e02e3]:main():lattice-best-path.cc:99) For utterance 052180017, best cost 62.0203 + -369.644 = -307.623 over 84 frames.
LOG (lattice-best-path[5.5.1182~1-e02e3]:main():lattice-best-path.cc:99) For utterance 052180028, best cost 74.8049 + -420.046 = -345.241 over 105 frames.
LOG (lattice-best-path[5.5.1182~1-e02e3]:main():lattice-best-path.cc:99) For utterance 052180037, best cost 61.5429 + -324.634 = -263.091 over 88 frames.
LOG (lattice-best-path[5.5.1182~1-e02e3]:main():lattice-best-path.cc:99) For utterance 052180041, best cost 82.6718 + -441.769 = -359.097 over 111 frames.
LOG (lattice-best-path[5.5.1182~1-e02e3]:main():lattice-best-path.cc:99) For utterance 052180042, best cost 76.3648 + -421.341 = -344.976 over 108 frames.
LOG (lattice-best-path[5.5.1182~1-e02e3]:main():lattice-best-path.cc:99) For utterance 052180046, best cost 49.5637 + -329.702 = -280.138 over 68 frames.
LOG (lattice-best-path[5.5.1182~1-e02e3]:main():lattice-best-path.cc:99) For utterance 052180068, best cost 60.1027 + -361.937 = -301.834 over 82 frames.
LOG (lattice-best-path[5.5.1182~1-e02e3]:main():lattice-best-path.cc:99) For utterance 052180084, best cost 50.7347 + -303.115 = -252.38 over 72 frames.
LOG (lattice-best-path[5.5.1182~1-e02e3]:main():lattice-best-path.cc:99) For utterance 052180090, best cost 46.0892 + -318.185 = -272.095 over 63 frames.
LOG (lattice-best-path[5.5.1182~1-e02e3]:main():lattice-best-path.cc:99) For utterance 052180093, best cost 83.1455 + -478.066 = -394.921 over 115 frames.
LOG (lattice-best-path[5.5.1182~1-e02e3]:main():lattice-best-path.cc:99) For utterance 052180098, best cost 70.5144 + -431.65 = -361.136 over 98 frames.
LOG (lattice-best-path[5.5.1182~1-e02e3]:main():lattice-best-path.cc:99) For utterance 052180104, best cost 98.9438 + -545.61 = -446.666 over 136 frames.
LOG (lattice-best-path[5.5.1182~1-e02e3]:main():lattice-best-path.cc:99) For utterance 052180117, best cost 60.1453 + -344.562 = -284.417 over 84 frames.
LOG (lattice-best-path[5.5.1182~1-e02e3]:main():lattice-best-path.cc:99) For utterance 052180124, best cost 89.7852 + -467.328 = -377.543 over 124 frames.
LOG (lattice-best-path[5.5.1182~1-e02e3]:main():lattice-best-path.cc:99) For utterance 052180137, best cost 74.8687 + -454.351 = -379.482 over 108 frames.
LOG (lattice-best-path[5.5.1182~1-e02e3]:main():lattice-best-path.cc:99) For utterance 052180143, best cost 83.8573 + -497.339 = -413.482 over 120 frames.
LOG (lattice-best-path[5.5.1182~1-e02e3]:main():lattice-best-path.cc:99) For utterance 052180146, best cost 68.4625 + -399.251 = -330.789 over 94 frames.
LOG (lattice-best-path[5.5.1182~1-e02e3]:main():lattice-best-path.cc:99) For utterance 054010004, best cost 128.788 + -685.047 = -556.258 over 174 frames.
LOG (lattice-best-path[5.5.1182~1-e02e3]:main():lattice-best-path.cc:99) For utterance 054010009, best cost 100.003 + -562.389 = -462.386 over 141 frames.
LOG (lattice-best-path[5.5.1182~1-e02e3]:main():lattice-best-path.cc:99) For utterance 054010014, best cost 70.8295 + -453.358 = -382.528 over 95 frames.
LOG (lattice-best-path[5.5.1182~1-e02e3]:main():lattice-best-path.cc:99) For utterance 054010032, best cost 67.1283 + -357.063 = -289.935 over 95 frames.
LOG (lattice-best-path[5.5.1182~1-e02e3]:main():lattice-best-path.cc:99) For utterance 054010046, best cost 90.2051 + -539.412 = -449.207 over 124 frames.
LOG (lattice-best-path[5.5.1182~1-e02e3]:main():lattice-best-path.cc:99) For utterance 054010051, best cost 88.2353 + -452.542 = -364.307 over 120 frames.
LOG (lattice-best-path[5.5.1182~1-e02e3]:main():lattice-best-path.cc:99) For utterance 054010055, best cost 69.9558 + -433.858 = -363.903 over 98 frames.
LOG (lattice-best-path[5.5.1182~1-e02e3]:main():lattice-best-path.cc:99) For utterance 054010072, best cost 74.6686 + -425.849 = -351.18 over 103 frames.
LOG (lattice-best-path[5.5.1182~1-e02e3]:main():lattice-best-path.cc:99) For utterance 054010091, best cost 78.1925 + -390.266 = -312.074 over 110 frames.
LOG (lattice-best-path[5.5.1182~1-e02e3]:main():lattice-best-path.cc:99) For utterance 054010095, best cost 93.2568 + -499.417 = -406.16 over 129 frames.
LOG (lattice-best-path[5.5.1182~1-e02e3]:main():lattice-best-path.cc:99) For utterance 054010105, best cost 81.6692 + -493.901 = -412.232 over 114 frames.
LOG (lattice-best-path[5.5.1182~1-e02e3]:main():lattice-best-path.cc:99) For utterance 054010107, best cost 111.832 + -569.805 = -457.973 over 145 frames.
LOG (lattice-best-path[5.5.1182~1-e02e3]:main():lattice-best-path.cc:99) For utterance 054010123, best cost 87.0433 + -407.5 = -320.457 over 123 frames.
LOG (lattice-best-path[5.5.1182~1-e02e3]:main():lattice-best-path.cc:99) For utterance 054010130, best cost 66.2149 + -368.016 = -301.801 over 92 frames.
LOG (lattice-best-path[5.5.1182~1-e02e3]:main():lattice-best-path.cc:99) For utterance 054010136, best cost 117.305 + -612.751 = -495.446 over 163 frames.
LOG (lattice-best-path[5.5.1182~1-e02e3]:main():lattice-best-path.cc:99) For utterance 054010148, best cost 64.6567 + -354.732 = -290.075 over 90 frames.
LOG (lattice-best-path[5.5.1182~1-e02e3]:main():lattice-best-path.cc:99) For utterance 054010155, best cost 60.189 + -345.084 = -284.895 over 85 frames.
LOG (lattice-best-path[5.5.1182~1-e02e3]:main():lattice-best-path.cc:99) For utterance 054010165, best cost 93.3723 + -526.185 = -432.813 over 128 frames.
LOG (lattice-best-path[5.5.1182~1-e02e3]:main():lattice-best-path.cc:99) For utterance 054080004, best cost 89.9305 + -362.345 = -272.415 over 125 frames.
LOG (lattice-best-path[5.5.1182~1-e02e3]:main():lattice-best-path.cc:99) For utterance 054080008, best cost 66.8891 + -384.575 = -317.686 over 90 frames.
LOG (lattice-best-path[5.5.1182~1-e02e3]:main():lattice-best-path.cc:99) For utterance 054080011, best cost 67.891 + -442.864 = -374.973 over 95 frames.
LOG (lattice-best-path[5.5.1182~1-e02e3]:main():lattice-best-path.cc:99) For utterance 054080019, best cost 77.6509 + -420.622 = -342.971 over 108 frames.
LOG (lattice-best-path[5.5.1182~1-e02e3]:main():lattice-best-path.cc:99) For utterance 054080021, best cost 91.7813 + -520.956 = -429.174 over 124 frames.
LOG (lattice-best-path[5.5.1182~1-e02e3]:main():lattice-best-path.cc:99) For utterance 054080033, best cost 68.1893 + -418.167 = -349.977 over 93 frames.
LOG (lattice-best-path[5.5.1182~1-e02e3]:main():lattice-best-path.cc:99) For utterance 054080042, best cost 97.0181 + -548.672 = -451.654 over 131 frames.
LOG (lattice-best-path[5.5.1182~1-e02e3]:main():lattice-best-path.cc:99) For utterance 054080065, best cost 75.7087 + -424.168 = -348.459 over 107 frames.
LOG (lattice-best-path[5.5.1182~1-e02e3]:main():lattice-best-path.cc:99) For utterance 054080081, best cost 109.4 + -630.691 = -521.291 over 150 frames.
LOG (lattice-best-path[5.5.1182~1-e02e3]:main():lattice-best-path.cc:99) For utterance 054080109, best cost 97.3394 + -548.564 = -451.224 over 131 frames.
LOG (lattice-best-path[5.5.1182~1-e02e3]:main():lattice-best-path.cc:99) For utterance 054080123, best cost 60.4126 + -384.893 = -324.481 over 85 frames.
LOG (lattice-best-path[5.5.1182~1-e02e3]:main():lattice-best-path.cc:99) For utterance 054080138, best cost 83.4092 + -494.051 = -410.642 over 115 frames.
LOG (lattice-best-path[5.5.1182~1-e02e3]:main():lattice-best-path.cc:99) For utterance 054080150, best cost 79.1581 + -434.801 = -355.643 over 111 frames.
LOG (lattice-best-path[5.5.1182~1-e02e3]:main():lattice-best-path.cc:99) For utterance 054080151, best cost 84.0338 + -551.396 = -467.363 over 117 frames.
LOG (lattice-best-path[5.5.1182~1-e02e3]:main():lattice-best-path.cc:99) For utterance 054080154, best cost 99.8947 + -477.242 = -377.347 over 128 frames.
LOG (lattice-best-path[5.5.1182~1-e02e3]:main():lattice-best-path.cc:99) For utterance 054080163, best cost 84.5968 + -483.055 = -398.458 over 119 frames.
LOG (lattice-best-path[5.5.1182~1-e02e3]:main():lattice-best-path.cc:99) For utterance 054080165, best cost 80.5129 + -508.647 = -428.135 over 114 frames.
LOG (lattice-best-path[5.5.1182~1-e02e3]:main():lattice-best-path.cc:99) For utterance 054080167, best cost 91.7753 + -483.413 = -391.638 over 120 frames.
LOG (lattice-best-path[5.5.1182~1-e02e3]:main():lattice-best-path.cc:99) For utterance 054080174, best cost 91.8771 + -508.08 = -416.203 over 128 frames.
LOG (lattice-best-path[5.5.1182~1-e02e3]:main():lattice-best-path.cc:99) For utterance 054140010, best cost 106.484 + -432.35 = -325.866 over 145 frames.
LOG (lattice-best-path[5.5.1182~1-e02e3]:main():lattice-best-path.cc:99) For utterance 054140015, best cost 51.1853 + -280.23 = -229.045 over 75 frames.
LOG (lattice-best-path[5.5.1182~1-e02e3]:main():lattice-best-path.cc:99) For utterance 054140021, best cost 79.7136 + -376.829 = -297.115 over 107 frames.
LOG (lattice-best-path[5.5.1182~1-e02e3]:main():lattice-best-path.cc:99) For utterance 054140039, best cost 54.7932 + -307.342 = -252.549 over 77 frames.
LOG (lattice-best-path[5.5.1182~1-e02e3]:main():lattice-best-path.cc:99) For utterance 054140051, best cost 87.5691 + -384.754 = -297.185 over 116 frames.
LOG (lattice-best-path[5.5.1182~1-e02e3]:main():lattice-best-path.cc:99) For utterance 054140057, best cost 60.1847 + -334.274 = -274.089 over 82 frames.
LOG (lattice-best-path[5.5.1182~1-e02e3]:main():lattice-best-path.cc:99) For utterance 054140077, best cost 122.048 + -466.397 = -344.349 over 162 frames.
LOG (lattice-best-path[5.5.1182~1-e02e3]:main():lattice-best-path.cc:99) For utterance 054140098, best cost 73.5757 + -406.88 = -333.304 over 99 frames.
LOG (lattice-best-path[5.5.1182~1-e02e3]:main():lattice-best-path.cc:99) For utterance 054140104, best cost 59.0767 + -343.967 = -284.89 over 85 frames.
LOG (lattice-best-path[5.5.1182~1-e02e3]:main():lattice-best-path.cc:99) For utterance 054140106, best cost 58.565 + -350.219 = -291.654 over 85 frames.
LOG (lattice-best-path[5.5.1182~1-e02e3]:main():lattice-best-path.cc:99) For utterance 054140113, best cost 61.1236 + -335.258 = -274.135 over 85 frames.
LOG (lattice-best-path[5.5.1182~1-e02e3]:main():lattice-best-path.cc:99) For utterance 054140115, best cost 62.8639 + -343.314 = -280.451 over 89 frames.
LOG (lattice-best-path[5.5.1182~1-e02e3]:main():lattice-best-path.cc:99) For utterance 054140118, best cost 83.9307 + -449.552 = -365.622 over 115 frames.
LOG (lattice-best-path[5.5.1182~1-e02e3]:main():lattice-best-path.cc:99) For utterance 054140119, best cost 55.8567 + -330.606 = -274.749 over 77 frames.
LOG (lattice-best-path[5.5.1182~1-e02e3]:main():lattice-best-path.cc:99) For utterance 054140122, best cost 122.656 + -574.883 = -452.227 over 161 frames.
LOG (lattice-best-path[5.5.1182~1-e02e3]:main():lattice-best-path.cc:99) For utterance 054140154, best cost 72.9925 + -389.335 = -316.342 over 100 frames.
LOG (lattice-best-path[5.5.1182~1-e02e3]:main():lattice-best-path.cc:99) For utterance 054140158, best cost 86.0676 + -412.51 = -326.443 over 114 frames.
LOG (lattice-best-path[5.5.1182~1-e02e3]:main():lattice-best-path.cc:124) Overall cost per frame is -3.1704 = 0.726469 [graph] + -3.89686 [acoustic] over 24792 frames.
LOG (lattice-best-path[5.5.1182~1-e02e3]:main():lattice-best-path.cc:128) Done 220 lattices, failed for 0
# Accounting: time=1 threads=1
# Ended (code 0) at Thu Oct 23 10:38:39 IST 2025, elapsed time 1 seconds
