# lattice-best-path --acoustic-scale=1.0 "ark:gunzip -c tune/align_lats_speechocean762/lat.4.gz |" ark:/dev/null "ark:|gzip -c >tune/align_lats_speechocean762/ali.4.gz" 
# Started at Thu Oct 23 10:38:38 IST 2025
#
lattice-best-path --acoustic-scale=1.0 'ark:gunzip -c tune/align_lats_speechocean762/lat.4.gz |' ark:/dev/null 'ark:|gzip -c >tune/align_lats_speechocean762/ali.4.gz' 
LOG (lattice-best-path[5.5.1182~1-e02e3]:main():lattice-best-path.cc:99) For utterance 014070040, best cost 105.349 + -528.93 = -423.581 over 140 frames.
LOG (lattice-best-path[5.5.1182~1-e02e3]:main():lattice-best-path.cc:99) For utterance 014070080, best cost 79.6691 + -409.311 = -329.641 over 110 frames.
LOG (lattice-best-path[5.5.1182~1-e02e3]:main():lattice-best-path.cc:99) For utterance 014070092, best cost 87.3463 + -426.574 = -339.228 over 126 frames.
LOG (lattice-best-path[5.5.1182~1-e02e3]:main():lattice-best-path.cc:99) For utterance 014070101, best cost 119.419 + -633.594 = -514.176 over 163 frames.
LOG (lattice-best-path[5.5.1182~1-e02e3]:main():lattice-best-path.cc:99) For utterance 014070159, best cost 81.152 + -404.014 = -322.862 over 112 frames.
LOG (lattice-best-path[5.5.1182~1-e02e3]:main():lattice-best-path.cc:99) For utterance 014070207, best cost 90.0668 + -427.293 = -337.226 over 127 frames.
LOG (lattice-best-path[5.5.1182~1-e02e3]:main():lattice-best-path.cc:99) For utterance 014070217, best cost 53.619 + -324.645 = -271.026 over 79 frames.
LOG (lattice-best-path[5.5.1182~1-e02e3]:main():lattice-best-path.cc:99) For utterance 014070239, best cost 105.164 + -520.094 = -414.93 over 138 frames.
LOG (lattice-best-path[5.5.1182~1-e02e3]:main():lattice-best-path.cc:99) For utterance 014070248, best cost 84.5043 + -401.914 = -317.41 over 118 frames.
LOG (lattice-best-path[5.5.1182~1-e02e3]:main():lattice-best-path.cc:99) For utterance 014070265, best cost 109.462 + -506.061 = -396.6 over 152 frames.
LOG (lattice-best-path[5.5.1182~1-e02e3]:main():lattice-best-path.cc:99) For utterance 014070270, best cost 63.2382 + -363.61 = -300.372 over 88 frames.
LOG (lattice-best-path[5.5.1182~1-e02e3]:main():lattice-best-path.cc:99) For utterance 014070297, best cost 129.21 + -616.376 = -487.167 over 180 frames.
LOG (lattice-best-path[5.5.1182~1-e02e3]:main():lattice-best-path.cc:99) For utterance 014070304, best cost 104.354 + -502.923 = -398.569 over 141 frames.
LOG (lattice-best-path[5.5.1182~1-e02e3]:main():lattice-best-path.cc:99) For utterance 014070308, best cost 124.098 + -530.287 = -406.188 over 168 frames.
LOG (lattice-best-path[5.5.1182~1-e02e3]:main():lattice-best-path.cc:99) For utterance 014070336, best cost 100.888 + -438.961 = -338.073 over 140 frames.
LOG (lattice-best-path[5.5.1182~1-e02e3]:main():lattice-best-path.cc:99) For utterance 014070341, best cost 159.48 + -723.557 = -564.077 over 221 frames.
LOG (lattice-best-path[5.5.1182~1-e02e3]:main():lattice-best-path.cc:99) For utterance 014070343, best cost 117.452 + -526.093 = -408.641 over 156 frames.
LOG (lattice-best-path[5.5.1182~1-e02e3]:main():lattice-best-path.cc:99) For utterance 014070349, best cost 116.078 + -503.962 = -387.884 over 158 frames.
LOG (lattice-best-path[5.5.1182~1-e02e3]:main():lattice-best-path.cc:99) For utterance 014070358, best cost 85.8149 + -428.26 = -342.445 over 122 frames.
LOG (lattice-best-path[5.5.1182~1-e02e3]:main():lattice-best-path.cc:99) For utterance 014180002, best cost 117.671 + -475.418 = -357.747 over 155 frames.
LOG (lattice-best-path[5.5.1182~1-e02e3]:main():lattice-best-path.cc:99) For utterance 014180008, best cost 96.5353 + -437.018 = -340.483 over 133 frames.
LOG (lattice-best-path[5.5.1182~1-e02e3]:main():lattice-best-path.cc:99) For utterance 014180011, best cost 84.8832 + -377.72 = -292.836 over 118 frames.
LOG (lattice-best-path[5.5.1182~1-e02e3]:main():lattice-best-path.cc:99) For utterance 014180013, best cost 85.0136 + -458.372 = -373.359 over 120 frames.
LOG (lattice-best-path[5.5.1182~1-e02e3]:main():lattice-best-path.cc:99) For utterance 014180044, best cost 92.0334 + -398.785 = -306.752 over 128 frames.
LOG (lattice-best-path[5.5.1182~1-e02e3]:main():lattice-best-path.cc:99) For utterance 014180051, best cost 87.9356 + -428.796 = -340.86 over 124 frames.
LOG (lattice-best-path[5.5.1182~1-e02e3]:main():lattice-best-path.cc:99) For utterance 014180077, best cost 74.7808 + -430.794 = -356.013 over 108 frames.
LOG (lattice-best-path[5.5.1182~1-e02e3]:main():lattice-best-path.cc:99) For utterance 014180084, best cost 103.401 + -496.805 = -393.404 over 141 frames.
LOG (lattice-best-path[5.5.1182~1-e02e3]:main():lattice-best-path.cc:99) For utterance 014180088, best cost 87.8733 + -450.004 = -362.13 over 114 frames.
LOG (lattice-best-path[5.5.1182~1-e02e3]:main():lattice-best-path.cc:99) For utterance 014180100, best cost 77.3278 + -378.825 = -301.497 over 103 frames.
LOG (lattice-best-path[5.5.1182~1-e02e3]:main():lattice-best-path.cc:99) For utterance 014180131, best cost 120.167 + -527.4 = -407.232 over 165 frames.
LOG (lattice-best-path[5.5.1182~1-e02e3]:main():lattice-best-path.cc:99) For utterance 014180139, best cost 112.681 + -569.441 = -456.759 over 150 frames.
LOG (lattice-best-path[5.5.1182~1-e02e3]:main():lattice-best-path.cc:99) For utterance 014180150, best cost 82.0382 + -434.729 = -352.69 over 110 frames.
LOG (lattice-best-path[5.5.1182~1-e02e3]:main():lattice-best-path.cc:99) For utterance 014180155, best cost 56.8112 + -379.093 = -322.282 over 80 frames.
LOG (lattice-best-path[5.5.1182~1-e02e3]:main():lattice-best-path.cc:99) For utterance 014180158, best cost 58.3134 + -408.536 = -350.223 over 83 frames.
LOG (lattice-best-path[5.5.1182~1-e02e3]:main():lattice-best-path.cc:99) For utterance 014180165, best cost 67.0867 + -451.922 = -384.835 over 93 frames.
LOG (lattice-best-path[5.5.1182~1-e02e3]:main():lattice-best-path.cc:99) For utterance 014180166, best cost 60.3805 + -378.43 = -318.049 over 89 frames.
LOG (lattice-best-path[5.5.1182~1-e02e3]:main():lattice-best-path.cc:99) For utterance 014190006, best cost 77.2814 + -420.282 = -343.001 over 110 frames.
LOG (lattice-best-path[5.5.1182~1-e02e3]:main():lattice-best-path.cc:99) For utterance 014190025, best cost 141.859 + -629.517 = -487.658 over 186 frames.
LOG (lattice-best-path[5.5.1182~1-e02e3]:main():lattice-best-path.cc:99) For utterance 014190027, best cost 95.2992 + -372.289 = -276.99 over 127 frames.
LOG (lattice-best-path[5.5.1182~1-e02e3]:main():lattice-best-path.cc:99) For utterance 014190030, best cost 73.5089 + -392.46 = -318.952 over 101 frames.
LOG (lattice-best-path[5.5.1182~1-e02e3]:main():lattice-best-path.cc:99) For utterance 014190055, best cost 90.6491 + -402.212 = -311.563 over 121 frames.
LOG (lattice-best-path[5.5.1182~1-e02e3]:main():lattice-best-path.cc:99) For utterance 014190059, best cost 84.4994 + -442.642 = -358.142 over 118 frames.
LOG (lattice-best-path[5.5.1182~1-e02e3]:main():lattice-best-path.cc:99) For utterance 014190060, best cost 72.0047 + -348.011 = -276.006 over 102 frames.
LOG (lattice-best-path[5.5.1182~1-e02e3]:main():lattice-best-path.cc:99) For utterance 014190062, best cost 70.0532 + -331.945 = -261.892 over 99 frames.
LOG (lattice-best-path[5.5.1182~1-e02e3]:main():lattice-best-path.cc:99) For utterance 014190064, best cost 97.746 + -388.433 = -290.687 over 134 frames.
LOG (lattice-best-path[5.5.1182~1-e02e3]:main():lattice-best-path.cc:99) For utterance 014190071, best cost 50.0052 + -283.189 = -233.184 over 72 frames.
LOG (lattice-best-path[5.5.1182~1-e02e3]:main():lattice-best-path.cc:99) For utterance 014190073, best cost 94.7688 + -447.373 = -352.604 over 128 frames.
LOG (lattice-best-path[5.5.1182~1-e02e3]:main():lattice-best-path.cc:99) For utterance 014190081, best cost 72.651 + -402.513 = -329.862 over 103 frames.
LOG (lattice-best-path[5.5.1182~1-e02e3]:main():lattice-best-path.cc:99) For utterance 014190088, best cost 81.1201 + -470.318 = -389.198 over 115 frames.
LOG (lattice-best-path[5.5.1182~1-e02e3]:main():lattice-best-path.cc:99) For utterance 014190095, best cost 83.7615 + -383.215 = -299.453 over 116 frames.
LOG (lattice-best-path[5.5.1182~1-e02e3]:main():lattice-best-path.cc:99) For utterance 014190098, best cost 84.8542 + -439.064 = -354.21 over 112 frames.
LOG (lattice-best-path[5.5.1182~1-e02e3]:main():lattice-best-path.cc:99) For utterance 014190107, best cost 103.544 + -539.488 = -435.945 over 144 frames.
LOG (lattice-best-path[5.5.1182~1-e02e3]:main():lattice-best-path.cc:99) For utterance 014190108, best cost 111.578 + -531.558 = -419.98 over 153 frames.
LOG (lattice-best-path[5.5.1182~1-e02e3]:main():lattice-best-path.cc:99) For utterance 014190114, best cost 72.7471 + -382.902 = -310.155 over 101 frames.
LOG (lattice-best-path[5.5.1182~1-e02e3]:main():lattice-best-path.cc:99) For utterance 014190128, best cost 71.6636 + -355.75 = -284.087 over 99 frames.
LOG (lattice-best-path[5.5.1182~1-e02e3]:main():lattice-best-path.cc:99) For utterance 014190172, best cost 62.5065 + -422.804 = -360.297 over 89 frames.
LOG (lattice-best-path[5.5.1182~1-e02e3]:main():lattice-best-path.cc:99) For utterance 014350004, best cost 106.416 + -476.381 = -369.965 over 143 frames.
LOG (lattice-best-path[5.5.1182~1-e02e3]:main():lattice-best-path.cc:99) For utterance 014350012, best cost 88.7486 + -417.699 = -328.951 over 117 frames.
LOG (lattice-best-path[5.5.1182~1-e02e3]:main():lattice-best-path.cc:99) For utterance 014350016, best cost 99.4732 + -455.737 = -356.264 over 131 frames.
LOG (lattice-best-path[5.5.1182~1-e02e3]:main():lattice-best-path.cc:99) For utterance 014350017, best cost 110.766 + -393.77 = -283.004 over 149 frames.
LOG (lattice-best-path[5.5.1182~1-e02e3]:main():lattice-best-path.cc:99) For utterance 014350018, best cost 85.4444 + -412.594 = -327.149 over 115 frames.
LOG (lattice-best-path[5.5.1182~1-e02e3]:main():lattice-best-path.cc:99) For utterance 014350022, best cost 73.2112 + -359.479 = -286.267 over 100 frames.
LOG (lattice-best-path[5.5.1182~1-e02e3]:main():lattice-best-path.cc:99) For utterance 014350028, best cost 70.9784 + -308.47 = -237.492 over 97 frames.
LOG (lattice-best-path[5.5.1182~1-e02e3]:main():lattice-best-path.cc:99) For utterance 014350094, best cost 83.1607 + -436.739 = -353.578 over 117 frames.
LOG (lattice-best-path[5.5.1182~1-e02e3]:main():lattice-best-path.cc:99) For utterance 014350103, best cost 81.384 + -370.435 = -289.051 over 105 frames.
LOG (lattice-best-path[5.5.1182~1-e02e3]:main():lattice-best-path.cc:99) For utterance 014350110, best cost 75.8439 + -346.676 = -270.833 over 105 frames.
LOG (lattice-best-path[5.5.1182~1-e02e3]:main():lattice-best-path.cc:99) For utterance 014350133, best cost 97.982 + -411.505 = -313.523 over 140 frames.
LOG (lattice-best-path[5.5.1182~1-e02e3]:main():lattice-best-path.cc:99) For utterance 014350146, best cost 141.516 + -570.812 = -429.296 over 192 frames.
LOG (lattice-best-path[5.5.1182~1-e02e3]:main():lattice-best-path.cc:99) For utterance 014350153, best cost 65.5665 + -261.879 = -196.313 over 87 frames.
LOG (lattice-best-path[5.5.1182~1-e02e3]:main():lattice-best-path.cc:99) For utterance 014350157, best cost 43.574 + -266.122 = -222.548 over 61 frames.
LOG (lattice-best-path[5.5.1182~1-e02e3]:main():lattice-best-path.cc:99) For utterance 014350158, best cost 53.1802 + -285.837 = -232.657 over 76 frames.
LOG (lattice-best-path[5.5.1182~1-e02e3]:main():lattice-best-path.cc:99) For utterance 014350163, best cost 45.211 + -239.911 = -194.7 over 64 frames.
LOG (lattice-best-path[5.5.1182~1-e02e3]:main():lattice-best-path.cc:99) For utterance 014350165, best cost 84.3154 + -430.42 = -346.105 over 115 frames.
LOG (lattice-best-path[5.5.1182~1-e02e3]:main():lattice-best-path.cc:99) For utterance 014390008, best cost 117.007 + -484.825 = -367.817 over 158 frames.
LOG (lattice-best-path[5.5.1182~1-e02e3]:main():lattice-best-path.cc:99) For utterance 014390009, best cost 136.567 + -438.229 = -301.662 over 180 frames.
LOG (lattice-best-path[5.5.1182~1-e02e3]:main():lattice-best-path.cc:99) For utterance 014390045, best cost 93.5932 + -425.523 = -331.93 over 127 frames.
LOG (lattice-best-path[5.5.1182~1-e02e3]:main():lattice-best-path.cc:99) For utterance 014390052, best cost 158.454 + -670.362 = -511.908 over 211 frames.
LOG (lattice-best-path[5.5.1182~1-e02e3]:main():lattice-best-path.cc:99) For utterance 014390057, best cost 110.514 + -453.215 = -342.701 over 153 frames.
LOG (lattice-best-path[5.5.1182~1-e02e3]:main():lattice-best-path.cc:99) For utterance 014390064, best cost 110.635 + -530.852 = -420.217 over 147 frames.
LOG (lattice-best-path[5.5.1182~1-e02e3]:main():lattice-best-path.cc:99) For utterance 014390068, best cost 137.698 + -717.732 = -580.034 over 184 frames.
LOG (lattice-best-path[5.5.1182~1-e02e3]:main():lattice-best-path.cc:99) For utterance 014390076, best cost 130.992 + -621.784 = -490.792 over 177 frames.
LOG (lattice-best-path[5.5.1182~1-e02e3]:main():lattice-best-path.cc:99) For utterance 014390086, best cost 142.417 + -595.644 = -453.227 over 191 frames.
LOG (lattice-best-path[5.5.1182~1-e02e3]:main():lattice-best-path.cc:99) For utterance 014390117, best cost 149.417 + -588.861 = -439.444 over 197 frames.
LOG (lattice-best-path[5.5.1182~1-e02e3]:main():lattice-best-path.cc:99) For utterance 014390124, best cost 133.381 + -628.489 = -495.108 over 186 frames.
LOG (lattice-best-path[5.5.1182~1-e02e3]:main():lattice-best-path.cc:99) For utterance 014390133, best cost 141.298 + -537.665 = -396.367 over 186 frames.
LOG (lattice-best-path[5.5.1182~1-e02e3]:main():lattice-best-path.cc:99) For utterance 014390134, best cost 145.245 + -518.195 = -372.951 over 195 frames.
LOG (lattice-best-path[5.5.1182~1-e02e3]:main():lattice-best-path.cc:99) For utterance 014390135, best cost 212.706 + -810.136 = -597.43 over 288 frames.
LOG (lattice-best-path[5.5.1182~1-e02e3]:main():lattice-best-path.cc:99) For utterance 014390143, best cost 121.012 + -440.97 = -319.958 over 167 frames.
LOG (lattice-best-path[5.5.1182~1-e02e3]:main():lattice-best-path.cc:99) For utterance 014390154, best cost 131.267 + -598.778 = -467.511 over 179 frames.
LOG (lattice-best-path[5.5.1182~1-e02e3]:main():lattice-best-path.cc:99) For utterance 014390156, best cost 142.918 + -548.047 = -405.129 over 194 frames.
LOG (lattice-best-path[5.5.1182~1-e02e3]:main():lattice-best-path.cc:99) For utterance 014390163, best cost 120.41 + -530.07 = -409.66 over 162 frames.
LOG (lattice-best-path[5.5.1182~1-e02e3]:main():lattice-best-path.cc:99) For utterance 014470007, best cost 105.097 + -449.627 = -344.53 over 143 frames.
LOG (lattice-best-path[5.5.1182~1-e02e3]:main():lattice-best-path.cc:99) For utterance 014470017, best cost 81.4821 + -439.935 = -358.453 over 112 frames.
LOG (lattice-best-path[5.5.1182~1-e02e3]:main():lattice-best-path.cc:99) For utterance 014470026, best cost 79.7024 + -419.077 = -339.375 over 114 frames.
LOG (lattice-best-path[5.5.1182~1-e02e3]:main():lattice-best-path.cc:99) For utterance 014470028, best cost 83.8177 + -434.402 = -350.584 over 118 frames.
LOG (lattice-best-path[5.5.1182~1-e02e3]:main():lattice-best-path.cc:99) For utterance 014470031, best cost 63.6125 + -379.837 = -316.225 over 91 frames.
LOG (lattice-best-path[5.5.1182~1-e02e3]:main():lattice-best-path.cc:99) For utterance 014470039, best cost 79.6764 + -409.599 = -329.922 over 112 frames.
LOG (lattice-best-path[5.5.1182~1-e02e3]:main():lattice-best-path.cc:99) For utterance 014470048, best cost 66.3351 + -392.746 = -326.411 over 96 frames.
LOG (lattice-best-path[5.5.1182~1-e02e3]:main():lattice-best-path.cc:99) For utterance 014470053, best cost 72.0952 + -406.223 = -334.128 over 99 frames.
LOG (lattice-best-path[5.5.1182~1-e02e3]:main():lattice-best-path.cc:99) For utterance 014470060, best cost 53.0919 + -370.465 = -317.373 over 78 frames.
LOG (lattice-best-path[5.5.1182~1-e02e3]:main():lattice-best-path.cc:99) For utterance 014470063, best cost 94.7393 + -420.625 = -325.886 over 124 frames.
LOG (lattice-best-path[5.5.1182~1-e02e3]:main():lattice-best-path.cc:99) For utterance 014470072, best cost 84.1923 + -418.393 = -334.201 over 111 frames.
LOG (lattice-best-path[5.5.1182~1-e02e3]:main():lattice-best-path.cc:99) For utterance 014470100, best cost 83.0561 + -435.381 = -352.325 over 113 frames.
LOG (lattice-best-path[5.5.1182~1-e02e3]:main():lattice-best-path.cc:99) For utterance 014470109, best cost 103.92 + -489.736 = -385.816 over 144 frames.
LOG (lattice-best-path[5.5.1182~1-e02e3]:main():lattice-best-path.cc:99) For utterance 014470124, best cost 71.8309 + -407.05 = -335.219 over 102 frames.
LOG (lattice-best-path[5.5.1182~1-e02e3]:main():lattice-best-path.cc:99) For utterance 014470140, best cost 181.481 + -885.541 = -704.06 over 248 frames.
LOG (lattice-best-path[5.5.1182~1-e02e3]:main():lattice-best-path.cc:99) For utterance 014470141, best cost 145.672 + -656.734 = -511.062 over 192 frames.
LOG (lattice-best-path[5.5.1182~1-e02e3]:main():lattice-best-path.cc:99) For utterance 014470149, best cost 78.6712 + -353.905 = -275.234 over 100 frames.
LOG (lattice-best-path[5.5.1182~1-e02e3]:main():lattice-best-path.cc:99) For utterance 020220021, best cost 123.718 + -639.454 = -515.736 over 169 frames.
LOG (lattice-best-path[5.5.1182~1-e02e3]:main():lattice-best-path.cc:99) For utterance 020220023, best cost 108.053 + -618.88 = -510.828 over 148 frames.
LOG (lattice-best-path[5.5.1182~1-e02e3]:main():lattice-best-path.cc:99) For utterance 020220033, best cost 97.1051 + -550.272 = -453.167 over 135 frames.
LOG (lattice-best-path[5.5.1182~1-e02e3]:main():lattice-best-path.cc:99) For utterance 020220048, best cost 65.7481 + -433.722 = -367.974 over 92 frames.
LOG (lattice-best-path[5.5.1182~1-e02e3]:main():lattice-best-path.cc:99) For utterance 020220056, best cost 74.5377 + -436.777 = -362.239 over 103 frames.
LOG (lattice-best-path[5.5.1182~1-e02e3]:main():lattice-best-path.cc:99) For utterance 020220060, best cost 64.4706 + -413.29 = -348.819 over 88 frames.
LOG (lattice-best-path[5.5.1182~1-e02e3]:main():lattice-best-path.cc:99) For utterance 020220072, best cost 72.9432 + -458.009 = -385.066 over 102 frames.
LOG (lattice-best-path[5.5.1182~1-e02e3]:main():lattice-best-path.cc:99) For utterance 020220091, best cost 85.3437 + -500.504 = -415.16 over 120 frames.
LOG (lattice-best-path[5.5.1182~1-e02e3]:main():lattice-best-path.cc:99) For utterance 020220120, best cost 72.1602 + -406.299 = -334.139 over 101 frames.
LOG (lattice-best-path[5.5.1182~1-e02e3]:main():lattice-best-path.cc:99) For utterance 020220122, best cost 61.0476 + -382.021 = -320.973 over 84 frames.
LOG (lattice-best-path[5.5.1182~1-e02e3]:main():lattice-best-path.cc:99) For utterance 020220141, best cost 60.8835 + -346.022 = -285.139 over 84 frames.
LOG (lattice-best-path[5.5.1182~1-e02e3]:main():lattice-best-path.cc:99) For utterance 020220176, best cost 75.2712 + -473.497 = -398.226 over 107 frames.
LOG (lattice-best-path[5.5.1182~1-e02e3]:main():lattice-best-path.cc:99) For utterance 020220200, best cost 80.8387 + -486.357 = -405.518 over 116 frames.
LOG (lattice-best-path[5.5.1182~1-e02e3]:main():lattice-best-path.cc:99) For utterance 020220221, best cost 65.2966 + -364.445 = -299.149 over 89 frames.
LOG (lattice-best-path[5.5.1182~1-e02e3]:main():lattice-best-path.cc:99) For utterance 020220232, best cost 62.8858 + -358.651 = -295.765 over 87 frames.
LOG (lattice-best-path[5.5.1182~1-e02e3]:main():lattice-best-path.cc:99) For utterance 020220264, best cost 73.2914 + -421.182 = -347.891 over 104 frames.
LOG (lattice-best-path[5.5.1182~1-e02e3]:main():lattice-best-path.cc:99) For utterance 020220366, best cost 65.8643 + -425.307 = -359.443 over 92 frames.
LOG (lattice-best-path[5.5.1182~1-e02e3]:main():lattice-best-path.cc:99) For utterance 020340016, best cost 82.2045 + -437.916 = -355.712 over 113 frames.
LOG (lattice-best-path[5.5.1182~1-e02e3]:main():lattice-best-path.cc:99) For utterance 020340019, best cost 70.3597 + -396.079 = -325.719 over 95 frames.
LOG (lattice-best-path[5.5.1182~1-e02e3]:main():lattice-best-path.cc:99) For utterance 020340029, best cost 55.3387 + -331.606 = -276.268 over 79 frames.
LOG (lattice-best-path[5.5.1182~1-e02e3]:main():lattice-best-path.cc:99) For utterance 020340043, best cost 58.5291 + -333.516 = -274.987 over 79 frames.
LOG (lattice-best-path[5.5.1182~1-e02e3]:main():lattice-best-path.cc:99) For utterance 020340055, best cost 73.2836 + -409.93 = -336.646 over 104 frames.
LOG (lattice-best-path[5.5.1182~1-e02e3]:main():lattice-best-path.cc:99) For utterance 020340056, best cost 87.5157 + -463.813 = -376.297 over 124 frames.
LOG (lattice-best-path[5.5.1182~1-e02e3]:main():lattice-best-path.cc:99) For utterance 020340063, best cost 51.3751 + -285.503 = -234.128 over 73 frames.
LOG (lattice-best-path[5.5.1182~1-e02e3]:main():lattice-best-path.cc:99) For utterance 020340065, best cost 79.666 + -397.783 = -318.117 over 106 frames.
LOG (lattice-best-path[5.5.1182~1-e02e3]:main():lattice-best-path.cc:99) For utterance 020340071, best cost 68.9916 + -345.204 = -276.212 over 95 frames.
LOG (lattice-best-path[5.5.1182~1-e02e3]:main():lattice-best-path.cc:99) For utterance 020340096, best cost 71.7803 + -352.502 = -280.722 over 101 frames.
LOG (lattice-best-path[5.5.1182~1-e02e3]:main():lattice-best-path.cc:99) For utterance 020340098, best cost 87.8299 + -491.426 = -403.596 over 125 frames.
LOG (lattice-best-path[5.5.1182~1-e02e3]:main():lattice-best-path.cc:99) For utterance 020340109, best cost 115.811 + -572.143 = -456.332 over 160 frames.
LOG (lattice-best-path[5.5.1182~1-e02e3]:main():lattice-best-path.cc:99) For utterance 020340113, best cost 117.847 + -533.343 = -415.496 over 159 frames.
LOG (lattice-best-path[5.5.1182~1-e02e3]:main():lattice-best-path.cc:99) For utterance 020340124, best cost 74.1699 + -372.738 = -298.568 over 106 frames.
LOG (lattice-best-path[5.5.1182~1-e02e3]:main():lattice-best-path.cc:99) For utterance 020340140, best cost 50.4418 + -304.208 = -253.767 over 72 frames.
LOG (lattice-best-path[5.5.1182~1-e02e3]:main():lattice-best-path.cc:99) For utterance 020340144, best cost 95.5462 + -478.601 = -383.055 over 132 frames.
LOG (lattice-best-path[5.5.1182~1-e02e3]:main():lattice-best-path.cc:99) For utterance 020340156, best cost 99.637 + -448.22 = -348.583 over 132 frames.
LOG (lattice-best-path[5.5.1182~1-e02e3]:main():lattice-best-path.cc:99) For utterance 020340162, best cost 63.5738 + -308.061 = -244.488 over 85 frames.
LOG (lattice-best-path[5.5.1182~1-e02e3]:main():lattice-best-path.cc:99) For utterance 020340166, best cost 47.5475 + -280.199 = -232.652 over 66 frames.
LOG (lattice-best-path[5.5.1182~1-e02e3]:main():lattice-best-path.cc:99) For utterance 020340169, best cost 55.0704 + -342.007 = -286.937 over 78 frames.
LOG (lattice-best-path[5.5.1182~1-e02e3]:main():lattice-best-path.cc:99) For utterance 020360017, best cost 66.2218 + -397.196 = -330.974 over 96 frames.
LOG (lattice-best-path[5.5.1182~1-e02e3]:main():lattice-best-path.cc:99) For utterance 020360036, best cost 73.2152 + -473.639 = -400.423 over 104 frames.
LOG (lattice-best-path[5.5.1182~1-e02e3]:main():lattice-best-path.cc:99) For utterance 020360055, best cost 110.193 + -625.546 = -515.353 over 155 frames.
LOG (lattice-best-path[5.5.1182~1-e02e3]:main():lattice-best-path.cc:99) For utterance 020360089, best cost 120.397 + -693.236 = -572.839 over 165 frames.
LOG (lattice-best-path[5.5.1182~1-e02e3]:main():lattice-best-path.cc:99) For utterance 020360097, best cost 92.6941 + -526.98 = -434.286 over 130 frames.
LOG (lattice-best-path[5.5.1182~1-e02e3]:main():lattice-best-path.cc:99) For utterance 020360100, best cost 86.8355 + -470.106 = -383.27 over 122 frames.
LOG (lattice-best-path[5.5.1182~1-e02e3]:main():lattice-best-path.cc:99) For utterance 020360131, best cost 100.136 + -623.945 = -523.808 over 144 frames.
LOG (lattice-best-path[5.5.1182~1-e02e3]:main():lattice-best-path.cc:99) For utterance 020360136, best cost 70.4382 + -440.51 = -370.072 over 98 frames.
LOG (lattice-best-path[5.5.1182~1-e02e3]:main():lattice-best-path.cc:99) For utterance 020360143, best cost 74.1035 + -396.412 = -322.309 over 106 frames.
LOG (lattice-best-path[5.5.1182~1-e02e3]:main():lattice-best-path.cc:99) For utterance 020360202, best cost 80.0491 + -501.368 = -421.319 over 114 frames.
LOG (lattice-best-path[5.5.1182~1-e02e3]:main():lattice-best-path.cc:99) For utterance 020360211, best cost 71.9791 + -414.898 = -342.918 over 103 frames.
LOG (lattice-best-path[5.5.1182~1-e02e3]:main():lattice-best-path.cc:99) For utterance 020360220, best cost 76.185 + -442.256 = -366.071 over 104 frames.
LOG (lattice-best-path[5.5.1182~1-e02e3]:main():lattice-best-path.cc:99) For utterance 020360228, best cost 69.1835 + -425.863 = -356.68 over 97 frames.
LOG (lattice-best-path[5.5.1182~1-e02e3]:main():lattice-best-path.cc:99) For utterance 020360245, best cost 67.0882 + -370.824 = -303.735 over 95 frames.
LOG (lattice-best-path[5.5.1182~1-e02e3]:main():lattice-best-path.cc:99) For utterance 020360299, best cost 96.2956 + -598.776 = -502.481 over 135 frames.
LOG (lattice-best-path[5.5.1182~1-e02e3]:main():lattice-best-path.cc:99) For utterance 020360301, best cost 62.6 + -396.136 = -333.536 over 90 frames.
LOG (lattice-best-path[5.5.1182~1-e02e3]:main():lattice-best-path.cc:99) For utterance 020360302, best cost 82.2525 + -522.51 = -440.258 over 117 frames.
LOG (lattice-best-path[5.5.1182~1-e02e3]:main():lattice-best-path.cc:99) For utterance 020360329, best cost 74.1285 + -445.369 = -371.241 over 108 frames.
LOG (lattice-best-path[5.5.1182~1-e02e3]:main():lattice-best-path.cc:99) For utterance 020590022, best cost 99.2239 + -429.685 = -330.461 over 137 frames.
LOG (lattice-best-path[5.5.1182~1-e02e3]:main():lattice-best-path.cc:99) For utterance 020590026, best cost 121.116 + -570.497 = -449.381 over 164 frames.
LOG (lattice-best-path[5.5.1182~1-e02e3]:main():lattice-best-path.cc:99) For utterance 020590047, best cost 70.9649 + -389.116 = -318.151 over 101 frames.
LOG (lattice-best-path[5.5.1182~1-e02e3]:main():lattice-best-path.cc:99) For utterance 020590077, best cost 115.837 + -624.826 = -508.989 over 163 frames.
LOG (lattice-best-path[5.5.1182~1-e02e3]:main():lattice-best-path.cc:99) For utterance 020590103, best cost 107.655 + -497.418 = -389.763 over 143 frames.
LOG (lattice-best-path[5.5.1182~1-e02e3]:main():lattice-best-path.cc:99) For utterance 020590121, best cost 90.4611 + -516.006 = -425.545 over 128 frames.
LOG (lattice-best-path[5.5.1182~1-e02e3]:main():lattice-best-path.cc:99) For utterance 020590122, best cost 72.7698 + -389.076 = -316.306 over 100 frames.
LOG (lattice-best-path[5.5.1182~1-e02e3]:main():lattice-best-path.cc:99) For utterance 020590123, best cost 81.1578 + -440.626 = -359.468 over 117 frames.
LOG (lattice-best-path[5.5.1182~1-e02e3]:main():lattice-best-path.cc:99) For utterance 020590144, best cost 88.5167 + -474.182 = -385.665 over 124 frames.
LOG (lattice-best-path[5.5.1182~1-e02e3]:main():lattice-best-path.cc:99) For utterance 020590151, best cost 76.3752 + -406.87 = -330.495 over 105 frames.
LOG (lattice-best-path[5.5.1182~1-e02e3]:main():lattice-best-path.cc:99) For utterance 020590164, best cost 73.2482 + -396.615 = -323.366 over 105 frames.
LOG (lattice-best-path[5.5.1182~1-e02e3]:main():lattice-best-path.cc:99) For utterance 020590181, best cost 79.9424 + -385.782 = -305.839 over 106 frames.
LOG (lattice-best-path[5.5.1182~1-e02e3]:main():lattice-best-path.cc:99) For utterance 020590228, best cost 101.732 + -474.594 = -372.862 over 140 frames.
LOG (lattice-best-path[5.5.1182~1-e02e3]:main():lattice-best-path.cc:99) For utterance 020590274, best cost 97.5159 + -471.31 = -373.794 over 132 frames.
LOG (lattice-best-path[5.5.1182~1-e02e3]:main():lattice-best-path.cc:99) For utterance 020590276, best cost 119.056 + -551.535 = -432.479 over 156 frames.
LOG (lattice-best-path[5.5.1182~1-e02e3]:main():lattice-best-path.cc:99) For utterance 020590290, best cost 57.6838 + -337.817 = -280.133 over 82 frames.
LOG (lattice-best-path[5.5.1182~1-e02e3]:main():lattice-best-path.cc:99) For utterance 020590322, best cost 105.276 + -507.92 = -402.644 over 139 frames.
LOG (lattice-best-path[5.5.1182~1-e02e3]:main():lattice-best-path.cc:99) For utterance 020590359, best cost 72.5481 + -383.458 = -310.91 over 100 frames.
LOG (lattice-best-path[5.5.1182~1-e02e3]:main():lattice-best-path.cc:99) For utterance 020590376, best cost 113.663 + -564.089 = -450.426 over 154 frames.
LOG (lattice-best-path[5.5.1182~1-e02e3]:main():lattice-best-path.cc:99) For utterance 020610010, best cost 76.2064 + -395.026 = -318.819 over 109 frames.
LOG (lattice-best-path[5.5.1182~1-e02e3]:main():lattice-best-path.cc:99) For utterance 020610014, best cost 73.2071 + -388.221 = -315.013 over 101 frames.
LOG (lattice-best-path[5.5.1182~1-e02e3]:main():lattice-best-path.cc:99) For utterance 020610061, best cost 130.144 + -611.901 = -481.757 over 173 frames.
LOG (lattice-best-path[5.5.1182~1-e02e3]:main():lattice-best-path.cc:99) For utterance 020610090, best cost 91.5533 + -472.684 = -381.13 over 126 frames.
LOG (lattice-best-path[5.5.1182~1-e02e3]:main():lattice-best-path.cc:99) For utterance 020610122, best cost 94.3642 + -495.663 = -401.298 over 129 frames.
LOG (lattice-best-path[5.5.1182~1-e02e3]:main():lattice-best-path.cc:99) For utterance 020610134, best cost 70.9407 + -426.892 = -355.951 over 100 frames.
LOG (lattice-best-path[5.5.1182~1-e02e3]:main():lattice-best-path.cc:99) For utterance 020610168, best cost 92.3189 + -492.194 = -399.875 over 131 frames.
LOG (lattice-best-path[5.5.1182~1-e02e3]:main():lattice-best-path.cc:99) For utterance 020610174, best cost 99.2256 + -533.667 = -434.441 over 138 frames.
LOG (lattice-best-path[5.5.1182~1-e02e3]:main():lattice-best-path.cc:99) For utterance 020610175, best cost 77.8228 + -450.747 = -372.925 over 108 frames.
LOG (lattice-best-path[5.5.1182~1-e02e3]:main():lattice-best-path.cc:99) For utterance 020610194, best cost 93.7988 + -505.953 = -412.154 over 129 frames.
LOG (lattice-best-path[5.5.1182~1-e02e3]:main():lattice-best-path.cc:99) For utterance 020610206, best cost 75.0463 + -405.13 = -330.084 over 104 frames.
LOG (lattice-best-path[5.5.1182~1-e02e3]:main():lattice-best-path.cc:99) For utterance 020610207, best cost 125.324 + -652.645 = -527.321 over 162 frames.
LOG (lattice-best-path[5.5.1182~1-e02e3]:main():lattice-best-path.cc:99) For utterance 020610291, best cost 63.8166 + -362.542 = -298.725 over 91 frames.
LOG (lattice-best-path[5.5.1182~1-e02e3]:main():lattice-best-path.cc:99) For utterance 020610302, best cost 97.195 + -512.909 = -415.714 over 135 frames.
LOG (lattice-best-path[5.5.1182~1-e02e3]:main():lattice-best-path.cc:99) For utterance 020610328, best cost 66.7958 + -315.566 = -248.771 over 88 frames.
LOG (lattice-best-path[5.5.1182~1-e02e3]:main():lattice-best-path.cc:99) For utterance 020610341, best cost 140.648 + -707.808 = -567.16 over 192 frames.
LOG (lattice-best-path[5.5.1182~1-e02e3]:main():lattice-best-path.cc:99) For utterance 020610343, best cost 113.757 + -621.932 = -508.175 over 157 frames.
LOG (lattice-best-path[5.5.1182~1-e02e3]:main():lattice-best-path.cc:99) For utterance 020890003, best cost 102.065 + -571.697 = -469.632 over 142 frames.
LOG (lattice-best-path[5.5.1182~1-e02e3]:main():lattice-best-path.cc:99) For utterance 020890037, best cost 73.4678 + -392.885 = -319.417 over 106 frames.
LOG (lattice-best-path[5.5.1182~1-e02e3]:main():lattice-best-path.cc:99) For utterance 020890112, best cost 73.7781 + -437.1 = -363.322 over 107 frames.
LOG (lattice-best-path[5.5.1182~1-e02e3]:main():lattice-best-path.cc:99) For utterance 020890134, best cost 68.9464 + -387.375 = -318.429 over 96 frames.
LOG (lattice-best-path[5.5.1182~1-e02e3]:main():lattice-best-path.cc:99) For utterance 020890156, best cost 71.4395 + -398.96 = -327.521 over 101 frames.
LOG (lattice-best-path[5.5.1182~1-e02e3]:main():lattice-best-path.cc:99) For utterance 020890165, best cost 75.5288 + -465.408 = -389.88 over 108 frames.
LOG (lattice-best-path[5.5.1182~1-e02e3]:main():lattice-best-path.cc:99) For utterance 020890206, best cost 88.9161 + -460.232 = -371.316 over 124 frames.
LOG (lattice-best-path[5.5.1182~1-e02e3]:main():lattice-best-path.cc:99) For utterance 020890207, best cost 75.4002 + -413.107 = -337.707 over 107 frames.
LOG (lattice-best-path[5.5.1182~1-e02e3]:main():lattice-best-path.cc:99) For utterance 020890215, best cost 81.5276 + -468.709 = -387.181 over 114 frames.
LOG (lattice-best-path[5.5.1182~1-e02e3]:main():lattice-best-path.cc:99) For utterance 020890219, best cost 71.9252 + -416.137 = -344.212 over 104 frames.
LOG (lattice-best-path[5.5.1182~1-e02e3]:main():lattice-best-path.cc:99) For utterance 020890259, best cost 72.6676 + -408.948 = -336.28 over 103 frames.
LOG (lattice-best-path[5.5.1182~1-e02e3]:main():lattice-best-path.cc:99) For utterance 020890260, best cost 83.0211 + -456.141 = -373.12 over 117 frames.
LOG (lattice-best-path[5.5.1182~1-e02e3]:main():lattice-best-path.cc:99) For utterance 020890267, best cost 78.231 + -427.698 = -349.467 over 108 frames.
LOG (lattice-best-path[5.5.1182~1-e02e3]:main():lattice-best-path.cc:99) For utterance 020890274, best cost 112.67 + -563.837 = -451.168 over 153 frames.
LOG (lattice-best-path[5.5.1182~1-e02e3]:main():lattice-best-path.cc:99) For utterance 020890306, best cost 83.025 + -453.515 = -370.49 over 117 frames.
LOG (lattice-best-path[5.5.1182~1-e02e3]:main():lattice-best-path.cc:99) For utterance 020890313, best cost 76.6009 + -408.663 = -332.062 over 109 frames.
LOG (lattice-best-path[5.5.1182~1-e02e3]:main():lattice-best-path.cc:99) For utterance 020890326, best cost 132.319 + -649.392 = -517.072 over 176 frames.
LOG (lattice-best-path[5.5.1182~1-e02e3]:main():lattice-best-path.cc:99) For utterance 020890346, best cost 74.5835 + -438.116 = -363.532 over 108 frames.
LOG (lattice-best-path[5.5.1182~1-e02e3]:main():lattice-best-path.cc:99) For utterance 020890371, best cost 71.3428 + -378.434 = -307.091 over 101 frames.
LOG (lattice-best-path[5.5.1182~1-e02e3]:main():lattice-best-path.cc:124) Overall cost per frame is -2.95677 = 0.726067 [graph] + -3.68284 [acoustic] over 27034 frames.
LOG (lattice-best-path[5.5.1182~1-e02e3]:main():lattice-best-path.cc:128) Done 218 lattices, failed for 0
# Accounting: time=1 threads=1
# Ended (code 0) at Thu Oct 23 10:38:39 IST 2025, elapsed time 1 seconds
