# nnet3-latgen-faster --acoustic-scale=1.0 --online-ivectors=scp:tune/nnet3_cleaned/ivectors_speechocean762_train/ivector_online.scp --online-ivector-period=10 --frame-subsampling-factor=3 --frames-per-chunk=50 --extra-left-context=0 --extra-right-context=0 --extra-left-context-initial=-1 --extra-right-context-final=-1 --beam=20 --lattice-beam=20 --allow-partial=false --word-determinize=false /home/mcw/durga/kaldi/libreespeech2/0013_librispeech_v1_chain/exp/chain_cleaned/tdnn_1d_sp/final.mdl "ark:gunzip -c tune/align_lats_speechocean762/fsts.7.gz |" "ark,s,cs:apply-cmvn --norm-means=false --norm-vars=false --utt2spk=ark:data/speechocean762_train/split10/7/utt2spk scp:data/speechocean762_train/split10/7/cmvn.scp scp:data/speechocean762_train/split10/7/feats.scp ark:- |" "ark:|gzip -c >tune/align_lats_speechocean762/lat.7.gz" 
# Started at Thu Oct 23 10:36:15 IST 2025
#
nnet3-latgen-faster --acoustic-scale=1.0 --online-ivectors=scp:tune/nnet3_cleaned/ivectors_speechocean762_train/ivector_online.scp --online-ivector-period=10 --frame-subsampling-factor=3 --frames-per-chunk=50 --extra-left-context=0 --extra-right-context=0 --extra-left-context-initial=-1 --extra-right-context-final=-1 --beam=20 --lattice-beam=20 --allow-partial=false --word-determinize=false /home/mcw/durga/kaldi/libreespeech2/0013_librispeech_v1_chain/exp/chain_cleaned/tdnn_1d_sp/final.mdl 'ark:gunzip -c tune/align_lats_speechocean762/fsts.7.gz |' 'ark,s,cs:apply-cmvn --norm-means=false --norm-vars=false --utt2spk=ark:data/speechocean762_train/split10/7/utt2spk scp:data/speechocean762_train/split10/7/cmvn.scp scp:data/speechocean762_train/split10/7/feats.scp ark:- |' 'ark:|gzip -c >tune/align_lats_speechocean762/lat.7.gz' 
LOG (nnet3-latgen-faster[5.5.1182~1-e02e3]:RemoveOrphanNodes():nnet-nnet.cc:948) Removed 1 orphan nodes.
LOG (nnet3-latgen-faster[5.5.1182~1-e02e3]:RemoveOrphanComponents():nnet-nnet.cc:847) Removing 2 orphan components.
LOG (nnet3-latgen-faster[5.5.1182~1-e02e3]:Collapse():nnet-utils.cc:1488) Added 1 components, removed 2
apply-cmvn --norm-means=false --norm-vars=false --utt2spk=ark:data/speechocean762_train/split10/7/utt2spk scp:data/speechocean762_train/split10/7/cmvn.scp scp:data/speechocean762_train/split10/7/feats.scp ark:- 
LOG (nnet3-latgen-faster[5.5.1182~1-e02e3]:CheckAndFixConfigs():nnet-am-decodable-simple.cc:294) Increasing --frames-per-chunk from 50 to 51 to make it a multiple of --frame-subsampling-factor=3
LOG (nnet3-latgen-faster[5.5.1182~1-e02e3]:DecodeUtteranceLatticeFaster():decoder-wrappers.cc:375) Log-like per frame for utterance 030830001 is 3.03854 over 105 frames.
LOG (nnet3-latgen-faster[5.5.1182~1-e02e3]:DecodeUtteranceLatticeFaster():decoder-wrappers.cc:375) Log-like per frame for utterance 030830004 is 3.23731 over 77 frames.
LOG (nnet3-latgen-faster[5.5.1182~1-e02e3]:DecodeUtteranceLatticeFaster():decoder-wrappers.cc:375) Log-like per frame for utterance 030830013 is 2.73714 over 164 frames.
LOG (nnet3-latgen-faster[5.5.1182~1-e02e3]:DecodeUtteranceLatticeFaster():decoder-wrappers.cc:375) Log-like per frame for utterance 030830021 is 2.87531 over 195 frames.
LOG (nnet3-latgen-faster[5.5.1182~1-e02e3]:DecodeUtteranceLatticeFaster():decoder-wrappers.cc:375) Log-like per frame for utterance 030830030 is 2.75829 over 79 frames.
LOG (nnet3-latgen-faster[5.5.1182~1-e02e3]:DecodeUtteranceLatticeFaster():decoder-wrappers.cc:375) Log-like per frame for utterance 030830033 is 3.12542 over 142 frames.
LOG (nnet3-latgen-faster[5.5.1182~1-e02e3]:DecodeUtteranceLatticeFaster():decoder-wrappers.cc:375) Log-like per frame for utterance 030830043 is 2.88369 over 98 frames.
LOG (nnet3-latgen-faster[5.5.1182~1-e02e3]:DecodeUtteranceLatticeFaster():decoder-wrappers.cc:375) Log-like per frame for utterance 030830074 is 3.27543 over 83 frames.
LOG (nnet3-latgen-faster[5.5.1182~1-e02e3]:DecodeUtteranceLatticeFaster():decoder-wrappers.cc:375) Log-like per frame for utterance 030830093 is 2.48084 over 129 frames.
LOG (nnet3-latgen-faster[5.5.1182~1-e02e3]:DecodeUtteranceLatticeFaster():decoder-wrappers.cc:375) Log-like per frame for utterance 030830094 is 2.98117 over 86 frames.
LOG (nnet3-latgen-faster[5.5.1182~1-e02e3]:DecodeUtteranceLatticeFaster():decoder-wrappers.cc:375) Log-like per frame for utterance 030830102 is 2.92586 over 98 frames.
LOG (nnet3-latgen-faster[5.5.1182~1-e02e3]:DecodeUtteranceLatticeFaster():decoder-wrappers.cc:375) Log-like per frame for utterance 030830116 is 2.44537 over 129 frames.
LOG (nnet3-latgen-faster[5.5.1182~1-e02e3]:DecodeUtteranceLatticeFaster():decoder-wrappers.cc:375) Log-like per frame for utterance 030830118 is 2.48882 over 133 frames.
LOG (nnet3-latgen-faster[5.5.1182~1-e02e3]:DecodeUtteranceLatticeFaster():decoder-wrappers.cc:375) Log-like per frame for utterance 030830124 is 2.08387 over 178 frames.
LOG (nnet3-latgen-faster[5.5.1182~1-e02e3]:DecodeUtteranceLatticeFaster():decoder-wrappers.cc:375) Log-like per frame for utterance 030830129 is 2.84651 over 104 frames.
LOG (nnet3-latgen-faster[5.5.1182~1-e02e3]:DecodeUtteranceLatticeFaster():decoder-wrappers.cc:375) Log-like per frame for utterance 030830135 is 2.75991 over 96 frames.
LOG (nnet3-latgen-faster[5.5.1182~1-e02e3]:DecodeUtteranceLatticeFaster():decoder-wrappers.cc:375) Log-like per frame for utterance 030830147 is 2.95532 over 93 frames.
LOG (nnet3-latgen-faster[5.5.1182~1-e02e3]:DecodeUtteranceLatticeFaster():decoder-wrappers.cc:375) Log-like per frame for utterance 030830154 is 3.06615 over 70 frames.
LOG (nnet3-latgen-faster[5.5.1182~1-e02e3]:DecodeUtteranceLatticeFaster():decoder-wrappers.cc:375) Log-like per frame for utterance 030830169 is 3.29578 over 80 frames.
LOG (nnet3-latgen-faster[5.5.1182~1-e02e3]:DecodeUtteranceLatticeFaster():decoder-wrappers.cc:375) Log-like per frame for utterance 030880003 is 2.01561 over 102 frames.
LOG (nnet3-latgen-faster[5.5.1182~1-e02e3]:DecodeUtteranceLatticeFaster():decoder-wrappers.cc:375) Log-like per frame for utterance 030880018 is 2.66465 over 104 frames.
LOG (nnet3-latgen-faster[5.5.1182~1-e02e3]:DecodeUtteranceLatticeFaster():decoder-wrappers.cc:375) Log-like per frame for utterance 030880019 is 3.58314 over 92 frames.
LOG (nnet3-latgen-faster[5.5.1182~1-e02e3]:DecodeUtteranceLatticeFaster():decoder-wrappers.cc:375) Log-like per frame for utterance 030880025 is 2.60776 over 136 frames.
LOG (nnet3-latgen-faster[5.5.1182~1-e02e3]:DecodeUtteranceLatticeFaster():decoder-wrappers.cc:375) Log-like per frame for utterance 030880041 is 2.67466 over 178 frames.
LOG (nnet3-latgen-faster[5.5.1182~1-e02e3]:DecodeUtteranceLatticeFaster():decoder-wrappers.cc:375) Log-like per frame for utterance 030880049 is 2.98112 over 95 frames.
LOG (nnet3-latgen-faster[5.5.1182~1-e02e3]:DecodeUtteranceLatticeFaster():decoder-wrappers.cc:375) Log-like per frame for utterance 030880057 is 2.78197 over 100 frames.
LOG (nnet3-latgen-faster[5.5.1182~1-e02e3]:DecodeUtteranceLatticeFaster():decoder-wrappers.cc:375) Log-like per frame for utterance 030880058 is 3.1136 over 110 frames.
LOG (nnet3-latgen-faster[5.5.1182~1-e02e3]:DecodeUtteranceLatticeFaster():decoder-wrappers.cc:375) Log-like per frame for utterance 030880067 is 2.573 over 118 frames.
LOG (nnet3-latgen-faster[5.5.1182~1-e02e3]:DecodeUtteranceLatticeFaster():decoder-wrappers.cc:375) Log-like per frame for utterance 030880086 is 3.21499 over 84 frames.
LOG (nnet3-latgen-faster[5.5.1182~1-e02e3]:DecodeUtteranceLatticeFaster():decoder-wrappers.cc:375) Log-like per frame for utterance 030880092 is 3.68981 over 84 frames.
LOG (nnet3-latgen-faster[5.5.1182~1-e02e3]:DecodeUtteranceLatticeFaster():decoder-wrappers.cc:375) Log-like per frame for utterance 030880096 is 3.04631 over 92 frames.
LOG (nnet3-latgen-faster[5.5.1182~1-e02e3]:DecodeUtteranceLatticeFaster():decoder-wrappers.cc:375) Log-like per frame for utterance 030880099 is 2.61438 over 107 frames.
LOG (nnet3-latgen-faster[5.5.1182~1-e02e3]:DecodeUtteranceLatticeFaster():decoder-wrappers.cc:375) Log-like per frame for utterance 030880105 is 3.5807 over 67 frames.
LOG (nnet3-latgen-faster[5.5.1182~1-e02e3]:DecodeUtteranceLatticeFaster():decoder-wrappers.cc:375) Log-like per frame for utterance 030880123 is 3.4099 over 94 frames.
LOG (nnet3-latgen-faster[5.5.1182~1-e02e3]:DecodeUtteranceLatticeFaster():decoder-wrappers.cc:375) Log-like per frame for utterance 030880131 is 3.1226 over 83 frames.
LOG (nnet3-latgen-faster[5.5.1182~1-e02e3]:DecodeUtteranceLatticeFaster():decoder-wrappers.cc:375) Log-like per frame for utterance 030880146 is 3.1036 over 97 frames.
LOG (nnet3-latgen-faster[5.5.1182~1-e02e3]:DecodeUtteranceLatticeFaster():decoder-wrappers.cc:375) Log-like per frame for utterance 030880172 is 3.64318 over 81 frames.
LOG (nnet3-latgen-faster[5.5.1182~1-e02e3]:DecodeUtteranceLatticeFaster():decoder-wrappers.cc:375) Log-like per frame for utterance 030880173 is 2.31712 over 99 frames.
LOG (nnet3-latgen-faster[5.5.1182~1-e02e3]:DecodeUtteranceLatticeFaster():decoder-wrappers.cc:375) Log-like per frame for utterance 032080019 is 3.61226 over 72 frames.
LOG (nnet3-latgen-faster[5.5.1182~1-e02e3]:DecodeUtteranceLatticeFaster():decoder-wrappers.cc:375) Log-like per frame for utterance 032080038 is 3.27348 over 88 frames.
LOG (nnet3-latgen-faster[5.5.1182~1-e02e3]:DecodeUtteranceLatticeFaster():decoder-wrappers.cc:375) Log-like per frame for utterance 032080043 is 3.50147 over 95 frames.
LOG (nnet3-latgen-faster[5.5.1182~1-e02e3]:DecodeUtteranceLatticeFaster():decoder-wrappers.cc:375) Log-like per frame for utterance 032080056 is 3.39594 over 79 frames.
LOG (nnet3-latgen-faster[5.5.1182~1-e02e3]:DecodeUtteranceLatticeFaster():decoder-wrappers.cc:375) Log-like per frame for utterance 032080058 is 3.03349 over 86 frames.
LOG (nnet3-latgen-faster[5.5.1182~1-e02e3]:DecodeUtteranceLatticeFaster():decoder-wrappers.cc:375) Log-like per frame for utterance 032080071 is 2.93884 over 104 frames.
LOG (nnet3-latgen-faster[5.5.1182~1-e02e3]:DecodeUtteranceLatticeFaster():decoder-wrappers.cc:375) Log-like per frame for utterance 032080078 is 3.0977 over 109 frames.
LOG (nnet3-latgen-faster[5.5.1182~1-e02e3]:DecodeUtteranceLatticeFaster():decoder-wrappers.cc:375) Log-like per frame for utterance 032080079 is 3.22471 over 113 frames.
LOG (nnet3-latgen-faster[5.5.1182~1-e02e3]:DecodeUtteranceLatticeFaster():decoder-wrappers.cc:375) Log-like per frame for utterance 032080083 is 3.32133 over 140 frames.
LOG (nnet3-latgen-faster[5.5.1182~1-e02e3]:DecodeUtteranceLatticeFaster():decoder-wrappers.cc:375) Log-like per frame for utterance 032080092 is 2.96156 over 149 frames.
LOG (nnet3-latgen-faster[5.5.1182~1-e02e3]:DecodeUtteranceLatticeFaster():decoder-wrappers.cc:375) Log-like per frame for utterance 032080093 is 3.51033 over 100 frames.
LOG (nnet3-latgen-faster[5.5.1182~1-e02e3]:DecodeUtteranceLatticeFaster():decoder-wrappers.cc:375) Log-like per frame for utterance 032080099 is 3.76777 over 82 frames.
LOG (nnet3-latgen-faster[5.5.1182~1-e02e3]:DecodeUtteranceLatticeFaster():decoder-wrappers.cc:375) Log-like per frame for utterance 032080103 is 3.26021 over 93 frames.
LOG (nnet3-latgen-faster[5.5.1182~1-e02e3]:DecodeUtteranceLatticeFaster():decoder-wrappers.cc:375) Log-like per frame for utterance 032080119 is 2.93467 over 157 frames.
LOG (nnet3-latgen-faster[5.5.1182~1-e02e3]:DecodeUtteranceLatticeFaster():decoder-wrappers.cc:375) Log-like per frame for utterance 032080132 is 3.72586 over 93 frames.
LOG (nnet3-latgen-faster[5.5.1182~1-e02e3]:DecodeUtteranceLatticeFaster():decoder-wrappers.cc:375) Log-like per frame for utterance 032080145 is 3.05806 over 119 frames.
LOG (nnet3-latgen-faster[5.5.1182~1-e02e3]:DecodeUtteranceLatticeFaster():decoder-wrappers.cc:375) Log-like per frame for utterance 032080150 is 3.67288 over 77 frames.
LOG (nnet3-latgen-faster[5.5.1182~1-e02e3]:DecodeUtteranceLatticeFaster():decoder-wrappers.cc:375) Log-like per frame for utterance 032080161 is 3.36865 over 99 frames.
LOG (nnet3-latgen-faster[5.5.1182~1-e02e3]:DecodeUtteranceLatticeFaster():decoder-wrappers.cc:375) Log-like per frame for utterance 034230011 is 3.14561 over 106 frames.
LOG (nnet3-latgen-faster[5.5.1182~1-e02e3]:DecodeUtteranceLatticeFaster():decoder-wrappers.cc:375) Log-like per frame for utterance 034230034 is 3.32693 over 106 frames.
LOG (nnet3-latgen-faster[5.5.1182~1-e02e3]:DecodeUtteranceLatticeFaster():decoder-wrappers.cc:375) Log-like per frame for utterance 034230035 is 2.94842 over 85 frames.
LOG (nnet3-latgen-faster[5.5.1182~1-e02e3]:DecodeUtteranceLatticeFaster():decoder-wrappers.cc:375) Log-like per frame for utterance 034230043 is 3.52868 over 100 frames.
LOG (nnet3-latgen-faster[5.5.1182~1-e02e3]:DecodeUtteranceLatticeFaster():decoder-wrappers.cc:375) Log-like per frame for utterance 034230051 is 3.25495 over 171 frames.
LOG (nnet3-latgen-faster[5.5.1182~1-e02e3]:DecodeUtteranceLatticeFaster():decoder-wrappers.cc:375) Log-like per frame for utterance 034230058 is 3.14327 over 111 frames.
LOG (nnet3-latgen-faster[5.5.1182~1-e02e3]:DecodeUtteranceLatticeFaster():decoder-wrappers.cc:375) Log-like per frame for utterance 034230063 is 2.96291 over 130 frames.
LOG (nnet3-latgen-faster[5.5.1182~1-e02e3]:DecodeUtteranceLatticeFaster():decoder-wrappers.cc:375) Log-like per frame for utterance 034230072 is 3.50943 over 97 frames.
LOG (nnet3-latgen-faster[5.5.1182~1-e02e3]:DecodeUtteranceLatticeFaster():decoder-wrappers.cc:375) Log-like per frame for utterance 034230079 is 3.47749 over 101 frames.
LOG (nnet3-latgen-faster[5.5.1182~1-e02e3]:DecodeUtteranceLatticeFaster():decoder-wrappers.cc:375) Log-like per frame for utterance 034230081 is 3.364 over 101 frames.
LOG (nnet3-latgen-faster[5.5.1182~1-e02e3]:DecodeUtteranceLatticeFaster():decoder-wrappers.cc:375) Log-like per frame for utterance 034230083 is 3.6129 over 101 frames.
LOG (nnet3-latgen-faster[5.5.1182~1-e02e3]:DecodeUtteranceLatticeFaster():decoder-wrappers.cc:375) Log-like per frame for utterance 034230085 is 3.64982 over 101 frames.
LOG (nnet3-latgen-faster[5.5.1182~1-e02e3]:DecodeUtteranceLatticeFaster():decoder-wrappers.cc:375) Log-like per frame for utterance 034230108 is 3.1427 over 111 frames.
LOG (nnet3-latgen-faster[5.5.1182~1-e02e3]:DecodeUtteranceLatticeFaster():decoder-wrappers.cc:375) Log-like per frame for utterance 034230112 is 2.91943 over 112 frames.
LOG (nnet3-latgen-faster[5.5.1182~1-e02e3]:DecodeUtteranceLatticeFaster():decoder-wrappers.cc:375) Log-like per frame for utterance 034230115 is 2.99379 over 125 frames.
LOG (nnet3-latgen-faster[5.5.1182~1-e02e3]:DecodeUtteranceLatticeFaster():decoder-wrappers.cc:375) Log-like per frame for utterance 034230123 is 3.04353 over 151 frames.
LOG (nnet3-latgen-faster[5.5.1182~1-e02e3]:DecodeUtteranceLatticeFaster():decoder-wrappers.cc:375) Log-like per frame for utterance 034230141 is 2.99059 over 176 frames.
LOG (nnet3-latgen-faster[5.5.1182~1-e02e3]:DecodeUtteranceLatticeFaster():decoder-wrappers.cc:375) Log-like per frame for utterance 034230154 is 3.05567 over 114 frames.
LOG (nnet3-latgen-faster[5.5.1182~1-e02e3]:DecodeUtteranceLatticeFaster():decoder-wrappers.cc:375) Log-like per frame for utterance 034230164 is 3.4771 over 128 frames.
LOG (nnet3-latgen-faster[5.5.1182~1-e02e3]:DecodeUtteranceLatticeFaster():decoder-wrappers.cc:375) Log-like per frame for utterance 034230168 is 3.23065 over 111 frames.
LOG (nnet3-latgen-faster[5.5.1182~1-e02e3]:DecodeUtteranceLatticeFaster():decoder-wrappers.cc:375) Log-like per frame for utterance 036360016 is 3.20284 over 132 frames.
LOG (nnet3-latgen-faster[5.5.1182~1-e02e3]:DecodeUtteranceLatticeFaster():decoder-wrappers.cc:375) Log-like per frame for utterance 036360027 is 3.34182 over 103 frames.
LOG (nnet3-latgen-faster[5.5.1182~1-e02e3]:DecodeUtteranceLatticeFaster():decoder-wrappers.cc:375) Log-like per frame for utterance 036360029 is 3.03384 over 160 frames.
LOG (nnet3-latgen-faster[5.5.1182~1-e02e3]:DecodeUtteranceLatticeFaster():decoder-wrappers.cc:375) Log-like per frame for utterance 036360032 is 2.69072 over 125 frames.
LOG (nnet3-latgen-faster[5.5.1182~1-e02e3]:DecodeUtteranceLatticeFaster():decoder-wrappers.cc:375) Log-like per frame for utterance 036360033 is 2.17356 over 145 frames.
LOG (nnet3-latgen-faster[5.5.1182~1-e02e3]:DecodeUtteranceLatticeFaster():decoder-wrappers.cc:375) Log-like per frame for utterance 036360034 is 2.95297 over 108 frames.
LOG (nnet3-latgen-faster[5.5.1182~1-e02e3]:DecodeUtteranceLatticeFaster():decoder-wrappers.cc:375) Log-like per frame for utterance 036360044 is 2.16245 over 193 frames.
LOG (nnet3-latgen-faster[5.5.1182~1-e02e3]:DecodeUtteranceLatticeFaster():decoder-wrappers.cc:375) Log-like per frame for utterance 036360055 is 2.72376 over 106 frames.
LOG (nnet3-latgen-faster[5.5.1182~1-e02e3]:DecodeUtteranceLatticeFaster():decoder-wrappers.cc:375) Log-like per frame for utterance 036360061 is 2.7441 over 126 frames.
LOG (nnet3-latgen-faster[5.5.1182~1-e02e3]:DecodeUtteranceLatticeFaster():decoder-wrappers.cc:375) Log-like per frame for utterance 036360062 is 3.013 over 113 frames.
LOG (nnet3-latgen-faster[5.5.1182~1-e02e3]:DecodeUtteranceLatticeFaster():decoder-wrappers.cc:375) Log-like per frame for utterance 036360071 is 2.85961 over 217 frames.
LOG (nnet3-latgen-faster[5.5.1182~1-e02e3]:DecodeUtteranceLatticeFaster():decoder-wrappers.cc:375) Log-like per frame for utterance 036360106 is 3.66952 over 217 frames.
LOG (nnet3-latgen-faster[5.5.1182~1-e02e3]:DecodeUtteranceLatticeFaster():decoder-wrappers.cc:375) Log-like per frame for utterance 036360111 is 2.365 over 233 frames.
LOG (nnet3-latgen-faster[5.5.1182~1-e02e3]:DecodeUtteranceLatticeFaster():decoder-wrappers.cc:375) Log-like per frame for utterance 036360114 is 3.15824 over 120 frames.
LOG (nnet3-latgen-faster[5.5.1182~1-e02e3]:DecodeUtteranceLatticeFaster():decoder-wrappers.cc:375) Log-like per frame for utterance 036360142 is 2.75359 over 137 frames.
LOG (nnet3-latgen-faster[5.5.1182~1-e02e3]:DecodeUtteranceLatticeFaster():decoder-wrappers.cc:375) Log-like per frame for utterance 036360151 is 2.47606 over 138 frames.
LOG (nnet3-latgen-faster[5.5.1182~1-e02e3]:DecodeUtteranceLatticeFaster():decoder-wrappers.cc:375) Log-like per frame for utterance 036360160 is 3.2746 over 108 frames.
LOG (nnet3-latgen-faster[5.5.1182~1-e02e3]:DecodeUtteranceLatticeFaster():decoder-wrappers.cc:375) Log-like per frame for utterance 036360167 is 2.54745 over 157 frames.
LOG (nnet3-latgen-faster[5.5.1182~1-e02e3]:DecodeUtteranceLatticeFaster():decoder-wrappers.cc:375) Log-like per frame for utterance 036360174 is 3.10417 over 97 frames.
LOG (nnet3-latgen-faster[5.5.1182~1-e02e3]:DecodeUtteranceLatticeFaster():decoder-wrappers.cc:375) Log-like per frame for utterance 038370004 is 3.24785 over 144 frames.
LOG (nnet3-latgen-faster[5.5.1182~1-e02e3]:DecodeUtteranceLatticeFaster():decoder-wrappers.cc:375) Log-like per frame for utterance 038370013 is 3.47086 over 117 frames.
LOG (nnet3-latgen-faster[5.5.1182~1-e02e3]:DecodeUtteranceLatticeFaster():decoder-wrappers.cc:375) Log-like per frame for utterance 038370019 is 2.73244 over 118 frames.
LOG (nnet3-latgen-faster[5.5.1182~1-e02e3]:DecodeUtteranceLatticeFaster():decoder-wrappers.cc:375) Log-like per frame for utterance 038370045 is 2.92091 over 148 frames.
LOG (nnet3-latgen-faster[5.5.1182~1-e02e3]:DecodeUtteranceLatticeFaster():decoder-wrappers.cc:375) Log-like per frame for utterance 038370052 is 3.57071 over 112 frames.
LOG (nnet3-latgen-faster[5.5.1182~1-e02e3]:DecodeUtteranceLatticeFaster():decoder-wrappers.cc:375) Log-like per frame for utterance 038370056 is 3.15064 over 123 frames.
LOG (nnet3-latgen-faster[5.5.1182~1-e02e3]:DecodeUtteranceLatticeFaster():decoder-wrappers.cc:375) Log-like per frame for utterance 038370061 is 3.72723 over 105 frames.
LOG (nnet3-latgen-faster[5.5.1182~1-e02e3]:DecodeUtteranceLatticeFaster():decoder-wrappers.cc:375) Log-like per frame for utterance 038370068 is 3.24619 over 134 frames.
LOG (nnet3-latgen-faster[5.5.1182~1-e02e3]:DecodeUtteranceLatticeFaster():decoder-wrappers.cc:375) Log-like per frame for utterance 038370070 is 3.22365 over 119 frames.
LOG (nnet3-latgen-faster[5.5.1182~1-e02e3]:DecodeUtteranceLatticeFaster():decoder-wrappers.cc:375) Log-like per frame for utterance 038370081 is 3.08707 over 103 frames.
LOG (nnet3-latgen-faster[5.5.1182~1-e02e3]:DecodeUtteranceLatticeFaster():decoder-wrappers.cc:375) Log-like per frame for utterance 038370097 is 3.49489 over 83 frames.
LOG (nnet3-latgen-faster[5.5.1182~1-e02e3]:DecodeUtteranceLatticeFaster():decoder-wrappers.cc:375) Log-like per frame for utterance 038370105 is 3.54473 over 85 frames.
LOG (nnet3-latgen-faster[5.5.1182~1-e02e3]:DecodeUtteranceLatticeFaster():decoder-wrappers.cc:375) Log-like per frame for utterance 038370107 is 3.02109 over 100 frames.
LOG (nnet3-latgen-faster[5.5.1182~1-e02e3]:DecodeUtteranceLatticeFaster():decoder-wrappers.cc:375) Log-like per frame for utterance 038370142 is 1.93616 over 127 frames.
LOG (nnet3-latgen-faster[5.5.1182~1-e02e3]:DecodeUtteranceLatticeFaster():decoder-wrappers.cc:375) Log-like per frame for utterance 038370153 is 2.97318 over 216 frames.
LOG (nnet3-latgen-faster[5.5.1182~1-e02e3]:DecodeUtteranceLatticeFaster():decoder-wrappers.cc:375) Log-like per frame for utterance 038370160 is 3.73174 over 86 frames.
LOG (nnet3-latgen-faster[5.5.1182~1-e02e3]:DecodeUtteranceLatticeFaster():decoder-wrappers.cc:375) Log-like per frame for utterance 038370167 is 2.80382 over 143 frames.
LOG (nnet3-latgen-faster[5.5.1182~1-e02e3]:DecodeUtteranceLatticeFaster():decoder-wrappers.cc:375) Log-like per frame for utterance 038370170 is 3.28105 over 114 frames.
LOG (nnet3-latgen-faster[5.5.1182~1-e02e3]:DecodeUtteranceLatticeFaster():decoder-wrappers.cc:375) Log-like per frame for utterance 040050015 is 3.41274 over 116 frames.
LOG (nnet3-latgen-faster[5.5.1182~1-e02e3]:DecodeUtteranceLatticeFaster():decoder-wrappers.cc:375) Log-like per frame for utterance 040050041 is 3.44112 over 162 frames.
LOG (nnet3-latgen-faster[5.5.1182~1-e02e3]:DecodeUtteranceLatticeFaster():decoder-wrappers.cc:375) Log-like per frame for utterance 040050060 is 3.31247 over 121 frames.
LOG (nnet3-latgen-faster[5.5.1182~1-e02e3]:DecodeUtteranceLatticeFaster():decoder-wrappers.cc:375) Log-like per frame for utterance 040050071 is 4.07912 over 95 frames.
LOG (nnet3-latgen-faster[5.5.1182~1-e02e3]:DecodeUtteranceLatticeFaster():decoder-wrappers.cc:375) Log-like per frame for utterance 040050094 is 3.31747 over 99 frames.
LOG (nnet3-latgen-faster[5.5.1182~1-e02e3]:DecodeUtteranceLatticeFaster():decoder-wrappers.cc:375) Log-like per frame for utterance 040050107 is 3.00912 over 110 frames.
LOG (nnet3-latgen-faster[5.5.1182~1-e02e3]:DecodeUtteranceLatticeFaster():decoder-wrappers.cc:375) Log-like per frame for utterance 040050110 is 3.82719 over 86 frames.
LOG (nnet3-latgen-faster[5.5.1182~1-e02e3]:DecodeUtteranceLatticeFaster():decoder-wrappers.cc:375) Log-like per frame for utterance 040050125 is 3.14652 over 102 frames.
LOG (nnet3-latgen-faster[5.5.1182~1-e02e3]:DecodeUtteranceLatticeFaster():decoder-wrappers.cc:375) Log-like per frame for utterance 040050180 is 3.08766 over 137 frames.
LOG (nnet3-latgen-faster[5.5.1182~1-e02e3]:DecodeUtteranceLatticeFaster():decoder-wrappers.cc:375) Log-like per frame for utterance 040050203 is 3.90539 over 86 frames.
LOG (nnet3-latgen-faster[5.5.1182~1-e02e3]:DecodeUtteranceLatticeFaster():decoder-wrappers.cc:375) Log-like per frame for utterance 040050205 is 3.20888 over 104 frames.
LOG (nnet3-latgen-faster[5.5.1182~1-e02e3]:DecodeUtteranceLatticeFaster():decoder-wrappers.cc:375) Log-like per frame for utterance 040050255 is 3.90021 over 86 frames.
LOG (nnet3-latgen-faster[5.5.1182~1-e02e3]:DecodeUtteranceLatticeFaster():decoder-wrappers.cc:375) Log-like per frame for utterance 040050264 is 3.00135 over 84 frames.
LOG (nnet3-latgen-faster[5.5.1182~1-e02e3]:DecodeUtteranceLatticeFaster():decoder-wrappers.cc:375) Log-like per frame for utterance 040050271 is 3.90546 over 90 frames.
LOG (nnet3-latgen-faster[5.5.1182~1-e02e3]:DecodeUtteranceLatticeFaster():decoder-wrappers.cc:375) Log-like per frame for utterance 040050281 is 3.05888 over 103 frames.
LOG (nnet3-latgen-faster[5.5.1182~1-e02e3]:DecodeUtteranceLatticeFaster():decoder-wrappers.cc:375) Log-like per frame for utterance 040050295 is 3.64234 over 89 frames.
LOG (nnet3-latgen-faster[5.5.1182~1-e02e3]:DecodeUtteranceLatticeFaster():decoder-wrappers.cc:375) Log-like per frame for utterance 040050358 is 3.4251 over 111 frames.
LOG (nnet3-latgen-faster[5.5.1182~1-e02e3]:DecodeUtteranceLatticeFaster():decoder-wrappers.cc:375) Log-like per frame for utterance 051950005 is 3.8466 over 105 frames.
LOG (nnet3-latgen-faster[5.5.1182~1-e02e3]:DecodeUtteranceLatticeFaster():decoder-wrappers.cc:375) Log-like per frame for utterance 051950011 is 3.41831 over 108 frames.
LOG (nnet3-latgen-faster[5.5.1182~1-e02e3]:DecodeUtteranceLatticeFaster():decoder-wrappers.cc:375) Log-like per frame for utterance 051950018 is 3.72165 over 135 frames.
LOG (nnet3-latgen-faster[5.5.1182~1-e02e3]:DecodeUtteranceLatticeFaster():decoder-wrappers.cc:375) Log-like per frame for utterance 051950025 is 3.46198 over 94 frames.
LOG (nnet3-latgen-faster[5.5.1182~1-e02e3]:DecodeUtteranceLatticeFaster():decoder-wrappers.cc:375) Log-like per frame for utterance 051950032 is 2.70472 over 92 frames.
LOG (nnet3-latgen-faster[5.5.1182~1-e02e3]:DecodeUtteranceLatticeFaster():decoder-wrappers.cc:375) Log-like per frame for utterance 051950033 is 3.22186 over 165 frames.
LOG (nnet3-latgen-faster[5.5.1182~1-e02e3]:DecodeUtteranceLatticeFaster():decoder-wrappers.cc:375) Log-like per frame for utterance 051950038 is 3.67819 over 108 frames.
LOG (nnet3-latgen-faster[5.5.1182~1-e02e3]:DecodeUtteranceLatticeFaster():decoder-wrappers.cc:375) Log-like per frame for utterance 051950044 is 4.1146 over 85 frames.
LOG (nnet3-latgen-faster[5.5.1182~1-e02e3]:DecodeUtteranceLatticeFaster():decoder-wrappers.cc:375) Log-like per frame for utterance 051950051 is 3.87761 over 91 frames.
LOG (nnet3-latgen-faster[5.5.1182~1-e02e3]:DecodeUtteranceLatticeFaster():decoder-wrappers.cc:375) Log-like per frame for utterance 051950067 is 3.16775 over 129 frames.
LOG (nnet3-latgen-faster[5.5.1182~1-e02e3]:DecodeUtteranceLatticeFaster():decoder-wrappers.cc:375) Log-like per frame for utterance 051950075 is 3.3563 over 117 frames.
LOG (nnet3-latgen-faster[5.5.1182~1-e02e3]:DecodeUtteranceLatticeFaster():decoder-wrappers.cc:375) Log-like per frame for utterance 051950086 is 3.69516 over 102 frames.
LOG (nnet3-latgen-faster[5.5.1182~1-e02e3]:DecodeUtteranceLatticeFaster():decoder-wrappers.cc:375) Log-like per frame for utterance 051950088 is 4.0127 over 84 frames.
LOG (nnet3-latgen-faster[5.5.1182~1-e02e3]:DecodeUtteranceLatticeFaster():decoder-wrappers.cc:375) Log-like per frame for utterance 051950096 is 3.38928 over 107 frames.
LOG (nnet3-latgen-faster[5.5.1182~1-e02e3]:DecodeUtteranceLatticeFaster():decoder-wrappers.cc:375) Log-like per frame for utterance 051950138 is 3.68433 over 96 frames.
LOG (nnet3-latgen-faster[5.5.1182~1-e02e3]:DecodeUtteranceLatticeFaster():decoder-wrappers.cc:375) Log-like per frame for utterance 051950154 is 3.55942 over 100 frames.
LOG (nnet3-latgen-faster[5.5.1182~1-e02e3]:DecodeUtteranceLatticeFaster():decoder-wrappers.cc:375) Log-like per frame for utterance 051950163 is 3.64527 over 85 frames.
LOG (nnet3-latgen-faster[5.5.1182~1-e02e3]:DecodeUtteranceLatticeFaster():decoder-wrappers.cc:375) Log-like per frame for utterance 051950164 is 3.7005 over 108 frames.
LOG (nnet3-latgen-faster[5.5.1182~1-e02e3]:DecodeUtteranceLatticeFaster():decoder-wrappers.cc:375) Log-like per frame for utterance 051950170 is 3.53319 over 179 frames.
LOG (nnet3-latgen-faster[5.5.1182~1-e02e3]:DecodeUtteranceLatticeFaster():decoder-wrappers.cc:375) Log-like per frame for utterance 052180017 is 3.66218 over 84 frames.
LOG (nnet3-latgen-faster[5.5.1182~1-e02e3]:DecodeUtteranceLatticeFaster():decoder-wrappers.cc:375) Log-like per frame for utterance 052180028 is 3.28801 over 105 frames.
LOG (nnet3-latgen-faster[5.5.1182~1-e02e3]:DecodeUtteranceLatticeFaster():decoder-wrappers.cc:375) Log-like per frame for utterance 052180037 is 2.98967 over 88 frames.
LOG (nnet3-latgen-faster[5.5.1182~1-e02e3]:DecodeUtteranceLatticeFaster():decoder-wrappers.cc:375) Log-like per frame for utterance 052180041 is 3.23511 over 111 frames.
LOG (nnet3-latgen-faster[5.5.1182~1-e02e3]:DecodeUtteranceLatticeFaster():decoder-wrappers.cc:375) Log-like per frame for utterance 052180042 is 3.19422 over 108 frames.
LOG (nnet3-latgen-faster[5.5.1182~1-e02e3]:DecodeUtteranceLatticeFaster():decoder-wrappers.cc:375) Log-like per frame for utterance 052180046 is 4.11967 over 68 frames.
LOG (nnet3-latgen-faster[5.5.1182~1-e02e3]:DecodeUtteranceLatticeFaster():decoder-wrappers.cc:375) Log-like per frame for utterance 052180068 is 3.6809 over 82 frames.
LOG (nnet3-latgen-faster[5.5.1182~1-e02e3]:DecodeUtteranceLatticeFaster():decoder-wrappers.cc:375) Log-like per frame for utterance 052180084 is 3.50528 over 72 frames.
LOG (nnet3-latgen-faster[5.5.1182~1-e02e3]:DecodeUtteranceLatticeFaster():decoder-wrappers.cc:375) Log-like per frame for utterance 052180090 is 4.31898 over 63 frames.
LOG (nnet3-latgen-faster[5.5.1182~1-e02e3]:DecodeUtteranceLatticeFaster():decoder-wrappers.cc:375) Log-like per frame for utterance 052180093 is 3.43409 over 115 frames.
LOG (nnet3-latgen-faster[5.5.1182~1-e02e3]:DecodeUtteranceLatticeFaster():decoder-wrappers.cc:375) Log-like per frame for utterance 052180098 is 3.68506 over 98 frames.
LOG (nnet3-latgen-faster[5.5.1182~1-e02e3]:DecodeUtteranceLatticeFaster():decoder-wrappers.cc:375) Log-like per frame for utterance 052180104 is 3.28431 over 136 frames.
LOG (nnet3-latgen-faster[5.5.1182~1-e02e3]:DecodeUtteranceLatticeFaster():decoder-wrappers.cc:375) Log-like per frame for utterance 052180117 is 3.38591 over 84 frames.
LOG (nnet3-latgen-faster[5.5.1182~1-e02e3]:DecodeUtteranceLatticeFaster():decoder-wrappers.cc:375) Log-like per frame for utterance 052180124 is 3.0447 over 124 frames.
LOG (nnet3-latgen-faster[5.5.1182~1-e02e3]:DecodeUtteranceLatticeFaster():decoder-wrappers.cc:375) Log-like per frame for utterance 052180137 is 3.51372 over 108 frames.
LOG (nnet3-latgen-faster[5.5.1182~1-e02e3]:DecodeUtteranceLatticeFaster():decoder-wrappers.cc:375) Log-like per frame for utterance 052180143 is 3.44569 over 120 frames.
LOG (nnet3-latgen-faster[5.5.1182~1-e02e3]:DecodeUtteranceLatticeFaster():decoder-wrappers.cc:375) Log-like per frame for utterance 052180146 is 3.51903 over 94 frames.
LOG (nnet3-latgen-faster[5.5.1182~1-e02e3]:DecodeUtteranceLatticeFaster():decoder-wrappers.cc:375) Log-like per frame for utterance 054010004 is 3.19689 over 174 frames.
LOG (nnet3-latgen-faster[5.5.1182~1-e02e3]:DecodeUtteranceLatticeFaster():decoder-wrappers.cc:375) Log-like per frame for utterance 054010009 is 3.27933 over 141 frames.
LOG (nnet3-latgen-faster[5.5.1182~1-e02e3]:DecodeUtteranceLatticeFaster():decoder-wrappers.cc:375) Log-like per frame for utterance 054010014 is 4.02662 over 95 frames.
LOG (nnet3-latgen-faster[5.5.1182~1-e02e3]:DecodeUtteranceLatticeFaster():decoder-wrappers.cc:375) Log-like per frame for utterance 054010032 is 3.05195 over 95 frames.
LOG (nnet3-latgen-faster[5.5.1182~1-e02e3]:DecodeUtteranceLatticeFaster():decoder-wrappers.cc:375) Log-like per frame for utterance 054010046 is 3.62264 over 124 frames.
LOG (nnet3-latgen-faster[5.5.1182~1-e02e3]:DecodeUtteranceLatticeFaster():decoder-wrappers.cc:375) Log-like per frame for utterance 054010051 is 3.03589 over 120 frames.
LOG (nnet3-latgen-faster[5.5.1182~1-e02e3]:DecodeUtteranceLatticeFaster():decoder-wrappers.cc:375) Log-like per frame for utterance 054010055 is 3.71329 over 98 frames.
LOG (nnet3-latgen-faster[5.5.1182~1-e02e3]:DecodeUtteranceLatticeFaster():decoder-wrappers.cc:375) Log-like per frame for utterance 054010072 is 3.40952 over 103 frames.
LOG (nnet3-latgen-faster[5.5.1182~1-e02e3]:DecodeUtteranceLatticeFaster():decoder-wrappers.cc:375) Log-like per frame for utterance 054010091 is 2.83704 over 110 frames.
LOG (nnet3-latgen-faster[5.5.1182~1-e02e3]:DecodeUtteranceLatticeFaster():decoder-wrappers.cc:375) Log-like per frame for utterance 054010095 is 3.14853 over 129 frames.
LOG (nnet3-latgen-faster[5.5.1182~1-e02e3]:DecodeUtteranceLatticeFaster():decoder-wrappers.cc:375) Log-like per frame for utterance 054010105 is 3.61607 over 114 frames.
LOG (nnet3-latgen-faster[5.5.1182~1-e02e3]:DecodeUtteranceLatticeFaster():decoder-wrappers.cc:375) Log-like per frame for utterance 054010107 is 3.15844 over 145 frames.
LOG (nnet3-latgen-faster[5.5.1182~1-e02e3]:DecodeUtteranceLatticeFaster():decoder-wrappers.cc:375) Log-like per frame for utterance 054010123 is 2.60534 over 123 frames.
LOG (nnet3-latgen-faster[5.5.1182~1-e02e3]:DecodeUtteranceLatticeFaster():decoder-wrappers.cc:375) Log-like per frame for utterance 054010130 is 3.28045 over 92 frames.
LOG (nnet3-latgen-faster[5.5.1182~1-e02e3]:DecodeUtteranceLatticeFaster():decoder-wrappers.cc:375) Log-like per frame for utterance 054010136 is 3.03955 over 163 frames.
LOG (nnet3-latgen-faster[5.5.1182~1-e02e3]:DecodeUtteranceLatticeFaster():decoder-wrappers.cc:375) Log-like per frame for utterance 054010148 is 3.22306 over 90 frames.
LOG (nnet3-latgen-faster[5.5.1182~1-e02e3]:DecodeUtteranceLatticeFaster():decoder-wrappers.cc:375) Log-like per frame for utterance 054010155 is 3.35171 over 85 frames.
LOG (nnet3-latgen-faster[5.5.1182~1-e02e3]:DecodeUtteranceLatticeFaster():decoder-wrappers.cc:375) Log-like per frame for utterance 054010165 is 3.38135 over 128 frames.
LOG (nnet3-latgen-faster[5.5.1182~1-e02e3]:DecodeUtteranceLatticeFaster():decoder-wrappers.cc:375) Log-like per frame for utterance 054080004 is 2.17932 over 125 frames.
LOG (nnet3-latgen-faster[5.5.1182~1-e02e3]:DecodeUtteranceLatticeFaster():decoder-wrappers.cc:375) Log-like per frame for utterance 054080008 is 3.52985 over 90 frames.
LOG (nnet3-latgen-faster[5.5.1182~1-e02e3]:DecodeUtteranceLatticeFaster():decoder-wrappers.cc:375) Log-like per frame for utterance 054080011 is 3.94709 over 95 frames.
LOG (nnet3-latgen-faster[5.5.1182~1-e02e3]:DecodeUtteranceLatticeFaster():decoder-wrappers.cc:375) Log-like per frame for utterance 054080019 is 3.17565 over 108 frames.
LOG (nnet3-latgen-faster[5.5.1182~1-e02e3]:DecodeUtteranceLatticeFaster():decoder-wrappers.cc:375) Log-like per frame for utterance 054080021 is 3.46108 over 124 frames.
LOG (nnet3-latgen-faster[5.5.1182~1-e02e3]:DecodeUtteranceLatticeFaster():decoder-wrappers.cc:375) Log-like per frame for utterance 054080033 is 3.7632 over 93 frames.
LOG (nnet3-latgen-faster[5.5.1182~1-e02e3]:DecodeUtteranceLatticeFaster():decoder-wrappers.cc:375) Log-like per frame for utterance 054080042 is 3.44774 over 131 frames.
LOG (nnet3-latgen-faster[5.5.1182~1-e02e3]:DecodeUtteranceLatticeFaster():decoder-wrappers.cc:375) Log-like per frame for utterance 054080065 is 3.25663 over 107 frames.
LOG (nnet3-latgen-faster[5.5.1182~1-e02e3]:DecodeUtteranceLatticeFaster():decoder-wrappers.cc:375) Log-like per frame for utterance 054080081 is 3.47528 over 150 frames.
LOG (nnet3-latgen-faster[5.5.1182~1-e02e3]:DecodeUtteranceLatticeFaster():decoder-wrappers.cc:375) Log-like per frame for utterance 054080109 is 3.44446 over 131 frames.
LOG (nnet3-latgen-faster[5.5.1182~1-e02e3]:DecodeUtteranceLatticeFaster():decoder-wrappers.cc:375) Log-like per frame for utterance 054080123 is 3.81742 over 85 frames.
LOG (nnet3-latgen-faster[5.5.1182~1-e02e3]:DecodeUtteranceLatticeFaster():decoder-wrappers.cc:375) Log-like per frame for utterance 054080138 is 3.5708 over 115 frames.
LOG (nnet3-latgen-faster[5.5.1182~1-e02e3]:DecodeUtteranceLatticeFaster():decoder-wrappers.cc:375) Log-like per frame for utterance 054080150 is 3.20399 over 111 frames.
LOG (nnet3-latgen-faster[5.5.1182~1-e02e3]:DecodeUtteranceLatticeFaster():decoder-wrappers.cc:375) Log-like per frame for utterance 054080151 is 3.99455 over 117 frames.
LOG (nnet3-latgen-faster[5.5.1182~1-e02e3]:DecodeUtteranceLatticeFaster():decoder-wrappers.cc:375) Log-like per frame for utterance 054080154 is 2.94802 over 128 frames.
LOG (nnet3-latgen-faster[5.5.1182~1-e02e3]:DecodeUtteranceLatticeFaster():decoder-wrappers.cc:375) Log-like per frame for utterance 054080163 is 3.34839 over 119 frames.
LOG (nnet3-latgen-faster[5.5.1182~1-e02e3]:DecodeUtteranceLatticeFaster():decoder-wrappers.cc:375) Log-like per frame for utterance 054080165 is 3.75557 over 114 frames.
LOG (nnet3-latgen-faster[5.5.1182~1-e02e3]:DecodeUtteranceLatticeFaster():decoder-wrappers.cc:375) Log-like per frame for utterance 054080167 is 3.26365 over 120 frames.
LOG (nnet3-latgen-faster[5.5.1182~1-e02e3]:DecodeUtteranceLatticeFaster():decoder-wrappers.cc:375) Log-like per frame for utterance 054080174 is 3.25159 over 128 frames.
LOG (nnet3-latgen-faster[5.5.1182~1-e02e3]:DecodeUtteranceLatticeFaster():decoder-wrappers.cc:375) Log-like per frame for utterance 054140010 is 2.24735 over 145 frames.
LOG (nnet3-latgen-faster[5.5.1182~1-e02e3]:DecodeUtteranceLatticeFaster():decoder-wrappers.cc:375) Log-like per frame for utterance 054140015 is 3.05394 over 75 frames.
LOG (nnet3-latgen-faster[5.5.1182~1-e02e3]:DecodeUtteranceLatticeFaster():decoder-wrappers.cc:375) Log-like per frame for utterance 054140021 is 2.77678 over 107 frames.
LOG (nnet3-latgen-faster[5.5.1182~1-e02e3]:DecodeUtteranceLatticeFaster():decoder-wrappers.cc:375) Log-like per frame for utterance 054140039 is 3.27985 over 77 frames.
LOG (nnet3-latgen-faster[5.5.1182~1-e02e3]:DecodeUtteranceLatticeFaster():decoder-wrappers.cc:375) Log-like per frame for utterance 054140051 is 2.56194 over 116 frames.
LOG (nnet3-latgen-faster[5.5.1182~1-e02e3]:DecodeUtteranceLatticeFaster():decoder-wrappers.cc:375) Log-like per frame for utterance 054140057 is 3.34255 over 82 frames.
LOG (nnet3-latgen-faster[5.5.1182~1-e02e3]:DecodeUtteranceLatticeFaster():decoder-wrappers.cc:375) Log-like per frame for utterance 054140077 is 2.12561 over 162 frames.
LOG (nnet3-latgen-faster[5.5.1182~1-e02e3]:DecodeUtteranceLatticeFaster():decoder-wrappers.cc:375) Log-like per frame for utterance 054140098 is 3.36671 over 99 frames.
LOG (nnet3-latgen-faster[5.5.1182~1-e02e3]:DecodeUtteranceLatticeFaster():decoder-wrappers.cc:375) Log-like per frame for utterance 054140104 is 3.35165 over 85 frames.
LOG (nnet3-latgen-faster[5.5.1182~1-e02e3]:DecodeUtteranceLatticeFaster():decoder-wrappers.cc:375) Log-like per frame for utterance 054140106 is 3.43122 over 85 frames.
LOG (nnet3-latgen-faster[5.5.1182~1-e02e3]:DecodeUtteranceLatticeFaster():decoder-wrappers.cc:375) Log-like per frame for utterance 054140113 is 3.22512 over 85 frames.
LOG (nnet3-latgen-faster[5.5.1182~1-e02e3]:DecodeUtteranceLatticeFaster():decoder-wrappers.cc:375) Log-like per frame for utterance 054140115 is 3.15113 over 89 frames.
LOG (apply-cmvn[5.5.1182~1-e02e3]:main():apply-cmvn.cc:81) Copied 220 utterances.
LOG (nnet3-latgen-faster[5.5.1182~1-e02e3]:DecodeUtteranceLatticeFaster():decoder-wrappers.cc:375) Log-like per frame for utterance 054140118 is 3.17932 over 115 frames.
LOG (nnet3-latgen-faster[5.5.1182~1-e02e3]:DecodeUtteranceLatticeFaster():decoder-wrappers.cc:375) Log-like per frame for utterance 054140119 is 3.56817 over 77 frames.
LOG (nnet3-latgen-faster[5.5.1182~1-e02e3]:DecodeUtteranceLatticeFaster():decoder-wrappers.cc:375) Log-like per frame for utterance 054140122 is 2.80886 over 161 frames.
LOG (nnet3-latgen-faster[5.5.1182~1-e02e3]:DecodeUtteranceLatticeFaster():decoder-wrappers.cc:375) Log-like per frame for utterance 054140154 is 3.16342 over 100 frames.
LOG (nnet3-latgen-faster[5.5.1182~1-e02e3]:DecodeUtteranceLatticeFaster():decoder-wrappers.cc:375) Log-like per frame for utterance 054140158 is 2.86353 over 114 frames.
LOG (nnet3-latgen-faster[5.5.1182~1-e02e3]:main():nnet3-latgen-faster.cc:256) Time taken 102.482s: real-time factor assuming 100 frames/sec is 0.13779
LOG (nnet3-latgen-faster[5.5.1182~1-e02e3]:main():nnet3-latgen-faster.cc:259) Done 220 utterances, failed for 0
LOG (nnet3-latgen-faster[5.5.1182~1-e02e3]:main():nnet3-latgen-faster.cc:261) Overall log-likelihood per frame is 3.1704 over 24792 frames.
LOG (nnet3-latgen-faster[5.5.1182~1-e02e3]:~CachingOptimizingCompiler():nnet-optimize.cc:710) 0.639 seconds taken in nnet3 compilation total (breakdown: 0.458 compilation, 0.112 optimization, 0 shortcut expansion, 0.0219 checking, 3.22e-05 computing indexes, 0.0471 misc.) + 0 I/O.
# Accounting: time=103 threads=1
# Ended (code 0) at Thu Oct 23 10:37:58 IST 2025, elapsed time 103 seconds
