# lattice-best-path --acoustic-scale=1.0 "ark:gunzip -c tune/align_lats_speechocean762/lat.5.gz |" ark:/dev/null "ark:|gzip -c >tune/align_lats_speechocean762/ali.5.gz" 
# Started at Thu Oct 23 10:38:38 IST 2025
#
lattice-best-path --acoustic-scale=1.0 'ark:gunzip -c tune/align_lats_speechocean762/lat.5.gz |' ark:/dev/null 'ark:|gzip -c >tune/align_lats_speechocean762/ali.5.gz' 
LOG (lattice-best-path[5.5.1182~1-e02e3]:main():lattice-best-path.cc:99) For utterance 021290011, best cost 80.7673 + -470.77 = -390.003 over 112 frames.
LOG (lattice-best-path[5.5.1182~1-e02e3]:main():lattice-best-path.cc:99) For utterance 021290068, best cost 92.7509 + -515.132 = -422.381 over 129 frames.
LOG (lattice-best-path[5.5.1182~1-e02e3]:main():lattice-best-path.cc:99) For utterance 021290121, best cost 71.3352 + -468.514 = -397.178 over 100 frames.
LOG (lattice-best-path[5.5.1182~1-e02e3]:main():lattice-best-path.cc:99) For utterance 021290134, best cost 63.6374 + -407.453 = -343.815 over 89 frames.
LOG (lattice-best-path[5.5.1182~1-e02e3]:main():lattice-best-path.cc:99) For utterance 021290144, best cost 88.8763 + -537.274 = -448.398 over 123 frames.
LOG (lattice-best-path[5.5.1182~1-e02e3]:main():lattice-best-path.cc:99) For utterance 021290148, best cost 68.9103 + -443.272 = -374.362 over 96 frames.
LOG (lattice-best-path[5.5.1182~1-e02e3]:main():lattice-best-path.cc:99) For utterance 021290160, best cost 86.135 + -557.729 = -471.594 over 123 frames.
LOG (lattice-best-path[5.5.1182~1-e02e3]:main():lattice-best-path.cc:99) For utterance 021290169, best cost 67.2298 + -438.566 = -371.336 over 95 frames.
LOG (lattice-best-path[5.5.1182~1-e02e3]:main():lattice-best-path.cc:99) For utterance 021290200, best cost 77.4522 + -461.958 = -384.506 over 110 frames.
LOG (lattice-best-path[5.5.1182~1-e02e3]:main():lattice-best-path.cc:99) For utterance 021290235, best cost 94.0156 + -571.148 = -477.133 over 129 frames.
LOG (lattice-best-path[5.5.1182~1-e02e3]:main():lattice-best-path.cc:99) For utterance 021290261, best cost 71.2454 + -422.49 = -351.245 over 100 frames.
LOG (lattice-best-path[5.5.1182~1-e02e3]:main():lattice-best-path.cc:99) For utterance 021290282, best cost 85.8585 + -506.836 = -420.977 over 119 frames.
LOG (lattice-best-path[5.5.1182~1-e02e3]:main():lattice-best-path.cc:99) For utterance 021290291, best cost 68.7999 + -461.548 = -392.748 over 96 frames.
LOG (lattice-best-path[5.5.1182~1-e02e3]:main():lattice-best-path.cc:99) For utterance 021290319, best cost 72.0567 + -471.645 = -399.588 over 101 frames.
LOG (lattice-best-path[5.5.1182~1-e02e3]:main():lattice-best-path.cc:99) For utterance 021290324, best cost 71.6666 + -465.289 = -393.623 over 103 frames.
LOG (lattice-best-path[5.5.1182~1-e02e3]:main():lattice-best-path.cc:99) For utterance 021290326, best cost 65.7845 + -414.227 = -348.442 over 95 frames.
LOG (lattice-best-path[5.5.1182~1-e02e3]:main():lattice-best-path.cc:99) For utterance 021290371, best cost 73.7629 + -510.028 = -436.265 over 105 frames.
LOG (lattice-best-path[5.5.1182~1-e02e3]:main():lattice-best-path.cc:99) For utterance 021680007, best cost 74.1367 + -344.619 = -270.482 over 106 frames.
LOG (lattice-best-path[5.5.1182~1-e02e3]:main():lattice-best-path.cc:99) For utterance 021680016, best cost 93.5707 + -437.8 = -344.229 over 127 frames.
LOG (lattice-best-path[5.5.1182~1-e02e3]:main():lattice-best-path.cc:99) For utterance 021680048, best cost 111.613 + -471.667 = -360.054 over 151 frames.
LOG (lattice-best-path[5.5.1182~1-e02e3]:main():lattice-best-path.cc:99) For utterance 021680052, best cost 99.4174 + -487.147 = -387.729 over 136 frames.
LOG (lattice-best-path[5.5.1182~1-e02e3]:main():lattice-best-path.cc:99) For utterance 021680122, best cost 71.9723 + -374.37 = -302.398 over 103 frames.
LOG (lattice-best-path[5.5.1182~1-e02e3]:main():lattice-best-path.cc:99) For utterance 021680154, best cost 81.7029 + -458.068 = -376.365 over 116 frames.
LOG (lattice-best-path[5.5.1182~1-e02e3]:main():lattice-best-path.cc:99) For utterance 021680169, best cost 69.8919 + -356.209 = -286.317 over 100 frames.
LOG (lattice-best-path[5.5.1182~1-e02e3]:main():lattice-best-path.cc:99) For utterance 021680190, best cost 130.623 + -640.928 = -510.305 over 178 frames.
LOG (lattice-best-path[5.5.1182~1-e02e3]:main():lattice-best-path.cc:99) For utterance 021680237, best cost 89.8049 + -476.73 = -386.925 over 128 frames.
LOG (lattice-best-path[5.5.1182~1-e02e3]:main():lattice-best-path.cc:99) For utterance 021680246, best cost 79.0413 + -377.093 = -298.052 over 109 frames.
LOG (lattice-best-path[5.5.1182~1-e02e3]:main():lattice-best-path.cc:99) For utterance 021680249, best cost 86.8948 + -414.41 = -327.515 over 123 frames.
LOG (lattice-best-path[5.5.1182~1-e02e3]:main():lattice-best-path.cc:99) For utterance 021680251, best cost 81.0217 + -398.356 = -317.334 over 114 frames.
LOG (lattice-best-path[5.5.1182~1-e02e3]:main():lattice-best-path.cc:99) For utterance 021680266, best cost 74.9091 + -398.184 = -323.275 over 106 frames.
LOG (lattice-best-path[5.5.1182~1-e02e3]:main():lattice-best-path.cc:99) For utterance 021680288, best cost 108.55 + -532.255 = -423.705 over 152 frames.
LOG (lattice-best-path[5.5.1182~1-e02e3]:main():lattice-best-path.cc:99) For utterance 021680297, best cost 75.1218 + -394.231 = -319.11 over 107 frames.
LOG (lattice-best-path[5.5.1182~1-e02e3]:main():lattice-best-path.cc:99) For utterance 021680318, best cost 90.5928 + -480.417 = -389.825 over 129 frames.
LOG (lattice-best-path[5.5.1182~1-e02e3]:main():lattice-best-path.cc:99) For utterance 021680332, best cost 71.5792 + -403.385 = -331.806 over 101 frames.
LOG (lattice-best-path[5.5.1182~1-e02e3]:main():lattice-best-path.cc:99) For utterance 021680369, best cost 76.9421 + -397.442 = -320.5 over 107 frames.
LOG (lattice-best-path[5.5.1182~1-e02e3]:main():lattice-best-path.cc:99) For utterance 021680379, best cost 89.3783 + -493.583 = -404.205 over 127 frames.
LOG (lattice-best-path[5.5.1182~1-e02e3]:main():lattice-best-path.cc:99) For utterance 021680380, best cost 112.915 + -629.749 = -516.834 over 160 frames.
LOG (lattice-best-path[5.5.1182~1-e02e3]:main():lattice-best-path.cc:99) For utterance 021700029, best cost 86.6552 + -387.811 = -301.156 over 120 frames.
LOG (lattice-best-path[5.5.1182~1-e02e3]:main():lattice-best-path.cc:99) For utterance 021700034, best cost 99.3168 + -472.038 = -372.721 over 141 frames.
LOG (lattice-best-path[5.5.1182~1-e02e3]:main():lattice-best-path.cc:99) For utterance 021700062, best cost 93.7576 + -401.092 = -307.335 over 130 frames.
LOG (lattice-best-path[5.5.1182~1-e02e3]:main():lattice-best-path.cc:99) For utterance 021700077, best cost 76.7035 + -349.407 = -272.703 over 104 frames.
LOG (lattice-best-path[5.5.1182~1-e02e3]:main():lattice-best-path.cc:99) For utterance 021700120, best cost 89.4137 + -420.476 = -331.062 over 126 frames.
LOG (lattice-best-path[5.5.1182~1-e02e3]:main():lattice-best-path.cc:99) For utterance 021700131, best cost 64.5584 + -389.581 = -325.023 over 93 frames.
LOG (lattice-best-path[5.5.1182~1-e02e3]:main():lattice-best-path.cc:99) For utterance 021700139, best cost 75.003 + -386.382 = -311.379 over 110 frames.
LOG (lattice-best-path[5.5.1182~1-e02e3]:main():lattice-best-path.cc:99) For utterance 021700153, best cost 124.837 + -633.144 = -508.307 over 177 frames.
LOG (lattice-best-path[5.5.1182~1-e02e3]:main():lattice-best-path.cc:99) For utterance 021700176, best cost 62.5753 + -343.044 = -280.469 over 87 frames.
LOG (lattice-best-path[5.5.1182~1-e02e3]:main():lattice-best-path.cc:99) For utterance 021700211, best cost 74.768 + -393.842 = -319.074 over 104 frames.
LOG (lattice-best-path[5.5.1182~1-e02e3]:main():lattice-best-path.cc:99) For utterance 021700224, best cost 72.8102 + -360.009 = -287.199 over 103 frames.
LOG (lattice-best-path[5.5.1182~1-e02e3]:main():lattice-best-path.cc:99) For utterance 021700232, best cost 105.642 + -484.435 = -378.793 over 149 frames.
LOG (lattice-best-path[5.5.1182~1-e02e3]:main():lattice-best-path.cc:99) For utterance 021700236, best cost 114.453 + -418.508 = -304.055 over 160 frames.
LOG (lattice-best-path[5.5.1182~1-e02e3]:main():lattice-best-path.cc:99) For utterance 021700240, best cost 90.8617 + -451.02 = -360.158 over 127 frames.
LOG (lattice-best-path[5.5.1182~1-e02e3]:main():lattice-best-path.cc:99) For utterance 021700277, best cost 85.4794 + -426.453 = -340.973 over 120 frames.
LOG (lattice-best-path[5.5.1182~1-e02e3]:main():lattice-best-path.cc:99) For utterance 021700287, best cost 57.5568 + -304.619 = -247.062 over 82 frames.
LOG (lattice-best-path[5.5.1182~1-e02e3]:main():lattice-best-path.cc:99) For utterance 021700291, best cost 72.3294 + -392.953 = -320.624 over 100 frames.
LOG (lattice-best-path[5.5.1182~1-e02e3]:main():lattice-best-path.cc:99) For utterance 021700300, best cost 70.4141 + -291.894 = -221.48 over 101 frames.
LOG (lattice-best-path[5.5.1182~1-e02e3]:main():lattice-best-path.cc:99) For utterance 021700362, best cost 81.8427 + -354.612 = -272.769 over 111 frames.
LOG (lattice-best-path[5.5.1182~1-e02e3]:main():lattice-best-path.cc:99) For utterance 021790008, best cost 72.479 + -367.017 = -294.538 over 99 frames.
LOG (lattice-best-path[5.5.1182~1-e02e3]:main():lattice-best-path.cc:99) For utterance 021790030, best cost 67.6935 + -405.802 = -338.108 over 96 frames.
LOG (lattice-best-path[5.5.1182~1-e02e3]:main():lattice-best-path.cc:99) For utterance 021790039, best cost 75.4152 + -412.771 = -337.356 over 105 frames.
LOG (lattice-best-path[5.5.1182~1-e02e3]:main():lattice-best-path.cc:99) For utterance 021790043, best cost 64.9793 + -390.286 = -325.307 over 93 frames.
LOG (lattice-best-path[5.5.1182~1-e02e3]:main():lattice-best-path.cc:99) For utterance 021790055, best cost 106.505 + -547.141 = -440.636 over 149 frames.
LOG (lattice-best-path[5.5.1182~1-e02e3]:main():lattice-best-path.cc:99) For utterance 021790075, best cost 57.783 + -342.901 = -285.118 over 84 frames.
LOG (lattice-best-path[5.5.1182~1-e02e3]:main():lattice-best-path.cc:99) For utterance 021790081, best cost 97.2747 + -520.583 = -423.309 over 132 frames.
LOG (lattice-best-path[5.5.1182~1-e02e3]:main():lattice-best-path.cc:99) For utterance 021790083, best cost 61.7975 + -397.355 = -335.557 over 89 frames.
LOG (lattice-best-path[5.5.1182~1-e02e3]:main():lattice-best-path.cc:99) For utterance 021790084, best cost 101.942 + -606.25 = -504.307 over 143 frames.
LOG (lattice-best-path[5.5.1182~1-e02e3]:main():lattice-best-path.cc:99) For utterance 021790108, best cost 92.4357 + -506.803 = -414.367 over 128 frames.
LOG (lattice-best-path[5.5.1182~1-e02e3]:main():lattice-best-path.cc:99) For utterance 021790112, best cost 46.1132 + -276.867 = -230.754 over 65 frames.
LOG (lattice-best-path[5.5.1182~1-e02e3]:main():lattice-best-path.cc:99) For utterance 021790125, best cost 67.8271 + -393.325 = -325.497 over 97 frames.
LOG (lattice-best-path[5.5.1182~1-e02e3]:main():lattice-best-path.cc:99) For utterance 021790149, best cost 56.0539 + -338.053 = -281.999 over 82 frames.
LOG (lattice-best-path[5.5.1182~1-e02e3]:main():lattice-best-path.cc:99) For utterance 021790152, best cost 64.1026 + -373.684 = -309.581 over 92 frames.
LOG (lattice-best-path[5.5.1182~1-e02e3]:main():lattice-best-path.cc:99) For utterance 021790168, best cost 118.141 + -517.712 = -399.571 over 156 frames.
LOG (lattice-best-path[5.5.1182~1-e02e3]:main():lattice-best-path.cc:99) For utterance 021790169, best cost 70.0175 + -414.589 = -344.572 over 97 frames.
LOG (lattice-best-path[5.5.1182~1-e02e3]:main():lattice-best-path.cc:99) For utterance 021790173, best cost 84.2211 + -455.734 = -371.513 over 118 frames.
LOG (lattice-best-path[5.5.1182~1-e02e3]:main():lattice-best-path.cc:99) For utterance 022080028, best cost 89.5889 + -299.61 = -210.021 over 124 frames.
LOG (lattice-best-path[5.5.1182~1-e02e3]:main():lattice-best-path.cc:99) For utterance 022080038, best cost 97.1776 + -450.676 = -353.499 over 134 frames.
LOG (lattice-best-path[5.5.1182~1-e02e3]:main():lattice-best-path.cc:99) For utterance 022080085, best cost 101.763 + -438.943 = -337.18 over 138 frames.
LOG (lattice-best-path[5.5.1182~1-e02e3]:main():lattice-best-path.cc:99) For utterance 022080100, best cost 63.6242 + -283.591 = -219.967 over 91 frames.
LOG (lattice-best-path[5.5.1182~1-e02e3]:main():lattice-best-path.cc:99) For utterance 022080116, best cost 77.0815 + -406.234 = -329.153 over 104 frames.
LOG (lattice-best-path[5.5.1182~1-e02e3]:main():lattice-best-path.cc:99) For utterance 022080124, best cost 88.0518 + -488.143 = -400.091 over 124 frames.
LOG (lattice-best-path[5.5.1182~1-e02e3]:main():lattice-best-path.cc:99) For utterance 022080146, best cost 77.9717 + -411.521 = -333.549 over 106 frames.
LOG (lattice-best-path[5.5.1182~1-e02e3]:main():lattice-best-path.cc:99) For utterance 022080179, best cost 80.961 + -428.816 = -347.855 over 115 frames.
LOG (lattice-best-path[5.5.1182~1-e02e3]:main():lattice-best-path.cc:99) For utterance 022080181, best cost 65.5694 + -386.546 = -320.977 over 92 frames.
LOG (lattice-best-path[5.5.1182~1-e02e3]:main():lattice-best-path.cc:99) For utterance 022080186, best cost 66.542 + -307.613 = -241.071 over 92 frames.
LOG (lattice-best-path[5.5.1182~1-e02e3]:main():lattice-best-path.cc:99) For utterance 022080187, best cost 68.5363 + -340.602 = -272.065 over 96 frames.
LOG (lattice-best-path[5.5.1182~1-e02e3]:main():lattice-best-path.cc:99) For utterance 022080189, best cost 53.9864 + -307.645 = -253.659 over 78 frames.
LOG (lattice-best-path[5.5.1182~1-e02e3]:main():lattice-best-path.cc:99) For utterance 022080192, best cost 64.7545 + -296.393 = -231.639 over 94 frames.
LOG (lattice-best-path[5.5.1182~1-e02e3]:main():lattice-best-path.cc:99) For utterance 022080202, best cost 55.694 + -282.375 = -226.681 over 80 frames.
LOG (lattice-best-path[5.5.1182~1-e02e3]:main():lattice-best-path.cc:99) For utterance 022080204, best cost 59.6769 + -269.985 = -210.308 over 82 frames.
LOG (lattice-best-path[5.5.1182~1-e02e3]:main():lattice-best-path.cc:99) For utterance 022080210, best cost 84.5792 + -390.006 = -305.427 over 119 frames.
LOG (lattice-best-path[5.5.1182~1-e02e3]:main():lattice-best-path.cc:99) For utterance 022080294, best cost 55.8317 + -266.298 = -210.466 over 80 frames.
LOG (lattice-best-path[5.5.1182~1-e02e3]:main():lattice-best-path.cc:99) For utterance 022080299, best cost 104.949 + -473.09 = -368.141 over 144 frames.
LOG (lattice-best-path[5.5.1182~1-e02e3]:main():lattice-best-path.cc:99) For utterance 022080341, best cost 71.2839 + -423.129 = -351.845 over 98 frames.
LOG (lattice-best-path[5.5.1182~1-e02e3]:main():lattice-best-path.cc:99) For utterance 022360092, best cost 98.6184 + -374.409 = -275.791 over 137 frames.
LOG (lattice-best-path[5.5.1182~1-e02e3]:main():lattice-best-path.cc:99) For utterance 022360126, best cost 89.1957 + -484.132 = -394.936 over 127 frames.
LOG (lattice-best-path[5.5.1182~1-e02e3]:main():lattice-best-path.cc:99) For utterance 022360147, best cost 73.0364 + -384.369 = -311.332 over 100 frames.
LOG (lattice-best-path[5.5.1182~1-e02e3]:main():lattice-best-path.cc:99) For utterance 022360159, best cost 64.5369 + -331.414 = -266.877 over 93 frames.
LOG (lattice-best-path[5.5.1182~1-e02e3]:main():lattice-best-path.cc:99) For utterance 022360185, best cost 59.6421 + -286.581 = -226.939 over 85 frames.
LOG (lattice-best-path[5.5.1182~1-e02e3]:main():lattice-best-path.cc:99) For utterance 022360186, best cost 58.4433 + -316.557 = -258.114 over 83 frames.
LOG (lattice-best-path[5.5.1182~1-e02e3]:main():lattice-best-path.cc:99) For utterance 022360222, best cost 85.3084 + -350.036 = -264.728 over 116 frames.
LOG (lattice-best-path[5.5.1182~1-e02e3]:main():lattice-best-path.cc:99) For utterance 022360227, best cost 70.8526 + -359.236 = -288.384 over 101 frames.
LOG (lattice-best-path[5.5.1182~1-e02e3]:main():lattice-best-path.cc:99) For utterance 022360231, best cost 78.4885 + -394.281 = -315.792 over 114 frames.
LOG (lattice-best-path[5.5.1182~1-e02e3]:main():lattice-best-path.cc:99) For utterance 022360259, best cost 68.6899 + -340.265 = -271.575 over 99 frames.
LOG (lattice-best-path[5.5.1182~1-e02e3]:main():lattice-best-path.cc:99) For utterance 022360262, best cost 60.6347 + -290.688 = -230.053 over 83 frames.
LOG (lattice-best-path[5.5.1182~1-e02e3]:main():lattice-best-path.cc:99) For utterance 022360265, best cost 75.2453 + -375.133 = -299.888 over 105 frames.
LOG (lattice-best-path[5.5.1182~1-e02e3]:main():lattice-best-path.cc:99) For utterance 022360293, best cost 62.6309 + -415.041 = -352.41 over 92 frames.
LOG (lattice-best-path[5.5.1182~1-e02e3]:main():lattice-best-path.cc:99) For utterance 022360310, best cost 109.278 + -477.357 = -368.079 over 147 frames.
LOG (lattice-best-path[5.5.1182~1-e02e3]:main():lattice-best-path.cc:99) For utterance 022360311, best cost 70.92 + -393.787 = -322.867 over 101 frames.
LOG (lattice-best-path[5.5.1182~1-e02e3]:main():lattice-best-path.cc:99) For utterance 022360321, best cost 106.126 + -498.311 = -392.184 over 151 frames.
LOG (lattice-best-path[5.5.1182~1-e02e3]:main():lattice-best-path.cc:99) For utterance 022360326, best cost 80.6253 + -319.83 = -239.205 over 109 frames.
LOG (lattice-best-path[5.5.1182~1-e02e3]:main():lattice-best-path.cc:99) For utterance 022360350, best cost 66.1803 + -369.617 = -303.436 over 89 frames.
LOG (lattice-best-path[5.5.1182~1-e02e3]:main():lattice-best-path.cc:99) For utterance 022420015, best cost 61.2181 + -359.218 = -298 over 86 frames.
LOG (lattice-best-path[5.5.1182~1-e02e3]:main():lattice-best-path.cc:99) For utterance 022420045, best cost 87.5483 + -534.264 = -446.716 over 122 frames.
LOG (lattice-best-path[5.5.1182~1-e02e3]:main():lattice-best-path.cc:99) For utterance 022420067, best cost 65.6954 + -434.648 = -368.953 over 96 frames.
LOG (lattice-best-path[5.5.1182~1-e02e3]:main():lattice-best-path.cc:99) For utterance 022420073, best cost 127.149 + -652.52 = -525.37 over 176 frames.
LOG (lattice-best-path[5.5.1182~1-e02e3]:main():lattice-best-path.cc:99) For utterance 022420086, best cost 105.856 + -590.321 = -484.465 over 146 frames.
LOG (lattice-best-path[5.5.1182~1-e02e3]:main():lattice-best-path.cc:99) For utterance 022420106, best cost 72.3764 + -463.162 = -390.785 over 104 frames.
LOG (lattice-best-path[5.5.1182~1-e02e3]:main():lattice-best-path.cc:99) For utterance 022420129, best cost 68.4989 + -412.062 = -343.563 over 97 frames.
LOG (lattice-best-path[5.5.1182~1-e02e3]:main():lattice-best-path.cc:99) For utterance 022420138, best cost 70.5789 + -451.562 = -380.983 over 102 frames.
LOG (lattice-best-path[5.5.1182~1-e02e3]:main():lattice-best-path.cc:99) For utterance 022420146, best cost 74.7802 + -383.304 = -308.523 over 106 frames.
LOG (lattice-best-path[5.5.1182~1-e02e3]:main():lattice-best-path.cc:99) For utterance 022420164, best cost 76.6443 + -451.459 = -374.814 over 107 frames.
LOG (lattice-best-path[5.5.1182~1-e02e3]:main():lattice-best-path.cc:99) For utterance 022420168, best cost 89.2516 + -556.425 = -467.173 over 126 frames.
LOG (lattice-best-path[5.5.1182~1-e02e3]:main():lattice-best-path.cc:99) For utterance 022420172, best cost 66.2281 + -382.224 = -315.996 over 94 frames.
LOG (lattice-best-path[5.5.1182~1-e02e3]:main():lattice-best-path.cc:99) For utterance 022420273, best cost 70.9046 + -381.972 = -311.068 over 100 frames.
LOG (lattice-best-path[5.5.1182~1-e02e3]:main():lattice-best-path.cc:99) For utterance 022420292, best cost 70.2971 + -382.729 = -312.432 over 100 frames.
LOG (lattice-best-path[5.5.1182~1-e02e3]:main():lattice-best-path.cc:99) For utterance 022420306, best cost 73.9057 + -455.579 = -381.673 over 104 frames.
LOG (lattice-best-path[5.5.1182~1-e02e3]:main():lattice-best-path.cc:99) For utterance 022420342, best cost 74.7442 + -427.099 = -352.354 over 101 frames.
LOG (lattice-best-path[5.5.1182~1-e02e3]:main():lattice-best-path.cc:99) For utterance 022420346, best cost 102.33 + -584.165 = -481.835 over 142 frames.
LOG (lattice-best-path[5.5.1182~1-e02e3]:main():lattice-best-path.cc:99) For utterance 022420348, best cost 94.5265 + -540.629 = -446.102 over 133 frames.
LOG (lattice-best-path[5.5.1182~1-e02e3]:main():lattice-best-path.cc:99) For utterance 022420362, best cost 81.0631 + -500.068 = -419.005 over 117 frames.
LOG (lattice-best-path[5.5.1182~1-e02e3]:main():lattice-best-path.cc:99) For utterance 022440038, best cost 107.312 + -579.53 = -472.218 over 149 frames.
LOG (lattice-best-path[5.5.1182~1-e02e3]:main():lattice-best-path.cc:99) For utterance 022440039, best cost 104.175 + -632.222 = -528.047 over 147 frames.
LOG (lattice-best-path[5.5.1182~1-e02e3]:main():lattice-best-path.cc:99) For utterance 022440062, best cost 106.674 + -645.617 = -538.944 over 152 frames.
LOG (lattice-best-path[5.5.1182~1-e02e3]:main():lattice-best-path.cc:99) For utterance 022440073, best cost 103.11 + -597.209 = -494.1 over 142 frames.
LOG (lattice-best-path[5.5.1182~1-e02e3]:main():lattice-best-path.cc:99) For utterance 022440126, best cost 63.9071 + -411.662 = -347.755 over 88 frames.
LOG (lattice-best-path[5.5.1182~1-e02e3]:main():lattice-best-path.cc:99) For utterance 022440139, best cost 58.7934 + -368.622 = -309.828 over 81 frames.
LOG (lattice-best-path[5.5.1182~1-e02e3]:main():lattice-best-path.cc:99) For utterance 022440144, best cost 74.2482 + -437.867 = -363.618 over 105 frames.
LOG (lattice-best-path[5.5.1182~1-e02e3]:main():lattice-best-path.cc:99) For utterance 022440165, best cost 98.0212 + -589.864 = -491.843 over 135 frames.
LOG (lattice-best-path[5.5.1182~1-e02e3]:main():lattice-best-path.cc:99) For utterance 022440180, best cost 89.7458 + -478.357 = -388.611 over 121 frames.
LOG (lattice-best-path[5.5.1182~1-e02e3]:main():lattice-best-path.cc:99) For utterance 022440189, best cost 98.3492 + -607.726 = -509.377 over 140 frames.
LOG (lattice-best-path[5.5.1182~1-e02e3]:main():lattice-best-path.cc:99) For utterance 022440215, best cost 70.1128 + -429.066 = -358.953 over 99 frames.
LOG (lattice-best-path[5.5.1182~1-e02e3]:main():lattice-best-path.cc:99) For utterance 022440277, best cost 63.258 + -403.755 = -340.497 over 91 frames.
LOG (lattice-best-path[5.5.1182~1-e02e3]:main():lattice-best-path.cc:99) For utterance 022440286, best cost 86.3884 + -447.629 = -361.241 over 121 frames.
LOG (lattice-best-path[5.5.1182~1-e02e3]:main():lattice-best-path.cc:99) For utterance 022440312, best cost 74.5977 + -406.215 = -331.617 over 101 frames.
LOG (lattice-best-path[5.5.1182~1-e02e3]:main():lattice-best-path.cc:99) For utterance 022440337, best cost 83.7599 + -565.284 = -481.524 over 119 frames.
LOG (lattice-best-path[5.5.1182~1-e02e3]:main():lattice-best-path.cc:99) For utterance 022440352, best cost 80.2304 + -461.521 = -381.291 over 111 frames.
LOG (lattice-best-path[5.5.1182~1-e02e3]:main():lattice-best-path.cc:99) For utterance 022440361, best cost 87.0868 + -539.511 = -452.424 over 125 frames.
LOG (lattice-best-path[5.5.1182~1-e02e3]:main():lattice-best-path.cc:99) For utterance 022440362, best cost 80.048 + -480.674 = -400.626 over 110 frames.
LOG (lattice-best-path[5.5.1182~1-e02e3]:main():lattice-best-path.cc:99) For utterance 022510066, best cost 83.8429 + -407.23 = -323.387 over 119 frames.
LOG (lattice-best-path[5.5.1182~1-e02e3]:main():lattice-best-path.cc:99) For utterance 022510069, best cost 89.7006 + -467.267 = -377.567 over 127 frames.
LOG (lattice-best-path[5.5.1182~1-e02e3]:main():lattice-best-path.cc:99) For utterance 022510089, best cost 96.6905 + -483.275 = -386.585 over 133 frames.
LOG (lattice-best-path[5.5.1182~1-e02e3]:main():lattice-best-path.cc:99) For utterance 022510093, best cost 107.158 + -518.364 = -411.206 over 149 frames.
LOG (lattice-best-path[5.5.1182~1-e02e3]:main():lattice-best-path.cc:99) For utterance 022510122, best cost 78.285 + -438.297 = -360.012 over 111 frames.
LOG (lattice-best-path[5.5.1182~1-e02e3]:main():lattice-best-path.cc:99) For utterance 022510166, best cost 90.7532 + -487.326 = -396.573 over 123 frames.
LOG (lattice-best-path[5.5.1182~1-e02e3]:main():lattice-best-path.cc:99) For utterance 022510190, best cost 104.652 + -579.876 = -475.224 over 139 frames.
LOG (lattice-best-path[5.5.1182~1-e02e3]:main():lattice-best-path.cc:99) For utterance 022510211, best cost 88.0381 + -487.785 = -399.747 over 124 frames.
LOG (lattice-best-path[5.5.1182~1-e02e3]:main():lattice-best-path.cc:99) For utterance 022510230, best cost 103.943 + -561.507 = -457.564 over 145 frames.
LOG (lattice-best-path[5.5.1182~1-e02e3]:main():lattice-best-path.cc:99) For utterance 022510237, best cost 97.6596 + -505.628 = -407.969 over 136 frames.
LOG (lattice-best-path[5.5.1182~1-e02e3]:main():lattice-best-path.cc:99) For utterance 022510255, best cost 69.92 + -415.684 = -345.764 over 101 frames.
LOG (lattice-best-path[5.5.1182~1-e02e3]:main():lattice-best-path.cc:99) For utterance 022510266, best cost 87.3669 + -503.206 = -415.839 over 121 frames.
LOG (lattice-best-path[5.5.1182~1-e02e3]:main():lattice-best-path.cc:99) For utterance 022510276, best cost 88.0896 + -486.258 = -398.168 over 121 frames.
LOG (lattice-best-path[5.5.1182~1-e02e3]:main():lattice-best-path.cc:99) For utterance 022510291, best cost 84.4346 + -456.45 = -372.015 over 115 frames.
LOG (lattice-best-path[5.5.1182~1-e02e3]:main():lattice-best-path.cc:99) For utterance 022510300, best cost 79.1169 + -422.046 = -342.929 over 107 frames.
LOG (lattice-best-path[5.5.1182~1-e02e3]:main():lattice-best-path.cc:99) For utterance 022510320, best cost 83.1747 + -546.98 = -463.805 over 120 frames.
LOG (lattice-best-path[5.5.1182~1-e02e3]:main():lattice-best-path.cc:99) For utterance 022510323, best cost 76.3293 + -456.693 = -380.364 over 105 frames.
LOG (lattice-best-path[5.5.1182~1-e02e3]:main():lattice-best-path.cc:99) For utterance 022510368, best cost 83.8165 + -439.253 = -355.436 over 119 frames.
LOG (lattice-best-path[5.5.1182~1-e02e3]:main():lattice-best-path.cc:99) For utterance 022820020, best cost 102.106 + -498.754 = -396.649 over 142 frames.
LOG (lattice-best-path[5.5.1182~1-e02e3]:main():lattice-best-path.cc:99) For utterance 022820021, best cost 95.0039 + -423.042 = -328.038 over 129 frames.
LOG (lattice-best-path[5.5.1182~1-e02e3]:main():lattice-best-path.cc:99) For utterance 022820042, best cost 107.803 + -485.977 = -378.174 over 147 frames.
LOG (lattice-best-path[5.5.1182~1-e02e3]:main():lattice-best-path.cc:99) For utterance 022820062, best cost 97.7118 + -427.235 = -329.524 over 134 frames.
LOG (lattice-best-path[5.5.1182~1-e02e3]:main():lattice-best-path.cc:99) For utterance 022820072, best cost 108.449 + -454.894 = -346.445 over 151 frames.
LOG (lattice-best-path[5.5.1182~1-e02e3]:main():lattice-best-path.cc:99) For utterance 022820079, best cost 116.617 + -457.839 = -341.222 over 156 frames.
LOG (lattice-best-path[5.5.1182~1-e02e3]:main():lattice-best-path.cc:99) For utterance 022820106, best cost 95.28 + -442.807 = -347.527 over 130 frames.
LOG (lattice-best-path[5.5.1182~1-e02e3]:main():lattice-best-path.cc:99) For utterance 022820107, best cost 73.5463 + -422.336 = -348.789 over 104 frames.
LOG (lattice-best-path[5.5.1182~1-e02e3]:main():lattice-best-path.cc:99) For utterance 022820121, best cost 84.2064 + -400.301 = -316.095 over 118 frames.
LOG (lattice-best-path[5.5.1182~1-e02e3]:main():lattice-best-path.cc:99) For utterance 022820134, best cost 73.5547 + -392.648 = -319.094 over 106 frames.
LOG (lattice-best-path[5.5.1182~1-e02e3]:main():lattice-best-path.cc:99) For utterance 022820142, best cost 58.8675 + -281.954 = -223.087 over 86 frames.
LOG (lattice-best-path[5.5.1182~1-e02e3]:main():lattice-best-path.cc:99) For utterance 022820155, best cost 78.0404 + -443.143 = -365.103 over 109 frames.
LOG (lattice-best-path[5.5.1182~1-e02e3]:main():lattice-best-path.cc:99) For utterance 022820191, best cost 68.547 + -387.707 = -319.16 over 96 frames.
LOG (lattice-best-path[5.5.1182~1-e02e3]:main():lattice-best-path.cc:99) For utterance 022820197, best cost 83.5082 + -357.205 = -273.697 over 118 frames.
LOG (lattice-best-path[5.5.1182~1-e02e3]:main():lattice-best-path.cc:99) For utterance 022820281, best cost 58.6023 + -316.115 = -257.513 over 84 frames.
LOG (lattice-best-path[5.5.1182~1-e02e3]:main():lattice-best-path.cc:99) For utterance 022820291, best cost 62.8955 + -345.234 = -282.339 over 92 frames.
LOG (lattice-best-path[5.5.1182~1-e02e3]:main():lattice-best-path.cc:99) For utterance 022820293, best cost 74.2231 + -386.409 = -312.186 over 104 frames.
LOG (lattice-best-path[5.5.1182~1-e02e3]:main():lattice-best-path.cc:99) For utterance 022820317, best cost 61.9096 + -324.899 = -262.989 over 90 frames.
LOG (lattice-best-path[5.5.1182~1-e02e3]:main():lattice-best-path.cc:99) For utterance 022820357, best cost 66.3956 + -342.738 = -276.343 over 96 frames.
LOG (lattice-best-path[5.5.1182~1-e02e3]:main():lattice-best-path.cc:99) For utterance 023800015, best cost 79.8649 + -487.084 = -407.219 over 112 frames.
LOG (lattice-best-path[5.5.1182~1-e02e3]:main():lattice-best-path.cc:99) For utterance 023800042, best cost 103.871 + -599.482 = -495.61 over 146 frames.
LOG (lattice-best-path[5.5.1182~1-e02e3]:main():lattice-best-path.cc:99) For utterance 023800056, best cost 78.2132 + -474.143 = -395.93 over 109 frames.
LOG (lattice-best-path[5.5.1182~1-e02e3]:main():lattice-best-path.cc:99) For utterance 023800093, best cost 93.7867 + -601.778 = -507.991 over 131 frames.
LOG (lattice-best-path[5.5.1182~1-e02e3]:main():lattice-best-path.cc:99) For utterance 023800114, best cost 101.11 + -618.93 = -517.819 over 142 frames.
LOG (lattice-best-path[5.5.1182~1-e02e3]:main():lattice-best-path.cc:99) For utterance 023800124, best cost 83.6512 + -537.792 = -454.14 over 116 frames.
LOG (lattice-best-path[5.5.1182~1-e02e3]:main():lattice-best-path.cc:99) For utterance 023800160, best cost 66.3541 + -426.12 = -359.766 over 94 frames.
LOG (lattice-best-path[5.5.1182~1-e02e3]:main():lattice-best-path.cc:99) For utterance 023800186, best cost 59.2048 + -369.863 = -310.658 over 84 frames.
LOG (lattice-best-path[5.5.1182~1-e02e3]:main():lattice-best-path.cc:99) For utterance 023800242, best cost 94.3843 + -588.484 = -494.1 over 131 frames.
LOG (lattice-best-path[5.5.1182~1-e02e3]:main():lattice-best-path.cc:99) For utterance 023800277, best cost 71.213 + -391.073 = -319.86 over 101 frames.
LOG (lattice-best-path[5.5.1182~1-e02e3]:main():lattice-best-path.cc:99) For utterance 023800278, best cost 94.6839 + -600.835 = -506.151 over 132 frames.
LOG (lattice-best-path[5.5.1182~1-e02e3]:main():lattice-best-path.cc:99) For utterance 023800280, best cost 74.2053 + -468.476 = -394.271 over 105 frames.
LOG (lattice-best-path[5.5.1182~1-e02e3]:main():lattice-best-path.cc:99) For utterance 023800298, best cost 105.621 + -603.726 = -498.105 over 145 frames.
LOG (lattice-best-path[5.5.1182~1-e02e3]:main():lattice-best-path.cc:99) For utterance 023800326, best cost 81.4588 + -515.81 = -434.351 over 116 frames.
LOG (lattice-best-path[5.5.1182~1-e02e3]:main():lattice-best-path.cc:99) For utterance 023800330, best cost 109.331 + -693.86 = -584.529 over 153 frames.
LOG (lattice-best-path[5.5.1182~1-e02e3]:main():lattice-best-path.cc:99) For utterance 023800338, best cost 100.047 + -577.31 = -477.262 over 140 frames.
LOG (lattice-best-path[5.5.1182~1-e02e3]:main():lattice-best-path.cc:99) For utterance 023800352, best cost 80.0757 + -520.047 = -439.972 over 108 frames.
LOG (lattice-best-path[5.5.1182~1-e02e3]:main():lattice-best-path.cc:99) For utterance 023800363, best cost 88.9136 + -555.62 = -466.707 over 122 frames.
LOG (lattice-best-path[5.5.1182~1-e02e3]:main():lattice-best-path.cc:99) For utterance 023800368, best cost 66.3209 + -446.869 = -380.548 over 94 frames.
LOG (lattice-best-path[5.5.1182~1-e02e3]:main():lattice-best-path.cc:99) For utterance 024020047, best cost 61.4169 + -400.524 = -339.107 over 88 frames.
LOG (lattice-best-path[5.5.1182~1-e02e3]:main():lattice-best-path.cc:99) For utterance 024020051, best cost 111.792 + -643.292 = -531.501 over 154 frames.
LOG (lattice-best-path[5.5.1182~1-e02e3]:main():lattice-best-path.cc:99) For utterance 024020053, best cost 59.2929 + -381.235 = -321.942 over 83 frames.
LOG (lattice-best-path[5.5.1182~1-e02e3]:main():lattice-best-path.cc:99) For utterance 024020069, best cost 130.619 + -704.046 = -573.426 over 178 frames.
LOG (lattice-best-path[5.5.1182~1-e02e3]:main():lattice-best-path.cc:99) For utterance 024020084, best cost 77.8441 + -473.189 = -395.345 over 109 frames.
LOG (lattice-best-path[5.5.1182~1-e02e3]:main():lattice-best-path.cc:99) For utterance 024020142, best cost 104.127 + -612.013 = -507.886 over 149 frames.
LOG (lattice-best-path[5.5.1182~1-e02e3]:main():lattice-best-path.cc:99) For utterance 024020175, best cost 69.1572 + -425.589 = -356.432 over 97 frames.
LOG (lattice-best-path[5.5.1182~1-e02e3]:main():lattice-best-path.cc:99) For utterance 024020176, best cost 100.44 + -598.584 = -498.143 over 134 frames.
LOG (lattice-best-path[5.5.1182~1-e02e3]:main():lattice-best-path.cc:99) For utterance 024020205, best cost 53.7881 + -361.548 = -307.76 over 78 frames.
LOG (lattice-best-path[5.5.1182~1-e02e3]:main():lattice-best-path.cc:99) For utterance 024020233, best cost 100.115 + -615.28 = -515.165 over 138 frames.
LOG (lattice-best-path[5.5.1182~1-e02e3]:main():lattice-best-path.cc:99) For utterance 024020238, best cost 126.917 + -709.213 = -582.296 over 168 frames.
LOG (lattice-best-path[5.5.1182~1-e02e3]:main():lattice-best-path.cc:99) For utterance 024020253, best cost 121.8 + -614.772 = -492.972 over 173 frames.
LOG (lattice-best-path[5.5.1182~1-e02e3]:main():lattice-best-path.cc:99) For utterance 024020256, best cost 61.6192 + -401.626 = -340.007 over 87 frames.
LOG (lattice-best-path[5.5.1182~1-e02e3]:main():lattice-best-path.cc:99) For utterance 024020260, best cost 80.5305 + -506.434 = -425.903 over 114 frames.
LOG (lattice-best-path[5.5.1182~1-e02e3]:main():lattice-best-path.cc:99) For utterance 024020265, best cost 61.6217 + -342.906 = -281.284 over 89 frames.
LOG (lattice-best-path[5.5.1182~1-e02e3]:main():lattice-best-path.cc:99) For utterance 024020291, best cost 94.457 + -475.645 = -381.188 over 129 frames.
LOG (lattice-best-path[5.5.1182~1-e02e3]:main():lattice-best-path.cc:99) For utterance 024020321, best cost 62.1032 + -408.763 = -346.66 over 89 frames.
LOG (lattice-best-path[5.5.1182~1-e02e3]:main():lattice-best-path.cc:99) For utterance 024020328, best cost 103.76 + -606.854 = -503.094 over 142 frames.
LOG (lattice-best-path[5.5.1182~1-e02e3]:main():lattice-best-path.cc:99) For utterance 024020337, best cost 99.1908 + -528.018 = -428.827 over 141 frames.
LOG (lattice-best-path[5.5.1182~1-e02e3]:main():lattice-best-path.cc:124) Overall cost per frame is -3.18404 = 0.714868 [graph] + -3.89891 [acoustic] over 25622 frames.
LOG (lattice-best-path[5.5.1182~1-e02e3]:main():lattice-best-path.cc:128) Done 222 lattices, failed for 0
# Accounting: time=0 threads=1
# Ended (code 0) at Thu Oct 23 10:38:39 IST 2025, elapsed time 0 seconds
