# lattice-best-path --acoustic-scale=1.0 "ark:gunzip -c tune/align_lats_speechocean762/lat.2.gz |" ark:/dev/null "ark:|gzip -c >tune/align_lats_speechocean762/ali.2.gz" 
# Started at Thu Oct 23 10:38:38 IST 2025
#
lattice-best-path --acoustic-scale=1.0 'ark:gunzip -c tune/align_lats_speechocean762/lat.2.gz |' ark:/dev/null 'ark:|gzip -c >tune/align_lats_speechocean762/ali.2.gz' 
LOG (lattice-best-path[5.5.1182~1-e02e3]:main():lattice-best-path.cc:99) For utterance 001310020, best cost 90.135 + -467.782 = -377.647 over 128 frames.
LOG (lattice-best-path[5.5.1182~1-e02e3]:main():lattice-best-path.cc:99) For utterance 001310022, best cost 92.1587 + -516.538 = -424.38 over 131 frames.
LOG (lattice-best-path[5.5.1182~1-e02e3]:main():lattice-best-path.cc:99) For utterance 001310023, best cost 82.7301 + -461.888 = -379.158 over 117 frames.
LOG (lattice-best-path[5.5.1182~1-e02e3]:main():lattice-best-path.cc:99) For utterance 001310061, best cost 104.226 + -490.635 = -386.409 over 135 frames.
LOG (lattice-best-path[5.5.1182~1-e02e3]:main():lattice-best-path.cc:99) For utterance 001310062, best cost 73.041 + -443.706 = -370.665 over 106 frames.
LOG (lattice-best-path[5.5.1182~1-e02e3]:main():lattice-best-path.cc:99) For utterance 001310076, best cost 131.716 + -650.185 = -518.468 over 172 frames.
LOG (lattice-best-path[5.5.1182~1-e02e3]:main():lattice-best-path.cc:99) For utterance 001310078, best cost 118.144 + -588.926 = -470.782 over 157 frames.
LOG (lattice-best-path[5.5.1182~1-e02e3]:main():lattice-best-path.cc:99) For utterance 001310081, best cost 73.5831 + -328.937 = -255.353 over 101 frames.
LOG (lattice-best-path[5.5.1182~1-e02e3]:main():lattice-best-path.cc:99) For utterance 001310096, best cost 87.1867 + -435.039 = -347.853 over 119 frames.
LOG (lattice-best-path[5.5.1182~1-e02e3]:main():lattice-best-path.cc:99) For utterance 001310122, best cost 124.582 + -525.025 = -400.443 over 166 frames.
LOG (lattice-best-path[5.5.1182~1-e02e3]:main():lattice-best-path.cc:99) For utterance 001310123, best cost 111.913 + -493.782 = -381.868 over 155 frames.
LOG (lattice-best-path[5.5.1182~1-e02e3]:main():lattice-best-path.cc:99) For utterance 001310129, best cost 83.5203 + -463.404 = -379.883 over 116 frames.
LOG (lattice-best-path[5.5.1182~1-e02e3]:main():lattice-best-path.cc:99) For utterance 001310144, best cost 51.9841 + -336.186 = -284.202 over 75 frames.
LOG (lattice-best-path[5.5.1182~1-e02e3]:main():lattice-best-path.cc:99) For utterance 001310148, best cost 48.1672 + -334.903 = -286.736 over 68 frames.
LOG (lattice-best-path[5.5.1182~1-e02e3]:main():lattice-best-path.cc:99) For utterance 001310152, best cost 85.9145 + -457.313 = -371.398 over 113 frames.
LOG (lattice-best-path[5.5.1182~1-e02e3]:main():lattice-best-path.cc:99) For utterance 001310162, best cost 58.6842 + -303.996 = -245.312 over 80 frames.
LOG (lattice-best-path[5.5.1182~1-e02e3]:main():lattice-best-path.cc:99) For utterance 001310165, best cost 72.6293 + -415.185 = -342.556 over 104 frames.
LOG (lattice-best-path[5.5.1182~1-e02e3]:main():lattice-best-path.cc:99) For utterance 001310168, best cost 61.2007 + -377.273 = -316.073 over 85 frames.
LOG (lattice-best-path[5.5.1182~1-e02e3]:main():lattice-best-path.cc:99) For utterance 001350002, best cost 70.6294 + -431.191 = -360.562 over 99 frames.
LOG (lattice-best-path[5.5.1182~1-e02e3]:main():lattice-best-path.cc:99) For utterance 001350119, best cost 79.9829 + -499.886 = -419.903 over 113 frames.
LOG (lattice-best-path[5.5.1182~1-e02e3]:main():lattice-best-path.cc:99) For utterance 001350134, best cost 52.7551 + -386.966 = -334.211 over 77 frames.
LOG (lattice-best-path[5.5.1182~1-e02e3]:main():lattice-best-path.cc:99) For utterance 001350163, best cost 68.0294 + -412.431 = -344.402 over 96 frames.
LOG (lattice-best-path[5.5.1182~1-e02e3]:main():lattice-best-path.cc:99) For utterance 001350174, best cost 78.4747 + -494.323 = -415.848 over 110 frames.
LOG (lattice-best-path[5.5.1182~1-e02e3]:main():lattice-best-path.cc:99) For utterance 001350194, best cost 95.046 + -529.05 = -434.004 over 133 frames.
LOG (lattice-best-path[5.5.1182~1-e02e3]:main():lattice-best-path.cc:99) For utterance 001350216, best cost 66.0721 + -418.01 = -351.938 over 93 frames.
LOG (lattice-best-path[5.5.1182~1-e02e3]:main():lattice-best-path.cc:99) For utterance 001350219, best cost 77.151 + -503.504 = -426.353 over 112 frames.
LOG (lattice-best-path[5.5.1182~1-e02e3]:main():lattice-best-path.cc:99) For utterance 001350285, best cost 73.6168 + -413.222 = -339.605 over 103 frames.
LOG (lattice-best-path[5.5.1182~1-e02e3]:main():lattice-best-path.cc:99) For utterance 001350312, best cost 76.3776 + -448.815 = -372.437 over 103 frames.
LOG (lattice-best-path[5.5.1182~1-e02e3]:main():lattice-best-path.cc:99) For utterance 001350317, best cost 90.8891 + -519.812 = -428.923 over 127 frames.
LOG (lattice-best-path[5.5.1182~1-e02e3]:main():lattice-best-path.cc:99) For utterance 001350318, best cost 95.5306 + -552.716 = -457.186 over 132 frames.
LOG (lattice-best-path[5.5.1182~1-e02e3]:main():lattice-best-path.cc:99) For utterance 001350343, best cost 76.0345 + -496.457 = -420.423 over 109 frames.
LOG (lattice-best-path[5.5.1182~1-e02e3]:main():lattice-best-path.cc:99) For utterance 001350350, best cost 74.9182 + -526.102 = -451.184 over 105 frames.
LOG (lattice-best-path[5.5.1182~1-e02e3]:main():lattice-best-path.cc:99) For utterance 001350356, best cost 76.356 + -453.358 = -377.002 over 108 frames.
LOG (lattice-best-path[5.5.1182~1-e02e3]:main():lattice-best-path.cc:99) For utterance 001350375, best cost 76.3244 + -450.448 = -374.124 over 105 frames.
LOG (lattice-best-path[5.5.1182~1-e02e3]:main():lattice-best-path.cc:99) For utterance 001450037, best cost 111.29 + -593.381 = -482.091 over 157 frames.
LOG (lattice-best-path[5.5.1182~1-e02e3]:main():lattice-best-path.cc:99) For utterance 001450043, best cost 87.5352 + -440.94 = -353.404 over 124 frames.
LOG (lattice-best-path[5.5.1182~1-e02e3]:main():lattice-best-path.cc:99) For utterance 001450049, best cost 101.751 + -466.12 = -364.369 over 141 frames.
LOG (lattice-best-path[5.5.1182~1-e02e3]:main():lattice-best-path.cc:99) For utterance 001450051, best cost 187.497 + -1174.44 = -986.938 over 266 frames.
LOG (lattice-best-path[5.5.1182~1-e02e3]:main():lattice-best-path.cc:99) For utterance 001450063, best cost 82.7289 + -454.16 = -371.431 over 118 frames.
LOG (lattice-best-path[5.5.1182~1-e02e3]:main():lattice-best-path.cc:99) For utterance 001450083, best cost 114.74 + -523.012 = -408.272 over 160 frames.
LOG (lattice-best-path[5.5.1182~1-e02e3]:main():lattice-best-path.cc:99) For utterance 001450090, best cost 127.157 + -689.715 = -562.558 over 177 frames.
LOG (lattice-best-path[5.5.1182~1-e02e3]:main():lattice-best-path.cc:99) For utterance 001450094, best cost 158.946 + -869.13 = -710.183 over 216 frames.
LOG (lattice-best-path[5.5.1182~1-e02e3]:main():lattice-best-path.cc:99) For utterance 001450098, best cost 144.89 + -689.892 = -545.002 over 195 frames.
LOG (lattice-best-path[5.5.1182~1-e02e3]:main():lattice-best-path.cc:99) For utterance 001450109, best cost 145.474 + -776.958 = -631.484 over 205 frames.
LOG (lattice-best-path[5.5.1182~1-e02e3]:main():lattice-best-path.cc:99) For utterance 001450116, best cost 245.84 + -1436.62 = -1190.78 over 339 frames.
LOG (lattice-best-path[5.5.1182~1-e02e3]:main():lattice-best-path.cc:99) For utterance 001450140, best cost 89.9468 + -481.634 = -391.688 over 122 frames.
LOG (lattice-best-path[5.5.1182~1-e02e3]:main():lattice-best-path.cc:99) For utterance 001450142, best cost 49.357 + -338.863 = -289.506 over 71 frames.
LOG (lattice-best-path[5.5.1182~1-e02e3]:main():lattice-best-path.cc:99) For utterance 001450146, best cost 65.4701 + -387.005 = -321.535 over 95 frames.
LOG (lattice-best-path[5.5.1182~1-e02e3]:main():lattice-best-path.cc:99) For utterance 001450159, best cost 124.246 + -578.749 = -454.502 over 170 frames.
LOG (lattice-best-path[5.5.1182~1-e02e3]:main():lattice-best-path.cc:99) For utterance 001450170, best cost 103.306 + -502.906 = -399.601 over 148 frames.
LOG (lattice-best-path[5.5.1182~1-e02e3]:main():lattice-best-path.cc:99) For utterance 001450171, best cost 128.821 + -699.992 = -571.171 over 174 frames.
LOG (lattice-best-path[5.5.1182~1-e02e3]:main():lattice-best-path.cc:99) For utterance 001450172, best cost 95.1899 + -537.04 = -441.85 over 136 frames.
LOG (lattice-best-path[5.5.1182~1-e02e3]:main():lattice-best-path.cc:99) For utterance 001450173, best cost 50.3477 + -321.085 = -270.737 over 69 frames.
LOG (lattice-best-path[5.5.1182~1-e02e3]:main():lattice-best-path.cc:99) For utterance 004820005, best cost 81.7058 + -439.18 = -357.474 over 116 frames.
LOG (lattice-best-path[5.5.1182~1-e02e3]:main():lattice-best-path.cc:99) For utterance 004820045, best cost 50.4279 + -355.644 = -305.216 over 73 frames.
LOG (lattice-best-path[5.5.1182~1-e02e3]:main():lattice-best-path.cc:99) For utterance 004820055, best cost 80.4728 + -466.498 = -386.026 over 110 frames.
LOG (lattice-best-path[5.5.1182~1-e02e3]:main():lattice-best-path.cc:99) For utterance 004820114, best cost 113.336 + -577.786 = -464.451 over 157 frames.
LOG (lattice-best-path[5.5.1182~1-e02e3]:main():lattice-best-path.cc:99) For utterance 004820119, best cost 84.1822 + -466.306 = -382.124 over 117 frames.
LOG (lattice-best-path[5.5.1182~1-e02e3]:main():lattice-best-path.cc:99) For utterance 004820144, best cost 85.6828 + -463.459 = -377.776 over 119 frames.
LOG (lattice-best-path[5.5.1182~1-e02e3]:main():lattice-best-path.cc:99) For utterance 004820201, best cost 101.015 + -510.187 = -409.172 over 137 frames.
LOG (lattice-best-path[5.5.1182~1-e02e3]:main():lattice-best-path.cc:99) For utterance 004820214, best cost 75.0236 + -434.5 = -359.477 over 105 frames.
LOG (lattice-best-path[5.5.1182~1-e02e3]:main():lattice-best-path.cc:99) For utterance 004820220, best cost 59.2329 + -360.084 = -300.851 over 85 frames.
LOG (lattice-best-path[5.5.1182~1-e02e3]:main():lattice-best-path.cc:99) For utterance 004820265, best cost 92.0769 + -537.245 = -445.168 over 130 frames.
LOG (lattice-best-path[5.5.1182~1-e02e3]:main():lattice-best-path.cc:99) For utterance 004820268, best cost 90.1503 + -495.415 = -405.265 over 120 frames.
LOG (lattice-best-path[5.5.1182~1-e02e3]:main():lattice-best-path.cc:99) For utterance 004820329, best cost 80.9489 + -475.61 = -394.661 over 112 frames.
LOG (lattice-best-path[5.5.1182~1-e02e3]:main():lattice-best-path.cc:99) For utterance 004820353, best cost 107.76 + -640.972 = -533.211 over 149 frames.
LOG (lattice-best-path[5.5.1182~1-e02e3]:main():lattice-best-path.cc:99) For utterance 004820370, best cost 86.6788 + -479.482 = -392.803 over 124 frames.
LOG (lattice-best-path[5.5.1182~1-e02e3]:main():lattice-best-path.cc:99) For utterance 004820371, best cost 85.7519 + -478.721 = -392.969 over 120 frames.
LOG (lattice-best-path[5.5.1182~1-e02e3]:main():lattice-best-path.cc:99) For utterance 004820378, best cost 103.455 + -553.615 = -450.159 over 146 frames.
LOG (lattice-best-path[5.5.1182~1-e02e3]:main():lattice-best-path.cc:99) For utterance 005600015, best cost 100.557 + -472.887 = -372.33 over 137 frames.
LOG (lattice-best-path[5.5.1182~1-e02e3]:main():lattice-best-path.cc:99) For utterance 005600060, best cost 91.7134 + -439.364 = -347.65 over 122 frames.
LOG (lattice-best-path[5.5.1182~1-e02e3]:main():lattice-best-path.cc:99) For utterance 005600065, best cost 95.9458 + -451.084 = -355.138 over 136 frames.
LOG (lattice-best-path[5.5.1182~1-e02e3]:main():lattice-best-path.cc:99) For utterance 005600145, best cost 58.6357 + -374.206 = -315.571 over 83 frames.
LOG (lattice-best-path[5.5.1182~1-e02e3]:main():lattice-best-path.cc:99) For utterance 005600146, best cost 71.2331 + -413.838 = -342.605 over 98 frames.
LOG (lattice-best-path[5.5.1182~1-e02e3]:main():lattice-best-path.cc:99) For utterance 005600153, best cost 65.5611 + -383.612 = -318.051 over 94 frames.
LOG (lattice-best-path[5.5.1182~1-e02e3]:main():lattice-best-path.cc:99) For utterance 005600154, best cost 147.4 + -567.588 = -420.188 over 201 frames.
LOG (lattice-best-path[5.5.1182~1-e02e3]:main():lattice-best-path.cc:99) For utterance 005600180, best cost 71.7456 + -404.464 = -332.718 over 99 frames.
LOG (lattice-best-path[5.5.1182~1-e02e3]:main():lattice-best-path.cc:99) For utterance 005600199, best cost 76.6072 + -461.7 = -385.092 over 107 frames.
LOG (lattice-best-path[5.5.1182~1-e02e3]:main():lattice-best-path.cc:99) For utterance 005600212, best cost 116.076 + -502.723 = -386.647 over 156 frames.
LOG (lattice-best-path[5.5.1182~1-e02e3]:main():lattice-best-path.cc:99) For utterance 005600268, best cost 88.6654 + -431.818 = -343.153 over 127 frames.
LOG (lattice-best-path[5.5.1182~1-e02e3]:main():lattice-best-path.cc:99) For utterance 005600294, best cost 60.6158 + -331.105 = -270.49 over 85 frames.
LOG (lattice-best-path[5.5.1182~1-e02e3]:main():lattice-best-path.cc:99) For utterance 005600296, best cost 92.1701 + -433.667 = -341.497 over 128 frames.
LOG (lattice-best-path[5.5.1182~1-e02e3]:main():lattice-best-path.cc:99) For utterance 005600298, best cost 83.3858 + -440.698 = -357.312 over 115 frames.
LOG (lattice-best-path[5.5.1182~1-e02e3]:main():lattice-best-path.cc:99) For utterance 005600318, best cost 111.209 + -499.491 = -388.282 over 154 frames.
LOG (lattice-best-path[5.5.1182~1-e02e3]:main():lattice-best-path.cc:99) For utterance 005600365, best cost 82.5944 + -404.58 = -321.986 over 112 frames.
LOG (lattice-best-path[5.5.1182~1-e02e3]:main():lattice-best-path.cc:99) For utterance 005600370, best cost 117.886 + -520.017 = -402.13 over 158 frames.
LOG (lattice-best-path[5.5.1182~1-e02e3]:main():lattice-best-path.cc:99) For utterance 005750059, best cost 110.326 + -478.938 = -368.612 over 151 frames.
LOG (lattice-best-path[5.5.1182~1-e02e3]:main():lattice-best-path.cc:99) For utterance 005750067, best cost 94.0877 + -492.397 = -398.309 over 130 frames.
LOG (lattice-best-path[5.5.1182~1-e02e3]:main():lattice-best-path.cc:99) For utterance 005750089, best cost 112.277 + -533.769 = -421.491 over 156 frames.
LOG (lattice-best-path[5.5.1182~1-e02e3]:main():lattice-best-path.cc:99) For utterance 005750099, best cost 109.652 + -512.494 = -402.842 over 152 frames.
LOG (lattice-best-path[5.5.1182~1-e02e3]:main():lattice-best-path.cc:99) For utterance 005750150, best cost 85.4439 + -455.52 = -370.076 over 117 frames.
LOG (lattice-best-path[5.5.1182~1-e02e3]:main():lattice-best-path.cc:99) For utterance 005750168, best cost 71.746 + -357.26 = -285.514 over 97 frames.
LOG (lattice-best-path[5.5.1182~1-e02e3]:main():lattice-best-path.cc:99) For utterance 005750178, best cost 71.4082 + -354.584 = -283.176 over 92 frames.
LOG (lattice-best-path[5.5.1182~1-e02e3]:main():lattice-best-path.cc:99) For utterance 005750179, best cost 73.8305 + -382.57 = -308.74 over 104 frames.
LOG (lattice-best-path[5.5.1182~1-e02e3]:main():lattice-best-path.cc:99) For utterance 005750237, best cost 78.8072 + -405.768 = -326.961 over 108 frames.
LOG (lattice-best-path[5.5.1182~1-e02e3]:main():lattice-best-path.cc:99) For utterance 005750249, best cost 85.8401 + -457.635 = -371.795 over 114 frames.
LOG (lattice-best-path[5.5.1182~1-e02e3]:main():lattice-best-path.cc:99) For utterance 005750270, best cost 95.3136 + -519.875 = -424.562 over 133 frames.
LOG (lattice-best-path[5.5.1182~1-e02e3]:main():lattice-best-path.cc:99) For utterance 005750290, best cost 59.2197 + -309.753 = -250.533 over 83 frames.
LOG (lattice-best-path[5.5.1182~1-e02e3]:main():lattice-best-path.cc:99) For utterance 005750297, best cost 88.0561 + -480.746 = -392.69 over 122 frames.
LOG (lattice-best-path[5.5.1182~1-e02e3]:main():lattice-best-path.cc:99) For utterance 005750298, best cost 67.9406 + -376.59 = -308.65 over 96 frames.
LOG (lattice-best-path[5.5.1182~1-e02e3]:main():lattice-best-path.cc:99) For utterance 005750300, best cost 79.1071 + -441.479 = -362.372 over 112 frames.
LOG (lattice-best-path[5.5.1182~1-e02e3]:main():lattice-best-path.cc:99) For utterance 005750321, best cost 63.7149 + -400.081 = -336.366 over 92 frames.
LOG (lattice-best-path[5.5.1182~1-e02e3]:main():lattice-best-path.cc:99) For utterance 005750347, best cost 97.6564 + -458.575 = -360.919 over 133 frames.
LOG (lattice-best-path[5.5.1182~1-e02e3]:main():lattice-best-path.cc:99) For utterance 005940019, best cost 119.376 + -537.034 = -417.659 over 153 frames.
LOG (lattice-best-path[5.5.1182~1-e02e3]:main():lattice-best-path.cc:99) For utterance 005940025, best cost 87.0714 + -405.745 = -318.673 over 119 frames.
LOG (lattice-best-path[5.5.1182~1-e02e3]:main():lattice-best-path.cc:99) For utterance 005940141, best cost 76.9642 + -424.988 = -348.024 over 109 frames.
LOG (lattice-best-path[5.5.1182~1-e02e3]:main():lattice-best-path.cc:99) For utterance 005940142, best cost 64.9215 + -383.318 = -318.396 over 94 frames.
LOG (lattice-best-path[5.5.1182~1-e02e3]:main():lattice-best-path.cc:99) For utterance 005940164, best cost 108.891 + -509.606 = -400.715 over 150 frames.
LOG (lattice-best-path[5.5.1182~1-e02e3]:main():lattice-best-path.cc:99) For utterance 005940174, best cost 137.113 + -623.889 = -486.776 over 186 frames.
LOG (lattice-best-path[5.5.1182~1-e02e3]:main():lattice-best-path.cc:99) For utterance 005940193, best cost 89.1025 + -457.165 = -368.063 over 120 frames.
LOG (lattice-best-path[5.5.1182~1-e02e3]:main():lattice-best-path.cc:99) For utterance 005940195, best cost 55.6944 + -253.93 = -198.235 over 78 frames.
LOG (lattice-best-path[5.5.1182~1-e02e3]:main():lattice-best-path.cc:99) For utterance 005940234, best cost 72.8605 + -301.648 = -228.787 over 96 frames.
LOG (lattice-best-path[5.5.1182~1-e02e3]:main():lattice-best-path.cc:99) For utterance 005940238, best cost 97.3267 + -413.001 = -315.675 over 131 frames.
LOG (lattice-best-path[5.5.1182~1-e02e3]:main():lattice-best-path.cc:99) For utterance 005940252, best cost 99.7284 + -440.661 = -340.932 over 134 frames.
LOG (lattice-best-path[5.5.1182~1-e02e3]:main():lattice-best-path.cc:99) For utterance 005940263, best cost 121.656 + -588.794 = -467.138 over 166 frames.
LOG (lattice-best-path[5.5.1182~1-e02e3]:main():lattice-best-path.cc:99) For utterance 005940267, best cost 98.8096 + -468.789 = -369.979 over 138 frames.
LOG (lattice-best-path[5.5.1182~1-e02e3]:main():lattice-best-path.cc:99) For utterance 005940271, best cost 83.7326 + -430.842 = -347.109 over 119 frames.
LOG (lattice-best-path[5.5.1182~1-e02e3]:main():lattice-best-path.cc:99) For utterance 005940283, best cost 75.1328 + -395.215 = -320.082 over 106 frames.
LOG (lattice-best-path[5.5.1182~1-e02e3]:main():lattice-best-path.cc:99) For utterance 005940304, best cost 60.3685 + -288.292 = -227.923 over 86 frames.
LOG (lattice-best-path[5.5.1182~1-e02e3]:main():lattice-best-path.cc:99) For utterance 005940318, best cost 86.1806 + -333.804 = -247.623 over 120 frames.
LOG (lattice-best-path[5.5.1182~1-e02e3]:main():lattice-best-path.cc:99) For utterance 005940380, best cost 154.426 + -616.215 = -461.788 over 200 frames.
LOG (lattice-best-path[5.5.1182~1-e02e3]:main():lattice-best-path.cc:99) For utterance 007390013, best cost 112.719 + -492.893 = -380.174 over 155 frames.
LOG (lattice-best-path[5.5.1182~1-e02e3]:main():lattice-best-path.cc:99) For utterance 007390019, best cost 124.381 + -582.4 = -458.019 over 168 frames.
LOG (lattice-best-path[5.5.1182~1-e02e3]:main():lattice-best-path.cc:99) For utterance 007390062, best cost 138.286 + -617.175 = -478.889 over 182 frames.
LOG (lattice-best-path[5.5.1182~1-e02e3]:main():lattice-best-path.cc:99) For utterance 007390070, best cost 185.761 + -841.194 = -655.434 over 249 frames.
LOG (lattice-best-path[5.5.1182~1-e02e3]:main():lattice-best-path.cc:99) For utterance 007390072, best cost 91.2371 + -464.866 = -373.629 over 130 frames.
LOG (lattice-best-path[5.5.1182~1-e02e3]:main():lattice-best-path.cc:99) For utterance 007390092, best cost 114.951 + -573.706 = -458.754 over 155 frames.
LOG (lattice-best-path[5.5.1182~1-e02e3]:main():lattice-best-path.cc:99) For utterance 007390119, best cost 112.946 + -597.933 = -484.986 over 156 frames.
LOG (lattice-best-path[5.5.1182~1-e02e3]:main():lattice-best-path.cc:99) For utterance 007390120, best cost 91.9816 + -537.786 = -445.804 over 128 frames.
LOG (lattice-best-path[5.5.1182~1-e02e3]:main():lattice-best-path.cc:99) For utterance 007390139, best cost 119.627 + -576.194 = -456.567 over 162 frames.
LOG (lattice-best-path[5.5.1182~1-e02e3]:main():lattice-best-path.cc:99) For utterance 007390160, best cost 122.792 + -560.207 = -437.415 over 157 frames.
LOG (lattice-best-path[5.5.1182~1-e02e3]:main():lattice-best-path.cc:99) For utterance 007390195, best cost 149.308 + -682.531 = -533.223 over 195 frames.
LOG (lattice-best-path[5.5.1182~1-e02e3]:main():lattice-best-path.cc:99) For utterance 007390197, best cost 84.008 + -477.36 = -393.352 over 119 frames.
LOG (lattice-best-path[5.5.1182~1-e02e3]:main():lattice-best-path.cc:99) For utterance 007390208, best cost 158.213 + -852.46 = -694.247 over 216 frames.
LOG (lattice-best-path[5.5.1182~1-e02e3]:main():lattice-best-path.cc:99) For utterance 007390211, best cost 88.1118 + -438.657 = -350.545 over 122 frames.
LOG (lattice-best-path[5.5.1182~1-e02e3]:main():lattice-best-path.cc:99) For utterance 007390220, best cost 121.541 + -560.668 = -439.127 over 161 frames.
LOG (lattice-best-path[5.5.1182~1-e02e3]:main():lattice-best-path.cc:99) For utterance 007390228, best cost 102.948 + -458.677 = -355.729 over 135 frames.
LOG (lattice-best-path[5.5.1182~1-e02e3]:main():lattice-best-path.cc:99) For utterance 007390238, best cost 104.001 + -595.142 = -491.141 over 145 frames.
LOG (lattice-best-path[5.5.1182~1-e02e3]:main():lattice-best-path.cc:99) For utterance 007390281, best cost 75.6495 + -339.77 = -264.121 over 110 frames.
LOG (lattice-best-path[5.5.1182~1-e02e3]:main():lattice-best-path.cc:99) For utterance 007390294, best cost 74.247 + -352.365 = -278.118 over 97 frames.
LOG (lattice-best-path[5.5.1182~1-e02e3]:main():lattice-best-path.cc:99) For utterance 007390355, best cost 148.405 + -602.931 = -454.526 over 201 frames.
LOG (lattice-best-path[5.5.1182~1-e02e3]:main():lattice-best-path.cc:99) For utterance 008130061, best cost 77.3253 + -427.725 = -350.4 over 110 frames.
LOG (lattice-best-path[5.5.1182~1-e02e3]:main():lattice-best-path.cc:99) For utterance 008130081, best cost 101.386 + -569.173 = -467.788 over 143 frames.
LOG (lattice-best-path[5.5.1182~1-e02e3]:main():lattice-best-path.cc:99) For utterance 008130091, best cost 113.82 + -608.294 = -494.474 over 160 frames.
LOG (lattice-best-path[5.5.1182~1-e02e3]:main():lattice-best-path.cc:99) For utterance 008130100, best cost 80.5696 + -502.48 = -421.911 over 114 frames.
LOG (lattice-best-path[5.5.1182~1-e02e3]:main():lattice-best-path.cc:99) For utterance 008130153, best cost 56.5211 + -365.59 = -309.068 over 80 frames.
LOG (lattice-best-path[5.5.1182~1-e02e3]:main():lattice-best-path.cc:99) For utterance 008130222, best cost 77.1944 + -468.056 = -390.862 over 110 frames.
LOG (lattice-best-path[5.5.1182~1-e02e3]:main():lattice-best-path.cc:99) For utterance 008130233, best cost 59.6128 + -379.972 = -320.359 over 85 frames.
LOG (lattice-best-path[5.5.1182~1-e02e3]:main():lattice-best-path.cc:99) For utterance 008130257, best cost 59.8858 + -343.41 = -283.525 over 87 frames.
LOG (lattice-best-path[5.5.1182~1-e02e3]:main():lattice-best-path.cc:99) For utterance 008130271, best cost 72.5334 + -445.075 = -372.541 over 105 frames.
LOG (lattice-best-path[5.5.1182~1-e02e3]:main():lattice-best-path.cc:99) For utterance 008130281, best cost 66.3214 + -428.358 = -362.037 over 96 frames.
LOG (lattice-best-path[5.5.1182~1-e02e3]:main():lattice-best-path.cc:99) For utterance 008130282, best cost 109.871 + -576.83 = -466.959 over 149 frames.
LOG (lattice-best-path[5.5.1182~1-e02e3]:main():lattice-best-path.cc:99) For utterance 008130288, best cost 88.7571 + -527.118 = -438.361 over 123 frames.
LOG (lattice-best-path[5.5.1182~1-e02e3]:main():lattice-best-path.cc:99) For utterance 008130301, best cost 74.8877 + -428.695 = -353.808 over 101 frames.
LOG (lattice-best-path[5.5.1182~1-e02e3]:main():lattice-best-path.cc:99) For utterance 008130340, best cost 85.7956 + -483.614 = -397.819 over 121 frames.
LOG (lattice-best-path[5.5.1182~1-e02e3]:main():lattice-best-path.cc:99) For utterance 008130346, best cost 76.4861 + -440.713 = -364.227 over 107 frames.
LOG (lattice-best-path[5.5.1182~1-e02e3]:main():lattice-best-path.cc:99) For utterance 008130356, best cost 63.4266 + -399.142 = -335.716 over 88 frames.
LOG (lattice-best-path[5.5.1182~1-e02e3]:main():lattice-best-path.cc:99) For utterance 008130380, best cost 85.5476 + -527.587 = -442.039 over 121 frames.
LOG (lattice-best-path[5.5.1182~1-e02e3]:main():lattice-best-path.cc:99) For utterance 009600062, best cost 87.3733 + -368.782 = -281.409 over 114 frames.
LOG (lattice-best-path[5.5.1182~1-e02e3]:main():lattice-best-path.cc:99) For utterance 009600113, best cost 164.061 + -639.239 = -475.178 over 223 frames.
LOG (lattice-best-path[5.5.1182~1-e02e3]:main():lattice-best-path.cc:99) For utterance 009600118, best cost 114.668 + -477.515 = -362.847 over 155 frames.
LOG (lattice-best-path[5.5.1182~1-e02e3]:main():lattice-best-path.cc:99) For utterance 009600120, best cost 68.4761 + -386.603 = -318.127 over 99 frames.
LOG (lattice-best-path[5.5.1182~1-e02e3]:main():lattice-best-path.cc:99) For utterance 009600127, best cost 101.783 + -455.426 = -353.643 over 142 frames.
LOG (lattice-best-path[5.5.1182~1-e02e3]:main():lattice-best-path.cc:99) For utterance 009600133, best cost 153.876 + -595.779 = -441.903 over 198 frames.
LOG (lattice-best-path[5.5.1182~1-e02e3]:main():lattice-best-path.cc:99) For utterance 009600140, best cost 82.7073 + -412.423 = -329.716 over 114 frames.
LOG (lattice-best-path[5.5.1182~1-e02e3]:main():lattice-best-path.cc:99) For utterance 009600186, best cost 78.3916 + -367.138 = -288.747 over 106 frames.
LOG (lattice-best-path[5.5.1182~1-e02e3]:main():lattice-best-path.cc:99) For utterance 009600190, best cost 121.338 + -481.803 = -360.464 over 163 frames.
LOG (lattice-best-path[5.5.1182~1-e02e3]:main():lattice-best-path.cc:99) For utterance 009600205, best cost 113.302 + -488.136 = -374.835 over 152 frames.
LOG (lattice-best-path[5.5.1182~1-e02e3]:main():lattice-best-path.cc:99) For utterance 009600215, best cost 61.6985 + -324.745 = -263.047 over 86 frames.
LOG (lattice-best-path[5.5.1182~1-e02e3]:main():lattice-best-path.cc:99) For utterance 009600262, best cost 72.7122 + -383.169 = -310.457 over 100 frames.
LOG (lattice-best-path[5.5.1182~1-e02e3]:main():lattice-best-path.cc:99) For utterance 009600267, best cost 99.2749 + -511.935 = -412.66 over 136 frames.
LOG (lattice-best-path[5.5.1182~1-e02e3]:main():lattice-best-path.cc:99) For utterance 009600270, best cost 92.3398 + -526.1 = -433.761 over 129 frames.
LOG (lattice-best-path[5.5.1182~1-e02e3]:main():lattice-best-path.cc:99) For utterance 009600287, best cost 73.5302 + -430.01 = -356.48 over 106 frames.
LOG (lattice-best-path[5.5.1182~1-e02e3]:main():lattice-best-path.cc:99) For utterance 009600335, best cost 135.085 + -525.086 = -390.001 over 183 frames.
LOG (lattice-best-path[5.5.1182~1-e02e3]:main():lattice-best-path.cc:99) For utterance 009600337, best cost 132.106 + -548.895 = -416.789 over 181 frames.
LOG (lattice-best-path[5.5.1182~1-e02e3]:main():lattice-best-path.cc:99) For utterance 009600338, best cost 99.0299 + -441.314 = -342.284 over 140 frames.
LOG (lattice-best-path[5.5.1182~1-e02e3]:main():lattice-best-path.cc:99) For utterance 009600343, best cost 66.7031 + -339.086 = -272.383 over 92 frames.
LOG (lattice-best-path[5.5.1182~1-e02e3]:main():lattice-best-path.cc:99) For utterance 010120008, best cost 76.9685 + -396.461 = -319.493 over 107 frames.
LOG (lattice-best-path[5.5.1182~1-e02e3]:main():lattice-best-path.cc:99) For utterance 010120059, best cost 157.236 + -760.518 = -603.282 over 214 frames.
LOG (lattice-best-path[5.5.1182~1-e02e3]:main():lattice-best-path.cc:99) For utterance 010120071, best cost 101.741 + -504.503 = -402.762 over 134 frames.
LOG (lattice-best-path[5.5.1182~1-e02e3]:main():lattice-best-path.cc:99) For utterance 010120128, best cost 57.5146 + -352.804 = -295.289 over 83 frames.
LOG (lattice-best-path[5.5.1182~1-e02e3]:main():lattice-best-path.cc:99) For utterance 010120148, best cost 88.9369 + -463.993 = -375.056 over 127 frames.
LOG (lattice-best-path[5.5.1182~1-e02e3]:main():lattice-best-path.cc:99) For utterance 010120166, best cost 84.6478 + -470.654 = -386.006 over 118 frames.
LOG (lattice-best-path[5.5.1182~1-e02e3]:main():lattice-best-path.cc:99) For utterance 010120193, best cost 62.3807 + -375.055 = -312.674 over 88 frames.
LOG (lattice-best-path[5.5.1182~1-e02e3]:main():lattice-best-path.cc:99) For utterance 010120200, best cost 58.2357 + -326.583 = -268.347 over 81 frames.
LOG (lattice-best-path[5.5.1182~1-e02e3]:main():lattice-best-path.cc:99) For utterance 010120208, best cost 89.2518 + -511.646 = -422.394 over 125 frames.
LOG (lattice-best-path[5.5.1182~1-e02e3]:main():lattice-best-path.cc:99) For utterance 010120212, best cost 77.3361 + -377.484 = -300.148 over 105 frames.
LOG (lattice-best-path[5.5.1182~1-e02e3]:main():lattice-best-path.cc:99) For utterance 010120219, best cost 84.0998 + -465.302 = -381.202 over 114 frames.
LOG (lattice-best-path[5.5.1182~1-e02e3]:main():lattice-best-path.cc:99) For utterance 010120243, best cost 102.661 + -597.188 = -494.527 over 144 frames.
LOG (lattice-best-path[5.5.1182~1-e02e3]:main():lattice-best-path.cc:99) For utterance 010120255, best cost 80.1057 + -476.961 = -396.855 over 114 frames.
LOG (lattice-best-path[5.5.1182~1-e02e3]:main():lattice-best-path.cc:99) For utterance 010120265, best cost 74.9705 + -422.272 = -347.302 over 107 frames.
LOG (lattice-best-path[5.5.1182~1-e02e3]:main():lattice-best-path.cc:99) For utterance 010120269, best cost 69.1128 + -466.331 = -397.218 over 99 frames.
LOG (lattice-best-path[5.5.1182~1-e02e3]:main():lattice-best-path.cc:99) For utterance 010120303, best cost 101.683 + -554.041 = -452.358 over 133 frames.
LOG (lattice-best-path[5.5.1182~1-e02e3]:main():lattice-best-path.cc:99) For utterance 010120334, best cost 92.0392 + -491.951 = -399.911 over 119 frames.
LOG (lattice-best-path[5.5.1182~1-e02e3]:main():lattice-best-path.cc:99) For utterance 010120335, best cost 105.671 + -668.384 = -562.714 over 148 frames.
LOG (lattice-best-path[5.5.1182~1-e02e3]:main():lattice-best-path.cc:99) For utterance 010120374, best cost 69.1295 + -371.17 = -302.041 over 94 frames.
LOG (lattice-best-path[5.5.1182~1-e02e3]:main():lattice-best-path.cc:99) For utterance 010270117, best cost 66.5371 + -391.069 = -324.532 over 92 frames.
LOG (lattice-best-path[5.5.1182~1-e02e3]:main():lattice-best-path.cc:99) For utterance 010270124, best cost 95.8305 + -614.059 = -518.229 over 136 frames.
LOG (lattice-best-path[5.5.1182~1-e02e3]:main():lattice-best-path.cc:99) For utterance 010270131, best cost 59.0637 + -414.331 = -355.268 over 82 frames.
LOG (lattice-best-path[5.5.1182~1-e02e3]:main():lattice-best-path.cc:99) For utterance 010270140, best cost 89.5118 + -572.42 = -482.908 over 124 frames.
LOG (lattice-best-path[5.5.1182~1-e02e3]:main():lattice-best-path.cc:99) For utterance 010270170, best cost 58.8379 + -421.587 = -362.749 over 83 frames.
LOG (lattice-best-path[5.5.1182~1-e02e3]:main():lattice-best-path.cc:99) For utterance 010270198, best cost 83.177 + -539.934 = -456.757 over 114 frames.
LOG (lattice-best-path[5.5.1182~1-e02e3]:main():lattice-best-path.cc:99) For utterance 010270226, best cost 74.3928 + -486.452 = -412.059 over 100 frames.
LOG (lattice-best-path[5.5.1182~1-e02e3]:main():lattice-best-path.cc:99) For utterance 010270238, best cost 77.0049 + -500.267 = -423.262 over 106 frames.
LOG (lattice-best-path[5.5.1182~1-e02e3]:main():lattice-best-path.cc:99) For utterance 010270265, best cost 71.1334 + -456.11 = -384.976 over 103 frames.
LOG (lattice-best-path[5.5.1182~1-e02e3]:main():lattice-best-path.cc:99) For utterance 010270268, best cost 83.2298 + -579.426 = -496.196 over 118 frames.
LOG (lattice-best-path[5.5.1182~1-e02e3]:main():lattice-best-path.cc:99) For utterance 010270294, best cost 62.7684 + -430.268 = -367.5 over 88 frames.
LOG (lattice-best-path[5.5.1182~1-e02e3]:main():lattice-best-path.cc:99) For utterance 010270301, best cost 62.0186 + -460.917 = -398.899 over 87 frames.
LOG (lattice-best-path[5.5.1182~1-e02e3]:main():lattice-best-path.cc:99) For utterance 010270306, best cost 113.811 + -750.338 = -636.527 over 160 frames.
LOG (lattice-best-path[5.5.1182~1-e02e3]:main():lattice-best-path.cc:99) For utterance 010270314, best cost 66.2359 + -449.353 = -383.117 over 94 frames.
LOG (lattice-best-path[5.5.1182~1-e02e3]:main():lattice-best-path.cc:99) For utterance 010270349, best cost 91.566 + -583.26 = -491.694 over 126 frames.
LOG (lattice-best-path[5.5.1182~1-e02e3]:main():lattice-best-path.cc:99) For utterance 010270354, best cost 56.3014 + -406.556 = -350.255 over 80 frames.
LOG (lattice-best-path[5.5.1182~1-e02e3]:main():lattice-best-path.cc:99) For utterance 010270356, best cost 110.445 + -657.715 = -547.27 over 148 frames.
LOG (lattice-best-path[5.5.1182~1-e02e3]:main():lattice-best-path.cc:99) For utterance 010270366, best cost 108.976 + -715.258 = -606.282 over 151 frames.
LOG (lattice-best-path[5.5.1182~1-e02e3]:main():lattice-best-path.cc:99) For utterance 010270368, best cost 97.4633 + -654.83 = -557.367 over 136 frames.
LOG (lattice-best-path[5.5.1182~1-e02e3]:main():lattice-best-path.cc:99) For utterance 010270377, best cost 93.0604 + -641.926 = -548.866 over 134 frames.
LOG (lattice-best-path[5.5.1182~1-e02e3]:main():lattice-best-path.cc:124) Overall cost per frame is -3.12918 = 0.724503 [graph] + -3.85368 [acoustic] over 27443 frames.
LOG (lattice-best-path[5.5.1182~1-e02e3]:main():lattice-best-path.cc:128) Done 216 lattices, failed for 0
# Accounting: time=1 threads=1
# Ended (code 0) at Thu Oct 23 10:38:39 IST 2025, elapsed time 1 seconds
