# lattice-best-path --acoustic-scale=1.0 "ark:gunzip -c tune/align_lats_speechocean762/lat.9.gz |" ark:/dev/null "ark:|gzip -c >tune/align_lats_speechocean762/ali.9.gz" 
# Started at Thu Oct 23 10:38:38 IST 2025
#
lattice-best-path --acoustic-scale=1.0 'ark:gunzip -c tune/align_lats_speechocean762/lat.9.gz |' ark:/dev/null 'ark:|gzip -c >tune/align_lats_speechocean762/ali.9.gz' 
LOG (lattice-best-path[5.5.1182~1-e02e3]:main():lattice-best-path.cc:99) For utterance 085850006, best cost 88.51 + -500.132 = -411.622 over 123 frames.
LOG (lattice-best-path[5.5.1182~1-e02e3]:main():lattice-best-path.cc:99) For utterance 085850024, best cost 66.1666 + -363.523 = -297.356 over 94 frames.
LOG (lattice-best-path[5.5.1182~1-e02e3]:main():lattice-best-path.cc:99) For utterance 085850039, best cost 89.9277 + -447.284 = -357.357 over 120 frames.
LOG (lattice-best-path[5.5.1182~1-e02e3]:main():lattice-best-path.cc:99) For utterance 085850042, best cost 126.354 + -608.086 = -481.732 over 171 frames.
LOG (lattice-best-path[5.5.1182~1-e02e3]:main():lattice-best-path.cc:99) For utterance 085850044, best cost 68.2769 + -370.182 = -301.905 over 94 frames.
LOG (lattice-best-path[5.5.1182~1-e02e3]:main():lattice-best-path.cc:99) For utterance 085850046, best cost 69.5047 + -372.319 = -302.814 over 93 frames.
LOG (lattice-best-path[5.5.1182~1-e02e3]:main():lattice-best-path.cc:99) For utterance 085850056, best cost 95.6011 + -496.597 = -400.996 over 131 frames.
LOG (lattice-best-path[5.5.1182~1-e02e3]:main():lattice-best-path.cc:99) For utterance 085850075, best cost 61.9889 + -350.017 = -288.028 over 89 frames.
LOG (lattice-best-path[5.5.1182~1-e02e3]:main():lattice-best-path.cc:99) For utterance 085850088, best cost 64.9909 + -358.716 = -293.725 over 89 frames.
LOG (lattice-best-path[5.5.1182~1-e02e3]:main():lattice-best-path.cc:99) For utterance 085850092, best cost 86.1646 + -441.85 = -355.685 over 117 frames.
LOG (lattice-best-path[5.5.1182~1-e02e3]:main():lattice-best-path.cc:99) For utterance 085850094, best cost 58.0254 + -368.34 = -310.315 over 83 frames.
LOG (lattice-best-path[5.5.1182~1-e02e3]:main():lattice-best-path.cc:99) For utterance 085850101, best cost 54.1575 + -327.921 = -273.764 over 77 frames.
LOG (lattice-best-path[5.5.1182~1-e02e3]:main():lattice-best-path.cc:99) For utterance 085850108, best cost 100.824 + -512.656 = -411.832 over 137 frames.
LOG (lattice-best-path[5.5.1182~1-e02e3]:main():lattice-best-path.cc:99) For utterance 085850112, best cost 63.0282 + -378.875 = -315.846 over 88 frames.
LOG (lattice-best-path[5.5.1182~1-e02e3]:main():lattice-best-path.cc:99) For utterance 085850119, best cost 68.8931 + -402.921 = -334.028 over 94 frames.
LOG (lattice-best-path[5.5.1182~1-e02e3]:main():lattice-best-path.cc:99) For utterance 085850138, best cost 86.1628 + -384.382 = -298.219 over 121 frames.
LOG (lattice-best-path[5.5.1182~1-e02e3]:main():lattice-best-path.cc:99) For utterance 085850146, best cost 69.8402 + -379.897 = -310.057 over 95 frames.
LOG (lattice-best-path[5.5.1182~1-e02e3]:main():lattice-best-path.cc:99) For utterance 085850170, best cost 72.3981 + -362.155 = -289.757 over 103 frames.
LOG (lattice-best-path[5.5.1182~1-e02e3]:main():lattice-best-path.cc:99) For utterance 090340002, best cost 89.9385 + -459.326 = -369.388 over 124 frames.
LOG (lattice-best-path[5.5.1182~1-e02e3]:main():lattice-best-path.cc:99) For utterance 090340032, best cost 93.5728 + -489.324 = -395.751 over 131 frames.
LOG (lattice-best-path[5.5.1182~1-e02e3]:main():lattice-best-path.cc:99) For utterance 090340039, best cost 103.45 + -485.041 = -381.592 over 140 frames.
LOG (lattice-best-path[5.5.1182~1-e02e3]:main():lattice-best-path.cc:99) For utterance 090340041, best cost 83.3983 + -423.701 = -340.302 over 111 frames.
LOG (lattice-best-path[5.5.1182~1-e02e3]:main():lattice-best-path.cc:99) For utterance 090340043, best cost 129.797 + -581.549 = -451.751 over 178 frames.
LOG (lattice-best-path[5.5.1182~1-e02e3]:main():lattice-best-path.cc:99) For utterance 090340054, best cost 68.5626 + -405.495 = -336.933 over 96 frames.
LOG (lattice-best-path[5.5.1182~1-e02e3]:main():lattice-best-path.cc:99) For utterance 090340071, best cost 58.6074 + -351.33 = -292.722 over 83 frames.
LOG (lattice-best-path[5.5.1182~1-e02e3]:main():lattice-best-path.cc:99) For utterance 090340085, best cost 66.5636 + -408.558 = -341.994 over 96 frames.
LOG (lattice-best-path[5.5.1182~1-e02e3]:main():lattice-best-path.cc:99) For utterance 090340088, best cost 54.8753 + -308.252 = -253.377 over 77 frames.
LOG (lattice-best-path[5.5.1182~1-e02e3]:main():lattice-best-path.cc:99) For utterance 090340090, best cost 99.0902 + -511.168 = -412.078 over 141 frames.
LOG (lattice-best-path[5.5.1182~1-e02e3]:main():lattice-best-path.cc:99) For utterance 090340114, best cost 111.561 + -533.014 = -421.453 over 148 frames.
LOG (lattice-best-path[5.5.1182~1-e02e3]:main():lattice-best-path.cc:99) For utterance 090340126, best cost 84.0573 + -477.054 = -392.997 over 121 frames.
LOG (lattice-best-path[5.5.1182~1-e02e3]:main():lattice-best-path.cc:99) For utterance 090340131, best cost 73.5203 + -383.639 = -310.119 over 102 frames.
LOG (lattice-best-path[5.5.1182~1-e02e3]:main():lattice-best-path.cc:99) For utterance 090340155, best cost 114.285 + -579.243 = -464.958 over 157 frames.
LOG (lattice-best-path[5.5.1182~1-e02e3]:main():lattice-best-path.cc:99) For utterance 090340158, best cost 69.9558 + -363.599 = -293.644 over 98 frames.
LOG (lattice-best-path[5.5.1182~1-e02e3]:main():lattice-best-path.cc:99) For utterance 090340164, best cost 77.9252 + -386.376 = -308.451 over 104 frames.
LOG (lattice-best-path[5.5.1182~1-e02e3]:main():lattice-best-path.cc:99) For utterance 090340168, best cost 136.834 + -599.899 = -463.066 over 185 frames.
LOG (lattice-best-path[5.5.1182~1-e02e3]:main():lattice-best-path.cc:99) For utterance 090700006, best cost 71.0395 + -325.445 = -254.406 over 99 frames.
LOG (lattice-best-path[5.5.1182~1-e02e3]:main():lattice-best-path.cc:99) For utterance 090700008, best cost 95.2537 + -470.756 = -375.502 over 130 frames.
LOG (lattice-best-path[5.5.1182~1-e02e3]:main():lattice-best-path.cc:99) For utterance 090700019, best cost 62.2983 + -356.147 = -293.849 over 90 frames.
LOG (lattice-best-path[5.5.1182~1-e02e3]:main():lattice-best-path.cc:99) For utterance 090700042, best cost 98.86 + -464.61 = -365.75 over 126 frames.
LOG (lattice-best-path[5.5.1182~1-e02e3]:main():lattice-best-path.cc:99) For utterance 090700045, best cost 96.6087 + -510.457 = -413.848 over 132 frames.
LOG (lattice-best-path[5.5.1182~1-e02e3]:main():lattice-best-path.cc:99) For utterance 090700047, best cost 67.9981 + -393.73 = -325.732 over 92 frames.
LOG (lattice-best-path[5.5.1182~1-e02e3]:main():lattice-best-path.cc:99) For utterance 090700054, best cost 76.0507 + -381.96 = -305.91 over 106 frames.
LOG (lattice-best-path[5.5.1182~1-e02e3]:main():lattice-best-path.cc:99) For utterance 090700057, best cost 121.293 + -595.493 = -474.2 over 167 frames.
LOG (lattice-best-path[5.5.1182~1-e02e3]:main():lattice-best-path.cc:99) For utterance 090700059, best cost 93.3399 + -459.074 = -365.735 over 124 frames.
LOG (lattice-best-path[5.5.1182~1-e02e3]:main():lattice-best-path.cc:99) For utterance 090700065, best cost 109.163 + -544.812 = -435.649 over 152 frames.
LOG (lattice-best-path[5.5.1182~1-e02e3]:main():lattice-best-path.cc:99) For utterance 090700081, best cost 78.4813 + -413.379 = -334.898 over 111 frames.
LOG (lattice-best-path[5.5.1182~1-e02e3]:main():lattice-best-path.cc:99) For utterance 090700082, best cost 66.5468 + -366.136 = -299.59 over 97 frames.
LOG (lattice-best-path[5.5.1182~1-e02e3]:main():lattice-best-path.cc:99) For utterance 090700108, best cost 71.4502 + -371.58 = -300.129 over 101 frames.
LOG (lattice-best-path[5.5.1182~1-e02e3]:main():lattice-best-path.cc:99) For utterance 090700127, best cost 76.5952 + -406.372 = -329.777 over 108 frames.
LOG (lattice-best-path[5.5.1182~1-e02e3]:main():lattice-best-path.cc:99) For utterance 090700164, best cost 116.629 + -607.323 = -490.695 over 162 frames.
LOG (lattice-best-path[5.5.1182~1-e02e3]:main():lattice-best-path.cc:99) For utterance 090700172, best cost 112.853 + -535.329 = -422.476 over 153 frames.
LOG (lattice-best-path[5.5.1182~1-e02e3]:main():lattice-best-path.cc:99) For utterance 095560005, best cost 105.428 + -431.315 = -325.887 over 145 frames.
LOG (lattice-best-path[5.5.1182~1-e02e3]:main():lattice-best-path.cc:99) For utterance 095560008, best cost 111.752 + -599.061 = -487.309 over 153 frames.
LOG (lattice-best-path[5.5.1182~1-e02e3]:main():lattice-best-path.cc:99) For utterance 095560010, best cost 75.8426 + -428.514 = -352.672 over 102 frames.
LOG (lattice-best-path[5.5.1182~1-e02e3]:main():lattice-best-path.cc:99) For utterance 095560017, best cost 102.235 + -506.956 = -404.721 over 140 frames.
LOG (lattice-best-path[5.5.1182~1-e02e3]:main():lattice-best-path.cc:99) For utterance 095560031, best cost 117.055 + -539.905 = -422.85 over 155 frames.
LOG (lattice-best-path[5.5.1182~1-e02e3]:main():lattice-best-path.cc:99) For utterance 095560037, best cost 99.8056 + -462.362 = -362.556 over 134 frames.
LOG (lattice-best-path[5.5.1182~1-e02e3]:main():lattice-best-path.cc:99) For utterance 095560051, best cost 101.445 + -553.04 = -451.595 over 143 frames.
LOG (lattice-best-path[5.5.1182~1-e02e3]:main():lattice-best-path.cc:99) For utterance 095560054, best cost 98.1647 + -473.897 = -375.733 over 135 frames.
LOG (lattice-best-path[5.5.1182~1-e02e3]:main():lattice-best-path.cc:99) For utterance 095560069, best cost 117.357 + -444.062 = -326.705 over 164 frames.
LOG (lattice-best-path[5.5.1182~1-e02e3]:main():lattice-best-path.cc:99) For utterance 095560080, best cost 93.5498 + -498.72 = -405.17 over 129 frames.
LOG (lattice-best-path[5.5.1182~1-e02e3]:main():lattice-best-path.cc:99) For utterance 095560108, best cost 89.2114 + -465.642 = -376.431 over 122 frames.
LOG (lattice-best-path[5.5.1182~1-e02e3]:main():lattice-best-path.cc:99) For utterance 095560115, best cost 72.9221 + -352.772 = -279.849 over 100 frames.
LOG (lattice-best-path[5.5.1182~1-e02e3]:main():lattice-best-path.cc:99) For utterance 095560129, best cost 93.3333 + -447.051 = -353.718 over 132 frames.
LOG (lattice-best-path[5.5.1182~1-e02e3]:main():lattice-best-path.cc:99) For utterance 095560133, best cost 119.538 + -525.508 = -405.969 over 161 frames.
LOG (lattice-best-path[5.5.1182~1-e02e3]:main():lattice-best-path.cc:99) For utterance 095560150, best cost 109.647 + -478.731 = -369.084 over 150 frames.
LOG (lattice-best-path[5.5.1182~1-e02e3]:main():lattice-best-path.cc:99) For utterance 095560153, best cost 109.46 + -481.4 = -371.94 over 157 frames.
LOG (lattice-best-path[5.5.1182~1-e02e3]:main():lattice-best-path.cc:99) For utterance 095560163, best cost 74.3127 + -326.442 = -252.13 over 105 frames.
LOG (lattice-best-path[5.5.1182~1-e02e3]:main():lattice-best-path.cc:99) For utterance 095560164, best cost 108.861 + -500.998 = -392.137 over 150 frames.
LOG (lattice-best-path[5.5.1182~1-e02e3]:main():lattice-best-path.cc:99) For utterance 095560170, best cost 90.0743 + -448.899 = -358.824 over 124 frames.
LOG (lattice-best-path[5.5.1182~1-e02e3]:main():lattice-best-path.cc:99) For utterance 096000002, best cost 158.607 + -541.188 = -382.581 over 216 frames.
LOG (lattice-best-path[5.5.1182~1-e02e3]:main():lattice-best-path.cc:99) For utterance 096000003, best cost 197.726 + -822.95 = -625.224 over 260 frames.
LOG (lattice-best-path[5.5.1182~1-e02e3]:main():lattice-best-path.cc:99) For utterance 096000004, best cost 166.49 + -590.335 = -423.845 over 216 frames.
LOG (lattice-best-path[5.5.1182~1-e02e3]:main():lattice-best-path.cc:99) For utterance 096000005, best cost 190.781 + -734.296 = -543.515 over 246 frames.
LOG (lattice-best-path[5.5.1182~1-e02e3]:main():lattice-best-path.cc:99) For utterance 096000006, best cost 190.128 + -582.124 = -391.996 over 248 frames.
LOG (lattice-best-path[5.5.1182~1-e02e3]:main():lattice-best-path.cc:99) For utterance 096000007, best cost 232.993 + -952.178 = -719.185 over 313 frames.
LOG (lattice-best-path[5.5.1182~1-e02e3]:main():lattice-best-path.cc:99) For utterance 096000008, best cost 197.87 + -689.704 = -491.833 over 257 frames.
LOG (lattice-best-path[5.5.1182~1-e02e3]:main():lattice-best-path.cc:99) For utterance 096000009, best cost 147.426 + -619.082 = -471.656 over 194 frames.
LOG (lattice-best-path[5.5.1182~1-e02e3]:main():lattice-best-path.cc:99) For utterance 096000010, best cost 177.735 + -700.292 = -522.556 over 239 frames.
LOG (lattice-best-path[5.5.1182~1-e02e3]:main():lattice-best-path.cc:99) For utterance 096000011, best cost 147.155 + -602.92 = -455.765 over 195 frames.
LOG (lattice-best-path[5.5.1182~1-e02e3]:main():lattice-best-path.cc:99) For utterance 096000012, best cost 184.625 + -652.09 = -467.465 over 235 frames.
LOG (lattice-best-path[5.5.1182~1-e02e3]:main():lattice-best-path.cc:99) For utterance 096000014, best cost 139.743 + -511.948 = -372.204 over 183 frames.
LOG (lattice-best-path[5.5.1182~1-e02e3]:main():lattice-best-path.cc:99) For utterance 096000015, best cost 212.528 + -878.392 = -665.865 over 275 frames.
LOG (lattice-best-path[5.5.1182~1-e02e3]:main():lattice-best-path.cc:99) For utterance 096000016, best cost 193.862 + -775.04 = -581.178 over 256 frames.
LOG (lattice-best-path[5.5.1182~1-e02e3]:main():lattice-best-path.cc:99) For utterance 096000017, best cost 205.734 + -842.284 = -636.55 over 266 frames.
LOG (lattice-best-path[5.5.1182~1-e02e3]:main():lattice-best-path.cc:99) For utterance 096000018, best cost 236.172 + -1036.44 = -800.273 over 308 frames.
LOG (lattice-best-path[5.5.1182~1-e02e3]:main():lattice-best-path.cc:99) For utterance 096000020, best cost 188.602 + -774.945 = -586.342 over 249 frames.
LOG (lattice-best-path[5.5.1182~1-e02e3]:main():lattice-best-path.cc:99) For utterance 096000021, best cost 229.405 + -938.151 = -708.745 over 303 frames.
LOG (lattice-best-path[5.5.1182~1-e02e3]:main():lattice-best-path.cc:99) For utterance 096000022, best cost 178.569 + -771.043 = -592.474 over 236 frames.
LOG (lattice-best-path[5.5.1182~1-e02e3]:main():lattice-best-path.cc:99) For utterance 096040001, best cost 158.263 + -472.005 = -313.742 over 205 frames.
LOG (lattice-best-path[5.5.1182~1-e02e3]:main():lattice-best-path.cc:99) For utterance 096040002, best cost 144.732 + -447.297 = -302.565 over 196 frames.
LOG (lattice-best-path[5.5.1182~1-e02e3]:main():lattice-best-path.cc:99) For utterance 096040004, best cost 66.2504 + -340.166 = -273.915 over 90 frames.
LOG (lattice-best-path[5.5.1182~1-e02e3]:main():lattice-best-path.cc:99) For utterance 096040005, best cost 178.97 + -623.371 = -444.401 over 227 frames.
LOG (lattice-best-path[5.5.1182~1-e02e3]:main():lattice-best-path.cc:99) For utterance 096040006, best cost 165.333 + -631.532 = -466.2 over 212 frames.
LOG (lattice-best-path[5.5.1182~1-e02e3]:main():lattice-best-path.cc:99) For utterance 096040007, best cost 151.379 + -570.605 = -419.226 over 193 frames.
LOG (lattice-best-path[5.5.1182~1-e02e3]:main():lattice-best-path.cc:99) For utterance 096040008, best cost 97.4017 + -362.435 = -265.034 over 132 frames.
LOG (lattice-best-path[5.5.1182~1-e02e3]:main():lattice-best-path.cc:99) For utterance 096040010, best cost 207.561 + -894.19 = -686.629 over 283 frames.
LOG (lattice-best-path[5.5.1182~1-e02e3]:main():lattice-best-path.cc:99) For utterance 096040011, best cost 200.665 + -809.292 = -608.627 over 262 frames.
LOG (lattice-best-path[5.5.1182~1-e02e3]:main():lattice-best-path.cc:99) For utterance 096040012, best cost 133.236 + -593.006 = -459.77 over 177 frames.
LOG (lattice-best-path[5.5.1182~1-e02e3]:main():lattice-best-path.cc:99) For utterance 096040014, best cost 188.586 + -705.968 = -517.382 over 258 frames.
LOG (lattice-best-path[5.5.1182~1-e02e3]:main():lattice-best-path.cc:99) For utterance 096040016, best cost 183.288 + -593.397 = -410.109 over 244 frames.
LOG (lattice-best-path[5.5.1182~1-e02e3]:main():lattice-best-path.cc:99) For utterance 096040018, best cost 178.297 + -670.577 = -492.281 over 236 frames.
LOG (lattice-best-path[5.5.1182~1-e02e3]:main():lattice-best-path.cc:99) For utterance 096040023, best cost 213.444 + -977.443 = -763.999 over 288 frames.
LOG (lattice-best-path[5.5.1182~1-e02e3]:main():lattice-best-path.cc:99) For utterance 096040024, best cost 138.259 + -453.728 = -315.47 over 185 frames.
LOG (lattice-best-path[5.5.1182~1-e02e3]:main():lattice-best-path.cc:99) For utterance 096040025, best cost 115.308 + -356.691 = -241.384 over 152 frames.
LOG (lattice-best-path[5.5.1182~1-e02e3]:main():lattice-best-path.cc:99) For utterance 096060001, best cost 141.065 + -571.669 = -430.604 over 187 frames.
LOG (lattice-best-path[5.5.1182~1-e02e3]:main():lattice-best-path.cc:99) For utterance 096060002, best cost 132.978 + -612.675 = -479.697 over 174 frames.
LOG (lattice-best-path[5.5.1182~1-e02e3]:main():lattice-best-path.cc:99) For utterance 096060003, best cost 136.761 + -560.888 = -424.128 over 180 frames.
LOG (lattice-best-path[5.5.1182~1-e02e3]:main():lattice-best-path.cc:99) For utterance 096060004, best cost 82.1715 + -344.522 = -262.351 over 112 frames.
LOG (lattice-best-path[5.5.1182~1-e02e3]:main():lattice-best-path.cc:99) For utterance 096060005, best cost 176.719 + -709.01 = -532.29 over 227 frames.
LOG (lattice-best-path[5.5.1182~1-e02e3]:main():lattice-best-path.cc:99) For utterance 096060006, best cost 258.685 + -1146.54 = -887.852 over 343 frames.
LOG (lattice-best-path[5.5.1182~1-e02e3]:main():lattice-best-path.cc:99) For utterance 096060007, best cost 101.538 + -442.678 = -341.14 over 141 frames.
LOG (lattice-best-path[5.5.1182~1-e02e3]:main():lattice-best-path.cc:99) For utterance 096060008, best cost 232.144 + -920.109 = -687.964 over 300 frames.
LOG (lattice-best-path[5.5.1182~1-e02e3]:main():lattice-best-path.cc:99) For utterance 096060010, best cost 193.708 + -863.259 = -669.551 over 257 frames.
LOG (lattice-best-path[5.5.1182~1-e02e3]:main():lattice-best-path.cc:99) For utterance 096060012, best cost 100.652 + -404.035 = -303.383 over 136 frames.
LOG (lattice-best-path[5.5.1182~1-e02e3]:main():lattice-best-path.cc:99) For utterance 096060013, best cost 143.566 + -712.307 = -568.741 over 185 frames.
LOG (lattice-best-path[5.5.1182~1-e02e3]:main():lattice-best-path.cc:99) For utterance 096060014, best cost 147.383 + -623.666 = -476.283 over 190 frames.
LOG (lattice-best-path[5.5.1182~1-e02e3]:main():lattice-best-path.cc:99) For utterance 096060015, best cost 155.473 + -707.136 = -551.663 over 206 frames.
LOG (lattice-best-path[5.5.1182~1-e02e3]:main():lattice-best-path.cc:99) For utterance 096060016, best cost 229.129 + -851.313 = -622.184 over 299 frames.
LOG (lattice-best-path[5.5.1182~1-e02e3]:main():lattice-best-path.cc:99) For utterance 096060017, best cost 187.093 + -678.384 = -491.291 over 248 frames.
LOG (lattice-best-path[5.5.1182~1-e02e3]:main():lattice-best-path.cc:99) For utterance 096060019, best cost 117.828 + -559.303 = -441.475 over 158 frames.
LOG (lattice-best-path[5.5.1182~1-e02e3]:main():lattice-best-path.cc:99) For utterance 096060020, best cost 157.419 + -787.19 = -629.77 over 210 frames.
LOG (lattice-best-path[5.5.1182~1-e02e3]:main():lattice-best-path.cc:99) For utterance 096060022, best cost 166.502 + -646.907 = -480.404 over 214 frames.
LOG (lattice-best-path[5.5.1182~1-e02e3]:main():lattice-best-path.cc:99) For utterance 096070003, best cost 142.772 + -621.332 = -478.561 over 202 frames.
LOG (lattice-best-path[5.5.1182~1-e02e3]:main():lattice-best-path.cc:99) For utterance 096070005, best cost 184.374 + -743.05 = -558.676 over 242 frames.
LOG (lattice-best-path[5.5.1182~1-e02e3]:main():lattice-best-path.cc:99) For utterance 096070006, best cost 109.241 + -455.853 = -346.612 over 136 frames.
LOG (lattice-best-path[5.5.1182~1-e02e3]:main():lattice-best-path.cc:99) For utterance 096070007, best cost 147.042 + -675.511 = -528.469 over 203 frames.
LOG (lattice-best-path[5.5.1182~1-e02e3]:main():lattice-best-path.cc:99) For utterance 096070008, best cost 147.21 + -544.951 = -397.741 over 197 frames.
LOG (lattice-best-path[5.5.1182~1-e02e3]:main():lattice-best-path.cc:99) For utterance 096070011, best cost 127.721 + -579.223 = -451.503 over 180 frames.
LOG (lattice-best-path[5.5.1182~1-e02e3]:main():lattice-best-path.cc:99) For utterance 096070012, best cost 90.4464 + -367.036 = -276.59 over 110 frames.
LOG (lattice-best-path[5.5.1182~1-e02e3]:main():lattice-best-path.cc:99) For utterance 096070013, best cost 203.132 + -850.705 = -647.574 over 273 frames.
LOG (lattice-best-path[5.5.1182~1-e02e3]:main():lattice-best-path.cc:99) For utterance 096070015, best cost 169.008 + -693.641 = -524.633 over 227 frames.
LOG (lattice-best-path[5.5.1182~1-e02e3]:main():lattice-best-path.cc:99) For utterance 096070016, best cost 129.055 + -457.589 = -328.534 over 166 frames.
LOG (lattice-best-path[5.5.1182~1-e02e3]:main():lattice-best-path.cc:99) For utterance 096070017, best cost 155.282 + -583.083 = -427.801 over 207 frames.
LOG (lattice-best-path[5.5.1182~1-e02e3]:main():lattice-best-path.cc:99) For utterance 096070018, best cost 151.657 + -579.72 = -428.063 over 197 frames.
LOG (lattice-best-path[5.5.1182~1-e02e3]:main():lattice-best-path.cc:99) For utterance 096070019, best cost 121.38 + -514.439 = -393.059 over 151 frames.
LOG (lattice-best-path[5.5.1182~1-e02e3]:main():lattice-best-path.cc:99) For utterance 096070020, best cost 191.261 + -790.286 = -599.025 over 247 frames.
LOG (lattice-best-path[5.5.1182~1-e02e3]:main():lattice-best-path.cc:99) For utterance 096070021, best cost 160.162 + -577.833 = -417.672 over 204 frames.
LOG (lattice-best-path[5.5.1182~1-e02e3]:main():lattice-best-path.cc:99) For utterance 096070022, best cost 151.312 + -637.078 = -485.767 over 191 frames.
LOG (lattice-best-path[5.5.1182~1-e02e3]:main():lattice-best-path.cc:99) For utterance 096070023, best cost 164.215 + -625.471 = -461.256 over 215 frames.
LOG (lattice-best-path[5.5.1182~1-e02e3]:main():lattice-best-path.cc:99) For utterance 096070024, best cost 165.394 + -768.61 = -603.215 over 217 frames.
LOG (lattice-best-path[5.5.1182~1-e02e3]:main():lattice-best-path.cc:99) For utterance 096090001, best cost 305.027 + -1175.22 = -870.19 over 398 frames.
LOG (lattice-best-path[5.5.1182~1-e02e3]:main():lattice-best-path.cc:99) For utterance 096090003, best cost 367.275 + -1445.33 = -1078.06 over 511 frames.
LOG (lattice-best-path[5.5.1182~1-e02e3]:main():lattice-best-path.cc:99) For utterance 096090005, best cost 240.962 + -849.234 = -608.272 over 322 frames.
LOG (lattice-best-path[5.5.1182~1-e02e3]:main():lattice-best-path.cc:99) For utterance 096090006, best cost 170.294 + -621.386 = -451.093 over 227 frames.
LOG (lattice-best-path[5.5.1182~1-e02e3]:main():lattice-best-path.cc:99) For utterance 096090007, best cost 297.571 + -1116.95 = -819.38 over 390 frames.
LOG (lattice-best-path[5.5.1182~1-e02e3]:main():lattice-best-path.cc:99) For utterance 096090008, best cost 288.789 + -1008.94 = -720.155 over 390 frames.
LOG (lattice-best-path[5.5.1182~1-e02e3]:main():lattice-best-path.cc:99) For utterance 096090010, best cost 310.217 + -1080.38 = -770.162 over 418 frames.
LOG (lattice-best-path[5.5.1182~1-e02e3]:main():lattice-best-path.cc:99) For utterance 096090011, best cost 267.62 + -1062.66 = -795.038 over 369 frames.
LOG (lattice-best-path[5.5.1182~1-e02e3]:main():lattice-best-path.cc:99) For utterance 096090014, best cost 207.33 + -719.395 = -512.065 over 280 frames.
LOG (lattice-best-path[5.5.1182~1-e02e3]:main():lattice-best-path.cc:99) For utterance 096090015, best cost 166.641 + -565.271 = -398.63 over 222 frames.
LOG (lattice-best-path[5.5.1182~1-e02e3]:main():lattice-best-path.cc:99) For utterance 096090017, best cost 353.154 + -1116.33 = -763.173 over 479 frames.
LOG (lattice-best-path[5.5.1182~1-e02e3]:main():lattice-best-path.cc:99) For utterance 096090018, best cost 171.113 + -626.863 = -455.75 over 231 frames.
LOG (lattice-best-path[5.5.1182~1-e02e3]:main():lattice-best-path.cc:99) For utterance 096090020, best cost 239.33 + -900.696 = -661.366 over 320 frames.
LOG (lattice-best-path[5.5.1182~1-e02e3]:main():lattice-best-path.cc:99) For utterance 096090021, best cost 293.376 + -1268.47 = -975.098 over 396 frames.
LOG (lattice-best-path[5.5.1182~1-e02e3]:main():lattice-best-path.cc:99) For utterance 096090023, best cost 290.03 + -1292.68 = -1002.65 over 380 frames.
LOG (lattice-best-path[5.5.1182~1-e02e3]:main():lattice-best-path.cc:99) For utterance 096090024, best cost 225.947 + -930.45 = -704.503 over 310 frames.
LOG (lattice-best-path[5.5.1182~1-e02e3]:main():lattice-best-path.cc:99) For utterance 096090025, best cost 219.522 + -885.335 = -665.813 over 284 frames.
LOG (lattice-best-path[5.5.1182~1-e02e3]:main():lattice-best-path.cc:99) For utterance 096090026, best cost 136.486 + -576.657 = -440.172 over 169 frames.
LOG (lattice-best-path[5.5.1182~1-e02e3]:main():lattice-best-path.cc:99) For utterance 096110001, best cost 129.692 + -406.12 = -276.428 over 172 frames.
LOG (lattice-best-path[5.5.1182~1-e02e3]:main():lattice-best-path.cc:99) For utterance 096110002, best cost 135.913 + -458.272 = -322.358 over 173 frames.
LOG (lattice-best-path[5.5.1182~1-e02e3]:main():lattice-best-path.cc:99) For utterance 096110003, best cost 93.8641 + -372.817 = -278.953 over 125 frames.
LOG (lattice-best-path[5.5.1182~1-e02e3]:main():lattice-best-path.cc:99) For utterance 096110004, best cost 70.0435 + -298.741 = -228.698 over 99 frames.
LOG (lattice-best-path[5.5.1182~1-e02e3]:main():lattice-best-path.cc:99) For utterance 096110005, best cost 130.62 + -443.193 = -312.572 over 174 frames.
LOG (lattice-best-path[5.5.1182~1-e02e3]:main():lattice-best-path.cc:99) For utterance 096110006, best cost 152.178 + -667.505 = -515.328 over 199 frames.
LOG (lattice-best-path[5.5.1182~1-e02e3]:main():lattice-best-path.cc:99) For utterance 096110008, best cost 83.787 + -381.731 = -297.944 over 111 frames.
LOG (lattice-best-path[5.5.1182~1-e02e3]:main():lattice-best-path.cc:99) For utterance 096110009, best cost 102.053 + -475.526 = -373.473 over 133 frames.
LOG (lattice-best-path[5.5.1182~1-e02e3]:main():lattice-best-path.cc:99) For utterance 096110012, best cost 128.702 + -540.659 = -411.957 over 175 frames.
LOG (lattice-best-path[5.5.1182~1-e02e3]:main():lattice-best-path.cc:99) For utterance 096110013, best cost 73.121 + -314.451 = -241.33 over 97 frames.
LOG (lattice-best-path[5.5.1182~1-e02e3]:main():lattice-best-path.cc:99) For utterance 096110014, best cost 109.371 + -507.473 = -398.101 over 151 frames.
LOG (lattice-best-path[5.5.1182~1-e02e3]:main():lattice-best-path.cc:99) For utterance 096110015, best cost 142.01 + -646.115 = -504.105 over 189 frames.
LOG (lattice-best-path[5.5.1182~1-e02e3]:main():lattice-best-path.cc:99) For utterance 096110016, best cost 148.57 + -457.31 = -308.741 over 197 frames.
LOG (lattice-best-path[5.5.1182~1-e02e3]:main():lattice-best-path.cc:99) For utterance 096110018, best cost 91.4249 + -370.812 = -279.387 over 119 frames.
LOG (lattice-best-path[5.5.1182~1-e02e3]:main():lattice-best-path.cc:99) For utterance 096110019, best cost 119.727 + -426.887 = -307.16 over 165 frames.
LOG (lattice-best-path[5.5.1182~1-e02e3]:main():lattice-best-path.cc:99) For utterance 096110022, best cost 106.274 + -355.381 = -249.107 over 145 frames.
LOG (lattice-best-path[5.5.1182~1-e02e3]:main():lattice-best-path.cc:99) For utterance 096110023, best cost 127.022 + -496.95 = -369.927 over 171 frames.
LOG (lattice-best-path[5.5.1182~1-e02e3]:main():lattice-best-path.cc:99) For utterance 096130002, best cost 119.159 + -398.026 = -278.868 over 154 frames.
LOG (lattice-best-path[5.5.1182~1-e02e3]:main():lattice-best-path.cc:99) For utterance 096130003, best cost 112.709 + -389.739 = -277.03 over 157 frames.
LOG (lattice-best-path[5.5.1182~1-e02e3]:main():lattice-best-path.cc:99) For utterance 096130004, best cost 105.475 + -371.881 = -266.406 over 141 frames.
LOG (lattice-best-path[5.5.1182~1-e02e3]:main():lattice-best-path.cc:99) For utterance 096130005, best cost 157.953 + -442.207 = -284.254 over 210 frames.
LOG (lattice-best-path[5.5.1182~1-e02e3]:main():lattice-best-path.cc:99) For utterance 096130006, best cost 73.477 + -324.344 = -250.867 over 99 frames.
LOG (lattice-best-path[5.5.1182~1-e02e3]:main():lattice-best-path.cc:99) For utterance 096130007, best cost 103.745 + -344.589 = -240.844 over 146 frames.
LOG (lattice-best-path[5.5.1182~1-e02e3]:main():lattice-best-path.cc:99) For utterance 096130008, best cost 87.7635 + -300.686 = -212.923 over 125 frames.
LOG (lattice-best-path[5.5.1182~1-e02e3]:main():lattice-best-path.cc:99) For utterance 096130009, best cost 141.013 + -425.051 = -284.038 over 185 frames.
LOG (lattice-best-path[5.5.1182~1-e02e3]:main():lattice-best-path.cc:99) For utterance 096130010, best cost 111.021 + -400.428 = -289.407 over 144 frames.
LOG (lattice-best-path[5.5.1182~1-e02e3]:main():lattice-best-path.cc:99) For utterance 096130011, best cost 97.8794 + -406.127 = -308.247 over 131 frames.
LOG (lattice-best-path[5.5.1182~1-e02e3]:main():lattice-best-path.cc:99) For utterance 096130012, best cost 91.1335 + -312.691 = -221.558 over 121 frames.
LOG (lattice-best-path[5.5.1182~1-e02e3]:main():lattice-best-path.cc:99) For utterance 096130013, best cost 126.787 + -407.617 = -280.829 over 169 frames.
LOG (lattice-best-path[5.5.1182~1-e02e3]:main():lattice-best-path.cc:99) For utterance 096130014, best cost 177.671 + -513.501 = -335.83 over 233 frames.
LOG (lattice-best-path[5.5.1182~1-e02e3]:main():lattice-best-path.cc:99) For utterance 096130016, best cost 112.537 + -387.086 = -274.549 over 149 frames.
LOG (lattice-best-path[5.5.1182~1-e02e3]:main():lattice-best-path.cc:99) For utterance 096130017, best cost 108.071 + -375.905 = -267.834 over 145 frames.
LOG (lattice-best-path[5.5.1182~1-e02e3]:main():lattice-best-path.cc:99) For utterance 096130018, best cost 116.614 + -384.654 = -268.04 over 160 frames.
LOG (lattice-best-path[5.5.1182~1-e02e3]:main():lattice-best-path.cc:99) For utterance 096130019, best cost 85.1262 + -303.376 = -218.25 over 114 frames.
LOG (lattice-best-path[5.5.1182~1-e02e3]:main():lattice-best-path.cc:99) For utterance 096130020, best cost 113.506 + -352.927 = -239.422 over 149 frames.
LOG (lattice-best-path[5.5.1182~1-e02e3]:main():lattice-best-path.cc:99) For utterance 096130021, best cost 77.7811 + -297.546 = -219.765 over 111 frames.
LOG (lattice-best-path[5.5.1182~1-e02e3]:main():lattice-best-path.cc:99) For utterance 096140002, best cost 139.009 + -525.088 = -386.079 over 187 frames.
LOG (lattice-best-path[5.5.1182~1-e02e3]:main():lattice-best-path.cc:99) For utterance 096140003, best cost 253.345 + -1155.72 = -902.371 over 338 frames.
LOG (lattice-best-path[5.5.1182~1-e02e3]:main():lattice-best-path.cc:99) For utterance 096140004, best cost 227.96 + -882.756 = -654.797 over 310 frames.
LOG (lattice-best-path[5.5.1182~1-e02e3]:main():lattice-best-path.cc:99) For utterance 096140005, best cost 144.981 + -540.471 = -395.49 over 197 frames.
LOG (lattice-best-path[5.5.1182~1-e02e3]:main():lattice-best-path.cc:99) For utterance 096140006, best cost 161.536 + -587.74 = -426.204 over 219 frames.
LOG (lattice-best-path[5.5.1182~1-e02e3]:main():lattice-best-path.cc:99) For utterance 096140007, best cost 221.415 + -896.924 = -675.509 over 294 frames.
LOG (lattice-best-path[5.5.1182~1-e02e3]:main():lattice-best-path.cc:99) For utterance 096140008, best cost 163.823 + -757.587 = -593.764 over 215 frames.
LOG (lattice-best-path[5.5.1182~1-e02e3]:main():lattice-best-path.cc:99) For utterance 096140009, best cost 168.659 + -979.74 = -811.081 over 230 frames.
LOG (lattice-best-path[5.5.1182~1-e02e3]:main():lattice-best-path.cc:99) For utterance 096140010, best cost 133.14 + -516.534 = -383.394 over 172 frames.
LOG (lattice-best-path[5.5.1182~1-e02e3]:main():lattice-best-path.cc:99) For utterance 096140011, best cost 215.83 + -993.398 = -777.568 over 276 frames.
LOG (lattice-best-path[5.5.1182~1-e02e3]:main():lattice-best-path.cc:99) For utterance 096140012, best cost 231.332 + -995.731 = -764.399 over 315 frames.
LOG (lattice-best-path[5.5.1182~1-e02e3]:main():lattice-best-path.cc:99) For utterance 096140014, best cost 158.558 + -693.229 = -534.672 over 212 frames.
LOG (lattice-best-path[5.5.1182~1-e02e3]:main():lattice-best-path.cc:99) For utterance 096140015, best cost 214.083 + -883.751 = -669.667 over 288 frames.
LOG (lattice-best-path[5.5.1182~1-e02e3]:main():lattice-best-path.cc:99) For utterance 096140016, best cost 251.97 + -993.34 = -741.369 over 337 frames.
LOG (lattice-best-path[5.5.1182~1-e02e3]:main():lattice-best-path.cc:99) For utterance 096140017, best cost 201.385 + -841.928 = -640.542 over 278 frames.
LOG (lattice-best-path[5.5.1182~1-e02e3]:main():lattice-best-path.cc:99) For utterance 096140018, best cost 186.857 + -858.379 = -671.522 over 256 frames.
LOG (lattice-best-path[5.5.1182~1-e02e3]:main():lattice-best-path.cc:99) For utterance 096140019, best cost 134.95 + -556.436 = -421.486 over 178 frames.
LOG (lattice-best-path[5.5.1182~1-e02e3]:main():lattice-best-path.cc:99) For utterance 096140020, best cost 183.67 + -787.458 = -603.788 over 243 frames.
LOG (lattice-best-path[5.5.1182~1-e02e3]:main():lattice-best-path.cc:99) For utterance 096140021, best cost 121.139 + -516.168 = -395.029 over 167 frames.
LOG (lattice-best-path[5.5.1182~1-e02e3]:main():lattice-best-path.cc:99) For utterance 096140022, best cost 204.266 + -762.966 = -558.7 over 276 frames.
LOG (lattice-best-path[5.5.1182~1-e02e3]:main():lattice-best-path.cc:99) For utterance 096150003, best cost 188.041 + -585.827 = -397.786 over 264 frames.
LOG (lattice-best-path[5.5.1182~1-e02e3]:main():lattice-best-path.cc:99) For utterance 096150005, best cost 347.835 + -984.427 = -636.592 over 482 frames.
LOG (lattice-best-path[5.5.1182~1-e02e3]:main():lattice-best-path.cc:99) For utterance 096150006, best cost 330.442 + -1235.86 = -905.417 over 448 frames.
LOG (lattice-best-path[5.5.1182~1-e02e3]:main():lattice-best-path.cc:99) For utterance 096150007, best cost 310.594 + -1017.76 = -707.17 over 417 frames.
LOG (lattice-best-path[5.5.1182~1-e02e3]:main():lattice-best-path.cc:99) For utterance 096150009, best cost 199.945 + -658.947 = -459.002 over 270 frames.
LOG (lattice-best-path[5.5.1182~1-e02e3]:main():lattice-best-path.cc:99) For utterance 096150010, best cost 271.099 + -798.655 = -527.556 over 366 frames.
LOG (lattice-best-path[5.5.1182~1-e02e3]:main():lattice-best-path.cc:99) For utterance 096150011, best cost 288.705 + -828.262 = -539.556 over 391 frames.
LOG (lattice-best-path[5.5.1182~1-e02e3]:main():lattice-best-path.cc:99) For utterance 096150012, best cost 301.033 + -875.851 = -574.817 over 409 frames.
LOG (lattice-best-path[5.5.1182~1-e02e3]:main():lattice-best-path.cc:99) For utterance 096150013, best cost 235.224 + -933.215 = -697.991 over 322 frames.
LOG (lattice-best-path[5.5.1182~1-e02e3]:main():lattice-best-path.cc:99) For utterance 096150016, best cost 188.663 + -562.261 = -373.598 over 253 frames.
LOG (lattice-best-path[5.5.1182~1-e02e3]:main():lattice-best-path.cc:99) For utterance 096150017, best cost 227.739 + -806.559 = -578.82 over 309 frames.
LOG (lattice-best-path[5.5.1182~1-e02e3]:main():lattice-best-path.cc:99) For utterance 096150018, best cost 212.571 + -744.707 = -532.135 over 291 frames.
LOG (lattice-best-path[5.5.1182~1-e02e3]:main():lattice-best-path.cc:99) For utterance 096150019, best cost 225.813 + -817.315 = -591.502 over 302 frames.
LOG (lattice-best-path[5.5.1182~1-e02e3]:main():lattice-best-path.cc:99) For utterance 096150024, best cost 290.093 + -838.306 = -548.212 over 403 frames.
LOG (lattice-best-path[5.5.1182~1-e02e3]:main():lattice-best-path.cc:99) For utterance 096150025, best cost 330.262 + -962.577 = -632.314 over 443 frames.
LOG (lattice-best-path[5.5.1182~1-e02e3]:main():lattice-best-path.cc:99) For utterance 096150026, best cost 365.159 + -1206.34 = -841.186 over 495 frames.
LOG (lattice-best-path[5.5.1182~1-e02e3]:main():lattice-best-path.cc:99) For utterance 096150027, best cost 155.244 + -508.7 = -353.456 over 217 frames.
LOG (lattice-best-path[5.5.1182~1-e02e3]:main():lattice-best-path.cc:99) For utterance 096150028, best cost 182.867 + -696.437 = -513.57 over 250 frames.
LOG (lattice-best-path[5.5.1182~1-e02e3]:main():lattice-best-path.cc:124) Overall cost per frame is -2.26554 = 0.745219 [graph] + -3.01076 [acoustic] over 46783 frames.
LOG (lattice-best-path[5.5.1182~1-e02e3]:main():lattice-best-path.cc:128) Done 233 lattices, failed for 0
# Accounting: time=1 threads=1
# Ended (code 0) at Thu Oct 23 10:38:39 IST 2025, elapsed time 1 seconds
