# lattice-best-path --acoustic-scale=1.0 "ark:gunzip -c tune/align_lats_speechocean762/lat.6.gz |" ark:/dev/null "ark:|gzip -c >tune/align_lats_speechocean762/ali.6.gz" 
# Started at Thu Oct 23 10:38:38 IST 2025
#
lattice-best-path --acoustic-scale=1.0 'ark:gunzip -c tune/align_lats_speechocean762/lat.6.gz |' ark:/dev/null 'ark:|gzip -c >tune/align_lats_speechocean762/ali.6.gz' 
LOG (lattice-best-path[5.5.1182~1-e02e3]:main():lattice-best-path.cc:99) For utterance 024270011, best cost 112.749 + -640.459 = -527.71 over 155 frames.
LOG (lattice-best-path[5.5.1182~1-e02e3]:main():lattice-best-path.cc:99) For utterance 024270019, best cost 82.0447 + -502.328 = -420.283 over 116 frames.
LOG (lattice-best-path[5.5.1182~1-e02e3]:main():lattice-best-path.cc:99) For utterance 024270028, best cost 131.721 + -694.772 = -563.051 over 184 frames.
LOG (lattice-best-path[5.5.1182~1-e02e3]:main():lattice-best-path.cc:99) For utterance 024270051, best cost 96.6471 + -553.397 = -456.75 over 135 frames.
LOG (lattice-best-path[5.5.1182~1-e02e3]:main():lattice-best-path.cc:99) For utterance 024270053, best cost 77.9538 + -458.594 = -380.641 over 112 frames.
LOG (lattice-best-path[5.5.1182~1-e02e3]:main():lattice-best-path.cc:99) For utterance 024270057, best cost 88.7594 + -531.035 = -442.275 over 126 frames.
LOG (lattice-best-path[5.5.1182~1-e02e3]:main():lattice-best-path.cc:99) For utterance 024270077, best cost 65.9898 + -392.67 = -326.68 over 94 frames.
LOG (lattice-best-path[5.5.1182~1-e02e3]:main():lattice-best-path.cc:99) For utterance 024270155, best cost 70.4621 + -394.08 = -323.618 over 96 frames.
LOG (lattice-best-path[5.5.1182~1-e02e3]:main():lattice-best-path.cc:99) For utterance 024270168, best cost 58.5978 + -375.914 = -317.316 over 82 frames.
LOG (lattice-best-path[5.5.1182~1-e02e3]:main():lattice-best-path.cc:99) For utterance 024270176, best cost 67.6275 + -403.01 = -335.382 over 94 frames.
LOG (lattice-best-path[5.5.1182~1-e02e3]:main():lattice-best-path.cc:99) For utterance 024270178, best cost 69.3246 + -420.809 = -351.484 over 95 frames.
LOG (lattice-best-path[5.5.1182~1-e02e3]:main():lattice-best-path.cc:99) For utterance 024270183, best cost 71.5965 + -460.803 = -389.206 over 102 frames.
LOG (lattice-best-path[5.5.1182~1-e02e3]:main():lattice-best-path.cc:99) For utterance 024270197, best cost 92.2901 + -548.204 = -455.914 over 124 frames.
LOG (lattice-best-path[5.5.1182~1-e02e3]:main():lattice-best-path.cc:99) For utterance 024270206, best cost 81.6645 + -481.704 = -400.04 over 113 frames.
LOG (lattice-best-path[5.5.1182~1-e02e3]:main():lattice-best-path.cc:99) For utterance 024270245, best cost 83.9527 + -459.736 = -375.783 over 117 frames.
LOG (lattice-best-path[5.5.1182~1-e02e3]:main():lattice-best-path.cc:99) For utterance 024270292, best cost 70.754 + -444.373 = -373.619 over 101 frames.
LOG (lattice-best-path[5.5.1182~1-e02e3]:main():lattice-best-path.cc:99) For utterance 024270313, best cost 47.0715 + -325.989 = -278.917 over 68 frames.
LOG (lattice-best-path[5.5.1182~1-e02e3]:main():lattice-best-path.cc:99) For utterance 024270336, best cost 58.1215 + -387.198 = -329.077 over 81 frames.
LOG (lattice-best-path[5.5.1182~1-e02e3]:main():lattice-best-path.cc:99) For utterance 024300001, best cost 78.8864 + -410.949 = -332.063 over 112 frames.
LOG (lattice-best-path[5.5.1182~1-e02e3]:main():lattice-best-path.cc:99) For utterance 024300052, best cost 114.813 + -600.659 = -485.847 over 156 frames.
LOG (lattice-best-path[5.5.1182~1-e02e3]:main():lattice-best-path.cc:99) For utterance 024300061, best cost 53.2561 + -325.453 = -272.197 over 77 frames.
LOG (lattice-best-path[5.5.1182~1-e02e3]:main():lattice-best-path.cc:99) For utterance 024300063, best cost 71.0979 + -399.082 = -327.984 over 100 frames.
LOG (lattice-best-path[5.5.1182~1-e02e3]:main():lattice-best-path.cc:99) For utterance 024300065, best cost 85.1146 + -441.805 = -356.69 over 118 frames.
LOG (lattice-best-path[5.5.1182~1-e02e3]:main():lattice-best-path.cc:99) For utterance 024300068, best cost 155.28 + -729.053 = -573.773 over 209 frames.
LOG (lattice-best-path[5.5.1182~1-e02e3]:main():lattice-best-path.cc:99) For utterance 024300080, best cost 51.5573 + -313.658 = -262.1 over 75 frames.
LOG (lattice-best-path[5.5.1182~1-e02e3]:main():lattice-best-path.cc:99) For utterance 024300082, best cost 132.108 + -704.51 = -572.403 over 182 frames.
LOG (lattice-best-path[5.5.1182~1-e02e3]:main():lattice-best-path.cc:99) For utterance 024300093, best cost 94.2341 + -554.928 = -460.694 over 130 frames.
LOG (lattice-best-path[5.5.1182~1-e02e3]:main():lattice-best-path.cc:99) For utterance 024300099, best cost 101.689 + -561.677 = -459.988 over 141 frames.
LOG (lattice-best-path[5.5.1182~1-e02e3]:main():lattice-best-path.cc:99) For utterance 024300118, best cost 83.4275 + -488.16 = -404.732 over 116 frames.
LOG (lattice-best-path[5.5.1182~1-e02e3]:main():lattice-best-path.cc:99) For utterance 024300131, best cost 73.3854 + -407.827 = -334.442 over 103 frames.
LOG (lattice-best-path[5.5.1182~1-e02e3]:main():lattice-best-path.cc:99) For utterance 024300135, best cost 99.5336 + -539.046 = -439.512 over 141 frames.
LOG (lattice-best-path[5.5.1182~1-e02e3]:main():lattice-best-path.cc:99) For utterance 024300189, best cost 78.7534 + -382.454 = -303.7 over 108 frames.
LOG (lattice-best-path[5.5.1182~1-e02e3]:main():lattice-best-path.cc:99) For utterance 024300221, best cost 78.6299 + -456.039 = -377.409 over 106 frames.
LOG (lattice-best-path[5.5.1182~1-e02e3]:main():lattice-best-path.cc:99) For utterance 024300270, best cost 65.4368 + -399.028 = -333.591 over 91 frames.
LOG (lattice-best-path[5.5.1182~1-e02e3]:main():lattice-best-path.cc:99) For utterance 024300330, best cost 79.8501 + -469.556 = -389.706 over 113 frames.
LOG (lattice-best-path[5.5.1182~1-e02e3]:main():lattice-best-path.cc:99) For utterance 024300345, best cost 80.2793 + -448.154 = -367.875 over 115 frames.
LOG (lattice-best-path[5.5.1182~1-e02e3]:main():lattice-best-path.cc:99) For utterance 024300360, best cost 82.7476 + -447.927 = -365.179 over 117 frames.
LOG (lattice-best-path[5.5.1182~1-e02e3]:main():lattice-best-path.cc:99) For utterance 024500006, best cost 64.3178 + -335.805 = -271.487 over 90 frames.
LOG (lattice-best-path[5.5.1182~1-e02e3]:main():lattice-best-path.cc:99) For utterance 024500021, best cost 111.706 + -678.262 = -566.555 over 155 frames.
LOG (lattice-best-path[5.5.1182~1-e02e3]:main():lattice-best-path.cc:99) For utterance 024500033, best cost 98.9721 + -521.794 = -422.822 over 127 frames.
LOG (lattice-best-path[5.5.1182~1-e02e3]:main():lattice-best-path.cc:99) For utterance 024500095, best cost 102.282 + -560.178 = -457.896 over 140 frames.
LOG (lattice-best-path[5.5.1182~1-e02e3]:main():lattice-best-path.cc:99) For utterance 024500126, best cost 54.5977 + -361.207 = -306.609 over 78 frames.
LOG (lattice-best-path[5.5.1182~1-e02e3]:main():lattice-best-path.cc:99) For utterance 024500141, best cost 79.362 + -488.929 = -409.567 over 112 frames.
LOG (lattice-best-path[5.5.1182~1-e02e3]:main():lattice-best-path.cc:99) For utterance 024500147, best cost 75.9892 + -481.347 = -405.358 over 106 frames.
LOG (lattice-best-path[5.5.1182~1-e02e3]:main():lattice-best-path.cc:99) For utterance 024500151, best cost 72.6157 + -442.035 = -369.419 over 99 frames.
LOG (lattice-best-path[5.5.1182~1-e02e3]:main():lattice-best-path.cc:99) For utterance 024500156, best cost 73.0065 + -471.122 = -398.116 over 103 frames.
LOG (lattice-best-path[5.5.1182~1-e02e3]:main():lattice-best-path.cc:99) For utterance 024500164, best cost 74.1186 + -471.373 = -397.254 over 104 frames.
LOG (lattice-best-path[5.5.1182~1-e02e3]:main():lattice-best-path.cc:99) For utterance 024500228, best cost 84.706 + -541.424 = -456.718 over 120 frames.
LOG (lattice-best-path[5.5.1182~1-e02e3]:main():lattice-best-path.cc:99) For utterance 024500250, best cost 76.473 + -450.478 = -374.005 over 109 frames.
LOG (lattice-best-path[5.5.1182~1-e02e3]:main():lattice-best-path.cc:99) For utterance 024500268, best cost 110.551 + -655.008 = -544.456 over 149 frames.
LOG (lattice-best-path[5.5.1182~1-e02e3]:main():lattice-best-path.cc:99) For utterance 024500284, best cost 98.8277 + -568.98 = -470.152 over 140 frames.
LOG (lattice-best-path[5.5.1182~1-e02e3]:main():lattice-best-path.cc:99) For utterance 024500317, best cost 87.2002 + -444.976 = -357.776 over 115 frames.
LOG (lattice-best-path[5.5.1182~1-e02e3]:main():lattice-best-path.cc:99) For utterance 024500327, best cost 65.3414 + -404.29 = -338.948 over 94 frames.
LOG (lattice-best-path[5.5.1182~1-e02e3]:main():lattice-best-path.cc:99) For utterance 024500333, best cost 65.0315 + -399.55 = -334.518 over 91 frames.
LOG (lattice-best-path[5.5.1182~1-e02e3]:main():lattice-best-path.cc:99) For utterance 024500350, best cost 77.4232 + -359.397 = -281.974 over 109 frames.
LOG (lattice-best-path[5.5.1182~1-e02e3]:main():lattice-best-path.cc:99) For utterance 026210005, best cost 76.2627 + -411.528 = -335.265 over 106 frames.
LOG (lattice-best-path[5.5.1182~1-e02e3]:main():lattice-best-path.cc:99) For utterance 026210047, best cost 93.0986 + -548.096 = -454.998 over 129 frames.
LOG (lattice-best-path[5.5.1182~1-e02e3]:main():lattice-best-path.cc:99) For utterance 026210096, best cost 69.4421 + -444.824 = -375.382 over 98 frames.
LOG (lattice-best-path[5.5.1182~1-e02e3]:main():lattice-best-path.cc:99) For utterance 026210123, best cost 78.7951 + -462.682 = -383.887 over 114 frames.
LOG (lattice-best-path[5.5.1182~1-e02e3]:main():lattice-best-path.cc:99) For utterance 026210132, best cost 82.2536 + -460.209 = -377.955 over 112 frames.
LOG (lattice-best-path[5.5.1182~1-e02e3]:main():lattice-best-path.cc:99) For utterance 026210136, best cost 64.9441 + -390.939 = -325.995 over 93 frames.
LOG (lattice-best-path[5.5.1182~1-e02e3]:main():lattice-best-path.cc:99) For utterance 026210141, best cost 75.0621 + -393.63 = -318.567 over 103 frames.
LOG (lattice-best-path[5.5.1182~1-e02e3]:main():lattice-best-path.cc:99) For utterance 026210157, best cost 91.0551 + -503.306 = -412.251 over 127 frames.
LOG (lattice-best-path[5.5.1182~1-e02e3]:main():lattice-best-path.cc:99) For utterance 026210177, best cost 87.4637 + -504.548 = -417.084 over 116 frames.
LOG (lattice-best-path[5.5.1182~1-e02e3]:main():lattice-best-path.cc:99) For utterance 026210203, best cost 75.2332 + -456.415 = -381.182 over 102 frames.
LOG (lattice-best-path[5.5.1182~1-e02e3]:main():lattice-best-path.cc:99) For utterance 026210213, best cost 63.2123 + -373.93 = -310.717 over 90 frames.
LOG (lattice-best-path[5.5.1182~1-e02e3]:main():lattice-best-path.cc:99) For utterance 026210220, best cost 84.2347 + -500.453 = -416.218 over 118 frames.
LOG (lattice-best-path[5.5.1182~1-e02e3]:main():lattice-best-path.cc:99) For utterance 026210231, best cost 65.0694 + -415.374 = -350.304 over 92 frames.
LOG (lattice-best-path[5.5.1182~1-e02e3]:main():lattice-best-path.cc:99) For utterance 026210262, best cost 71.1284 + -413.111 = -341.982 over 99 frames.
LOG (lattice-best-path[5.5.1182~1-e02e3]:main():lattice-best-path.cc:99) For utterance 026210287, best cost 77.7903 + -476.03 = -398.24 over 109 frames.
LOG (lattice-best-path[5.5.1182~1-e02e3]:main():lattice-best-path.cc:99) For utterance 026210299, best cost 74.3014 + -475.477 = -401.176 over 103 frames.
LOG (lattice-best-path[5.5.1182~1-e02e3]:main():lattice-best-path.cc:99) For utterance 026210302, best cost 55.6448 + -376.731 = -321.086 over 77 frames.
LOG (lattice-best-path[5.5.1182~1-e02e3]:main():lattice-best-path.cc:99) For utterance 027990028, best cost 99.5447 + -498.796 = -399.251 over 139 frames.
LOG (lattice-best-path[5.5.1182~1-e02e3]:main():lattice-best-path.cc:99) For utterance 027990046, best cost 59.2761 + -323.349 = -264.073 over 84 frames.
LOG (lattice-best-path[5.5.1182~1-e02e3]:main():lattice-best-path.cc:99) For utterance 027990056, best cost 86.4374 + -449.711 = -363.273 over 120 frames.
LOG (lattice-best-path[5.5.1182~1-e02e3]:main():lattice-best-path.cc:99) For utterance 027990066, best cost 72.4872 + -419.034 = -346.547 over 102 frames.
LOG (lattice-best-path[5.5.1182~1-e02e3]:main():lattice-best-path.cc:99) For utterance 027990156, best cost 83.815 + -477.365 = -393.55 over 117 frames.
LOG (lattice-best-path[5.5.1182~1-e02e3]:main():lattice-best-path.cc:99) For utterance 027990160, best cost 68.8038 + -413.499 = -344.695 over 96 frames.
LOG (lattice-best-path[5.5.1182~1-e02e3]:main():lattice-best-path.cc:99) For utterance 027990167, best cost 80.4698 + -479.6 = -399.13 over 110 frames.
LOG (lattice-best-path[5.5.1182~1-e02e3]:main():lattice-best-path.cc:99) For utterance 027990201, best cost 80.2092 + -475.702 = -395.493 over 114 frames.
LOG (lattice-best-path[5.5.1182~1-e02e3]:main():lattice-best-path.cc:99) For utterance 027990232, best cost 69.3046 + -400.206 = -330.902 over 97 frames.
LOG (lattice-best-path[5.5.1182~1-e02e3]:main():lattice-best-path.cc:99) For utterance 027990247, best cost 83.9727 + -475.337 = -391.364 over 115 frames.
LOG (lattice-best-path[5.5.1182~1-e02e3]:main():lattice-best-path.cc:99) For utterance 027990264, best cost 76.7615 + -437.434 = -360.672 over 107 frames.
LOG (lattice-best-path[5.5.1182~1-e02e3]:main():lattice-best-path.cc:99) For utterance 027990309, best cost 56.7352 + -363.8 = -307.064 over 79 frames.
LOG (lattice-best-path[5.5.1182~1-e02e3]:main():lattice-best-path.cc:99) For utterance 027990328, best cost 83.1354 + -456.354 = -373.218 over 112 frames.
LOG (lattice-best-path[5.5.1182~1-e02e3]:main():lattice-best-path.cc:99) For utterance 027990330, best cost 77.2622 + -466.522 = -389.26 over 108 frames.
LOG (lattice-best-path[5.5.1182~1-e02e3]:main():lattice-best-path.cc:99) For utterance 027990341, best cost 72.5238 + -390.423 = -317.899 over 104 frames.
LOG (lattice-best-path[5.5.1182~1-e02e3]:main():lattice-best-path.cc:99) For utterance 027990358, best cost 78.0378 + -470.679 = -392.641 over 112 frames.
LOG (lattice-best-path[5.5.1182~1-e02e3]:main():lattice-best-path.cc:99) For utterance 029810020, best cost 63.5151 + -367.065 = -303.55 over 90 frames.
LOG (lattice-best-path[5.5.1182~1-e02e3]:main():lattice-best-path.cc:99) For utterance 029810027, best cost 97.7981 + -537.85 = -440.052 over 137 frames.
LOG (lattice-best-path[5.5.1182~1-e02e3]:main():lattice-best-path.cc:99) For utterance 029810139, best cost 73.3866 + -380.069 = -306.682 over 97 frames.
LOG (lattice-best-path[5.5.1182~1-e02e3]:main():lattice-best-path.cc:99) For utterance 029810147, best cost 54.3965 + -352.191 = -297.795 over 78 frames.
LOG (lattice-best-path[5.5.1182~1-e02e3]:main():lattice-best-path.cc:99) For utterance 029810158, best cost 58.0842 + -370.67 = -312.586 over 82 frames.
LOG (lattice-best-path[5.5.1182~1-e02e3]:main():lattice-best-path.cc:99) For utterance 029810204, best cost 65.4038 + -361.763 = -296.359 over 90 frames.
LOG (lattice-best-path[5.5.1182~1-e02e3]:main():lattice-best-path.cc:99) For utterance 029810216, best cost 52.9272 + -342.338 = -289.411 over 76 frames.
LOG (lattice-best-path[5.5.1182~1-e02e3]:main():lattice-best-path.cc:99) For utterance 029810221, best cost 73.462 + -384.658 = -311.196 over 101 frames.
LOG (lattice-best-path[5.5.1182~1-e02e3]:main():lattice-best-path.cc:99) For utterance 029810234, best cost 83.6445 + -498.814 = -415.169 over 120 frames.
LOG (lattice-best-path[5.5.1182~1-e02e3]:main():lattice-best-path.cc:99) For utterance 029810235, best cost 109.129 + -528.725 = -419.597 over 148 frames.
LOG (lattice-best-path[5.5.1182~1-e02e3]:main():lattice-best-path.cc:99) For utterance 029810243, best cost 78.3104 + -455.938 = -377.628 over 111 frames.
LOG (lattice-best-path[5.5.1182~1-e02e3]:main():lattice-best-path.cc:99) For utterance 029810283, best cost 55.1762 + -345.534 = -290.358 over 81 frames.
LOG (lattice-best-path[5.5.1182~1-e02e3]:main():lattice-best-path.cc:99) For utterance 029810294, best cost 95.7796 + -633.844 = -538.064 over 132 frames.
LOG (lattice-best-path[5.5.1182~1-e02e3]:main():lattice-best-path.cc:99) For utterance 029810301, best cost 61.4898 + -398.163 = -336.673 over 85 frames.
LOG (lattice-best-path[5.5.1182~1-e02e3]:main():lattice-best-path.cc:99) For utterance 029810315, best cost 69.8673 + -402.516 = -332.648 over 96 frames.
LOG (lattice-best-path[5.5.1182~1-e02e3]:main():lattice-best-path.cc:99) For utterance 029810349, best cost 92.8117 + -496.381 = -403.569 over 128 frames.
LOG (lattice-best-path[5.5.1182~1-e02e3]:main():lattice-best-path.cc:99) For utterance 029810360, best cost 56.8224 + -358.297 = -301.475 over 82 frames.
LOG (lattice-best-path[5.5.1182~1-e02e3]:main():lattice-best-path.cc:99) For utterance 030020008, best cost 62.1969 + -377.232 = -315.035 over 89 frames.
LOG (lattice-best-path[5.5.1182~1-e02e3]:main():lattice-best-path.cc:99) For utterance 030020012, best cost 101.068 + -495.492 = -394.424 over 131 frames.
LOG (lattice-best-path[5.5.1182~1-e02e3]:main():lattice-best-path.cc:99) For utterance 030020022, best cost 57.7221 + -367.746 = -310.024 over 81 frames.
LOG (lattice-best-path[5.5.1182~1-e02e3]:main():lattice-best-path.cc:99) For utterance 030020047, best cost 60.355 + -341.617 = -281.262 over 85 frames.
LOG (lattice-best-path[5.5.1182~1-e02e3]:main():lattice-best-path.cc:99) For utterance 030020048, best cost 107.346 + -560.367 = -453.021 over 145 frames.
LOG (lattice-best-path[5.5.1182~1-e02e3]:main():lattice-best-path.cc:99) For utterance 030020065, best cost 62.7208 + -386.112 = -323.391 over 87 frames.
LOG (lattice-best-path[5.5.1182~1-e02e3]:main():lattice-best-path.cc:99) For utterance 030020077, best cost 61.9237 + -334.195 = -272.271 over 88 frames.
LOG (lattice-best-path[5.5.1182~1-e02e3]:main():lattice-best-path.cc:99) For utterance 030020092, best cost 77.8642 + -423.417 = -345.552 over 106 frames.
LOG (lattice-best-path[5.5.1182~1-e02e3]:main():lattice-best-path.cc:99) For utterance 030020100, best cost 109.088 + -538.437 = -429.349 over 145 frames.
LOG (lattice-best-path[5.5.1182~1-e02e3]:main():lattice-best-path.cc:99) For utterance 030020112, best cost 45.4308 + -289.755 = -244.324 over 64 frames.
LOG (lattice-best-path[5.5.1182~1-e02e3]:main():lattice-best-path.cc:99) For utterance 030020117, best cost 61.1063 + -336.362 = -275.256 over 88 frames.
LOG (lattice-best-path[5.5.1182~1-e02e3]:main():lattice-best-path.cc:99) For utterance 030020126, best cost 102.807 + -506.006 = -403.199 over 143 frames.
LOG (lattice-best-path[5.5.1182~1-e02e3]:main():lattice-best-path.cc:99) For utterance 030020136, best cost 71.7865 + -370.852 = -299.065 over 95 frames.
LOG (lattice-best-path[5.5.1182~1-e02e3]:main():lattice-best-path.cc:99) For utterance 030020138, best cost 54.1009 + -287.183 = -233.082 over 72 frames.
LOG (lattice-best-path[5.5.1182~1-e02e3]:main():lattice-best-path.cc:99) For utterance 030020144, best cost 69.8206 + -370.759 = -300.938 over 100 frames.
LOG (lattice-best-path[5.5.1182~1-e02e3]:main():lattice-best-path.cc:99) For utterance 030020152, best cost 57.1281 + -321.291 = -264.163 over 82 frames.
LOG (lattice-best-path[5.5.1182~1-e02e3]:main():lattice-best-path.cc:99) For utterance 030020161, best cost 75.5817 + -405.974 = -330.392 over 103 frames.
LOG (lattice-best-path[5.5.1182~1-e02e3]:main():lattice-best-path.cc:99) For utterance 030020162, best cost 87.6498 + -428.105 = -340.456 over 118 frames.
LOG (lattice-best-path[5.5.1182~1-e02e3]:main():lattice-best-path.cc:99) For utterance 030200005, best cost 116.913 + -480.946 = -364.033 over 159 frames.
LOG (lattice-best-path[5.5.1182~1-e02e3]:main():lattice-best-path.cc:99) For utterance 030200016, best cost 51.3008 + -241.681 = -190.38 over 69 frames.
LOG (lattice-best-path[5.5.1182~1-e02e3]:main():lattice-best-path.cc:99) For utterance 030200018, best cost 54.7757 + -251.783 = -197.007 over 77 frames.
LOG (lattice-best-path[5.5.1182~1-e02e3]:main():lattice-best-path.cc:99) For utterance 030200019, best cost 64.062 + -330.101 = -266.039 over 90 frames.
LOG (lattice-best-path[5.5.1182~1-e02e3]:main():lattice-best-path.cc:99) For utterance 030200021, best cost 117.075 + -536.364 = -419.289 over 166 frames.
LOG (lattice-best-path[5.5.1182~1-e02e3]:main():lattice-best-path.cc:99) For utterance 030200037, best cost 94.4501 + -389.961 = -295.511 over 120 frames.
LOG (lattice-best-path[5.5.1182~1-e02e3]:main():lattice-best-path.cc:99) For utterance 030200041, best cost 46.5327 + -286.852 = -240.319 over 67 frames.
LOG (lattice-best-path[5.5.1182~1-e02e3]:main():lattice-best-path.cc:99) For utterance 030200049, best cost 59.4121 + -280.434 = -221.022 over 83 frames.
LOG (lattice-best-path[5.5.1182~1-e02e3]:main():lattice-best-path.cc:99) For utterance 030200057, best cost 57.8925 + -329.275 = -271.383 over 83 frames.
LOG (lattice-best-path[5.5.1182~1-e02e3]:main():lattice-best-path.cc:99) For utterance 030200076, best cost 57.7313 + -280.82 = -223.089 over 79 frames.
LOG (lattice-best-path[5.5.1182~1-e02e3]:main():lattice-best-path.cc:99) For utterance 030200078, best cost 112.469 + -444.39 = -331.921 over 156 frames.
LOG (lattice-best-path[5.5.1182~1-e02e3]:main():lattice-best-path.cc:99) For utterance 030200087, best cost 67.9288 + -299.254 = -231.325 over 96 frames.
LOG (lattice-best-path[5.5.1182~1-e02e3]:main():lattice-best-path.cc:99) For utterance 030200101, best cost 100.361 + -483.506 = -383.145 over 138 frames.
LOG (lattice-best-path[5.5.1182~1-e02e3]:main():lattice-best-path.cc:99) For utterance 030200105, best cost 60.1288 + -343.312 = -283.183 over 88 frames.
LOG (lattice-best-path[5.5.1182~1-e02e3]:main():lattice-best-path.cc:99) For utterance 030200108, best cost 74.173 + -369.78 = -295.607 over 105 frames.
LOG (lattice-best-path[5.5.1182~1-e02e3]:main():lattice-best-path.cc:99) For utterance 030200137, best cost 80.2645 + -369.398 = -289.134 over 111 frames.
LOG (lattice-best-path[5.5.1182~1-e02e3]:main():lattice-best-path.cc:99) For utterance 030200151, best cost 57.2555 + -252.09 = -194.835 over 80 frames.
LOG (lattice-best-path[5.5.1182~1-e02e3]:main():lattice-best-path.cc:99) For utterance 030200153, best cost 102.951 + -444.015 = -341.064 over 147 frames.
LOG (lattice-best-path[5.5.1182~1-e02e3]:main():lattice-best-path.cc:99) For utterance 030200164, best cost 90.7813 + -386.378 = -295.597 over 124 frames.
LOG (lattice-best-path[5.5.1182~1-e02e3]:main():lattice-best-path.cc:99) For utterance 030210005, best cost 66.9533 + -326.494 = -259.541 over 91 frames.
LOG (lattice-best-path[5.5.1182~1-e02e3]:main():lattice-best-path.cc:99) For utterance 030210041, best cost 74.3668 + -352.451 = -278.084 over 103 frames.
LOG (lattice-best-path[5.5.1182~1-e02e3]:main():lattice-best-path.cc:99) For utterance 030210042, best cost 128.277 + -479.662 = -351.386 over 169 frames.
LOG (lattice-best-path[5.5.1182~1-e02e3]:main():lattice-best-path.cc:99) For utterance 030210044, best cost 65.8057 + -282.972 = -217.166 over 92 frames.
LOG (lattice-best-path[5.5.1182~1-e02e3]:main():lattice-best-path.cc:99) For utterance 030210045, best cost 57.1471 + -269.461 = -212.314 over 80 frames.
LOG (lattice-best-path[5.5.1182~1-e02e3]:main():lattice-best-path.cc:99) For utterance 030210047, best cost 89.0156 + -455.669 = -366.653 over 120 frames.
LOG (lattice-best-path[5.5.1182~1-e02e3]:main():lattice-best-path.cc:99) For utterance 030210050, best cost 66.5928 + -231.463 = -164.87 over 78 frames.
LOG (lattice-best-path[5.5.1182~1-e02e3]:main():lattice-best-path.cc:99) For utterance 030210074, best cost 74.5404 + -318.535 = -243.994 over 104 frames.
LOG (lattice-best-path[5.5.1182~1-e02e3]:main():lattice-best-path.cc:99) For utterance 030210079, best cost 80.9127 + -383.67 = -302.757 over 117 frames.
LOG (lattice-best-path[5.5.1182~1-e02e3]:main():lattice-best-path.cc:99) For utterance 030210082, best cost 64.6803 + -294.569 = -229.889 over 89 frames.
LOG (lattice-best-path[5.5.1182~1-e02e3]:main():lattice-best-path.cc:99) For utterance 030210118, best cost 81.0421 + -416.841 = -335.798 over 110 frames.
LOG (lattice-best-path[5.5.1182~1-e02e3]:main():lattice-best-path.cc:99) For utterance 030210123, best cost 58.6735 + -284.824 = -226.15 over 80 frames.
LOG (lattice-best-path[5.5.1182~1-e02e3]:main():lattice-best-path.cc:99) For utterance 030210137, best cost 70.0544 + -384.602 = -314.548 over 98 frames.
LOG (lattice-best-path[5.5.1182~1-e02e3]:main():lattice-best-path.cc:99) For utterance 030210143, best cost 83.6236 + -425.298 = -341.674 over 117 frames.
LOG (lattice-best-path[5.5.1182~1-e02e3]:main():lattice-best-path.cc:99) For utterance 030210152, best cost 117.518 + -602.774 = -485.256 over 164 frames.
LOG (lattice-best-path[5.5.1182~1-e02e3]:main():lattice-best-path.cc:99) For utterance 030210164, best cost 90.6837 + -373.016 = -282.332 over 124 frames.
LOG (lattice-best-path[5.5.1182~1-e02e3]:main():lattice-best-path.cc:99) For utterance 030210165, best cost 84.9383 + -373.884 = -288.946 over 116 frames.
LOG (lattice-best-path[5.5.1182~1-e02e3]:main():lattice-best-path.cc:99) For utterance 030210175, best cost 67.4521 + -394.005 = -326.553 over 97 frames.
LOG (lattice-best-path[5.5.1182~1-e02e3]:main():lattice-best-path.cc:99) For utterance 030230018, best cost 65.2522 + -417.416 = -352.164 over 91 frames.
LOG (lattice-best-path[5.5.1182~1-e02e3]:main():lattice-best-path.cc:99) For utterance 030230056, best cost 68.664 + -434.641 = -365.977 over 97 frames.
LOG (lattice-best-path[5.5.1182~1-e02e3]:main():lattice-best-path.cc:99) For utterance 030230092, best cost 101.513 + -597.313 = -495.8 over 141 frames.
LOG (lattice-best-path[5.5.1182~1-e02e3]:main():lattice-best-path.cc:99) For utterance 030230119, best cost 89.4556 + -522.541 = -433.085 over 122 frames.
LOG (lattice-best-path[5.5.1182~1-e02e3]:main():lattice-best-path.cc:99) For utterance 030230170, best cost 85.4054 + -539.349 = -453.943 over 119 frames.
LOG (lattice-best-path[5.5.1182~1-e02e3]:main():lattice-best-path.cc:99) For utterance 030230182, best cost 72.8151 + -434.014 = -361.199 over 98 frames.
LOG (lattice-best-path[5.5.1182~1-e02e3]:main():lattice-best-path.cc:99) For utterance 030230194, best cost 85.8172 + -492.795 = -406.978 over 116 frames.
LOG (lattice-best-path[5.5.1182~1-e02e3]:main():lattice-best-path.cc:99) For utterance 030230209, best cost 69.7614 + -441.595 = -371.834 over 98 frames.
LOG (lattice-best-path[5.5.1182~1-e02e3]:main():lattice-best-path.cc:99) For utterance 030230253, best cost 67.2029 + -437.054 = -369.851 over 93 frames.
LOG (lattice-best-path[5.5.1182~1-e02e3]:main():lattice-best-path.cc:99) For utterance 030230260, best cost 82.0728 + -505.257 = -423.184 over 117 frames.
LOG (lattice-best-path[5.5.1182~1-e02e3]:main():lattice-best-path.cc:99) For utterance 030230276, best cost 65.7201 + -461.173 = -395.453 over 95 frames.
LOG (lattice-best-path[5.5.1182~1-e02e3]:main():lattice-best-path.cc:99) For utterance 030230280, best cost 80.8635 + -533.037 = -452.173 over 114 frames.
LOG (lattice-best-path[5.5.1182~1-e02e3]:main():lattice-best-path.cc:99) For utterance 030230311, best cost 67.4376 + -436.367 = -368.93 over 96 frames.
LOG (lattice-best-path[5.5.1182~1-e02e3]:main():lattice-best-path.cc:99) For utterance 030230330, best cost 86.9863 + -508.291 = -421.305 over 120 frames.
LOG (lattice-best-path[5.5.1182~1-e02e3]:main():lattice-best-path.cc:99) For utterance 030230336, best cost 67.6835 + -453.621 = -385.937 over 97 frames.
LOG (lattice-best-path[5.5.1182~1-e02e3]:main():lattice-best-path.cc:99) For utterance 030230374, best cost 68.9331 + -425.301 = -356.368 over 99 frames.
LOG (lattice-best-path[5.5.1182~1-e02e3]:main():lattice-best-path.cc:99) For utterance 030460032, best cost 58.8603 + -353.496 = -294.635 over 83 frames.
LOG (lattice-best-path[5.5.1182~1-e02e3]:main():lattice-best-path.cc:99) For utterance 030460038, best cost 104.618 + -495.617 = -390.999 over 139 frames.
LOG (lattice-best-path[5.5.1182~1-e02e3]:main():lattice-best-path.cc:99) For utterance 030460048, best cost 78.6966 + -383.517 = -304.82 over 109 frames.
LOG (lattice-best-path[5.5.1182~1-e02e3]:main():lattice-best-path.cc:99) For utterance 030460051, best cost 59.174 + -323.489 = -264.315 over 82 frames.
LOG (lattice-best-path[5.5.1182~1-e02e3]:main():lattice-best-path.cc:99) For utterance 030460052, best cost 94.9182 + -470.054 = -375.136 over 123 frames.
LOG (lattice-best-path[5.5.1182~1-e02e3]:main():lattice-best-path.cc:99) For utterance 030460071, best cost 71.7017 + -375.032 = -303.33 over 99 frames.
LOG (lattice-best-path[5.5.1182~1-e02e3]:main():lattice-best-path.cc:99) For utterance 030460085, best cost 57.9348 + -286.087 = -228.152 over 77 frames.
LOG (lattice-best-path[5.5.1182~1-e02e3]:main():lattice-best-path.cc:99) For utterance 030460097, best cost 143.603 + -637.093 = -493.49 over 183 frames.
LOG (lattice-best-path[5.5.1182~1-e02e3]:main():lattice-best-path.cc:99) For utterance 030460106, best cost 61.8907 + -365.694 = -303.803 over 87 frames.
LOG (lattice-best-path[5.5.1182~1-e02e3]:main():lattice-best-path.cc:99) For utterance 030460133, best cost 88.4339 + -419.409 = -330.975 over 123 frames.
LOG (lattice-best-path[5.5.1182~1-e02e3]:main():lattice-best-path.cc:99) For utterance 030460142, best cost 106.856 + -513.288 = -406.432 over 140 frames.
LOG (lattice-best-path[5.5.1182~1-e02e3]:main():lattice-best-path.cc:99) For utterance 030460146, best cost 74.0556 + -323.264 = -249.208 over 106 frames.
LOG (lattice-best-path[5.5.1182~1-e02e3]:main():lattice-best-path.cc:99) For utterance 030460147, best cost 125.458 + -513.581 = -388.124 over 158 frames.
LOG (lattice-best-path[5.5.1182~1-e02e3]:main():lattice-best-path.cc:99) For utterance 030460160, best cost 85.4477 + -423.869 = -338.422 over 113 frames.
LOG (lattice-best-path[5.5.1182~1-e02e3]:main():lattice-best-path.cc:99) For utterance 030460163, best cost 58.3121 + -312.924 = -254.612 over 80 frames.
LOG (lattice-best-path[5.5.1182~1-e02e3]:main():lattice-best-path.cc:99) For utterance 030490013, best cost 69.1596 + -268.188 = -199.028 over 90 frames.
LOG (lattice-best-path[5.5.1182~1-e02e3]:main():lattice-best-path.cc:99) For utterance 030490029, best cost 71.4448 + -318.749 = -247.304 over 99 frames.
LOG (lattice-best-path[5.5.1182~1-e02e3]:main():lattice-best-path.cc:99) For utterance 030490040, best cost 91.2971 + -384.297 = -292.999 over 123 frames.
LOG (lattice-best-path[5.5.1182~1-e02e3]:main():lattice-best-path.cc:99) For utterance 030490062, best cost 75.8971 + -346.299 = -270.402 over 103 frames.
LOG (lattice-best-path[5.5.1182~1-e02e3]:main():lattice-best-path.cc:99) For utterance 030490063, best cost 109.557 + -460.333 = -350.777 over 151 frames.
LOG (lattice-best-path[5.5.1182~1-e02e3]:main():lattice-best-path.cc:99) For utterance 030490071, best cost 102.893 + -367.743 = -264.849 over 143 frames.
LOG (lattice-best-path[5.5.1182~1-e02e3]:main():lattice-best-path.cc:99) For utterance 030490076, best cost 106.331 + -385.867 = -279.535 over 142 frames.
LOG (lattice-best-path[5.5.1182~1-e02e3]:main():lattice-best-path.cc:99) For utterance 030490078, best cost 89.8532 + -374.171 = -284.318 over 112 frames.
LOG (lattice-best-path[5.5.1182~1-e02e3]:main():lattice-best-path.cc:99) For utterance 030490095, best cost 152.671 + -658.229 = -505.558 over 206 frames.
LOG (lattice-best-path[5.5.1182~1-e02e3]:main():lattice-best-path.cc:99) For utterance 030490126, best cost 57.7283 + -266.719 = -208.991 over 79 frames.
LOG (lattice-best-path[5.5.1182~1-e02e3]:main():lattice-best-path.cc:99) For utterance 030490127, best cost 117.834 + -500.697 = -382.863 over 152 frames.
LOG (lattice-best-path[5.5.1182~1-e02e3]:main():lattice-best-path.cc:99) For utterance 030490130, best cost 58.8684 + -244.91 = -186.041 over 77 frames.
LOG (lattice-best-path[5.5.1182~1-e02e3]:main():lattice-best-path.cc:99) For utterance 030490138, best cost 70.8426 + -359.852 = -289.009 over 102 frames.
LOG (lattice-best-path[5.5.1182~1-e02e3]:main():lattice-best-path.cc:99) For utterance 030490140, best cost 68.0379 + -270.579 = -202.542 over 93 frames.
LOG (lattice-best-path[5.5.1182~1-e02e3]:main():lattice-best-path.cc:99) For utterance 030490142, best cost 75.6038 + -346.644 = -271.04 over 109 frames.
LOG (lattice-best-path[5.5.1182~1-e02e3]:main():lattice-best-path.cc:99) For utterance 030490166, best cost 155.229 + -539.11 = -383.882 over 211 frames.
LOG (lattice-best-path[5.5.1182~1-e02e3]:main():lattice-best-path.cc:99) For utterance 030490168, best cost 51.8472 + -263.421 = -211.574 over 76 frames.
LOG (lattice-best-path[5.5.1182~1-e02e3]:main():lattice-best-path.cc:99) For utterance 030490170, best cost 64.6146 + -277.515 = -212.9 over 86 frames.
LOG (lattice-best-path[5.5.1182~1-e02e3]:main():lattice-best-path.cc:99) For utterance 030680003, best cost 93.7973 + -403.805 = -310.008 over 127 frames.
LOG (lattice-best-path[5.5.1182~1-e02e3]:main():lattice-best-path.cc:99) For utterance 030680005, best cost 91.5699 + -462.08 = -370.51 over 131 frames.
LOG (lattice-best-path[5.5.1182~1-e02e3]:main():lattice-best-path.cc:99) For utterance 030680009, best cost 56.3286 + -236.48 = -180.152 over 76 frames.
LOG (lattice-best-path[5.5.1182~1-e02e3]:main():lattice-best-path.cc:99) For utterance 030680016, best cost 84.7209 + -396.082 = -311.361 over 114 frames.
LOG (lattice-best-path[5.5.1182~1-e02e3]:main():lattice-best-path.cc:99) For utterance 030680027, best cost 82.9226 + -400.419 = -317.497 over 107 frames.
LOG (lattice-best-path[5.5.1182~1-e02e3]:main():lattice-best-path.cc:99) For utterance 030680034, best cost 53.5632 + -289.954 = -236.39 over 75 frames.
LOG (lattice-best-path[5.5.1182~1-e02e3]:main():lattice-best-path.cc:99) For utterance 030680037, best cost 52.7153 + -339.799 = -287.083 over 76 frames.
LOG (lattice-best-path[5.5.1182~1-e02e3]:main():lattice-best-path.cc:99) For utterance 030680045, best cost 80.3466 + -408.062 = -327.715 over 111 frames.
LOG (lattice-best-path[5.5.1182~1-e02e3]:main():lattice-best-path.cc:99) For utterance 030680056, best cost 80.6563 + -442.102 = -361.446 over 110 frames.
LOG (lattice-best-path[5.5.1182~1-e02e3]:main():lattice-best-path.cc:99) For utterance 030680072, best cost 81.8249 + -444.791 = -362.966 over 112 frames.
LOG (lattice-best-path[5.5.1182~1-e02e3]:main():lattice-best-path.cc:99) For utterance 030680075, best cost 77.2239 + -360.629 = -283.406 over 100 frames.
LOG (lattice-best-path[5.5.1182~1-e02e3]:main():lattice-best-path.cc:99) For utterance 030680090, best cost 74.4958 + -342.943 = -268.447 over 107 frames.
LOG (lattice-best-path[5.5.1182~1-e02e3]:main():lattice-best-path.cc:99) For utterance 030680092, best cost 76.171 + -367.696 = -291.525 over 101 frames.
LOG (lattice-best-path[5.5.1182~1-e02e3]:main():lattice-best-path.cc:99) For utterance 030680097, best cost 56.7848 + -299.975 = -243.191 over 80 frames.
LOG (lattice-best-path[5.5.1182~1-e02e3]:main():lattice-best-path.cc:99) For utterance 030680105, best cost 60.6718 + -320.025 = -259.353 over 83 frames.
LOG (lattice-best-path[5.5.1182~1-e02e3]:main():lattice-best-path.cc:99) For utterance 030680114, best cost 89.8785 + -491.826 = -401.948 over 126 frames.
LOG (lattice-best-path[5.5.1182~1-e02e3]:main():lattice-best-path.cc:99) For utterance 030680119, best cost 64.7713 + -360.407 = -295.636 over 93 frames.
LOG (lattice-best-path[5.5.1182~1-e02e3]:main():lattice-best-path.cc:99) For utterance 030680140, best cost 60.5142 + -351.856 = -291.342 over 85 frames.
LOG (lattice-best-path[5.5.1182~1-e02e3]:main():lattice-best-path.cc:99) For utterance 030680162, best cost 118.644 + -612.235 = -493.591 over 154 frames.
LOG (lattice-best-path[5.5.1182~1-e02e3]:main():lattice-best-path.cc:124) Overall cost per frame is -3.14281 = 0.724147 [graph] + -3.86696 [acoustic] over 24930 frames.
LOG (lattice-best-path[5.5.1182~1-e02e3]:main():lattice-best-path.cc:128) Done 228 lattices, failed for 0
# Accounting: time=1 threads=1
# Ended (code 0) at Thu Oct 23 10:38:39 IST 2025, elapsed time 1 seconds
